473
468
527
468
531
687
539
593
670
464
531
804
593
575
733
527
552
755
721
539
531
473
755
733
531
661
614
721
687
733
552
687
544
658
733
658
593
468
544
406
656
575
804
658
552
661
549
654
464
487
549
721
531
604
704
473
552
406
704
654
721
473
733
733
593
593
552
670
406
468
755
656
527
468
575
687
614
670
549
721
721
544
804
487
565
531
575
721
733
406
721
687
468
804
593
468
487
531
656
473
656
614
614
656
738
549
661
670
670
804
553
553
565
738
704
661
552
654
804
658
604
531
487
733
804
804
656
527
755
593
656
575
565
604
473
527
552
575
571
593
656
544
604
468
733
565
721
704
670
733
549
661
549
531
658
687
614
658
552
721
670
487
658
755
593
539
721
704
661
614
575
539
755
704
527
687
614
721
733
721
661
654
721
468
464
539
552
687
593
593
527
614
656
552
565
571
614
733
721
604
593
406
473
656
654
721
721
552
733
544
531
544
531
670
604
614
704
468
549
804
575
654
755
654
464
733
670
704
804
654
687
656
687
733
804
539
721
656
571
552
614
738
487
539
614
571
656
721
738
658
614
473
656
468
658
406
658
553
661
527
406
656
804
473
755
658
698
654
473
487
531
487
658
571
721
733
565
721
553
571
738
571
721
698
552
406
755
704
604
658
658
755
565
552
804
464
544
539
464
670
733
539
406
654
733
544
755
565
571
687
733
464
804
406
804
738
549
804
656
804
406
658
553
654
531
704
531
473
656
575
531
575
593
593
531
755
721
656
464
661
687
473
738
656
614
539
733
552
721
473
733
549
549
733
531
698
738
406
804
804
473
487
704
468
575
593
487
704
656
614
614
549
654
571
575
698
687
704
656
539
406
804
755
468
565
531
406
804
468
571
738
571
468
565
593
738
575
571
571
593
614
654
565
527
575
698
604
539
544
464
654
704
614
755
755
464
687
614
406
687
661
661
464
487
527
593
571
721
473
661
661
661
733
565
704
468
658
464
654
704
593
670
468
670
575
549
661
575
658
531
553
406
738
656
565
487
654
527
670
575
549
658
804
575
553
804
687
539
406
738
527
704
721
531
698
804
527
658
614
527
464
654
755
733
593
804
571
733
614
549
661
565
698
464
544
804
658
549
468
575
733
656
687
565
406
755
549
487
721
654
539
661
527
531
733
698
670
687
698
571
804
553
553
565
738
733
721
661
755
738
687
473
464
604
658
464
539
704
544
733
553
539
670
527
464
656
552
654
604
549
755
464
661
704
698
687
527
656
575
604
733
656
698
468
552
571
553
687
704
755
656
721
804
661
687
721
656
527
733
527
614
654
614
804
565
658
614
721
654
755
656
527
704
704
733
687
539
656
738
755
733
661
464
721
670
544
661
468
738
553
552
804
406
698
539
804
687
406
687
527
549
531
658
527
687
473
733
670
698
565
704
658
733
487
575
755
721
406
575
552
687
698
661
531
593
804
539
464
527
738
527
552
552
654
552
487
804
406
658
755
661
487
464
733
604
468
698
549
544
704
604
464
406
468
575
721
654
487
464
733
593
738
406
468
733
755
575
468
738
539
721
755
804
804
755
593
733
755
468
733
721
654
656
704
661
544
721
658
755
654
614
531
698
565
804
531
670
755
721
571
487
544
464
661
571
473
661
755
687
670
571
473
553
755
733
804
593
531
473
656
553
593
604
565
593
604
654
698
527
755
464
571
527
804
721
755
733
656
733
687
565
721
698
593
487
553
