-1
-1
2102 5
208 1
238 1
247 2
-1
-1
1220 1
-1
-1
807 1
374 3
446 3
125 24
-1
170 3
-1
-1
6 1
-1
391 1
-1
-1
-1
24 1
28 1
432 1
-1
-1
159 1
-1
2765 3
-1
-1
-1
15 1
25 2
1929 1
3 5
2068 3
721 1
174 1
-1
91 4
-1
-1
-1
-1
-1
-1
1516 1
-1
-1
2 1
349 3
1589 8
231 1
-1
-1
-1
173 3
-1
-1
-1
-1
8 1
-1
281 1
8823 4
613 2
-1
-1
91 3
-1
1017 1
-1
-1
-1
799 2
-1
-1
-1
-1
-1
-1
-1
-1
-1
-1
-1
-1
-1
-1
-1
-1
1341 4
271 1
-1
-1
149 1
13 1
74 1
103 2
15 26
-1
57 1
-1
17 1
-1
413 1
-1
1968 1
132 7
930 1
527 1
12 1
15 7
-1
176 1
-1
-1
-1
367 1
240 1
-1
-1
-1
-1
-1
166 1
160 1
-1
5437 1
-1
125 1
-1
-1
-1
-1
-1
-1
-1
-1
771 1
-1
-1
-1
121 4
-1
-1
158 1
-1
997 1
-1
-1
47 4
35 1
1205 1
-1
-1
-1
-1
-1
127 2
-1
-1
-1
-1
1103 1
-1
385 3
296 1
-1
-1
-1
-1
-1
74 3
7 1
-1
-1
-1
-1
-1
569 1
979 1
127 3
67 1
-1
-1
-1
-1
-1
3149 2
767 4
4313 1
-1
3851 7
-1
23 1
-1
-1
392 1
-1
1128 1
-1
-1
-1
-1
-1
11 1
-1
-1
-1
-1
-1
1324 29
-1
1501 8
-1
112 1
-1
1561 3
4647 1
-1
-1
-1
67 1
613 1
1981 12
59 3
627 1
33 1
-1
-1
268 1
-1
-1
-1
330 1
59 48
-1
363 1
-1
-1
161 1
-1
-1
-1
-1
-1
-1
141 1
-1
-1
313 2
-1
-1
-1
-1
-1
-1
1567 2
34 7
-1
686 1
-1
-1
-1
66 1
-1
-1
230 1
237 1
-1
-1
2095 1
9 1
-1
-1
953 3
-1
38 1
-1
11 2
-1
-1
-1
2789 10
-1
503 1
1696 1
-1
-1
3 1
-1
-1
450 1
307 1
-1
547 4
-1
-1
6241 8
-1
-1
-1
-1
921 8
-1
333 2
-1
-1
-1
-1
-1
-1
-1
1370 3
-1
-1
-1
500 1
410 1
5071 2
-1
-1
76 3
661 1
339 2
125 1
101 1
-1
-1
14 1
-1
-1
-1
-1
-1
-1
-1
-1
-1
-1
123 2
-1
-1
2 1
-1
521 4
-1
-1
-1
1486 1
372 1
3674 13
-1
-1
-1
-1
417 2
-1
134 1
-1
10866 1
-1
215 1
-1
-1
382 1
-1
-1
-1
439 1
-1
-1
365 1
-1
-1
-1
-1
2876 1
3472 1
87 1
-1
-1
-1
523 1
-1
-1
1505 2
-1
434 1
3658 1
511 2
-1
1535 1
1341 10
97 1
491 2
-1
37 1
-1
-1
-1
-1
-1
-1
-1
-1
201 2
146 1
2824 7
-1
936 1
-1
1297 2
-1
-1
-1
-1
-1
86 1
-1
4409 2
4239 2
-1
-1
-1
-1
-1
-1
-1
-1
4576 5
-1
1742 7
-1
2295 1
-1
-1
-1
-1
-1
-1
115 1
238 1
-1
-1
-1
3389 8
-1
-1
-1
19 7
-1
504 1
1485 1
645 1
24 1
100 1
-1
4 1
-1
1619 2
-1
4321 2
59 1
892 9
-1
-1
741 10
-1
-1
-1
13 1
-1
731 1
-1
-1
-1
31 1
-1
-1
-1
-1
5573 2
1354 17
26 1
-1
-1
1 2
-1
1705 1
382 1
-1
367 4
-1
-1
-1
519 10
196 1
175 2
-1
3869 7
-1
-1
1798 5
-1
-1
-1
381 1
127 80
1317 2
2825 3
-1
-1
599 2
-1
-1
39 1
5 1
-1
-1
2711 4
2903 1
431 1
255 1
62 1
47 1
1284 1
-1
61 1
-1
-1
-1
-1
-1
-1
-1
-1
-1
-1
-1
-1
-1
-1
-1
-1
29 1
2275 1
-1
-1
-1
-1
431 1
-1
-1
-1
139 1
-1
2237 3
726 5
231 1
-1
-1
-1
-1
71 2
93 1
-1
361 1
-1
-1
1 4
823 1
-1
-1
429 1
-1
31 3
1165 4
-1
385 3
-1
-1
-1
-1
99 1
-1
-1
4357 4
360 1
581 1
-1
499 1
-1
383 1
-1
-1
-1
133 1
347 2
395 3
7567 2
15 2
-1
1589 1
2 3
-1
-1
-1
99 1
-1
-1
517 4
-1
-1
-1
2466 5
395 1
166 1
74 31
-1
-1
-1
2199 1
-1
33 10
2794 1
-1
1859 3
-1
4 11
-1
759 1
574 1
-1
4473 1
-1
-1
16 1
1 3
889 2
-1
-1
5 4
-1
516 1
-1
-1
-1
-1
-1
-1
153 1
12 1
184 1
-1
-1
-1
-1
380 3
-1
-1
-1
337 2
-1
1139 3
40 1
27 2
665 3
-1
-1
-1
-1
-1
-1
76 1
511 1
3939 1
3633 2
643 1
-1
-1
-1
-1
-1
19 3
497 5
2 7
-1
-1
1212 1
134 1
534 1
210 1
-1
109 1
-1
44 1
-1
-1
15 2
26 61
-1
-1
81 1
-1
886 3
-1
-1
-1
-1
-1
-1
-1
620 1
-1
-1
-1
4 5
10 1
146 1
-1
-1
-1
-1
-1
-1
1107 4
875 2
1737 2
812 1
7805 2
-1
-1
45 1
4238 1
-1
-1
-1
-1
783 1
-1
-1
-1
-1
-1
-1
140 1
-1
-1
-1
-1
-1
-1
10 13
-1
-1
25 3
-1
-1
-1
-1
-1
-1
2329 3
-1
-1
-1
3 1
-1
-1
-1
-1
-1
65 1
1681 1
-1
-1
-1
-1
68 1
1455 1
-1
-1
-1
-1
51 1
2631 22
181 2
97 1
-1
-1
7 19
7181 8
-1
-1
14 3
115 1
-1
1225 3
300 1
-1
-1
-1
-1
146 1
1301 3
-1
-1
154 3
934 1
-1
-1
-1
-1
-1
-1
-1
411 1
741 2
-1
-1
-1
-1
-1
11 8
-1
-1
-1
-1
653 4
-1
-1
-1
-1
-1
483 2
-1
2791 7
1395 2
109 3
-1
301 16
320 3
-1
676 1
375 4
3071 1
-1
-1
229 2
-1
-1
2 1
-1
257 1
14 1
69 2
53 9
3538 3
49 4
1945 1
-1
-1
-1
219 1
77 3
-1
1757 8
-1
-1
3052 1
8463 76
116 1
-1
-1
-1
-1
-1
-1
62 1
-1
17 2
-1
-1
194 1
-1
15 2
-1
-1
4063 1
-1
13 14
-1
-1
-1
-1
862 1
-1
15 26
-1
73 17
140 1
-1
819 8
718 1
749 1
-1
-1
-1
-1
142 7
384 7
-1
1501 5
-1
-1
607 4
-1
4335 2
-1
-1
-1
1493 16
-1
-1
-1
10 1
6623 9
724 1
-1
-1
36 23
1508 1
-1
-1
262 1
-1
81 1
655 4
7 10
-1
168 1
6615 2
1877 16
716 1
-1
954 1
503 3
3623 7
-1
33 1
-1
4024 35
-1
-1
-1
-1
735 1
-1
-1
349 1
-1
1271 1
-1
83 2
-1
-1
160 1
-1
-1
-1
-1
47 1
-1
473 3
225 2
386 5
-1
-1
4957 3
5184 1
631 1
-1
16 1
-1
-1
569 1
72 1
823 5
1067 1
-1
58 3
-1
-1
