-1
-1
-1
-1
1751 2
-1
-1
-1
-1
-1
-1
125 38
-1
-1
-1
-1
-1
-1
-1
-1
-1
-1
3052 5
-1
97 12
-1
-1
7 2
-1
3202 1
5062 1
-1
-1
40 1
-1
318 1
-1
-1
-1
33 1
-1
-1
-1
2988 1
530 3
716 1
11983 1
-1
152 3
-1
105 1
-1
-1
704 1
-1
-1
-1
208 1
-1
7216 1
-1
-1
7484 85
-1
2977 2
10883 2
-1
1537 12
-1
-1
4246 1
-1
-1
4873 6
-1
-1
-1
-1
-1
26 1
-1
-1
-1
-1
972 1
1035 2
-1
-1
155 54
92 1
-1
-1
-1
1246 1
5454 1
-1
122 1
-1
-1
-1
-1
61 23
-1
121 1
624 1
17 36
-1
-1
-1
-1
89 1
-1
-1
-1
-1
-1
-1
19 26
3008 9
-1
659 3
8 21
-1
-1
-1
-1
-1
-1
-1
-1
2304 1
-1
-1
47 1
-1
-1
-1
1163 1
643 3
-1
2490 13
-1
-1
191 1
486 1
-1
525 4
-1
-1
2171 2
-1
-1
-1
251 4
4009 1
-1
-1
-1
-1
641 2
723 2
4423 3
-1
393 1
-1
1653 1
6401 1
-1
-1
127 1
-1
-1
2954 1
-1
779 3
-1
546 1
-1
104 1
947 1
-1
96 1
1513 6
-1
-1
1463 1
-1
-1
9 1
-1
-1
108 1
236 3
306 1
1055 13
-1
6244 1
739 9
-1
-1
-1
67 1
-1
1607 1
114 1
345 1
404 1
-1
-1
98 1
5 1
-1
-1
-1
-1
-1
56 3
251 1
1213 11
-1
859 1
1131 23
-1
6457 10
-1
-1
-1
117 2
1187 3
463 1
-1
34 1
-1
-1
-1
-1
-1
-1
301 1
-1
-1
819 2
7393 2
671 7
2908 1
-1
-1
-1
-1
773 2
1 36
-1
3 2
-1
-1
-1
-1
-1
-1
-1
-1
-1
-1
-1
-1
-1
-1
1125 4
-1
4609 12
-1
1617 2
4 35
-1
-1
-1
-1
-1
-1
189 1
-1
-1
-1
181 9
5 1
471 1
2 1
1829 1
547 1
2591 6
1441 2
-1
14 1
3557 8
-1
-1
-1
-1
-1
-1
-1
89 2
-1
3 1
-1
-1
821 1
-1
125 1
49 1
-1
620 1
-1
-1
-1
-1
-1
725 2
-1
-1
-1
-1
-1
-1
251 2
555 1
-1
-1
758 9
-1
-1
-1
58 1
-1
324 1
-1
759 2
-1
43 1
-1
-1
203 9
-1
-1
-1
3542 5
95 1
-1
89 1
120 1
390 1
-1
-1
-1
-1
585 2
71 1
-1
-1
173 1
-1
-1
-1
-1
-1
-1
-1
-1
282 1
-1
-1
-1
-1
-1
79 1
-1
1247 5
-1
313 1
9 1
3345 1
596 1
-1
-1
-1
-1
-1
-1
-1
-1
3167 3
-1
81 2
-1
65 2
-1
-1
125 4
327 1
-1
-1
-1
71 1
-1
-1
-1
-1
26 5
685 1
-1
-1
-1
-1
32 1
-1
75 1
293 2
1307 1
-1
-1
-1
-1
77 1
-1
-1
-1
-1
-1
37 1
-1
5671 2
-1
-1
-1
-1
-1
-1
-1
421 3
-1
-1
-1
60 1
-1
901 4
-1
-1
-1
-1
-1
2993 1
1235 3
265 1
-1
-1
191 2
59 3
-1
1714 3
-1
-1
230 1
33 1
-1
-1
-1
40 1
-1
-1
-1
246 1
288 1
-1
-1
-1
-1
-1
468 1
-1
-1
-1
-1
-1
-1
-1
181 1
41 2
1533 1
-1
-1
-1
-1
1269 5
-1
-1
-1
385 1
689 4
161 1
3103 5
-1
255 1
147 1
995 1
-1
-1
-1
909 20
123 1
-1
-1
-1
4267 7
-1
-1
6 1
-1
-1
-1
-1
-1
24 1
-1
72 1
1505 4
-1
437 3
-1
611 5
1228 1
-1
-1
37 1
-1
-1
425 1
-1
-1
-1
1469 3
-1
-1
-1
-1
-1
-1
-1
-1
-1
-1
509 1
-1
61 1
101 7
219 1
460 1
-1
-1
-1
-1
23 35
94 1
-1
-1
1928 1
353 2
-1
1639 3
-1
-1
-1
1435 1
6812 1
-1
-1
691 2
-1
-1
-1
-1
-1
918 7
-1
12 1
-1
-1
-1
-1
-1
1986 1
149 1
38 1
365 2
873 2
108 1
-1
-1
-1
996 1
-1
6793 1
42 1
2483 1
1441 1
3569 22
101 2
-1
-1
-1
-1
-1
-1
302 1
-1
571 11
2140 1
113 20
-1
-1
-1
-1
350 1
2622 1
-1
241 1
-1
-1
-1
1795 7
-1
1590 7
575 1
85 1
-1
9 4
35 1
-1
-1
-1
-1
-1
1422 1
-1
-1
406 1
32 1
-1
262 1
261 1
363 2
189 1
-1
505 22
-1
1231 1
-1
-1
-1
-1
35 1
-1
-1
-1
51 1
-1
1283 2
519 1
-1
257 2
-1
-1
-1
137 9
-1
-1
-1
-1
-1
675 1
-1
-1
1813 3
-1
-1
16 1
-1
-1
-1
-1
13 1
9 1
-1
-1
-1
56 1
-1
119 4
76 67
-1
-1
-1
225 1
-1
2032 1
90 1
582 1
143 1
-1
867 1
-1
155 3
-1
-1
-1
-1
-1
-1
-1
-1
-1
-1
1208 1
-1
-1
-1
-1
2562 1
880 1
9 1
1475 2
-1
22 3
-1
1785 1
1155 1
-1
-1
-1
-1
-1
521 1
-1
-1
-1
457 1
-1
1154 9
-1
-1
-1
-1
127 1
257 1
-1
-1
-1
-1
381 1
-1
455 1
-1
-1
-1
-1
51 2
370 1
-1
8 11
-1
-1
-1
-1
-1
777 1
-1
-1
-1
-1
224 1
184 1
-1
-1
31 1
34 3
-1
-1
-1
758 1
-1
853 1
-1
-1
4859 2
3345 2
12321 7
-1
-1
-1
-1
573 2
43 13
172 1
2593 3
53 2
47 2
-1
-1
1815 8
-1
48 5
-1
-1
29 2
1044 1
15 2
17 14
-1
1339 1
132 1
-1
137 1
12245 17
-1
-1
-1
2295 41
-1
19 1
325 1
-1
-1
-1
147 1
-1
-1
587 2
510 1
1004 1
-1
-1
773 6
382 1
-1
86 1
-1
-1
363 2
30 1
-1
-1
7 31
-1
946 1
-1
-1
-1
299 3
-1
890 3
929 1
-1
-1
3173 16
-1
-1
-1
-1
-1
-1
-1
-1
-1
-1
1891 6
4571 2
3901 2
18 5
116 1
-1
-1
241 3
111 1
-1
-1
-1
945 8
-1
1133 8
1495 2
845 1
1 31
-1
-1
-1
-1
-1
-1
3 7
-1
487 1
1434 5
-1
47 1
-1
1063 1
50 13
-1
-1
-1
-1
2374 1
-1
-1
-1
-1
-1
-1
-1
48 5
-1
75 2
332 15
-1
25 1
1299 11
460 1
-1
750 1
7171 3
-1
-1
17 15
13 7
-1
100 3
-1
3027 2
-1
-1
-1
-1
-1
81 2
-1
-1
1527 1
16 1
1964 1
-1
5151 2
350 13
-1
-1
-1
-1
-1
-1
2353 1
-1
-1
-1
-1
-1
-1
-1
-1
-1
759 2
-1
39 1
129 2
-1
-1
-1
25 2
-1
-1
-1
225 1
-1
-1
-1
-1
746 1
-1
-1
231 4
209 5
-1
-1
-1
133 2
142 1
879 1
2126 3
6793 7
-1
109 5
-1
135 2
-1
35 1
-1
1542 1
-1
-1
-1
1314 1
-1
193 1
-1
-1
-1
-1
775 1
-1
-1
-1
-1
-1
113 1
25 2
1102 1
-1
336 1
-1
-1
-1
18 1
-1
-1
-1
-1
-1
-1
-1
-1
-1
-1
-1
-1
-1
2847 2
-1
-1
9 1
290 1
-1
-1
-1
-1
-1
-1
-1
67 1
-1
-1
62 41
5303 1
-1
-1
357 5
-1
2968 13
68 1
-1
-1
14 9
7 1
-1
183 4
-1
-1
6471 1
-1
-1
-1
2544 5
-1
1663 3
-1
-1
150 1
-1
-1
44 13
9595 4
64 1
507 1
3 14
844 1
-1
-1
-1
239 8
-1
-1
139 1
776 1
1006 3
-1
-1
-1
-1
192 1
-1
203 3
71 2
-1
-1
60 1
-1
1123 1
-1
194 5
-1
-1
2736 1
-1
153 2
-1
-1
-1
1302 1
-1
23 4
32 15
-1
-1
1056 1
-1
319 1
1934 1
1969 20
-1
19 1
-1
-1
3511 5
105 1
-1
-1
-1
95 2
-1
-1
-1
-1
-1
358 13
-1
-1
793 1
23 6
506 1
-1
-1
-1
77 12
-1
53 3
1828 1
-1
551 3
-1
242 3
-1
-1
-1
-1
-1
-1
199 1
-1
-1
1697 6
-1
-1
-1
-1
946 1
190 1
88 1
-1
-1
78 1
473 1
49 54
42 1
-1
-1
4 3
-1
407 1
25 2
-1
-1
1366 3
-1
-1
835 3
-1
182 1
-1
-1
-1
1005 7
-1
289 1
1141 1
-1
119 3
14 1
1110 1
160 1
15 1
272 1
569 2
-1
-1
3051 1
45 1
289 1
1538 3
175 1
-1
-1
-1
-1
171 1
-1
-1
-1
1220 3
-1
-1
-1
1559 1
-1
-1
1796 1
-1
-1
131 7
-1
158 1
13 1
-1
-1
-1
-1
3938 3
325 2
8967 5
2 1
-1
-1
-1
-1
-1
377 1
-1
5 1
-1
-1
-1
102 1
-1
-1
-1
-1
3272 1
-1
279 1
13 1
-1
1601 5
385 1
-1
32 1
-1
-1
-1
-1
1531 25
73 1
4 33
-1
3229 1
-1
583 3
358 1
35 1
-1
-1
-1
4344 7
-1
1328 1
-1
943 2
589 1
-1
115 2
-1
1222 1
523 8
12 1
-1
-1
-1
205 2
134 1
2656 11
-1
893 3
-1
-1
430 1
-1
962 1
-1
-1
75 8
-1
334 1
-1
3 1
-1
-1
-1
-1
628 1
1910 1
-1
-1
-1
-1
-1
-1
-1
299 1
-1
41 1
6 1
56 1
1132 1
-1
1891 1
-1
-1
-1
1335 4
-1
-1
59 4
-1
-1
-1
-1
-1
7 1
552 1
-1
1 2
2073 16
-1
-1
-1
-1
326 3
152 3
-1
-1
-1
-1
2218 1
-1
89 9
-1
-1
-1
-1
4 1
219 1
-1
298 1
-1
-1
-1
-1
-1
1388 3
1189 2
-1
698 1
-1
-1
-1
172 3
-1
2608 1
2587 1
-1
-1
2218 3
-1
-1
-1
2832 13
-1
-1
-1
-1
121 6
-1
-1
149 1
-1
-1
4049 8
1115 8
10141 9
-1
-1
-1
1340 1
-1
-1
-1
559 4
112 1
4860 7
-1
1954 1
-1
185 1
44 1
-1
-1
-1
-1
229 1
27 1
-1
154 1
-1
319 2
1820 11
-1
490 3
151 1
-1
51 1
5479 1
22 1
-1
-1
222 5
-1
-1
4509 2
4709 11
498 1
-1
-1
914 1
506 1
730 3
-1
-1
1060 11
3849 1
1637 27
393 2
-1
-1
25 2
-1
-1
12 61
2010 1
3669 19
3419 6
32 1
-1
68 1
100 1
-1
-1
449 3
103 2
-1
10 1
-1
-1
1 2
-1
504 1
503 2
-1
193 1
-1
8549 3
199 8
-1
115 2
-1
-1
5828 1
-1
-1
-1
-1
85 1
-1
821 10
-1
8324 1
-1
-1
7294 3
-1
-1
1249 1
-1
-1
-1
-1
-1
-1
-1
173 1
1495 3
-1
-1
6409 2
-1
8101 3
-1
842 1
-1
-1
-1
-1
19 1
-1
-1
3626 5
-1
20 1
501 1
-1
1912 1
2601 2
535 1
-1
-1
307 1
5749 10
-1
-1
-1
-1
-1
138 1
4433 1
109 2
472 1
-1
-1
-1
-1
638 1
-1
-1
-1
-1
-1
-1
-1
90 1
1279 2
-1
-1
-1
-1
148 1
-1
-1
-1
-1
-1
3565 4
-1
4235 3
342 1
-1
-1
3407 20
-1
-1
-1
4936 1
-1
1743 1
661 1
3 2
86 35
-1
-1
-1
47 1
-1
17 1
-1
94 1
-1
203 3
63 1
1403 1
-1
-1
710 1
-1
-1
-1
-1
-1
-1
3729 1
823 1
-1
-1
2003 15
-1
19 1
-1
-1
1441 5
1812 1
-1
-1
22 1
-1
114 1
-1
-1
74 1
48 43
27 1
-1
-1
1165 2
395 1
6138 7
-1
-1
-1
-1
440 1
-1
-1
-1
2577 1
29 1
-1
-1
-1
33 1
-1
-1
935 16
-1
-1
-1
45 2
-1
-1
-1
582 1
44 1
76 3
-1
-1
-1
-1
31 1
286 3
1087 2
-1
2011 8
-1
211 2
-1
-1
-1
-1
3909 1
-1
-1
-1
105 2
-1
-1
1 3
884 3
6385 9
-1
-1
-1
53 2
-1
-1
58 1
11333 20
-1
119 1
-1
-1
301 1
-1
1222 1
-1
13 3
-1
625 1
-1
-1
-1
-1
-1
369 1
-1
-1
77 1
-1
2143 2
-1
-1
-1
-1
-1
233 1
403 3
180 1
-1
8631 4
1013 3
-1
-1
404 5
8 1
583 2
281 1
1453 2
5494 9
-1
894 1
-1
346 1
42 1
704 1
-1
-1
-1
3193 1
-1
64 1
1485 1
-1
-1
2235 1
-1
24 1
-1
1247 1
-1
81 1
5 1
110 1
324 1
-1
-1
-1
1612 1
-1
-1
-1
-1
341 2
3281 4
-1
1601 1
1611 2
-1
1730 3
457 1
245 1
-1
66 1
893 4
538 17
126 1
482 1
59 1
11877 19
-1
-1
254 1
-1
-1
4045 2
-1
-1
29 1
-1
-1
103 2
-1
-1
-1
-1
-1
-1
292 3
626 1
-1
-1
-1
1994 1
-1
405 2
79 2
4127 9
18 29
-1
2752 1
-1
1906 1
176 3
-1
1967 6
-1
-1
7 2
-1
-1
-1
-1
402 1
-1
-1
-1
53 1
-1
-1
-1
-1
70 1
723 1
-1
155 1
860 3
-1
-1
239 2
72 1
-1
-1
-1
-1
-1
-1
-1
-1
-1
63 1
1015 4
5685 2
-1
-1
116 7
-1
-1
-1
23 1
249 1
-1
2226 1
101 2
-1
-1
1584 1
1515 2
-1
361 1
213 1
-1
11 4
-1
951 1
-1
-1
30 1
-1
6 1
194 1
3964 1
1319 1
18 1
-1
-1
-1
-1
58 1
9022 1
1237 1
81 1
-1
1249 1
-1
439 2
639 4
461 1
-1
-1
-1
-1
322 1
147 1
255 1
-1
98 1
534 1
-1
5 41
321 1
875 2
522 7
-1
-1
-1
8 13
-1
391 1
9297 4
-1
-1
-1
401 1
1625 1
-1
-1
-1
-1
-1
-1
-1
-1
-1
-1
171 1
529 2
13 5
-1
-1
423 1
254 1
485 6
33 16
-1
-1
-1
-1
588 1
911 1
-1
-1
-1
-1
16 1
17 2
8 1
-1
5058 1
-1
615 1
-1
106 1
184 3
-1
-1
43 3
5 77
-1
-1
-1
1286 1
1675 4
586 1
-1
1290 1
-1
-1
5 6
-1
170 1
1262 1
109 1
404 1
-1
5499 5
148 1
699 2
-1
-1
-1
-1
-1
172 1
262 3
-1
14 1
-1
-1
-1
3640 3
-1
-1
1207 1
1508 1
70 1
79 100
397 1
-1
-1
-1
-1
174 1
-1
-1
2685 1
-1
-1
-1
-1
-1
2542 1
-1
-1
7011 1
-1
-1
-1
-1
520 1
-1
-1
3131 6
28 1
-1
515 1
171 2
-1
-1
-1
563 1
558 1
1291 5
-1
2592 1
-1
-1
373 5
-1
-1
4272 1
107 2
-1
86 1
-1
-1
-1
-1
-1
-1
23 1
-1
-1
-1
-1
-1
-1
-1
-1
-1
47 1
-1
56 1
548 1
-1
-1
3938 1
60 1
-1
-1
43 3
-1
16 1
41 70
-1
7002 7
987 1
37 1
925 2
70 1
167 1
-1
3140 1
-1
1048 1
-1
-1
-1
-1
-1
-1
94 1
-1
86 1
394 3
-1
349 1
-1
476 1
-1
127 6
-1
-1
-1
-1
435 1
-1
1729 2
-1
-1
141 2
113 1
-1
3029 3
239 1
-1
-1
386 1
-1
-1
-1
-1
-1
4655 1
-1
4070 3
-1
1148 5
-1
-1
-1
-1
157 1
365 3
-1
2731 1
645 1
403 3
2379 8
4921 5
-1
1503 2
-1
1267 1
315 4
-1
-1
-1
-1
7 60
-1
1023 1
-1
11238 7
1 10
2601 5
-1
241 1
727 1
4243 2
96 1
-1
-1
10 1
-1
-1
11 1
-1
3440 3
-1
-1
3 1
250 1
-1
-1
-1
-1
948 5
-1
96 1
6138 5
55 1
-1
414 1
-1
-1
-1
13 14
-1
-1
2151 4
-1
-1
-1
1288 1
-1
292 1
-1
-1
-1
35 3
-1
-1
-1
215 8
-1
-1
-1
195 4
-1
4 1
-1
-1
-1
-1
74 1
-1
-1
-1
-1
-1
440 1
5304 1
-1
-1
12 1
-1
698 1
361 2
411 1
-1
-1
93 1
-1
9 10
86 1
28 3
-1
-1
7799 1
-1
66 1
317 1
-1
258 1
-1
-1
360 7
-1
1843 1
144 1
895 3
-1
-1
-1
-1
271 1
-1
-1
2120 13
-1
165 4
49 5
104 83
-1
-1
-1
-1
375 1
428 7
828 1
-1
485 3
-1
-1
-1
-1
-1
357 1
-1
-1
7 1
1383 1
-1
-1
202 1
-1
-1
194 1
-1
458 1
-1
-1
-1
81 1
-1
487 1
-1
-1
-1
203 1
-1
-1
-1
-1
261 1
1483 1
-1
56 3
-1
777 5
-1
-1
-1
1525 1
-1
-1
-1
-1
555 2
-1
845 1
1886 1
-1
-1
-1
-1
310 3
-1
-1
-1
-1
75 2
-1
766 5
-1
12 11
-1
827 2
-1
-1
-1
143 2
3 1
-1
-1
1135 2
-1
-1
44 1
-1
-1
-1
-1
-1
-1
328 1
-1
-1
-1
-1
-1
-1
161 1
-1
-1
-1
-1
261 2
-1
-1
373 1
1 2
-1
167 1
-1
-1
-1
-1
-1
-1
4858 5
521 1
489 1
-1
-1
-1
-1
93 2
-1
-1
-1
-1
-1
-1
-1
136 1
-1
1 9
-1
296 1
-1
-1
91 4
2392 9
124 11
-1
-1
-1
-1
-1
-1
497 1
526 1
-1
2333 5
-1
-1
-1
426 1
989 1
691 1
1021 1
-1
185 8
-1
-1
4057 12
-1
-1
-1
1 5
-1
-1
61 1
811 1
-1
433 2
431 4
466 1
539 4
-1
44 1
293 2
-1
-1
1767 1
-1
-1
211 2
34 1
-1
-1
-1
-1
-1
5 2
-1
-1
83 1
-1
-1
-1
2045 3
-1
-1
-1
123 1
-1
-1
-1
-1
-1
-1
5 17
-1
-1
-1
-1
-1
-1
-1
-1
-1
619 1
1650 1
740 13
-1
-1
-1
-1
23 2
91 3
654 1
34 1
975 1
233 4
76 1
-1
-1
-1
-1
3005 9
-1
-1
-1
3053 2
-1
-1
-1
-1
-1
-1
-1
-1
-1
1532 5
-1
405 1
-1
-1
3208 5
-1
-1
-1
6081 1
-1
-1
-1
-1
987 5
129 14
-1
124 1
174 1
-1
-1
-1
1061 2
-1
51 1
124 1
-1
-1
9 1
6 1
210 1
-1
-1
102 1
-1
35 1
163 1
-1
-1
-1
-1
-1
-1
427 2
231 1
272 1
-1
-1
352 5
-1
-1
-1
-1
-1
41 42
-1
-1
300 1
-1
10 27
-1
-1
-1
7 1
763 1
-1
487 1
47 1
1151 1
515 2
-1
450 1
-1
-1
6 1
-1
-1
-1
467 13
-1
-1
3560 19
-1
266 9
-1
-1
-1
1042 1
-1
279 7
-1
1658 9
751 7
-1
298 1
-1
409 3
3851 1
-1
-1
-1
-1
4 1
-1
89 2
-1
-1
-1
-1
-1
-1
349 11
1213 2
-1
-1
-1
-1
1018 5
961 2
-1
-1
-1
19 54
-1
-1
1614 1
-1
252 1
-1
-1
170 1
-1
161 1
10 1
-1
1089 2
-1
1515 22
4084 1
-1
-1
-1
5637 4
-1
-1
-1
52 1
1885 4
-1
-1
79 11
-1
1718 9
-1
-1
193 6
-1
-1
-1
2708 5
185 7
-1
3 1
-1
-1
29 24
1075 1
-1
1738 1
-1
-1
-1
-1
1 4
-1
-1
4375 3
2573 3
-1
100 3
-1
-1
167 1
347 1
783 28
-1
-1
-1
-1
-1
-1
-1
698 1
-1
-1
258 1
-1
-1
-1
54 1
-1
311 12
-1
-1
1885 1
-1
-1
-1
-1
-1
-1
-1
-1
-1
1643 4
-1
343 1
785 1
21 23
-1
819 1
8927 37
-1
-1
2969 2
487 2
1413 2
-1
-1
-1
-1
-1
-1
3873 20
-1
-1
-1
320 1
367 4
70 3
-1
-1
-1
2012 3
-1
-1
202 1
-1
-1
-1
-1
-1
303 2
-1
1723 6
-1
1959 1
-1
-1
6539 4
292 1
113 1
185 3
-1
232 1
-1
-1
592 1
-1
-1
25 1
-1
-1
-1
-1
324 1
28 1
-1
-1
-1
-1
3 1
1936 1
-1
467 15
-1
1259 1
-1
613 10
-1
-1
-1
539 2
2343 1
53 1
5176 1
209 3
1183 3
-1
1656 1
-1
37 3
-1
3 2
-1
340 9
397 1
10341 4
-1
390 1
-1
3393 2
17 2
-1
43 1
548 1
74 1
85 2
2445 1
-1
-1
-1
-1
-1
-1
-1
-1
-1
1138 1
34 53
-1
-1
-1
128 1
-1
-1
-1
-1
-1
654 5
485 1
-1
1557 5
-1
65 2
-1
-1
-1
-1
1036 3
-1
-1
63 2
1417 6
-1
-1
4 5
51 1
145 2
-1
-1
32 1
-1
514 1
-1
2159 4
-1
158 1
5165 2
-1
86 1
-1
912 1
-1
4070 1
26 1
7 1
487 6
78 1
-1
890 1
835 2
97 1
226 1
-1
5 1
1681 1
29 1
-1
13 1
784 1
180 1
-1
-1
-1
70 1
3339 5
1907 1
-1
-1
-1
-1
-1
1087 3
61 3
390 1
-1
-1
-1
1523 1
35 1
-1
6 5
1183 1
-1
-1
-1
-1
-1
-1
-1
-1
202 1
-1
14 1
3096 1
-1
-1
406 1
1124 1
679 1
-1
-1
-1
-1
-1
-1
-1
-1
1828 1
-1
-1
48 1
-1
-1
7 2
155 1
603 11
-1
56 1
-1
-1
-1
69 5
-1
-1
-1
-1
-1
-1
250 1
254 1
-1
-1
1907 2
47 8
-1
-1
-1
101 1
-1
1432 1
-1
-1
-1
-1
-1
-1
-1
-1
-1
621 1
-1
-1
85 3
-1
-1
3609 1
-1
-1
12 13
-1
-1
-1
157 2
945 1
-1
-1
-1
-1
-1
-1
46 1
-1
-1
-1
-1
458 3
-1
570 1
-1
345 4
-1
-1
61 4
120 1
2879 1
-1
1063 1
-1
124 1
-1
-1
-1
1287 1
-1
-1
802 1
-1
-1
49 1
4126 5
-1
3854 5
-1
790 1
-1
-1
38 1
-1
-1
-1
117 1
-1
1842 1
-1
-1
-1
1245 1
51 2
-1
-1
1011 2
-1
-1
-1
-1
39 2
-1
-1
2042 1
1 5
-1
-1
-1
-1
-1
95 2
-1
-1
-1
-1
-1
2239 4
101 1
2857 5
-1
341 1
-1
-1
-1
1386 1
-1
-1
877 8
-1
-1
-1
-1
-1
-1
47 1
-1
1222 1
330 1
-1
-1
-1
1692 1
-1
2411 4
281 1
-1
10 31
281 1
-1
1724 1
-1
-1
-1
1872 1
11 36
-1
-1
-1
1219 3
-1
-1
-1
47 1
244 1
4408 11
708 1
495 1
-1
-1
-1
1644 13
9793 10
317 1
372 5
-1
-1
1519 2
270 1
-1
-1
-1
-1
-1
-1
-1
-1
6 29
-1
-1
202 5
5 1
7132 13
-1
-1
46 1
-1
5983 15
-1
-1
-1
708 1
-1
-1
61 1
163 1
64 1
2867 2
19 8
1887 10
121 1
-1
-1
1409 1
14 1
-1
93 1
2596 1
-1
-1
5599 8
2801 5
434 1
-1
-1
-1
-1
-1
-1
2 1
-1
4134 1
-1
-1
-1
-1
92 1
-1
-1
108 1
-1
-1
310 1
493 3
-1
637 1
1064 1
-1
125 3
-1
4247 1
-1
148 1
-1
3517 2
1262 1
1792 1
134 1
445 3
593 1
-1
-1
-1
4965 1
-1
1 34
-1
-1
81 2
-1
263 2
-1
-1
2 13
2857 2
124 1
45 1
-1
-1
-1
2277 2
-1
-1
-1
58 1
-1
-1
-1
5 2
909 19
127 2
-1
-1
-1
-1
36 1
589 4
456 1
-1
-1
896 5
754 1
-1
-1
-1
94 3
169 4
-1
-1
-1
-1
-1
875 2
1747 3
-1
821 1
-1
-1
237 4
855 2
-1
-1
-1
3132 1
-1
-1
-1
387 1
-1
-1
11 1
278 1
59 2
2654 1
-1
-1
956 1
-1
-1
704 1
336 11
-1
2155 4
-1
-1
-1
-1
-1
-1
73 1
-1
-1
-1
-1
151 41
-1
-1
-1
-1
-1
138 1
-1
45 1
56 1
-1
391 1
-1
-1
848 5
4765 9
-1
-1
-1
-1
-1
-1
-1
-1
1997 1
155 1
49 1
1 2
163 2
-1
-1
-1
24 1
-1
289 3
646 1
2091 2
1265 1
392 1
722 1
-1
-1
155 4
2391 1
-1
47 1
63 1
111 2
-1
1938 5
-1
308 5
7 1
136 1
-1
-1
-1
-1
595 4
-1
193 1
611 1
803 2
-1
335 3
1665 2
-1
-1
-1
11 2
629 2
-1
10 1
-1
-1
-1
9310 1
-1
-1
-1
-1
-1
-1
561 2
71 1
211 2
-1
-1
-1
8 15
-1
2915 4
-1
-1
71 1
379 2
908 1
-1
-1
-1
-1
-1
253 1
-1
-1
-1
-1
-1
-1
-1
2427 16
-1
7 1
989 2
620 1
-1
-1
-1
916 1
7651 23
-1
445 2
-1
-1
1855 3
-1
-1
442 1
-1
34 1
-1
221 1
1282 3
-1
4 3
323 1
-1
-1
-1
2 1
-1
180 1
-1
206 1
-1
-1
-1
233 3
161 5
69 8
-1
-1
-1
-1
2349 4
-1
-1
9 1
-1
-1
-1
-1
-1
-1
-1
183 2
41 54
83 2
-1
1058 1
-1
-1
-1
-1
-1
-1
-1
-1
-1
-1
869 7
2467 6
2108 13
209 1
-1
-1
-1
312 1
7448 9
-1
-1
219 2
1654 13
-1
209 1
-1
-1
73 2
2746 1
512 1
-1
421 2
225 1
4 13
219 1
4945 1
-1
-1
-1
-1
-1
-1
-1
384 1
3545 1
-1
-1
-1
-1
-1
-1
-1
-1
-1
-1
-1
119 1
-1
1862 3
-1
-1
-1
2186 1
797 3
393 1
4097 3
-1
-1
807 1
102 1
-1
2 3
-1
-1
199 1
-1
-1
-1
8 1
55 8
-1
2243 2
-1
-1
1852 1
-1
21 8
-1
1318 1
101 1
1202 1
-1
1894 1
5446 1
-1
-1
1520 1
226 1
-1
-1
-1
-1
-1
739 1
-1
-1
-1
3155 18
-1
-1
-1
-1
-1
-1
322 1
-1
-1
-1
-1
4 3
480 1
-1
-1
-1
63 4
1 3
-1
-1
-1
-1
-1
709 1
-1
38 1
-1
469 2
70 31
90 1
2381 2
-1
-1
-1
-1
1247 5
-1
7329 10
-1
6621 2
-1
-1
263 15
-1
43 3
-1
-1
-1
1508 7
-1
-1
603 2
1255 13
272 1
-1
-1
-1
130 1
-1
-1
-1
239 6
-1
-1
8106 13
-1
374 1
-1
-1
507 2
-1
53 9
-1
-1
-1
1 2
-1
1038 1
-1
-1
-1
-1
183 2
-1
-1
-1
-1
-1
30 1
121 1
-1
-1
-1
52 1
37 1
8 1
-1
-1
-1
-1
-1
19 3
-1
32 1
904 1
-1
-1
-1
-1
-1
-1
1711 1
-1
-1
-1
15 1
-1
1921 3
-1
-1
4665 1
681 1
-1
-1
-1
-1
-1
349 1
-1
973 6
-1
1263 1
-1
-1
500 29
-1
5 1
-1
-1
7889 2
-1
-1
3210 1
-1
-1
-1
-1
-1
-1
-1
591 1
-1
628 19
-1
684 1
-1
1448 1
-1
-1
-1
160 1
-1
225 1
307 5
1852 11
-1
-1
-1
82 1
-1
-1
-1
-1
-1
-1
-1
157 2
-1
653 2
117 1
-1
7649 6
-1
-1
-1
4 1
-1
2253 2
29 1
-1
1019 1
16 1
1058 1
-1
-1
1017 5
10 1
275 2
-1
-1
-1
5578 21
-1
-1
-1
1272 1
-1
-1
-1
40 1
-1
-1
286 1
-1
-1
-1
15 1
1292 1
-1
205 1
39 2
-1
-1
-1
-1
48 1
-1
-1
-1
106 3
-1
-1
-1
-1
-1
-1
-1
1058 1
-1
417 2
4 1
232 1
-1
-1
-1
-1
-1
357 5
11041 2
-1
-1
395 3
-1
-1
226 1
-1
-1
-1
168 1
60 1
-1
-1
303 1
433 2
-1
44 1
-1
-1
-1
628 1
-1
-1
-1
-1
-1
-1
1449 11
217 1
244 1
1690 1
-1
-1
166 1
-1
814 7
3624 5
9 1
-1
-1
-1
-1
41 1
-1
518 1
236 3
-1
362 3
-1
-1
-1
-1
-1
489 1
-1
-1
-1
41 2
63 1
134 1
463 4
1928 5
400 1
-1
-1
-1
19 1
-1
-1
-1
-1
2619 16
-1
76 1
-1
-1
133 1
4945 4
-1
83 1
444 1
-1
-1
-1
-1
-1
98 1
-1
-1
-1
-1
424 5
3 1
-1
5 24
35 13
-1
-1
3422 1
-1
-1
-1
48 7
-1
-1
-1
-1
401 2
376 1
425 2
-1
-1
-1
1073 1
-1
-1
-1
-1
545 2
1625 6
-1
-1
-1
-1
-1
4729 5
-1
4721 7
1910 1
-1
337 1
-1
-1
-1
-1
-1
-1
-1
147 2
341 1
-1
-1
-1
600 1
6917 1
-1
-1
-1
621 1
-1
-1
187 1
45 2
11 1
109 1
-1
-1
-1
783 2
29 85
-1
-1
-1
505 4
139 6
-1
-1
-1
3275 3
-1
2133 1
4 3
1514 3
-1
62 1
-1
-1
650 7
-1
349 2
-1
170 1
17 3
-1
-1
212 1
-1
395 1
559 3
-1
19 5
358 9
-1
513 1
-1
-1
1715 1
-1
-1
-1
1039 4
-1
851 1
-1
-1
-1
-1
-1
5 9
777 1
1189 3
-1
51 1
755 1
-1
4669 13
-1
-1
187 1
-1
5799 2
4745 3
3988 85
16 1
7159 21
81 1
1987 1
-1
106 7
71 5
516 1
-1
-1
143 1
93 5
19 2
-1
70 1
-1
-1
26 1
-1
-1
4679 13
-1
25 44
-1
-1
652 1
1010 7
-1
-1
26 1
-1
-1
-1
-1
-1
4583 9
262 5
35 2
74 117
-1
-1
5804 5
12 1
-1
-1
-1
-1
-1
-1
-1
14 11
-1
16468 7
-1
1316 3
-1
-1
-1
-1
1307 19
74 103
-1
765 2
-1
2415 2
-1
106 1
-1
3979 11
209 1
-1
1368 1
1960 1
-1
-1
9451 2
-1
-1
-1
66 1
177 5
-1
-1
39 19
-1
315 1
262 1
-1
1782 1
-1
98 1
-1
-1
-1
-1
316 3
-1
529 2
-1
157 19
-1
-1
169 1
4735 9
-1
-1
-1
1431 2
83 1
-1
272 3
125 2
-1
559 2
11357 1
817 2
-1
-1
-1
-1
2712 1
-1
3028 1
-1
1186 3
-1
421 2
9 2
13 1
-1
148 5
-1
-1
-1
-1
570 1
24 7
3814 5
-1
262 1
-1
2675 2
-1
-1
-1
-1
342 5
-1
-1
-1
-1
-1
-1
-1
31 49
181 4
-1
56 1
-1
-1
-1
4401 2
14019 2
-1
354 1
-1
-1
-1
-1
-1
557 1
6 1
63 1
173 1
-1
5609 5
405 2
-1
-1
11 3
-1
-1
-1
371 1
-1
-1
-1
153 1
150 1
-1
-1
-1
2932 9
-1
-1
-1
-1
-1
-1
359 2
1 4
-1
-1
477 1
554 1
-1
-1
232 1
1908 19
1 2
5 42
-1
-1
-1
1885 2
1699 2
4 1
65 2
1162 1
-1
-1
-1
-1
5 1
-1
2323 2
-1
-1
46 3
-1
5951 1
628 1
10616 1
-1
-1
-1
-1
-1
-1
-1
-1
-1
-1
48 1
-1
14 3
-1
72 1
2066 3
-1
-1
410 1
-1
-1
1384 7
-1
509 2
-1
2823 1
-1
-1
-1
-1
786 1
21 10
-1
-1
2379 10
-1
204 1
94 1
-1
-1
477 5
-1
195 1
60 1
-1
-1
3785 19
-1
57 1
145 1
2041 1
938 23
-1
-1
36 1
-1
-1
-1
982 1
437 9
3033 1
-1
319 2
8065 8
75 2
-1
-1
-1
-1
-1
-1
-1
569 3
1237 17
-1
-1
-1
183 7
-1
4568 3
-1
370 1
-1
-1
3915 2
2133 2
-1
367 2
-1
-1
-1
-1
-1
1837 7
46 1
-1
-1
-1
-1
-1
-1
4318 1
-1
157 1
2156 1
3 5
29 1
-1
-1
-1
-1
971 1
53 1
-1
1117 1
-1
-1
-1
-1
-1
-1
933 4
1423 2
-1
-1
-1
-1
-1
-1
1927 3
-1
-1
-1
245 1
-1
-1
47 9
-1
653 4
-1
86 3
-1
167 2
-1
25 1
13 1
289 2
-1
153 1
-1
278 1
-1
-1
1380 1
-1
-1
-1
107 1
1213 1
-1
-1
-1
-1
209 2
-1
-1
-1
-1
-1
-1
1092 5
-1
1384 1
-1
70 3
295 4
-1
419 2
836 1
347 1
2613 7
-1
63 1
1151 1
-1
-1
118 3
-1
1489 1
-1
-1
-1
-1
-1
-1
89 1
-1
-1
-1
408 1
829 2
-1
-1
-1
-1
-1
-1
104 1
-1
-1
-1
-1
-1
-1
-1
-1
-1
-1
-1
-1
-1
-1
-1
-1
-1
-1
-1
170 1
816 1
-1
39 1
-1
-1
-1
-1
100 1
6619 1
-1
136 1
-1
454 1
-1
-1
-1
-1
-1
257 2
-1
81 1
-1
-1
-1
-1
289 3
2077 2
-1
-1
6 1
-1
-1
171 1
3068 1
601 2
-1
-1
-1
-1
161 2
57 1
40 1
-1
953 1
2 1
545 1
565 14
-1
526 1
219 1
-1
-1
-1
-1
-1
-1
-1
-1
-1
-1
2841 1
89 3
-1
-1
72 1
-1
161 1
-1
565 1
-1
-1
-1
49 1
-1
-1
5 31
1547 4
1027 15
-1
514 1
2191 2
-1
866 29
1 2
2393 1
-1
-1
-1
-1
-1
192 1
-1
1223 8
-1
-1
-1
-1
3190 3
-1
-1
106 3
-1
-1
239 1
29 1
-1
-1
-1
-1
-1
-1
-1
-1
-1
1435 1
-1
-1
-1
-1
1408 1
-1
985 6
402 1
-1
-1
-1
-1
-1
-1
333 4
78 1
-1
-1
6489 5
-1
-1
12 1
-1
314 1
-1
-1
-1
33 2
-1
4 1
-1
313 1
-1
-1
-1
-1
1082 3
13 1
3907 3
-1
-1
432 1
89 6
-1
-1
1182 1
-1
-1
2021 5
-1
-1
-1
-1
14047 9
-1
-1
-1
401 2
2062 1
74 1
364 1
-1
-1
5 32
-1
-1
-1
1859 1
-1
232 1
-1
-1
-1
35 1
-1
-1
-1
3302 1
7 1
65 1
-1
709 4
-1
684 7
-1
-1
-1
-1
-1
-1
13 1
-1
82 1
671 1
260 1
-1
-1
-1
817 1
-1
-1
373 2
-1
-1
-1
-1
-1
-1
-1
305 2
-1
2047 2
189 2
-1
12103 61
-1
773 1
1687 4
65 1
110 1
27 2
-1
2135 1
39 1
178 1
-1
2284 5
-1
-1
-1
1528 1
-1
-1
-1
-1
969 1
-1
-1
-1
5858 1
-1
-1
485 1
-1
2464 3
797 1
-1
-1
-1
8 1
-1
-1
451 1
229 1
1 3
-1
169 1
-1
-1
278 1
-1
-1
-1
173 3
218 1
-1
-1
-1
-1
-1
-1
5389 8
13 18
-1
341 8
21 2
-1
65 1
1224 1
356 1
43 1
-1
-1
-1
-1
-1
12 1
-1
783 1
14 19
-1
-1
76 1
-1
-1
42 1
-1
503 1
494 1
-1
-1
115 1
-1
-1
-1
-1
-1
-1
954 1
-1
439 1
-1
-1
-1
314 1
-1
14 1
-1
607 3
-1
-1
1491 2
1666 1
-1
85 4
-1
-1
-1
-1
138 5
-1
-1
-1
-1
1011 2
-1
-1
-1
373 2
-1
-1
-1
-1
-1
-1
-1
-1
381 1
1 2
-1
235 3
-1
82 3
-1
445 1
320 3
180 1
253 3
1564 3
-1
2339 2
2735 2
-1
639 1
23 1
-1
6127 10
270 1
61 1
-1
-1
-1
361 1
-1
-1
1946 1
856 1
73 1
1 3
7 5
-1
-1
-1
-1
-1
-1
1829 2
307 3
-1
-1
-1
-1
-1
-1
-1
-1
-1
-1
-1
129 1
14 5
-1
423 1
-1
-1
2599 6
-1
-1
-1
-1
-1
1833 2
239 3
-1
1253 1
1711 3
474 1
-1
-1
7468 3
-1
248 1
119 1
111 2
-1
293 2
-1
-1
-1
-1
-1
15 7
397 1
-1
-1
-1
-1
-1
358 1
-1
-1
-1
-1
349 2
-1
-1
-1
-1
-1
-1
-1
-1
-1
-1
-1
-1
-1
-1
-1
748 1
-1
953 9
-1
-1
22 3
-1
-1
8741 1
-1
-1
-1
1134 1
239 1
224 1
73 2
1397 7
-1
1183 1
3866 1
120 1
-1
2029 1
2425 2
-1
-1
-1
1764 1
-1
587 2
328 1
53 1
-1
-1
233 2
-1
-1
-1
-1
177 2
-1
-1
-1
-1
-1
-1
-1
-1
-1
-1
-1
-1
2350 1
81 1
-1
-1
-1
-1
-1
1175 14
-1
279 1
999 2
-1
-1
-1
-1
127 2
-1
-1
2093 1
-1
-1
-1
1673 1
-1
4500 1
-1
1965 1
-1
1801 1
-1
-1
-1
3041 1
-1
5331 1
-1
874 1
2643 2
1952 1
-1
-1
1227 1
1874 1
744 1
-1
887 3
-1
118 1
1112 1
-1
54 23
-1
15 19
885 2
89 1
-1
1179 8
-1
179 15
419 1
133 1
1980 1
-1
697 10
1523 1
369 1
-1
-1
3280 1
429 5
436 5
-1
-1
11 17
-1
11 2
-1
1324 1
-1
-1
-1
-1
-1
-1
175 1
-1
205 19
-1
497 1
-1
-1
83 1
6317 6
1469 2
-1
792 1
-1
-1
-1
-1
-1
2941 11
-1
37 1
210 1
1520 9
-1
-1
-1
-1
1502 7
-1
-1
-1
379 9
397 1
-1
-1
-1
51 2
-1
2450 1
-1
-1
59 1
-1
50 1
2329 24
119 3
2619 5
-1
-1
-1
-1
1947 2
-1
-1
-1
-1
-1
-1
3920 1
-1
35 2
-1
-1
39 1
-1
907 3
-1
514 1
-1
-1
-1
3 8
-1
-1
-1
73 1
-1
-1
-1
271 1
25 1
138 1
-1
-1
750 1
-1
1683 20
-1
-1
225 2
-1
395 12
-1
-1
-1
-1
-1
-1
-1
-1
-1
-1
-1
-1
199 4
-1
47 1
-1
52 1
-1
7 2
1957 2
842 1
303 2
-1
683 7
-1
808 1
-1
-1
253 2
3479 2
7149 11
-1
33 1
22 1
-1
-1
1889 9
-1
179 1
-1
-1
-1
-1
254 1
1143 2
-1
-1
-1
-1
89 2
-1
-1
-1
-1
249 2
6895 12
1139 1
-1
-1
-1
-1
48 1
219 2
848 1
2021 7
-1
1013 1
244 1
-1
706 1
-1
7595 1
-1
-1
12 1
170 1
1228 1
-1
27 8
-1
-1
-1
-1
361 1
-1
-1
2564 11
549 4
-1
-1
-1
-1
-1
-1
121 1
103 2
83 1
2053 4
16 11
937 1
-1
-1
-1
-1
-1
3 4
138 1
-1
-1
-1
-1
-1
113 2
1017 1
589 2
-1
4232 17
70 1
-1
4 1
-1
5420 1
2389 3
-1
-1
3967 2
-1
-1
1670 3
1979 1
-1
117 2
-1
-1
-1
-1
272 3
1450 1
2 1
-1
5125 2
351 1
-1
2760 1
1609 1
-1
-1
1499 2
-1
220 3
3394 3
-1
-1
361 2
-1
-1
-1
-1
1978 1
-1
663 2
-1
-1
-1
476 1
576 1
-1
3302 1
-1
-1
-1
-1
-1
-1
-1
1613 1
-1
243 2
-1
-1
-1
-1
-1
613 5
131 1
43 11
-1
-1
1434 1
2925 4
-1
-1
-1
-1
-1
363 5
-1
-1
-1
-1
-1
3609 1
-1
-1
559 2
-1
15 2
-1
2 1
-1
28 1
511 1
21 53
37 22
-1
-1
2223 2
6 1
-1
-1
21 37
55 3
-1
645 1
-1
2233 2
-1
510 1
-1
1501 2
6 1
-1
-1
420 1
-1
-1
12 1
-1
640 1
-1
-1
1193 1
11 1
113 1
-1
-1
-1
2351 1
127 5
159 4
3761 1
-1
13225 6
45 2
4986 1
48 47
-1
-1
-1
1096 3
-1
-1
114 1
-1
-1
-1
437 4
-1
-1
-1
-1
-1
253 1
-1
509 1
703 2
-1
-1
2273 2
-1
538 1
-1
-1
-1
-1
384 7
-1
-1
-1
207 1
21 1
-1
-1
-1
1290 1
-1
-1
-1
-1
271 2
271 1
2845 3
-1
-1
3189 1
2847 14
-1
-1
70 11
441 1
-1
-1
1810 1
1219 1
-1
-1
7 65
-1
2121 19
277 1
-1
238 1
774 5
-1
224 1
-1
-1
-1
1975 2
1025 11
-1
-1
-1
2 1
123 1
-1
-1
-1
-1
-1
-1
-1
926 1
-1
113 1
-1
-1
-1
-1
-1
-1
1953 2
-1
-1
3815 3
56 1
353 2
177 2
502 1
-1
-1
-1
11 12
6803 20
-1
925 3
-1
80 1
-1
-1
-1
793 10
835 1
-1
3166 1
88 1
-1
258 1
1240 1
101 2
-1
3528 11
-1
369 1
2048 3
-1
-1
-1
40 3
-1
-1
-1
217 2
4175 1
59 1
-1
-1
15 2
-1
-1
80 1
-1
-1
6 1
-1
93 1
-1
-1
-1
-1
-1
1611 2
-1
2052 1
-1
-1
881 8
72 1
613 2
-1
-1
-1
-1
-1
-1
-1
-1
-1
-1
-1
-1
-1
43 2
16 1
-1
-1
-1
-1
-1
23 2
177 2
23 2
81 1
608 1
-1
-1
601 5
-1
-1
43 4
-1
-1
202 1
-1
358 1
-1
-1
-1
2739 1
-1
-1
-1
-1
125 1
-1
-1
1105 1
281 1
-1
158 3
-1
-1
3926 7
-1
-1
-1
-1
3093 5
-1
-1
-1
-1
-1
26 1
579 1
5025 4
2739 2
-1
-1
16 1
160 1
283 3
-1
-1
85 4
1363 6
19 62
-1
-1
-1
-1
-1
-1
-1
-1
59 1
1479 4
65 1
-1
311 8
2241 10
2664 7
144 1
-1
5 1
-1
382 1
-1
-1
-1
-1
-1
51 1
157 1
-1
-1
-1
-1
-1
-1
-1
6929 3
-1
241 1
384 7
43 2
-1
-1
-1
190 1
79 1
29 3
-1
-1
3066 1
-1
-1
1229 6
709 1
473 2
-1
374 5
701 2
-1
877 1
11525 11
-1
-1
-1
-1
-1
27 1
-1
596 3
-1
-1
4067 11
-1
743 11
-1
-1
-1
-1
-1
1 2
-1
1715 12
2707 5
-1
-1
-1
33 1
-1
-1
6 1
284 1
-1
-1
-1
191 1
-1
-1
2296 1
323 4
-1
-1
741 2
-1
206 1
2205 46
120 1
-1
190 3
-1
376 15
-1
-1
-1
-1
679 6
-1
870 1
3224 1
67 1
181 1
-1
-1
601 2
-1
-1
-1
-1
-1
-1
-1
892 1
-1
-1
-1
-1
21 2
351 2
-1
339 17
247 1
-1
-1
8 31
2447 4
7 2
-1
-1
-1
1813 17
-1
136 1
-1
-1
-1
-1
-1
-1
783 1
427 1
10573 3
-1
-1
435 1
999 4
-1
-1
-1
817 1
-1
93 1
1313 2
107 1
16 1
671 1
1309 1
119 1
-1
-1
-1
-1
-1
5497 15
-1
296 1
-1
-1
750 1
-1
-1
-1
-1
3867 10
6261 2
80 1
3536 5
163 1
3101 25
-1
4933 2
519 13
463 2
-1
-1
1171 6
-1
3527 1
299 1
-1
273 16
164 1
43 1
-1
200 1
-1
145 1
-1
-1
754 1
-1
-1
1373 3
-1
2658 5
-1
-1
-1
6096 1
-1
1712 5
240 1
-1
-1
133 1
689 1
869 1
-1
-1
-1
-1
5027 3
-1
-1
-1
-1
6942 23
-1
228 1
59 32
-1
4460 9
55 1
22 1
-1
-1
-1
7 2
53 19
-1
27 1
-1
1382 1
295 2
-1
-1
18 1
-1
367 1
1162 1
-1
960 1
-1
-1
898 5
88 5
45 1
-1
-1
-1
176 1
-1
251 1
-1
1091 2
-1
2442 1
305 2
-1
-1
1251 4
969 1
93 2
579 2
-1
-1
-1
338 3
-1
119 1
-1
-1
52 1
-1
1391 2
-1
2518 1
1179 2
-1
-1
-1
145 1
-1
-1
424 1
-1
-1
-1
-1
-1
321 1
-1
404 1
-1
-1
-1
19 33
-1
1 3
-1
1343 7
-1
-1
-1
1258 3
3279 1
-1
1025 2
-1
-1
-1
772 1
231 1
203 1
27 4
389 2
40 1
2459 4
1335 7
-1
-1
-1
-1
17 1
-1
183 1
-1
-1
-1
2 1
-1
-1
-1
-1
-1
140 1
-1
-1
1849 5
-1
771 2
149 1
-1
-1
-1
295 4
-1
-1
-1
4 7
2213 2
-1
453 4
2122 1
-1
5 1
1637 2
-1
-1
7 1
118 1
29 1
-1
-1
100 1
-1
-1
-1
-1
-1
531 2
1578 1
-1
-1
-1
1681 2
147 1
744 1
-1
3 17
641 2
24 1
-1
-1
-1
-1
-1
-1
160 1
-1
-1
1121 1
-1
-1
-1
-1
-1
-1
687 1
203 2
-1
-1
-1
879 1
3820 1
280 1
84 1
169 1
-1
2037 2
-1
-1
1773 4
-1
-1
-1
-1
-1
-1
447 1
-1
-1
554 1
871 1
-1
-1
751 1
-1
-1
-1
695 1
81 1
-1
56 1
-1
-1
37 1
-1
-1
-1
-1
-1
-1
867 4
-1
1780 1
263 1
691 6
-1
-1
-1
-1
-1
63 1
-1
-1
86 1
90 1
-1
7289 8
1583 2
30 1
891 1
8120 3
-1
-1
1691 1
-1
-1
-1
-1
-1
-1
2690 1
47 1
-1
3631 3
-1
97 5
29 8
91 2
-1
-1
47 1
-1
-1
1027 6
2359 8
-1
-1
374 5
-1
87 1
380 9
-1
-1
773 3
257 4
4009 1
-1
-1
-1
-1
-1
-1
-1
-1
89 1
281 2
8 1
446 7
-1
121 7
1432 1
69 1
-1
-1
-1
5773 34
11 3
431 2
587 2
-1
29 2
-1
1950 1
-1
-1
-1
1281 4
-1
5913 4
110 3
-1
-1
-1
-1
-1
48 1
-1
-1
-1
1445 12
-1
423 1
-1
517 2
-1
24 1
-1
-1
-1
-1
-1
-1
359 22
-1
-1
-1
-1
-1
536 1
27 1
2 1
-1
123 1
-1
146 1
289 2
618 1
-1
-1
-1
431 3
580 1
3 1
39 1
-1
-1
-1
-1
-1
-1
111 2
-1
287 1
-1
62 1
4518 1
363 1
131 1
590 1
-1
2243 2
4754 47
-1
-1
1593 4
3790 1
2403 1
896 1
-1
195 8
2665 2
500 1
-1
-1
-1
190 1
93 4
121 2
7455 2
927 2
269 2
-1
-1
-1
674 3
-1
-1
3097 2
-1
6 1
-1
-1
-1
-1
-1
243 1
-1
3304 1
-1
-1
-1
-1
-1
-1
184 1
1210 1
-1
-1
130 1
-1
-1
1051 1
857 1
-1
1833 5
133 1
-1
-1
-1
47 2
2036 1
571 4
-1
-1
634 1
391 1
-1
-1
-1
-1
-1
-1
-1
59 1
1862 29
1810 3
-1
-1
-1
297 1
-1
-1
-1
-1
-1
-1
220 1
611 2
-1
-1
6735 4
13 2
136 1
-1
3 1
-1
-1
1587 1
2555 1
-1
-1
-1
-1
-1
3811 1
-1
-1
15 1
-1
-1
-1
-1
172 1
-1
2943 4
-1
-1
341 1
1635 2
183 1
279 5
41 18
253 12
-1
70 1
26 1
-1
-1
-1
-1
81 1
130 19
-1
-1
344 1
-1
111 7
-1
-1
-1
800 1
-1
-1
-1
-1
393 1
-1
5 2
1 11
719 4
528 1
-1
-1
877 1
-1
4744 3
-1
-1
-1
427 1
-1
3848 1
-1
-1
-1
5106 17
-1
36 1
-1
-1
-1
453 2
-1
-1
-1
7153 3
-1
-1
-1
-1
-1
-1
-1
131 1
-1
1972 15
-1
-1
-1
389 1
-1
256 1
373 1
113 1
-1
4165 1
-1
722 1
-1
-1
-1
8 5
-1
307 21
-1
-1
-1
3557 1
9 1
-1
-1
-1
-1
661 1
297 1
1047 2
404 1
209 1
7873 16
-1
-1
864 5
1129 10
4 3
-1
-1
1558 1
-1
-1
1778 1
-1
1705 2
-1
1933 2
943 2
61 4
-1
-1
1722 1
-1
-1
-1
3 13
297 1
1573 5
869 1
-1
-1
51 2
-1
-1
626 1
-1
-1
34 1
-1
23 20
-1
140 1
-1
-1
3051 19
-1
-1
984 1
-1
-1
-1
-1
237 1
2629 19
281 1
-1
-1
-1
-1
788 5
-1
-1
-1
607 2
156 1
307 2
78 1
163 1
444 1
-1
1301 2
341 1
-1
22 1
-1
-1
160 1
-1
-1
2 1
-1
-1
-1
-1
-1
3059 29
-1
-1
-1
3604 5
88 1
325 2
-1
-1
-1
458 1
-1
-1
733 11
-1
-1
9 1
-1
-1
617 1
243 1
73 1
4178 21
411 1
-1
-1
-1
187 1
137 1
142 1
-1
-1
1368 1
-1
-1
-1
11 2
-1
219 4
-1
3269 1
-1
599 15
-1
22 1
-1
-1
-1
-1
570 1
-1
2271 1
27 10
-1
517 2
572 5
-1
595 1
10 1
-1
-1
-1
-1
-1
-1
-1
-1
125 1
-1
5127 1
-1
58 1
-1
815 2
307 1
-1
23 1
198 7
-1
1517 6
233 7
1 3
-1
330 1
-1
5799 64
2063 10
-1
481 3
-1
-1
86 1
-1
143 1
1806 1
2587 1
-1
450 1
29 1
-1
3470 3
-1
540 1
-1
-1
-1
2067 1
-1
7 10
6 1
-1
1826 3
-1
-1
36 1
139 1
1720 1
-1
-1
-1
1569 4
-1
-1
900 1
11033 13
-1
-1
-1
-1
-1
-1
-1
183 1
-1
111 1
-1
-1
-1
211 1
-1
25 1
-1
-1
-1
-1
183 1
-1
-1
-1
-1
-1
-1
-1
-1
4 1
452 3
-1
549 4
-1
-1
-1
104 1
80 3
-1
5 4
1675 1
-1
-1
3 1
-1
-1
-1
-1
-1
-1
1666 1
-1
-1
-1
-1
274 1
-1
-1
-1
-1
79 14
-1
197 2
34 1
106 3
63 1
521 1
48 1
611 1
-1
-1
-1
3157 1
1631 1
-1
-1
-1
205 2
-1
-1
-1
-1
336 1
-1
-1
582 1
-1
-1
4774 1
79 1
154 1
-1
395 1
-1
-1
-1
-1
-1
25 1
-1
71 1
2597 1
-1
180 1
-1
-1
179 15
-1
-1
-1
791 1
-1
-1
-1
-1
-1
1065 1
-1
-1
768 1
-1
-1
-1
-1
-1
-1
2 1
-1
-1
-1
-1
-1
-1
-1
-1
-1
-1
178 7
309 1
248 1
-1
-1
61 31
-1
-1
-1
757 2
-1
-1
-1
-1
-1
-1
1207 4
-1
371 3
855 2
3067 25
84 1
337 2
2015 1
10273 7
-1
-1
-1
-1
92 1
-1
710 1
248 3
283 1
258 1
169 1
-1
293 2
505 1
1 2
633 1
-1
-1
-1
-1
6037 3
13 5
807 1
-1
-1
108 1
-1
-1
552 1
11 2
-1
229 4
-1
1204 1
441 1
1110 1
-1
471 4
-1
563 2
-1
-1
275 1
-1
3315 2
140 3
-1
-1
-1
88 1
-1
-1
135 1
99 1
6 1
871 4
697 1
-1
-1
-1
-1
-1
210 1
29 1
-1
-1
6163 52
21 1
-1
1 2
2507 1
281 2
-1
-1
16 17
-1
-1
-1
-1
-1
-1
999 1
-1
-1
386 7
1687 3
-1
2861 3
-1
-1
-1
298 1
-1
2405 1
-1
-1
12 1
-1
-1
195 1
-1
-1
55 6
-1
171 1
289 1
-1
1733 1
-1
986 3
-1
-1
-1
-1
-1
-1
-1
-1
1718 1
-1
-1
372 1
2792 13
-1
117 58
-1
-1
765 8
-1
391 1
891 13
-1
-1
-1
-1
-1
-1
-1
-1
-1
-1
-1
-1
42 71
503 3
-1
-1
1851 10
3175 1
-1
-1
-1
5 1
-1
163 1
-1
-1
-1
1418 1
-1
-1
-1
-1
-1
-1
-1
-1
-1
-1
-1
-1
-1
-1
-1
2 3
-1
-1
1483 2
-1
85 2
-1
587 10
-1
-1
2339 1
653 4
843 1
-1
-1
-1
543 4
-1
1450 1
-1
15 1
-1
553 2
-1
-1
-1
64 5
-1
-1
-1
91 5
-1
-1
178 1
-1
-1
593 1
-1
253 1
56 5
-1
-1
-1
-1
-1
1019 1
-1
1370 1
28 1
-1
748 3
1361 1
-1
174 1
1572 1
-1
-1
323 1
-1
-1
-1
-1
380 1
-1
1615 1
-1
-1
-1
713 3
-1
-1
-1
-1
-1
-1
-1
307 3
-1
449 8
-1
1215 4
-1
115 1
-1
-1
-1
-1
47 1
-1
-1
-1
-1
1502 1
70 1
1 3
-1
254 1
172 5
984 1
338 1
281 5
-1
895 3
141 2
-1
-1
-1
-1
419 4
-1
-1
-1
12 1
-1
239 5
235 1
-1
-1
-1
219 2
-1
-1
370 9
196 1
37 1
293 2
-1
-1
-1
-1
-1
418 1
389 2
36 1
-1
-1
122 1
573 1
-1
-1
-1
-1
-1
-1
-1
-1
-1
543 4
-1
6398 9
-1
-1
-1
-1
-1
13 1
537 2
-1
557 2
-1
-1
369 2
-1
29 1
-1
-1
-1
-1
122 1
2 1
241 10
773 2
1703 6
1011 1
-1
1431 5
405 14
-1
-1
-1
-1
378 1
-1
-1
-1
-1
313 2
-1
211 5
-1
-1
-1
-1
-1
-1
-1
427 1
-1
-1
-1
12155 21
-1
1057 1
-1
2223 1
-1
-1
-1
-1
2273 11
1591 1
69 1
350 1
186 1
1082 1
-1
-1
462 1
-1
-1
-1
-1
2844 1
-1
-1
32 1
-1
-1
-1
12 13
-1
261 1
-1
3170 1
-1
81 1
-1
-1
-1
-1
78 1
-1
-1
-1
-1
2957 2
-1
1714 1
-1
777 1
173 3
-1
-1
2505 8
400 9
-1
31 2
-1
-1
-1
-1
529 1
259 1
11 2
-1
-1
104 1
11 10
105 1
210 1
4781 5
3533 1
-1
-1
-1
1923 1
-1
-1
-1
665 4
-1
273 2
-1
-1
-1
-1
152 1
-1
-1
-1
-1
29 1
95 6
-1
160 1
379 3
69 38
224 1
-1
69 1
-1
-1
-1
-1
-1
-1
247 2
-1
-1
2847 5
23 38
-1
-1
23 1
-1
-1
-1
9711 1
127 1
57 1
-1
398 3
-1
-1
23 1
-1
-1
2196 1
284 1
1083 4
-1
-1
238 1
37 3
258 1
-1
64 1
25 16
725 6
-1
156 1
793 2
-1
243 1
-1
139 1
-1
-1
-1
-1
67 1
465 1
-1
-1
859 1
-1
125 3
11206 27
152 1
-1
1964 1
-1
99 2
259 4
4926 7
-1
104 3
-1
-1
-1
81 2
93 1
-1
-1
342 1
-1
2047 3
-1
115 2
2035 3
-1
14 1
31 2
-1
-1
-1
220 1
-1
-1
51 1
4823 1
-1
-1
12 1
183 7
29 16
-1
-1
-1
-1
21 2
535 1
-1
-1
-1
-1
148 1
-1
10 1
-1
-1
-1
-1
3976 1
-1
4523 1
64 5
-1
47 2
2663 2
-1
171 4
38 1
-1
307 2
-1
2741 1
404 1
7212 1
-1
-1
2828 3
-1
1987 4
-1
361 2
-1
-1
-1
-1
308 3
-1
-1
-1
-1
1185 1
502 1
309 1
-1
-1
-1
-1
-1
-1
-1
-1
-1
6990 1
-1
-1
1103 2
-1
1314 1
667 1
174 1
3 1
-1
-1
20 3
-1
3757 5
-1
1983 13
2751 1
-1
-1
-1
-1
-1
-1
-1
3220 1
19 2
-1
-1
-1
-1
299 1
-1
-1
-1
-1
-1
-1
-1
-1
4526 1
-1
-1
1 6
2932 9
-1
153 4
-1
-1
-1
-1
-1
-1
3288 1
30 29
-1
558 1
3465 1
332 3
2334 1
-1
-1
1552 1
-1
-1
863 2
-1
1436 7
1151 4
916 5
-1
-1
-1
-1
-1
-1
1912 7
-1
73 38
376 1
-1
-1
3089 6
1103 2
-1
113 1
213 1
2815 2
44 1
-1
-1
-1
-1
-1
3 5
-1
-1
-1
671 1
-1
-1
-1
-1
-1
-1
69 1
-1
-1
139 29
-1
-1
1867 1
-1
-1
-1
-1
-1
-1
4479 1
189 4
-1
947 2
479 1
-1
2147 4
11 1
-1
13 1
193 1
-1
406 1
-1
-1
-1
-1
-1
-1
384 1
-1
542 3
3024 5
8 1
2 1
877 2
-1
-1
-1
890 1
-1
-1
116 1
-1
927 2
-1
25 2
-1
341 1
-1
-1
-1
-1
-1
-1
-1
6587 3
-1
3578 1
-1
2 1
-1
-1
122 1
-1
143 1
29 2
-1
-1
174 1
-1
10 1
-1
-1
-1
475 8
50 1
1214 1
-1
-1
710 1
-1
271 2
230 1
-1
-1
-1
-1
289 1
-1
2633 27
-1
8 1
-1
-1
227 1
-1
-1
-1
-1
301 1
208 3
-1
-1
5933 2
1081 1
-1
-1
-1
-1
31 47
36 1
-1
2019 14
-1
-1
-1
-1
-1
-1
-1
1661 1
-1
-1
-1
3693 2
-1
6 1
-1
-1
1364 1
545 1
439 1
-1
3 5
-1
-1
-1
-1
28 3
-1
525 1
-1
-1
129 1
-1
-1
-1
247 1
218 1
-1
-1
-1
319 1
1235 2
1 2
-1
5995 2
-1
-1
1003 2
-1
-1
-1
-1
454 1
2927 2
-1
514 1
-1
-1
371 17
253 1
343 5
8264 5
-1
867 4
-1
45 2
-1
-1
-1
-1
-1
-1
1401 13
-1
925 2
4139 2
2933 3
128 1
-1
523 4
-1
-1
-1
112 1
-1
-1
119 6
-1
-1
64 1
18 1
-1
6910 1
-1
-1
419 14
2719 1
-1
313 1
-1
233 2
-1
-1
342 1
46 1
-1
813 1
-1
254 1
1996 11
256 1
-1
-1
-1
-1
-1
3292 7
-1
-1
1036 5
57 1
759 1
-1
-1
169 2
435 1
1015 8
-1
21 1
587 2
1322 1
22 1
-1
-1
-1
23 1
-1
-1
-1
-1
242 1
-1
-1
-1
4472 3
-1
1818 1
-1
4 1
55 2
-1
5097 11
-1
99 25
-1
21 1
527 1
1976 1
-1
7 1
-1
-1
390 1
-1
870 1
21 2
-1
-1
-1
-1
-1
-1
-1
114 1
4116 1
920 1
1829 10
-1
487 5
-1
70 1
-1
477 1
-1
-1
-1
-1
-1
-1
-1
729 13
-1
57 11
364 1
-1
-1
424 1
-1
-1
155 2
-1
-1
-1
-1
1336 1
536 1
722 1
3 11
486 1
-1
16 3
1487 10
-1
149 1
-1
-1
377 1
-1
328 1
-1
10 1
-1
-1
-1
-1
-1
-1
-1
-1
10 9
-1
-1
-1
1924 1
68 1
681 1
1199 2
-1
423 1
232 7
-1
-1
5028 37
-1
487 5
2192 1
-1
129 1
-1
-1
-1
-1
569 1
-1
1756 1
-1
-1
153 1
519 11
-1
1478 3
-1
36 1
-1
132 1
-1
-1
-1
702 1
263 1
-1
-1
454 1
-1
1076 1
166 1
663 7
119 1
276 1
747 1
6179 13
-1
-1
-1
83 1
-1
-1
-1
-1
-1
-1
-1
-1
-1
-1
2890 1
161 1
-1
-1
4654 1
-1
-1
1 2
-1
-1
1399 4
-1
305 7
-1
465 13
-1
124 1
-1
-1
5095 8
-1
-1
-1
-1
-1
19 4
-1
-1
-1
-1
-1
-1
668 1
-1
-1
75 1
-1
-1
-1
3033 13
3483 4
287 2
-1
-1
-1
-1
305 1
2923 1
-1
19 1
-1
977 3
-1
91 1
-1
3605 19
-1
-1
344 1
-1
-1
-1
575 1
1405 2
-1
75 1
-1
1408 1
-1
352 1
-1
1 11
-1
188 3
-1
-1
-1
-1
-1
-1
1087 2
-1
72 17
5 1
51 1
41 1
-1
-1
4295 3
-1
-1
259 3
-1
-1
-1
-1
-1
-1
-1
37 2
139 3
12 1
8507 9
428 1
-1
60 1
-1
1413 4
2 1
1313 1
477 2
-1
-1
574 1
-1
-1
-1
-1
213 2
9 1
86 1
-1
2308 11
-1
-1
728 1
-1
-1
-1
-1
1544 1
442 1
-1
1329 1
-1
42 1
-1
5558 3
-1
-1
555 4
-1
61 2
307 1
-1
-1
3415 1
-1
659 3
-1
154 5
-1
302 1
38 1
-1
-1
354 1
-1
51 28
9889 4
-1
-1
-1
109 6
-1
221 1
-1
-1
59 1
-1
559 7
-1
335 1
-1
-1
997 2
2615 1
-1
-1
-1
356 1
-1
267 1
-1
311 5
-1
69 59
-1
184 1
-1
-1
-1
213 1
109 1
141 1
-1
-1
330 1
-1
211 1
147 2
-1
-1
-1
3720 1
-1
-1
1658 5
-1
-1
-1
-1
-1
-1
-1
-1
-1
-1
757 2
-1
5833 7
-1
-1
-1
57 2
-1
-1
-1
-1
-1
-1
321 25
-1
-1
8 1
-1
-1
989 3
15 32
-1
-1
58 1
1395 2
-1
-1
764 1
2397 13
-1
-1
-1
-1
-1
2 1
185 1
23 65
-1
81 1
-1
-1
-1
7 1
3252 1
516 1
-1
3059 3
334 1
-1
1355 2
-1
-1
-1
-1
-1
-1
-1
-1
86 1
-1
-1
-1
-1
-1
-1
-1
-1
3843 1
-1
-1
179 2
4787 6
-1
-1
2693 2
-1
427 1
327 1
11 1
354 1
705 11
3720 1
-1
-1
-1
169 1
-1
-1
-1
332 1
889 1
40 1
-1
-1
-1
119 1
-1
1281 1
-1
101 2
3842 1
527 1
-1
-1
-1
-1
551 3
-1
511 1
-1
-1
116 1
2148 1
15 1
75 1
-1
-1
-1
-1
-1
-1
1793 1
-1
-1
1431 2
239 1
-1
-1
23 3
1040 1
-1
-1
1495 1
-1
-1
225 1
-1
-1
-1
-1
533 6
527 6
-1
-1
1619 1
-1
796 11
45 1
-1
-1
-1
839 2
135 2
-1
-1
-1
-1
-1
-1
-1
2179 4
-1
95 2
358 1
-1
-1
-1
439 1
-1
193 2
-1
-1
-1
-1
2785 1
-1
-1
2071 8
-1
114 1
-1
2125 1
876 1
-1
487 1
-1
-1
-1
830 1
-1
1248 1
-1
-1
-1
-1
1942 37
-1
-1
-1
-1
28 1
38 1
545 1
-1
6025 1
493 4
-1
-1
219 1
-1
-1
-1
-1
-1
-1
-1
1205 1
4166 1
850 1
-1
980 1
1 3
-1
-1
-1
-1
9692 1
104 1
-1
1083 2
-1
87 1
-1
-1
166 1
969 1
-1
1319 2
-1
-1
5974 1
-1
131 6
-1
50 1
6 1
-1
319 4
-1
-1
-1
919 2
343 2
-1
-1
1959 7
54 1
4213 2
-1
-1
-1
-1
-1
233 12
3942 1
-1
367 1
-1
-1
210 1
-1
-1
62 1
-1
-1
-1
-1
541 1
-1
-1
-1
28 1
-1
-1
-1
2 1
-1
1903 6
-1
-1
-1
-1
9 1
-1
-1
-1
259 1
125 2
-1
-1
-1
-1
-1
659 1
-1
47 2
-1
400 1
-1
-1
-1
-1
-1
33 1
-1
-1
-1
-1
-1
1441 2
-1
-1
-1
-1
-1
193 1
-1
-1
-1
-1
144 1
47 1
-1
286 3
270 1
-1
247 10
-1
859 1
12782 9
-1
338 1
4 9
-1
-1
1416 1
-1
-1
-1
84 1
267 2
-1
-1
-1
-1
171 2
-1
-1
-1
41 1
-1
-1
-1
25 1
706 1
-1
8 1
-1
2 1
2669 21
-1
-1
543 1
-1
-1
-1
44 1
-1
-1
70 1
-1
-1
-1
-1
2135 24
-1
1378 1
1303 10
-1
-1
227 1
-1
151 1
-1
263 2
-1
572 1
117 5
-1
474 5
-1
43 36
-1
2388 1
-1
-1
-1
41 1
2655 1
5769 1
-1
-1
2373 4
-1
-1
-1
10 1
116 1
-1
-1
999 1
-1
-1
-1
-1
-1
229 3
309 1
-1
-1
-1
-1
-1
24 1
139 1
1369 15
491 1
-1
-1
6039 1
448 1
-1
-1
-1
27 1
610 1
291 2
1085 1
-1
-1
-1
-1
231 2
4358 23
-1
28 3
-1
-1
552 1
-1
-1
11951 2
-1
-1
-1
-1
558 1
-1
-1
-1
2810 13
428 1
-1
-1
942 1
4 43
-1
378 1
35 1
-1
-1
47 1
-1
-1
93 1
-1
316 1
1561 2
537 1
-1
171 2
-1
-1
-1
520 1
-1
-1
217 1
-1
63 2
-1
-1
-1
2461 1
-1
33 1
693 1
-1
-1
19 1
-1
806 5
4429 2
5 3
-1
315 2
11 1
-1
543 1
-1
-1
350 3
49 2
236 5
-1
-1
205 4
-1
2 11
21 2
-1
-1
-1
3366 5
-1
25 44
-1
951 1
-1
-1
386 5
1 2
2298 1
5366 1
-1
-1
-1
-1
-1
-1
-1
-1
407 14
-1
-1
-1
-1
-1
-1
4492 5
-1
435 2
15 1
125 1
-1
-1
-1
-1
-1
-1
419 1
-1
752 1
89 1
2193 2
-1
-1
-1
4295 1
165 1
175 1
9319 6
-1
-1
-1
193 2
-1
479 2
126 5
-1
-1
311 1
49 20
1248 1
-1
-1
-1
-1
-1
-1
2455 4
-1
900 1
-1
99 1
-1
-1
47 1
-1
-1
-1
79 1
-1
375 1
-1
2980 3
-1
16 1
3719 4
117 1
-1
-1
-1
643 14
-1
-1
204 1
-1
-1
-1
-1
780 7
-1
-1
1461 1
-1
1263 5
-1
-1
-1
1965 17
-1
5 1
2222 7
1385 2
-1
-1
4 1
-1
-1
-1
42 1
-1
-1
280 1
-1
373 1
1092 1
263 4
-1
109 6
492 1
6602 1
-1
2616 5
-1
3667 2
-1
-1
-1
47 1
-1
-1
-1
24 1
-1
4047 14
265 1
-1
118 1
-1
433 1
-1
69 1
-1
-1
-1
4401 1
2639 1
-1
-1
5 1
-1
-1
163 3
-1
297 1
-1
310 1
-1
61 1
-1
25 1
47 1
-1
-1
-1
5013 1
-1
-1
581 1
69 1
1 5
507 1
-1
-1
-1
-1
13454 1
444 1
3 2
-1
-1
601 1
168 5
1513 6
-1
-1
-1
-1
-1
-1
-1
-1
-1
-1
-1
-1
-1
-1
-1
-1
-1
-1
-1
-1
19 1
-1
-1
3547 2
-1
-1
-1
933 2
13 1
-1
-1
-1
2809 5
-1
-1
1850 1
22 7
-1
1770 1
24 1
45 1
-1
-1
-1
8003 4
53 1
-1
-1
-1
-1
-1
-1
-1
29 1
-1
1117 1
505 1
71 20
52 1
22 1
-1
-1
1037 1
-1
-1
-1
386 1
-1
722 3
1242 1
67 40
137 1
-1
199 6
-1
-1
-1
-1
161 1
-1
-1
-1
-1
-1
-1
177 5
-1
73 64
177 5
-1
-1
1 5
223 1
-1
-1
-1
-1
-1
-1
112 11
-1
89 1
-1
-1
-1
13 1
3166 13
459 1
-1
-1
-1
2026 1
-1
-1
5588 7
-1
563 2
-1
326 3
-1
-1
-1
-1
824 1
463 1
-1
-1
-1
1156 5
-1
-1
51 1
-1
1729 2
77 1
-1
-1
243 1
-1
-1
41 9
21 2
-1
-1
-1
17 1
192 1
-1
-1
-1
216 1
-1
-1
608 1
-1
-1
-1
18 1
-1
-1
2048 1
-1
749 2
-1
147 1
-1
-1
-1
1101 2
-1
-1
-1
-1
-1
-1
-1
-1
-1
137 1
-1
3 1
75 2
21 1
-1
-1
-1
983 1
325 1
3018 1
57 1
-1
-1
-1
41 1
1330 1
1348 5
3 7
1668 1
-1
-1
-1
-1
3331 1
43 1
-1
-1
1333 1
-1
-1
-1
-1
1401 4
-1
-1
-1
-1
-1
6854 3
-1
-1
-1
-1
-1
-1
461 1
61 5
573 2
81 1
-1
-1
359 1
-1
-1
326 3
-1
-1
1118 1
-1
106 1
-1
888 1
-1
-1
709 1
-1
347 1
-1
113 11
-1
167 1
-1
290 1
-1
137 1
268 1
-1
5009 14
-1
97 2
4 1
-1
-1
-1
1686 13
-1
107 1
16 1
-1
-1
628 7
-1
-1
401 5
-1
-1
1164 1
651 5
-1
593 1
-1
-1
-1
-1
-1
432 1
-1
57 1
-1
2828 1
-1
-1
114 1
-1
2164 3
-1
-1
643 1
2260 3
-1
-1
91 2
244 1
12499 8
-1
-1
657 1
-1
-1
-1
-1
-1
1190 1
-1
-1
-1
-1
-1
19 15
1593 1
-1
-1
1 2
2204 1
-1
-1
1383 1
-1
-1
-1
-1
-1
16 1
-1
32 35
168 1
1819 2
-1
221 1
-1
4321 2
-1
7019 2
81 1
428 1
55 1
1390 7
-1
118 1
-1
-1
11 2
-1
-1
200 1
59 1
-1
-1
236 1
1027 9
327 2
-1
1006 3
2801 4
-1
189 1
782 1
17 28
-1
12 1
5562 1
-1
1342 1
6 1
16 1
-1
176 7
-1
2537 3
-1
-1
-1
-1
-1
-1
2669 3
-1
-1
110 1
-1
-1
112 1
-1
455 4
-1
-1
-1
-1
137 4
-1
-1
-1
-1
5861 14
-1
-1
468 7
1409 7
1493 2
-1
44 1
-1
10303 12
-1
217 1
-1
2329 3
4886 1
1299 2
-1
4153 1
8641 2
103 8
-1
-1
-1
-1
-1
-1
-1
829 2
739 4
-1
1038 1
-1
3 1
511 3
-1
43 1
2264 1
710 1
-1
-1
-1
-1
-1
143 79
-1
-1
-1
1321 2
249 1
-1
-1
-1
39 1
-1
1586 41
5628 5
3991 11
-1
259 3
-1
977 4
2007 5
170 1
6408 7
239 1
6654 1
276 1
-1
545 1
3512 1
-1
-1
207 1
-1
-1
-1
1935 32
-1
914 1
-1
-1
-1
490 3
10 1
-1
-1
1634 1
47 4
-1
1 2
53 1
60 1
-1
-1
348 1
-1
-1
-1
52 1
-1
-1
1535 2
-1
166 1
-1
51 1
287 3
-1
-1
17 1
245 1
-1
-1
-1
-1
-1
3741 2
-1
8 7
-1
-1
-1
119 33
-1
1394 1
-1
134 1
-1
-1
-1
479 2
10 1
265 17
789 1
-1
1243 1
-1
-1
-1
801 1
27 1
390 1
-1
647 4
552 11
-1
4042 3
-1
202 1
337 6
-1
-1
-1
-1
-1
4707 4
-1
-1
107 2
70 3
-1
-1
-1
-1
-1
-1
271 5
-1
735 1
79 2
-1
-1
-1
-1
3125 2
99 2
61 12
2185 16
4875 1
292 1
537 1
-1
1167 4
-1
1372 3
-1
-1
-1
-1
197 1
787 4
-1
-1
431 3
236 1
-1
509 5
-1
-1
-1
1324 1
-1
23 16
8906 1
-1
-1
-1
523 6
2501 1
-1
-1
1173 2
2 1
-1
-1
-1
-1
-1
-1
-1
-1
-1
648 1
-1
-1
-1
544 9
-1
-1
-1
59 2
1874 3
55 2
-1
-1
9 1
-1
-1
939 13
1283 1
-1
-1
341 1
-1
-1
137 2
-1
632 1
-1
253 1
-1
-1
11 5
-1
5 1
-1
-1
600 1
38 11
461 4
-1
16 1
-1
259 1
2848 1
-1
-1
-1
3292 1
355 2
-1
-1
863 4
-1
350 1
115 1
1289 4
-1
-1
-1
-1
-1
-1
-1
-1
887 5
-1
-1
328 1
-1
-1
-1
-1
-1
-1
-1
-1
-1
-1
-1
-1
-1
344 1
95 9
-1
-1
591 5
-1
-1
-1
2902 1
-1
-1
27 2
-1
3487 40
-1
-1
-1
394 1
-1
66 1
-1
-1
-1
2165 2
-1
-1
-1
-1
-1
-1
993 2
3157 18
1363 30
663 2
100 1
-1
-1
-1
-1
-1
-1
-1
-1
-1
1226 3
-1
-1
-1
243 1
77 6
-1
-1
-1
-1
-1
2593 2
-1
-1
-1
-1
-1
-1
-1
-1
7531 4
-1
3 1
-1
-1
-1
-1
383 1
2945 1
-1
75 1
1407 2
-1
-1
478 1
4226 3
-1
5393 10
71 9
-1
-1
-1
-1
-1
-1
-1
74 53
1131 5
4 1
1249 13
-1
21 1
-1
786 5
-1
-1
-1
-1
4083 1
-1
-1
-1
-1
-1
-1
77 2
-1
1386 1
416 1
-1
-1
497 3
-1
-1
69 1
-1
-1
-1
59 2
-1
-1
-1
-1
-1
152 1
95 1
131 1
1311 1
-1
-1
1099 3
66 1
-1
1307 3
-1
239 2
3241 13
-1
-1
-1
-1
-1
-1
805 18
-1
746 15
98 1
397 1
-1
120 1
-1
2690 3
-1
-1
101 2
-1
-1
-1
129 1
16491 2
-1
-1
1159 1
-1
-1
-1
579 7
-1
-1
261 1
261 1
-1
1076 1
45 1
605 1
-1
-1
-1
695 1
-1
33 1
-1
2351 3
-1
710 3
2361 1
-1
-1
4412 5
-1
-1
4509 1
2683 1
-1
-1
-1
-1
423 1
-1
-1
-1
214 1
84 101
-1
536 1
-1
4357 3
-1
14 1
-1
-1
-1
38 3
-1
-1
-1
2810 1
3004 1
696 1
-1
71 1
-1
