471 1
-1
-1
128 1
537 1
102 1
6573 1
7105 9
-1
4971 1
-1
41 1
-1
597 2
-1
-1
4021 14
-1
13 73
2021 6
-1
-1
-1
63 2
-1
-1
-1
-1
-1
-1
1 2
5 2
-1
-1
20 9
-1
-1
1163 1
-1
-1
540 1
-1
-1
-1
681 2
-1
770 1
941 1
152 1
2245 16
-1
160 1
-1
1109 2
-1
-1
-1
-1
-1
-1
-1
1091 2
-1
-1
-1
-1
-1
-1
-1
-1
-1
863 9
2823 16
1495 1
-1
-1
328 3
17 2
793 1
-1
332 1
164 5
-1
-1
-1
-1
1421 4
-1
-1
-1
-1
335 1
-1
-1
-1
1704 1
376 1
1763 4
-1
26 41
-1
-1
-1
-1
329 3
37 28
31 15
298 1
-1
73 3
-1
-1
231 1
-1
490 1
-1
-1
197 2
-1
-1
-1
1535 1
263 4
-1
356 1
2867 24
-1
-1
247 1
-1
-1
267 10
-1
-1
4612 1
-1
-1
-1
-1
-1
47 1
-1
-1
116 1
2636 1
41 1
-1
-1
-1
-1
18 1
7503 2
-1
-1
-1
12 1
35 2
-1
-1
-1
-1
-1
-1
-1
-1
-1
-1
-1
2179 1
41 1
-1
-1
1660 9
465 2
-1
3145 2
-1
1085 2
351 1
-1
-1
161 1
-1
-1
1486 1
13269 2
-1
-1
235 1
1271 1
33 29
2393 1
-1
-1
62 3
-1
-1
-1
-1
768 1
656 5
-1
-1
4066 9
-1
-1
24 1
3523 1
-1
1295 2
-1
1671 13
513 1
6 1
-1
-1
-1
-1
-1
6 1
-1
-1
-1
83 1
-1
-1
-1
198 1
-1
-1
800 1
235 1
-1
-1
-1
-1
3428 11
-1
431 2
2310 1
4299 4
405 1
3387 4
-1
1499 1
-1
103 1
8484 19
6089 21
-1
45 2
541 2
-1
162 1
216 5
3130 1
1571 1
732 1
-1
183 1
375 4
-1
-1
-1
-1
-1
436 1
-1
30 1
3 4
-1
28 1
-1
-1
-1
57 5
1429 2
133 1
1 2
-1
-1
-1
-1
187 2
35 1
33 1
-1
-1
-1
-1
-1
-1
-1
-1
-1
-1
-1
218 1
-1
-1
-1
-1
1626 5
-1
-1
1255 1
2225 1
3115 13
-1
112 1
-1
-1
-1
-1
-1
4990 3
2491 2
-1
-1
20 9
67 1
-1
1059 10
707 1
438 1
-1
-1
-1
1148 1
-1
205 1
-1
-1
122 23
-1
-1
-1
679 2
-1
16 1
105 2
57 2
17 1
1793 5
8665 1
-1
-1
377 1
-1
-1
-1
800 1
2715 1
101 2
12 53
-1
28 1
-1
-1
2323 2
-1
8 3
-1
-1
779 1
4025 4
-1
-1
145 1
-1
9 20
181 1
622 1
-1
719 2
565 9
-1
-1
-1
-1
-1
-1
-1
79 1
-1
266 1
-1
-1
-1
938 3
-1
206 1
-1
548 1
74 1
3347 8
-1
95 1
2678 1
962 3
-1
1443 8
951 11
99 1
-1
1346 7
155 1
-1
181 58
-1
-1
1681 1
904 1
190 1
-1
-1
2218 1
-1
-1
106 1
665 1
-1
-1
-1
303 2
-1
107 1
22 7
17 1
-1
871 1
-1
-1
-1
-1
-1
-1
107 1
-1
-1
-1
-1
15 4
-1
-1
153 1
1301 1
-1
21 1
-1
-1
4443 2
-1
12829 14
-1
-1
-1
-1
773 3
-1
-1
-1
2658 1
-1
-1
102 1
-1
-1
-1
3242 1
-1
-1
1377 1
1072 1
-1
-1
-1
-1
50 1
-1
-1
-1
-1
305 1
3287 29
-1
8587 2
-1
-1
-1
-1
-1
-1
36 1
1273 1
-1
-1
-1
195 1
2287 3
295 3
-1
-1
-1
-1
5 8
-1
1319 11
-1
-1
-1
-1
-1
-1
-1
-1
22 1
201 1
-1
-1
-1
-1
-1
269 1
-1
-1
-1
-1
19 1
-1
-1
347 5
-1
101 2
-1
-1
-1
-1
-1
1796 1
-1
-1
-1
-1
-1
283 1
-1
349 1
-1
-1
-1
-1
-1
-1
764 5
-1
-1
-1
-1
709 2
-1
314 1
2960 3
-1
33 2
3909 1
2839 9
1385 1
-1
4572 1
1 3
-1
748 1
-1
192 5
-1
1246 1
-1
-1
344 1
-1
66 1
-1
-1
-1
1032 31
925 2
33 1
-1
-1
-1
111 2
-1
-1
-1
864 1
-1
287 2
3 1
-1
-1
-1
-1
1073 3
-1
-1
-1
-1
-1
1514 3
-1
3441 1
-1
-1
-1
759 2
-1
-1
197 4
-1
-1
2406 1
273 1
14 29
-1
-1
2060 3
-1
-1
1305 2
-1
-1
-1
-1
1130 1
-1
-1
-1
322 1
11 4
-1
-1
14 1
-1
-1
-1
977 14
-1
805 16
-1
-1
-1
140 1
1400 3
-1
-1
-1
35 1
440 1
-1
1399 4
-1
351 2
-1
-1
-1
4763 4
-1
2587 22
-1
-1
-1
20 1
451 1
-1
-1
-1
29 1
-1
7051 4
-1
-1
158 5
255 2
-1
-1
-1
-1
6865 4
-1
-1
892 1
-1
-1
-1
-1
-1
1414 11
-1
-1
-1
-1
1583 1
-1
375 1
4954 7
225 1
-1
-1
-1
-1
93 26
-1
-1
-1
868 3
894 5
-1
-1
8673 2
-1
-1
-1
1009 1
-1
535 3
-1
-1
2919 1
3 2
32 1
-1
-1
2599 2
-1
-1
-1
338 1
-1
279 5
4 1
-1
202 1
236 11
-1
201 1
2669 7
-1
-1
-1
-1
2345 1
34 1
-1
-1
241 1
-1
-1
-1
7 1
5 1
-1
-1
-1
-1
415 1
-1
-1
-1
-1
206 1
671 2
-1
230 7
-1
-1
789 1
2775 1
-1
1303 2
-1
12 1
-1
4685 7
435 1
-1
310 3
2043 8
-1
-1
-1
11 3
-1
-1
-1
170 1
1465 3
114 1
-1
-1
-1
-1
111 1
-1
914 3
675 1
-1
242 3
-1
5229 5
-1
645 2
5569 1
188 1
-1
-1
28 1
-1
75 2
-1
-1
-1
157 1
-1
-1
-1
-1
-1
-1
579 1
-1
920 1
-1
191 1
113 8
152 1
307 1
-1
-1
-1
298 1
1144 1
-1
868 3
-1
-1
-1
-1
946 1
-1
-1
4861 5
-1
-1
-1
-1
-1
-1
75 64
-1
-1
-1
-1
-1
-1
-1
-1
125 2
-1
-1
-1
-1
-1
8859 19
-1
-1
1816 1
-1
-1
2715 1
-1
-1
-1
-1
167 2
-1
-1
-1
-1
-1
-1
-1
-1
60 1
198 1
-1
-1
-1
-1
-1
-1
2429 1
-1
190 1
-1
114 1
-1
-1
-1
162 1
-1
-1
-1
-1
193 1
-1
8306 5
638 3
-1
1083 2
1526 1
-1
-1
149 1
41 31
-1
147 1
-1
-1
-1
4151 2
-1
1525 2
329 9
-1
984 1
-1
-1
10 1
167 3
85 2
5771 2
-1
97 1
3717 2
-1
2550 1
-1
-1
-1
-1
-1
-1
-1
-1
28 1
212 1
-1
-1
199 4
-1
-1
-1
-1
515 2
87 1
669 10
-1
668 3
229 3
415 2
4206 1
-1
701 4
-1
2515 8
-1
4195 16
37 1
-1
-1
-1
-1
84 1
-1
-1
6144 1
-1
-1
-1
-1
212 1
-1
1420 1
-1
-1
-1
127 2
-1
96 1
