-1
-1
-1
213 1
-1
5715 8
-1
-1
-1
-1
-1
-1
-1
75 2
-1
-1
2123 1
-1
136 3
13860 41
4 7
521 4
21 1
-1
397 2
14632 15
-1
4691 19
-1
-1
-1
1349 2
-1
-1
-1
-1
5433 2
-1
-1
-1
341 1
-1
2175 1
-1
324 1
945 13
416 1
-1
-1
173 22
-1
-1
-1
-1
-1
-1
-1
-1
19 1
-1
-1
-1
-1
139 1
1246 5
731 2
2765 1
-1
-1
-1
-1
-1
-1
616 1
108 1
454 1
-1
2740 1
437 2
14 1
-1
-1
563 7
5245 3
-1
-1
3376 1
-1
-1
-1
-1
-1
-1
-1
-1
-1
129 1
1861 1
1054 5
-1
1469 3
2018 1
-1
-1
479 2
-1
-1
-1
-1
2183 4
-1
116 1
1713 4
67 3
-1
-1
-1
-1
-1
-1
-1
3933 2
4288 15
51 2
-1
-1
-1
429 1
551 2
439 2
-1
-1
59 1
-1
-1
-1
-1
-1
48 1
-1
169 1
-1
-1
-1
468 1
-1
-1
-1
-1
2650 3
-1
-1
-1
2108 1
59 1
-1
-1
239 1
-1
2 3
-1
-1
-1
27 5
-1
-1
-1
-1
-1
-1
-1
4903 3
-1
1671 4
1836 1
-1
-1
486 1
-1
653 4
-1
-1
-1
-1
51 1
-1
1802 1
-1
-1
149 2
-1
-1
-1
-1
-1
-1
-1
-1
-1
-1
111 1
-1
-1
237 1
-1
-1
-1
-1
2371 13
-1
39 1
-1
-1
-1
-1
318 1
-1
2 9
413 3
-1
-1
234 1
-1
-1
-1
41 3
57 2
-1
-1
-1
453 1
-1
-1
32 21
-1
603 2
-1
-1
649 1
-1
-1
-1
-1
-1
151 1
1135 1
-1
-1
-1
137 4
-1
-1
-1
-1
73 1
-1
109 1
-1
-1
4853 1
2675 2
-1
269 1
3037 1
-1
-1
-1
75 7
-1
-1
2297 1
661 2
259 2
-1
135 2
-1
584 3
1470 1
57 4
-1
-1
-1
-1
932 3
-1
-1
774 1
-1
-1
-1
-1
-1
-1
-1
647 2
-1
460 1
-1
-1
5769 1
-1
-1
1413 2
-1
-1
-1
-1
470 1
-1
49 2
-1
68 1
871 2
-1
159 2
-1
-1
3409 11
70 1
-1
-1
-1
-1
-1
-1
-1
-1
-1
-1
-1
-1
-1
-1
-1
-1
913 1
13 1
-1
-1
-1
-1
-1
-1
1335 1
-1
-1
455 22
34 1
-1
231 2
-1
10 33
-1
124 1
99 2
489 17
-1
171 1
-1
102 1
-1
715 2
-1
-1
2167 2
-1
-1
277 1
-1
-1
92 7
-1
-1
-1
-1
889 3
-1
37 1
-1
5843 1
-1
79 1
-1
-1
-1
4804 3
15 1
-1
-1
-1
943 2
-1
-1
-1
-1
-1
-1
-1
42 1
654 1
-1
362 1
-1
-1
-1
-1
5223 41
9 1
-1
1981 5
-1
-1
-1
182 1
-1
295 14
-1
-1
3721 3
5475 1
-1
213 2
-1
-1
-1
107 14
-1
1344 1
-1
185 1
-1
-1
-1
-1
-1
10567 2
386 1
-1
16553 46
10 1
157 4
-1
-1
-1
937 1
45 2
155 17
198 1
-1
-1
-1
-1
-1
-1
6815 1
-1
83 4
-1
-1
-1
-1
-1
24 1
-1
-1
717 1
-1
131 1
-1
953 2
-1
-1
61 1
72 1
-1
44 1
-1
-1
-1
869 1
-1
1237 1
74 1
-1
4 29
346 1
156 1
-1
252 1
-1
-1
97 1
-1
-1
-1
-1
1238 1
-1
-1
325 1
2245 1
971 9
2973 4
-1
-1
29 66
-1
4756 15
-1
1252 1
1366 1
-1
539 1
-1
858 7
47 3
-1
-1
64 1
-1
-1
49 32
407 5
-1
14 17
-1
905 1
4444 1
865 1
112 1
20 21
-1
4003 11
995 4
-1
195 2
460 1
261 1
265 3
-1
-1
-1
-1
-1
-1
2456 5
625 3
-1
1642 1
493 1
1454 13
-1
-1
3 2
-1
47 6
-1
-1
-1
5148 5
553 6
-1
218 1
-1
1684 1
123 1
-1
-1
1823 1
-1
-1
-1
41 21
-1
-1
3 1
-1
-1
137 1
-1
-1
295 23
-1
-1
2589 5
-1
-1
-1
-1
-1
2809 9
-1
-1
-1
38 1
-1
-1
1936 21
413 2
-1
67 29
-1
-1
-1
5167 11
-1
-1
107 1
12 1
-1
-1
-1
-1
39 5
-1
-1
128 1
1 2
-1
-1
4875 2
-1
-1
-1
833 6
-1
-1
352 7
-1
-1
737 12
809 6
-1
-1
-1
-1
-1
-1
-1
-1
17 2
-1
37 2
-1
-1
95 1
29 1
-1
-1
23 1
-1
633 1
-1
-1
-1
-1
425 2
61 1
-1
23 1
-1
-1
-1
4704 1
-1
-1
4233 5
-1
-1
110 1
-1
1051 1
375 4
-1
-1
-1
-1
-1
4096 1
2445 2
-1
-1
-1
38 1
771 1
1061 5
5529 1
-1
2 1
796 1
-1
-1
1129 2
-1
92 1
-1
-1
46 1
-1
11 3
-1
-1
-1
156 1
681 1
-1
-1
-1
79 2
-1
-1
-1
-1
1737 8
-1
-1
-1
7425 7
32 1
-1
-1
-1
-1
583 1
4934 1
-1
-1
17015 4
2988 1
-1
-1
-1
860 3
435 1
-1
-1
-1
-1
-1
4262 1
-1
-1
-1
-1
6895 4
1430 1
-1
-1
-1
-1
-1
11 1
5735 6
227 1
384 1
-1
-1
-1
-1
15 1
-1
-1
-1
212 1
-1
732 1
180 1
2043 2
-1
-1
-1
-1
2627 3
18 1
-1
5 8
-1
-1
-1
-1
125 4
-1
-1
-1
-1
-1
-1
9471 2
-1
-1
-1
8 1
-1
424 1
-1
-1
-1
7 3
-1
-1
-1
-1
-1
7 1
-1
2386 1
251 5
-1
1323 10
2057 1
203 1
-1
-1
-1
-1
-1
-1
-1
184 17
-1
331 1
303 4
2988 1
6582 1
-1
-1
208 1
-1
-1
-1
-1
-1
-1
-1
505 1
18 1
142 1
58 1
-1
-1
-1
199 1
-1
-1
46 1
-1
183 2
-1
769 1
-1
-1
-1
1319 1
65 1
-1
114 1
-1
-1
139 28
-1
-1
-1
-1
-1
-1
-1
512 1
29 1
-1
3248 9
266 1
-1
20 1
3 2
152 1
1891 1
125 3
2596 1
-1
-1
-1
-1
-1
13654 5
665 1
-1
-1
-1
147 1
-1
-1
-1
251 1
7 1
-1
-1
-1
1722 1
2435 2
90 1
3407 4
-1
-1
-1
-1
10 1
29 1
-1
-1
908 1
-1
171 1
-1
-1
-1
-1
-1
-1
-1
-1
-1
-1
-1
577 5
-1
-1
21 1
-1
-1
2 5
-1
40 1
203 1
871 1
-1
-1
-1
-1
951 1
-1
135 4
77 1
-1
-1
194 1
-1
-1
-1
-1
-1
99 1
463 3
-1
253 1
-1
-1
-1
-1
-1
-1
-1
-1
359 1
3887 5
712 1
-1
379 1
-1
311 9
76 1
131 1
47 1
23 1
-1
1816 1
929 1
-1
-1
-1
2282 3
-1
-1
-1
-1
5 3
-1
-1
-1
-1
7706 1
-1
2683 12
1019 1
-1
4179 1
23 2
-1
-1
-1
-1
44 1
207 1
22 1
231 2
-1
-1
-1
-1
836 1
133 1
-1
-1
328 5
-1
-1
-1
181 1
-1
393 5
76 1
2835 1
1411 1
-1
-1
937 2
2002 1
1955 1
-1
-1
-1
5 21
60 1
-1
-1
-1
85 2
-1
-1
-1
-1
731 2
-1
-1
1109 1
-1
-1
-1
-1
-1
3586 1
-1
-1
-1
188 7
31 3
943 1
-1
167 1
-1
-1
75 4
811 1
-1
271 1
-1
-1
27 1
1495 4
-1
-1
893 1
-1
-1
-1
7041 1
-1
-1
27 19
181 6
-1
3812 1
246 1
-1
-1
2213 2
-1
-1
-1
3757 9
-1
261 1
678 1
-1
-1
1775 1
478 1
-1
50 1
1624 9
-1
103 2
-1
2441 2
-1
6143 1
-1
-1
-1
-1
-1
-1
1983 1
-1
1 2
-1
128 1
1274 1
8969 22
-1
-1
70 1
-1
277 2
-1
-1
-1
2091 2
-1
-1
-1
-1
3 7
-1
230 3
583 3
4384 3
165 4
-1
290 3
15 29
-1
-1
-1
1452 1
457 6
179 2
-1
-1
-1
-1
62 1
-1
-1
-1
282 1
-1
-1
-1
-1
64 1
-1
-1
-1
2702 1
-1
-1
-1
-1
-1
-1
-1
5247 2
-1
-1
-1
151 1
27 22
-1
-1
4905 7
431 9
250 3
-1
-1
-1
129 1
3737 5
321 2
-1
-1
-1
9 2
239 3
639 1
-1
497 2
-1
-1
-1
-1
395 7
795 1
-1
165 2
376 1
-1
437 6
1319 8
-1
6292 1
-1
7971 40
-1
-1
-1
47 2
1698 1
-1
-1
-1
-1
1177 12
-1
-1
587 4
832 1
637 3
-1
-1
421 8
-1
737 30
-1
280 3
-1
-1
237 1
779 1
-1
-1
-1
-1
-1
-1
776 3
97 1
-1
-1
-1
87 1
-1
-1
-1
1173 16
2131 2
85 1
-1
131 1
-1
62 1
-1
-1
-1
81 1
-1
1700 1
-1
158 1
-1
61 1
-1
8 5
-1
913 1
-1
-1
-1
617 2
70 1
-1
-1
931 1
656 1
-1
58 1
-1
-1
3744 7
-1
-1
-1
-1
-1
-1
185 11
-1
83 1
-1
-1
649 5
-1
-1
145 2
11 1
116 1
184 3
343 1
69 1
23 1
-1
11290 3
523 3
2339 3
-1
-1
1155 1
4 3
-1
210 1
-1
-1
2 1
-1
824 1
-1
-1
-1
263 1
13 1
675 4
1569 4
-1
2796 1
-1
-1
-1
-1
4046 1
-1
-1
-1
-1
-1
-1
-1
1006 1
-1
-1
523 1
-1
-1
345 2
412 3
-1
779 1
1287 7
1210 1
-1
-1
-1
980 3
38 1
78 1
42 1
333 2
-1
-1
-1
75 1
-1
156 1
59 3
-1
357 1
219 2
31 17
-1
-1
4335 2
4503 1
617 2
-1
-1
-1
-1
-1
-1
-1
574 1
51 1
-1
-1
184 1
1191 11
307 1
481 2
-1
-1
-1
-1
137 2
-1
-1
-1
-1
-1
-1
-1
-1
1097 6
-1
182 1
576 1
430 1
-1
-1
-1
881 1
-1
11 1
-1
-1
-1
-1
264 1
435 2
-1
-1
-1
28 1
-1
89 26
-1
10 1
-1
-1
-1
-1
1124 1
-1
-1
-1
-1
-1
678 1
-1
-1
-1
-1
-1
856 3
-1
-1
-1
73 2
-1
133 2
155 1
-1
-1
-1
3751 2
-1
-1
1177 1
273 2
-1
1484 9
890 1
-1
-1
21 1
2648 1
-1
-1
-1
-1
1563 2
1185 4
10103 4
530 3
786 1
268 1
-1
54 1
-1
-1
28 1
324 1
-1
-1
-1
-1
-1
234 1
3613 8
-1
63 2
-1
1116 1
43 3
-1
-1
-1
-1
-1
952 1
94 1
267 2
695 6
44 57
-1
-1
3003 5
-1
1753 4
-1
-1
-1
-1
-1
-1
-1
-1
8832 5
33 5
-1
-1
-1
64 3
-1
-1
-1
-1
5 1
-1
2058 1
557 4
-1
-1
-1
2992 1
-1
-1
-1
-1
-1
1463 1
-1
-1
145 19
-1
-1
-1
-1
121 2
-1
-1
-1
700 1
1435 3
69 1
-1
17 1
-1
-1
-1
4177 5
667 2
394 1
-1
-1
-1
17 1
-1
-1
-1
-1
173 3
63 1
35 2
-1
-1
-1
-1
-1
37 1
-1
-1
563 1
-1
405 1
-1
-1
97 1
-1
-1
2504 1
2602 1
-1
-1
326 1
-1
-1
-1
6921 4
298 1
-1
-1
402 1
-1
-1
11 1
627 2
-1
-1
-1
-1
1027 1
-1
8560 9
209 4
-1
-1
-1
-1
-1
383 3
209 3
-1
-1
81 1
2031 1
2348 7
1763 1
-1
7839 5
176 1
-1
53 1
81 1
667 1
-1
-1
2573 4
-1
-1
809 1
-1
104 1
25 16
-1
-1
-1
-1
1173 1
-1
-1
-1
-1
1087 6
1305 1
366 1
-1
-1
1999 1
105 1
-1
451 1
1307 5
-1
-1
-1
-1
-1
-1
323 1
8 1
-1
129 1
-1
172 1
-1
1077 1
-1
839 9
-1
-1
-1
-1
-1
-1
-1
3784 13
166 1
2 3
-1
164 5
333 2
-1
-1
-1
-1
488 3
-1
1609 3
2003 2
600 1
-1
-1
1614 1
-1
-1
-1
-1
-1
-1
-1
-1
-1
65 1
-1
-1
-1
-1
83 3
-1
250 3
285 2
-1
-1
-1
-1
34 1
-1
2557 1
226 1
-1
2453 2
-1
486 1
2493 1
260 1
1854 1
27 1
1165 1
-1
101 6
-1
-1
298 1
-1
-1
-1
-1
-1
37 1
202 1
-1
101 1
-1
-1
-1
421 2
1185 1
-1
-1
-1
-1
-1
-1
2666 1
-1
-1
1023 2
-1
292 1
-1
-1
-1
247 1
-1
115 2
-1
-1
3555 2
-1
387 1
2155 1
-1
309 11
39 1
-1
-1
-1
161 4
-1
-1
-1
-1
-1
-1
143 1
889 2
431 2
1884 5
-1
-1
-1
-1
1149 1
-1
488 1
55 1
-1
1907 1
-1
21 4
-1
-1
214 1
-1
-1
-1
921 2
2560 1
-1
-1
399 1
-1
114 1
-1
-1
-1
-1
601 2
1365 2
-1
-1
19 3
-1
140 1
-1
-1
364 1
1 3
-1
-1
425 2
-1
9 1
348 1
-1
-1
-1
-1
-1
150 1
-1
85 14
81 1
-1
356 3
-1
-1
-1
-1
-1
697 1
-1
-1
-1
-1
3025 1
4277 15
633 2
38 1
37 1
-1
247 2
956 1
-1
-1
85 1
-1
-1
-1
1162 1
-1
352 3
-1
113 38
1724 13
-1
-1
-1
6 17
-1
240 1
-1
-1
-1
-1
-1
1225 1
-1
-1
-1
-1
13 1
-1
-1
-1
-1
3311 3
-1
-1
-1
-1
-1
-1
493 6
-1
-1
39 2
90 1
-1
-1
188 5
59 1
-1
2 1
35 1
1403 2
86 1
-1
16 1
-1
84 1
73 1
16267 29
-1
-1
-1
-1
-1
19 2
-1
70 1
-1
-1
-1
-1
-1
99 1
1945 7
-1
-1
5111 2
-1
-1
-1
-1
-1
205 1
-1
-1
1269 1
-1
-1
6315 2
-1
-1
-1
-1
-1
-1
-1
-1
123 1
-1
997 3
516 1
-1
232 1
1087 3
1242 5
443 4
-1
561 5
-1
6550 53
5186 1
-1
47 2
1037 2
175 1
-1
-1
1997 3
20 1
-1
-1
481 2
27 1
-1
137 4
572 1
-1
-1
477 2
-1
73 2
-1
595 1
2973 5
-1
-1
-1
-1
-1
-1
15 2
4138 7
-1
11 4
-1
-1
219 1
-1
-1
-1
1685 18
-1
637 2
340 1
-1
-1
-1
17 1
-1
6795 2
86 1
-1
449 1
2788 5
-1
-1
43 73
2117 1
621 4
-1
-1
-1
29 1
-1
-1
3189 2
-1
-1
-1
-1
1101 32
-1
-1
-1
175 1
-1
-1
703 3
602 9
-1
537 1
-1
-1
-1
-1
-1
-1
-1
-1
-1
-1
4460 13
-1
-1
-1
-1
-1
-1
-1
771 2
-1
-1
384 1
-1
-1
16 1
-1
-1
-1
-1
-1
5539 4
-1
-1
-1
1460 1
-1
-1
15 1
-1
63 1
1335 1
-1
1150 9
625 3
-1
1103 6
745 1
-1
2071 17
27 28
823 1
-1
-1
-1
-1
3979 1
-1
-1
-1
41 2
5771 10
-1
-1
-1
54 1
-1
10 1
-1
8163 1
-1
1655 1
-1
-1
-1
75 1
-1
2187 2
-1
-1
-1
627 1
-1
-1
-1
-1
37 1
191 3
-1
1571 3
-1
58 1
938 9
-1
-1
791 1
-1
-1
72 1
-1
46 1
-1
31 36
-1
-1
-1
221 1
-1
194 1
-1
1589 6
990 1
-1
-1
-1
2331 4
-1
-1
-1
-1
-1
-1
-1
195 1
-1
817 4
-1
-1
-1
-1
-1
-1
-1
-1
9703 2
-1
3481 3
-1
83 1
-1
-1
-1
-1
377 1
-1
-1
66 1
-1
-1
36 11
-1
119 1
121 4
41 2
157 6
6 13
673 2
-1
4408 1
149 1
-1
-1
27 11
918 1
-1
-1
-1
266 1
303 1
91 2
-1
4512 1
-1
-1
-1
1262 21
-1
-1
-1
1745 3
-1
-1
221 1
-1
274 1
-1
-1
57 1
-1
-1
1683 2
-1
597 2
-1
35 1
397 3
-1
-1
29 3
-1
2017 1
-1
-1
245 1
-1
126 1
3592 1
-1
528 1
191 1
1438 1
-1
623 1
-1
625 2
-1
6837 2
1205 9
-1
204 1
-1
-1
633 1
81 1
-1
-1
347 1
453 1
-1
-1
-1
-1
1933 2
-1
1113 1
-1
-1
-1
259 1
-1
-1
-1
-1
41 1
-1
-1
443 1
260 1
-1
413 1
-1
-1
-1
627 2
-1
-1
-1
-1
1417 3
2 1
1997 1
65 1
759 1
-1
278 3
1041 2
-1
-1
-1
-1
-1
1859 1
2929 2
-1
1832 1
-1
160 3
-1
-1
-1
941 1
2055 1
179 1
-1
-1
619 1
-1
443 9
-1
-1
-1
213 2
-1
-1
2666 1
549 1
-1
40 1
-1
130 1
240 1
676 1
-1
610 1
111 1
-1
-1
57 1
-1
-1
-1
-1
260 1
1 2
-1
146 7
413 1
1363 3
-1
-1
832 5
189 1
269 6
-1
-1
46 61
-1
-1
254 1
-1
-1
-1
-1
6 1
-1
181 3
-1
-1
307 1
-1
5290 41
850 1
1222 1
347 7
-1
-1
-1
-1
-1
-1
555 1
-1
367 1
-1
-1
104 1
-1
-1
157 1
70 1
39 1
-1
-1
-1
-1
181 5
700 1
-1
147 1
-1
1358 15
-1
-1
1346 1
-1
11 1
-1
525 1
182 1
153 1
-1
73 1
-1
-1
-1
-1
-1
275 1
-1
3 5
-1
-1
-1
17 28
366 1
-1
381 1
-1
-1
2802 13
359 1
1885 1
-1
-1
-1
-1
-1
-1
84 1
39 1
254 5
-1
485 1
1993 2
-1
1028 1
362 1
689 1
-1
-1
-1
-1
-1
6 1
78 1
-1
1318 1
46 3
121 1
24 1
-1
3 23
401 3
213 11
-1
-1
-1
6 1
18 1
1722 1
25 1
382 1
1131 1
-1
-1
-1
-1
-1
-1
-1
671 7
841 2
-1
3715 2
74 1
-1
5 2
-1
824 1
-1
-1
589 8
-1
1855 1
1975 4
-1
-1
5 12
-1
1724 11
-1
7 2
-1
3306 1
5283 11
387 1
1275 1
-1
-1
374 1
-1
-1
-1
-1
-1
1223 8
-1
-1
-1
-1
-1
-1
4889 5
-1
-1
5963 14
1150 1
-1
-1
-1
-1
-1
-1
4287 1
-1
108 1
-1
-1
-1
9514 1
-1
-1
-1
119 4
-1
-1
-1
-1
717 1
-1
162 1
3 1
-1
7579 10
131 1
-1
-1
-1
-1
-1
198 1
-1
-1
-1
152 1
988 1
2473 3
30 1
8174 3
-1
1093 2
-1
-1
371 2
-1
-1
133 1
-1
2009 9
-1
12 11
532 1
-1
475 1
-1
-1
-1
-1
-1
-1
-1
273 2
-1
43 2
117 1
-1
-1
547 3
-1
-1
490 1
55 1
-1
-1
-1
1990 1
1362 5
-1
-1
-1
1455 7
2045 6
-1
-1
10 1
623 6
39 1
-1
-1
-1
2 1
19 1
-1
-1
-1
-1
128 1
-1
-1
-1
-1
-1
2178 1
-1
-1
-1
15 1
-1
-1
-1
97 1
-1
-1
-1
-1
-1
-1
-1
-1
41 3
-1
-1
-1
-1
-1
-1
-1
148 3
2037 4
-1
2303 8
-1
-1
-1
-1
-1
603 1
-1
-1
-1
-1
-1
62 1
357 4
5111 1
174 1
-1
-1
1527 1
2453 1
315 1
3 1
-1
2 1
-1
-1
2247 1
11228 1
-1
11 5
167 1
923 4
85 1
-1
-1
1026 1
152 1
572 1
-1
-1
1078 1
-1
-1
-1
257 2
968 1
-1
2697 1
-1
3053 15
1137 4
-1
262 1
49 5
2408 5
693 1
-1
3117 2
-1
-1
312 1
1934 1
3 10
-1
4 1
100 1
534 1
-1
-1
-1
159 1
-1
-1
350 19
-1
416 1
2427 2
-1
-1
36 1
1712 1
-1
487 3
-1
4 1
156 1
-1
-1
-1
9 1
454 15
-1
-1
3 1
-1
2837 1
-1
-1
1076 1
69 1
-1
-1
1379 1
159 2
-1
836 1
1718 1
-1
-1
371 2
52 1
-1
-1
-1
-1
-1
28 1
2252 15
500 11
781 1
6 1
3 4
-1
-1
3161 11
303 1
7 2
768 1
-1
302 1
170 1
-1
4673 3
-1
-1
6326 1
-1
-1
-1
-1
919 1
-1
-1
-1
-1
1775 2
36 1
-1
-1
96 1
3038 1
-1
-1
-1
111 1
-1
2095 1
409 3
24 1
1267 5
2173 3
7 1
-1
-1
-1
-1
-1
555 2
-1
97 1
-1
425 12
6203 9
16 1
3049 8
-1
-1
-1
-1
-1
2063 1
-1
405 1
331 1
9 37
-1
-1
-1
227 2
-1
-1
299 1
-1
230 1
4900 3
-1
-1
-1
-1
22 1
65 14
-1
424 1
1459 4
853 3
7325 1
469 2
781 3
55 3
317 1
-1
11 2
-1
-1
-1
-1
861 1
1028 1
-1
-1
3 2
22 3
-1
234 1
-1
-1
-1
-1
-1
-1
-1
9 1
-1
-1
-1
223 1
167 3
337 1
-1
-1
2304 1
9 1
-1
90 1
-1
87 2
-1
3571 2
-1
289 1
183 4
-1
526 1
-1
-1
-1
361 1
290 1
-1
-1
-1
598 1
-1
849 14
588 1
-1
272 1
-1
-1
216 1
-1
-1
-1
-1
39 1
-1
-1
-1
-1
-1
-1
-1
-1
20 1
-1
-1
-1
-1
-1
158 1
1584 5
-1
-1
-1
-1
-1
-1
2458 3
-1
41 1
-1
142 1
-1
-1
-1
-1
-1
191 1
-1
-1
-1
534 1
-1
-1
-1
1648 11
-1
-1
-1
-1
-1
-1
573 7
3875 4
60 11
-1
-1
-1
-1
-1
-1
-1
-1
512 3
-1
-1
832 1
-1
68 1
-1
-1
244 1
-1
-1
191 1
-1
-1
41 1
9097 3
29 1
57 2
241 7
-1
-1
-1
-1
-1
-1
-1
-1
8045 11
-1
1278 1
-1
-1
-1
4742 1
-1
1734 1
1029 5
-1
-1
69 7
-1
27 2
-1
254 3
42 25
-1
663 1
754 1
6217 27
-1
-1
11 1
-1
-1
-1
-1
-1
-1
493 1
79 1
460 3
7 1
1051 2
-1
486 7
57 26
-1
1949 5
-1
1453 1
-1
610 1
6 1
67 1
55 1
-1
591 2
-1
3577 16
-1
3681 1
2826 5
-1
1019 1
-1
-1
-1
260 1
-1
-1
-1
-1
-1
-1
-1
469 3
125 1
389 3
-1
-1
-1
-1
-1
-1
121 14
-1
2331 1
20 1
-1
-1
2 3
493 4
-1
-1
2092 3
-1
-1
-1
-1
-1
-1
-1
23 1
-1
1357 1
-1
-1
-1
1555 9
-1
-1
-1
-1
-1
-1
546 1
676 3
27 2
170 3
466 5
529 2
-1
-1
-1
862 3
1867 2
-1
-1
342 1
313 2
-1
-1
220 1
1143 4
1597 3
186 1
2033 2
173 1
-1
317 1
-1
-1
16 3
565 1
211 1
88 1
-1
-1
239 2
600 1
-1
-1
203 1
-1
-1
-1
-1
-1
46 1
49 13
22 3
148 1
-1
-1
-1
-1
121 4
-1
4501 2
-1
-1
-1
64 59
1453 1
-1
703 3
554 3
1714 1
-1
2404 1
394 1
243 1
147 1
-1
-1
-1
21 1
-1
557 4
45 1
-1
-1
-1
173 1
-1
2033 1
38 1
1361 1
853 2
-1
-1
-1
-1
467 1
108 1
69 1
4625 8
-1
-1
-1
4773 2
-1
-1
540 1
-1
1882 7
60 1
1293 1
26 1
-1
-1
-1
-1
-1
88 1
-1
-1
-1
-1
-1
-1
-1
-1
-1
171 2
503 2
-1
311 2
-1
3267 16
19 2
-1
-1
8293 2
-1
-1
591 11
-1
6192 1
150 1
-1
1660 1
-1
-1
-1
-1
62 1
86 3
39 28
1332 5
-1
-1
-1
-1
-1
53 2
-1
-1
617 2
-1
-1
-1
5419 1
1033 16
-1
-1
-1
-1
-1
571 4
-1
173 8
-1
-1
735 1
-1
531 1
-1
1401 2
60 1
21 4
-1
-1
554 1
-1
5 2
-1
-1
-1
233 1
-1
267 1
-1
34 1
1211 1
-1
-1
-1
141 2
-1
299 2
-1
704 1
-1
-1
338 3
-1
-1
-1
-1
103 1
2903 6
402 1
-1
-1
-1
-1
4 3
-1
315 1
-1
-1
3633 1
335 1
-1
-1
-1
-1
779 1
16 7
-1
-1
-1
214 1
318 1
-1
4 1
4873 3
-1
-1
-1
-1
-1
-1
3 1
3068 3
-1
64 1
-1
-1
244 1
-1
-1
1136 1
-1
3822 1
370 1
830 1
3836 1
3 8
-1
-1
76 1
1380 7
1131 1
1487 1
-1
137 1
-1
-1
-1
1097 2
-1
3 4
-1
827 1
-1
1463 2
-1
-1
1273 1
-1
24 1
163 1
-1
403 3
-1
306 1
-1
793 5
-1
-1
-1
2 5
1268 1
-1
-1
285 1
-1
-1
2 1
-1
-1
100 1
-1
237 1
-1
-1
-1
-1
-1
-1
-1
1218 1
225 1
-1
-1
-1
28 3
71 1
370 1
597 1
-1
548 1
-1
5 1
-1
-1
173 1
17 1
403 1
-1
7558 3
249 4
-1
817 1
-1
-1
108 29
788 1
-1
9311 3
558 1
-1
782 1
-1
203 1
-1
-1
-1
-1
146 1
-1
-1
169 6
-1
5793 2
-1
-1
-1
-1
-1
-1
395 1
2239 1
1498 1
-1
-1
1350 1
1438 1
157 2
1324 5
709 1
-1
-1
674 5
11 25
-1
-1
-1
1069 8
-1
-1
69 1
59 1
222 1
772 1
203 1
-1
-1
-1
-1
-1
148 1
-1
-1
-1
123 2
778 1
36 1
-1
577 2
177 1
2751 4
-1
-1
-1
-1
-1
764 1
346 1
-1
-1
1378 1
-1
-1
-1
-1
-1
-1
-1
-1
-1
-1
-1
-1
-1
43 91
-1
-1
70 1
47 46
519 2
-1
-1
2411 2
-1
3448 3
227 1
-1
-1
41 2
-1
-1
666 1
-1
582 1
4069 5
-1
-1
-1
-1
56 1
-1
9 1
-1
54 1
219 2
-1
1034 3
-1
495 1
8507 2
678 1
9 8
5887 3
-1
-1
191 1
7153 24
5716 1
-1
-1
57 1
-1
-1
2679 1
277 2
403 2
-1
851 1
-1
-1
-1
-1
-1
-1
-1
2609 1
-1
-1
-1
-1
1264 1
-1
1217 13
-1
1003 2
485 2
-1
3616 7
-1
-1
-1
-1
-1
1553 1
2283 2
-1
3592 11
-1
-1
1033 3
310 1
-1
-1
239 1
273 1
1956 1
-1
-1
-1
5476 1
149 1
-1
-1
-1
-1
487 7
-1
488 3
19 2
28 1
695 12
1181 4
-1
478 5
-1
-1
369 1
-1
-1
1360 1
90 1
-1
-1
-1
19 1
-1
-1
-1
184 1
-1
-1
375 1
-1
-1
-1
-1
-1
7 1
-1
8011 2
223 3
1 2
1892 29
-1
4244 1
231 1
1195 2
1631 2
-1
101 2
101 2
-1
-1
-1
-1
-1
626 1
-1
-1
1166 1
3096 1
185 1
-1
1399 1
3477 1
-1
-1
100 1
-1
-1
3833 13
-1
99 1
-1
44 1
-1
-1
2975 1
-1
-1
-1
-1
1 2
-1
-1
-1
54 1
-1
20 1
-1
1611 1
-1
-1
-1
928 3
-1
-1
462 1
-1
23 1
174 1
-1
242 1
-1
-1
271 5
-1
536 1
-1
-1
-1
145 8
-1
-1
-1
481 4
-1
8 1
-1
16 1
243 1
-1
-1
-1
-1
-1
2682 7
-1
815 1
-1
-1
-1
255 4
-1
1403 8
-1
-1
-1
59 2
237 8
-1
1206 1
-1
-1
80 1
-1
-1
-1
-1
7 1
-1
33 1
-1
175 3
163 6
6074 1
-1
80 1
8009 28
-1
186 5
-1
87 62
-1
9923 6
26 1
1601 4
-1
-1
643 1
1 3
-1
10 1
356 1
-1
761 2
1622 1
-1
20 1
1023 1
-1
109 1
-1
-1
237 5
-1
9080 3
-1
2111 1
-1
154 1
-1
-1
-1
-1
-1
-1
4025 1
-1
-1
-1
-1
-1
19 1
-1
275 1
-1
3031 2
-1
-1
9297 1
-1
307 1
-1
-1
930 41
-1
1327 1
109 5
-1
109 2
185 3
-1
-1
-1
46 11
6733 4
-1
-1
-1
-1
-1
-1
-1
-1
-1
1577 7
-1
242 5
-1
-1
620 1
-1
-1
-1
310 1
449 2
-1
-1
-1
-1
-1
31 6
-1
-1
-1
-1
-1
-1
-1
-1
2947 4
367 1
-1
228 1
-1
-1
159 1
-1
-1
-1
-1
-1
-1
319 1
-1
-1
-1
-1
-1
1263 4
82 1
9 1
5 1
-1
2157 2
-1
-1
105 2
1099 3
10 1
-1
315 1
1497 1
-1
-1
-1
-1
-1
-1
344 1
165 1
298 1
-1
363 1
365 2
-1
2109 1
-1
-1
-1
-1
-1
6347 1
54 1
-1
-1
173 3
15 2
-1
7 9
1024 1
-1
-1
-1
746 1
443 1
708 1
-1
-1
-1
-1
-1
-1
3785 8
195 1
4438 1
-1
62 1
-1
-1
-1
5439 8
91 2
-1
-1
678 1
496 1
-1
-1
-1
-1
565 1
19 2
-1
-1
4245 1
-1
79 7
-1
-1
-1
-1
-1
3 8
-1
-1
-1
1007 1
-1
-1
-1
27 1
-1
-1
-1
-1
460 1
-1
432 1
-1
-1
-1
-1
481 2
-1
-1
212 17
386 13
842 1
45 1
-1
-1
119 15
52 31
719 10
-1
-1
9523 2
186 1
51 2
-1
-1
-1
105 1
-1
-1
-1
-1
1581 1
-1
-1
30 1
6066 5
-1
-1
45 7
-1
2 1
1685 1
441 8
453 1
-1
-1
-1
-1
-1
207 4
-1
-1
-1
436 1
-1
-1
-1
-1
-1
607 1
-1
41 4
13 1
-1
-1
-1
-1
-1
3831 31
47 1
-1
358 1
-1
3271 17
-1
-1
311 3
-1
137 25
-1
1473 2
24 1
-1
4417 10
109 29
-1
423 2
-1
628 1
85 1
949 2
-1
7 2
178 1
-1
-1
-1
-1
-1
208 3
283 1
-1
1249 26
-1
446 1
-1
99 1
638 57
-1
94 1
-1
-1
-1
-1
921 7
377 1
123 1
-1
-1
-1
451 1
-1
-1
611 1
4 3
-1
-1
-1
-1
380 1
-1
-1
-1
6716 5
4662 1
-1
-1
-1
-1
717 1
999 1
117 1
-1
-1
2003 2
-1
113 1
-1
5 7
1571 2
1768 1
-1
-1
-1
4237 1
61 1
11 2
-1
1225 2
-1
-1
-1
-1
3081 7
-1
2005 1
-1
-1
-1
89 1
2101 1
-1
408 1
1050 13
-1
154 1
-1
-1
-1
-1
-1
41 3
-1
807 2
4609 2
-1
59 1
-1
-1
-1
51 82
-1
-1
-1
632 1
3726 1
-1
143 1
-1
-1
75 2
-1
1679 1
2 1
-1
-1
-1
679 1
-1
-1
-1
268 1
-1
-1
19 1
-1
91 2
9 2
-1
-1
-1
-1
-1
125 1
-1
266 1
-1
1505 3
59 1
-1
985 2
-1
-1
-1
-1
-1
3 43
291 1
-1
-1
1119 10
3 2
57 8
234 1
7063 1
-1
-1
163 1
-1
-1
-1
-1
-1
-1
-1
-1
775 1
252 1
-1
243 2
431 3
197 7
-1
-1
-1
33 1
-1
4137 1
-1
13 3
1168 1
-1
749 2
188 1
-1
-1
-1
-1
736 1
-1
41 135
899 1
2388 17
-1
9 4
5543 1
2916 11
2419 5
-1
101 21
-1
-1
-1
-1
38 1
-1
29 1
2838 5
-1
-1
-1
46 51
-1
-1
-1
-1
9 2
129 1
372 1
97 1
-1
-1
-1
-1
-1
93 2
350 1
-1
1310 9
-1
72 1
232 9
723 1
-1
85 1
3591 1
69 2
-1
-1
-1
-1
-1
19 1
-1
-1
160 11
3129 1
-1
-1
-1
-1
-1
-1
75 2
-1
-1
17 12
4036 11
39 1
-1
342 1
-1
84 1
4 1
-1
-1
-1
-1
909 4
-1
1809 1
-1
-1
3146 1
3767 2
-1
-1
-1
409 1
605 3
214 1
41 1
-1
-1
-1
-1
242 1
189 2
-1
-1
729 2
-1
-1
172 1
-1
-1
-1
-1
-1
-1
7 11
15 1
-1
-1
-1
423 14
-1
-1
1312 1
-1
-1
-1
127 4
3935 1
-1
-1
104 1
-1
-1
-1
-1
-1
-1
-1
-1
-1
-1
-1
-1
-1
2917 2
-1
1730 1
-1
-1
958 1
8 1
-1
-1
3 2
-1
-1
-1
-1
4367 2
-1
-1
5429 6
-1
-1
-1
-1
-1
799 2
105 1
-1
-1
-1
-1
35 6
-1
-1
-1
-1
68 1
-1
-1
7 10
180 1
187 1
-1
-1
-1
-1
94 1
1251 1
-1
507 1
239 1
4559 1
-1
-1
-1
-1
-1
-1
189 1
2153 10
779 2
-1
1429 13
-1
-1
470 1
-1
-1
-1
-1
1 7
363 1
542 1
-1
148 5
-1
252 1
-1
-1
329 9
-1
-1
-1
-1
-1
-1
-1
-1
106 1
343 1
1091 1
-1
-1
65 1
-1
-1
-1
260 3
-1
-1
-1
-1
89 5
-1
15 1
68 1
-1
-1
-1
-1
-1
-1
-1
-1
116 1
-1
-1
164 3
-1
916 1
123 5
-1
44 3
796 3
241 1
395 4
1249 1
-1
32 1
181 2
-1
1433 3
-1
-1
1114 3
-1
1150 1
-1
634 13
-1
-1
49 1
49 1
130 1
8171 4
478 1
1034 1
19 1
-1
-1
39 2
-1
7685 2
68 1
570 1
-1
4976 1
262 13
10 7
-1
-1
2717 5
-1
-1
-1
15 1
-1
4 1
-1
-1
485 1
-1
243 4
269 1
-1
-1
284 5
-1
-1
561 1
-1
-1
-1
-1
-1
1176 5
-1
14 1
-1
-1
3615 2
5395 2
-1
-1
406 1
-1
39 1
-1
733 1
162 1
11147 1
93 1
-1
2323 5
12 1
3619 4
644 1
-1
3575 3
-1
7777 1
1471 3
-1
407 3
185 1
557 7
-1
-1
16 1
-1
67 1
-1
106 1
-1
7855 7
6 37
767 1
-1
173 1
50 1
173 1
-1
-1
3605 6
270 1
70 1
-1
-1
7640 1
-1
-1
1116 1
2539 1
-1
-1
-1
152 1
-1
-1
-1
-1
336 1
-1
-1
6 11
-1
6384 43
-1
-1
975 1
-1
-1
426 1
745 1
-1
230 1
351 1
-1
444 5
-1
-1
-1
883 1
720 1
-1
-1
-1
1105 1
-1
1088 1
-1
419 1
1861 1
-1
5 1
-1
-1
-1
15460 3
3362 3
-1
2 1
-1
187 3
-1
-1
1525 4
550 3
-1
1245 4
-1
119 1
249 1
45 2
-1
301 6
767 1
178 3
-1
-1
-1
-1
649 24
-1
-1
229 1
195 1
-1
32 1
1936 1
-1
-1
350 3
-1
874 7
8 1
-1
-1
-1
-1
-1
-1
1159 1
-1
-1
-1
-1
-1
2419 4
-1
403 3
4909 1
-1
-1
559 14
-1
-1
-1
-1
-1
-1
-1
-1
-1
-1
2077 1
102 1
-1
-1
15 1
-1
-1
-1
-1
5785 4
724 1
-1
-1
-1
-1
-1
4509 5
9 5
-1
-1
-1
-1
-1
-1
669 1
-1
27 2
712 1
-1
-1
56 19
-1
345 1
-1
313 3
-1
25 6
-1
-1
-1
-1
467 2
-1
198 1
71 3
651 2
-1
-1
433 5
-1
-1
-1
-1
-1
-1
-1
-1
-1
377 1
-1
92 1
-1
-1
-1
1011 1
-1
-1
-1
8 1
130 3
85 21
2237 2
-1
288 1
49 1
8 1
-1
-1
1063 1
-1
-1
-1
-1
-1
65 1
-1
391 1
531 1
23 1
-1
449 2
-1
70 1
915 1
-1
6863 9
-1
-1
-1
1477 1
-1
-1
-1
389 9
-1
251 1
11595 1
-1
85 1
-1
-1
-1
-1
-1
-1
139 1
-1
5 8
-1
-1
221 2
-1
-1
-1
-1
-1
157 1
-1
-1
1634 1
7 34
-1
263 1
-1
5393 4
2 1
-1
75 1
774 1
71 1
1357 4
-1
-1
733 3
-1
-1
-1
-1
23 2
-1
367 5
-1
13 1
1411 5
-1
442 5
1017 8
-1
-1
1453 1
-1
-1
2353 1
-1
-1
969 4
-1
1587 19
-1
-1
4696 23
682 1
326 1
-1
124 17
895 1
161 1
-1
-1
-1
-1
-1
-1
189 1
233 5
-1
40 1
366 1
121 2
-1
-1
-1
-1
537 2
-1
-1
2 3
10 9
-1
-1
-1
-1
125 1
-1
-1
189 1
-1
4740 1
476 1
3581 4
6 1
1795 1
-1
517 1
-1
384 1
-1
206 13
-1
-1
3015 8
-1
740 1
26 1
12 1
-1
-1
-1
1493 1
-1
19 1
-1
-1
-1
-1
-1
-1
-1
-1
-1
-1
4550 1
9095 1
-1
68 1
615 1
1117 4
-1
-1
191 1
-1
-1
-1
-1
-1
-1
-1
-1
-1
-1
1121 1
747 5
-1
-1
-1
17 2
2489 3
1185 1
606 1
140 3
43 15
-1
-1
7 22
-1
-1
-1
-1
-1
-1
-1
-1
-1
7429 1
-1
312 7
-1
50 1
-1
-1
-1
-1
-1
-1
-1
-1
-1
-1
20 1
-1
-1
571 1
-1
1685 3
-1
-1
-1
-1
-1
-1
-1
-1
261 1
-1
-1
1067 3
1586 5
-1
88 3
-1
114 41
3078 1
-1
298 1
-1
267 1
-1
-1
-1
-1
7088 7
-1
-1
5 12
-1
-1
-1
-1
-1
-1
-1
244 1
-1
2329 5
11 2
-1
952 3
54 1
-1
273 5
-1
6874 15
-1
1643 13
-1
1025 6
1410 1
-1
-1
1451 1
-1
34 1
-1
-1
-1
2269 3
-1
316 1
-1
-1
352 1
370 1
1156 1
1311 1
-1
125 2
509 1
-1
72 1
248 1
-1
-1
-1
4345 14
-1
970 1
-1
-1
-1
-1
-1
-1
1363 7
-1
-1
414 1
834 5
34 1
-1
-1
-1
-1
-1
-1
-1
573 5
-1
-1
-1
-1
-1
-1
-1
-1
-1
-1
-1
-1
137 1
-1
366 1
-1
77 1
-1
11 1
-1
-1
1303 1
-1
43 2
-1
58 1
-1
-1
149 3
-1
-1
-1
-1
7737 2
3179 1
-1
-1
-1
-1
-1
7 12
-1
-1
-1
-1
-1
13 7
-1
3 2
6151 5
-1
66 1
-1
-1
-1
1258 1
-1
-1
-1
165 1
-1
-1
-1
84 1
293 16
-1
419 5
-1
-1
2731 1
29 2
-1
-1
175 3
-1
-1
-1
4613 1
1401 1
594 1
559 2
5330 3
-1
-1
237 1
-1
1581 1
6575 4
947 1
-1
-1
10 1
-1
1353 2
-1
1235 4
-1
-1
-1
3222 1
-1
498 5
2326 3
-1
-1
153 1
-1
-1
393 2
-1
34 1
1610 1
6 1
-1
-1
-1
-1
-1
-1
-1
5509 2
-1
938 1
180 1
-1
-1
-1
2 1
-1
42 1
-1
2675 1
-1
1690 61
-1
25 28
229 1
275 1
1074 1
824 1
-1
-1
-1
2083 2
4092 5
-1
-1
-1
377 1
10 3
1948 1
388 1
-1
-1
195 1
-1
1209 1
-1
-1
-1
-1
859 7
53 1
514 3
-1
-1
1859 3
89 6
-1
-1
-1
6187 3
984 1
218 3
379 5
325 1
175 1
-1
2563 1
1800 1
-1
-1
382 3
-1
-1
1045 1
-1
1907 4
-1
286 1
137 2
-1
-1
-1
-1
-1
-1
-1
-1
-1
-1
-1
-1
111 1
-1
-1
65 1
-1
2711 2
-1
676 1
34 1
-1
-1
61 9
-1
2165 1
68 3
1109 2
-1
-1
217 2
7107 1
6060 1
-1
1979 5
-1
95 1
565 1
137 1
-1
1077 2
-1
-1
-1
238 1
-1
181 1
95 2
7 15
-1
-1
-1
-1
374 1
-1
-1
2327 3
-1
113 1
-1
2899 1
-1
635 4
-1
-1
3993 38
-1
-1
-1
-1
28 17
-1
-1
309 1
1742 1
-1
16 3
-1
-1
-1
278 1
4 1
1213 2
-1
-1
-1
-1
-1
-1
-1
-1
304 3
-1
-1
-1
-1
-1
2 1
489 1
55 6
-1
1552 1
343 3
7805 1
71 2
16 1
776 7
134 1
-1
-1
275 1
-1
-1
-1
-1
229 1
-1
-1
73 1
1252 5
-1
-1
-1
1592 1
900 11
-1
1501 2
-1
105 2
-1
-1
-1
76 1
133 1
-1
-1
-1
-1
-1
-1
3348 1
-1
-1
-1
14 1
-1
-1
560 1
-1
-1
-1
68 11
-1
1063 5
21 1
-1
24 1
-1
-1
-1
-1
-1
-1
-1
-1
-1
1613 1
-1
2 1
302 1
4147 23
-1
22 3
-1
2838 1
-1
-1
29 1
-1
-1
9 4
-1
1593 4
-1
-1
-1
-1
11153 2
-1
-1
-1
1550 3
995 3
1122 1
-1
-1
49 10
226 1
-1
-1
1577 12
591 1
1505 6
-1
1307 1
-1
-1
13504 1
-1
965 1
-1
-1
523 12
433 10
-1
-1
22 1
1127 1
-1
16 1
2983 1
-1
-1
-1
-1
112 1
-1
-1
-1
63 10
-1
-1
-1
572 1
516 1
-1
494 1
1414 3
3 4
169 1
-1
-1
-1
3696 1
269 2
-1
976 1
-1
320 7
1660 1
2057 7
-1
-1
-1
99 2
68 3
197 1
-1
104 1
63 2
-1
-1
-1
-1
-1
-1
25 6
-1
860 1
-1
-1
-1
53 3
-1
3503 11
1985 6
1174 1
44 19
2471 6
-1
-1
2 1
-1
555 2
1039 1
123 1
-1
-1
-1
-1
-1
-1
898 3
2705 1
-1
-1
529 2
-1
-1
-1
228 1
1151 2
605 6
639 1
169 8
151 5
942 1
-1
-1
13 1
302 1
-1
-1
27 1
-1
-1
-1
-1
2031 2
-1
-1
821 2
-1
-1
7231 5
552 7
849 1
-1
-1
-1
-1
-1
-1
934 1
-1
-1
-1
-1
-1
264 1
-1
19 2
-1
-1
-1
-1
-1
-1
-1
7465 1
1553 1
237 1
2171 1
527 1
-1
367 1
-1
-1
-1
-1
-1
-1
9 19
43 1
529 2
-1
-1
-1
26 1
-1
-1
-1
-1
-1
-1
-1
-1
-1
44 3
1165 1
-1
-1
-1
-1
-1
-1
193 7
47 3
712 7
-1
-1
-1
-1
-1
161 2
-1
63 4
-1
2303 1
93 1
27 7
-1
-1
-1
-1
159 1
-1
-1
-1
-1
-1
92 1
-1
71 9
2635 6
-1
-1
4244 1
-1
-1
339 1
24 25
-1
36 1
373 22
389 14
142 61
-1
-1
17 1
-1
-1
-1
-1
-1
-1
-1
82 1
-1
-1
-1
-1
47 1
-1
-1
2836 1
-1
212 1
1265 4
83 1
-1
-1
-1
440 1
-1
-1
143 19
175 1
2264 13
3994 1
-1
-1
-1
-1
380 1
-1
-1
-1
-1
-1
2606 1
-1
-1
-1
233 1
143 1
6487 9
241 2
-1
-1
5193 2
-1
-1
277 1
-1
-1
4 7
302 13
-1
-1
2830 1
-1
-1
-1
70 1
-1
-1
-1
-1
-1
941 1
-1
-1
9409 7
-1
-1
-1
-1
-1
4655 1
1135 4
-1
300 1
-1
3205 3
-1
-1
2194 1
3812 7
978 1
311 2
435 2
-1
55 1
3163 8
-1
-1
-1
-1
206 1
142 3
-1
-1
161 1
790 3
-1
-1
-1
1734 1
-1
14 9
3991 22
6 1
-1
15 1
-1
3671 9
-1
2206 3
-1
473 1
1401 22
-1
-1
-1
-1
-1
-1
-1
383 10
-1
459 1
262 3
2318 3
-1
1834 1
49 1
-1
-1
-1
-1
-1
-1
825 4
3 1
-1
-1
-1
14 1
315 2
227 16
219 1
-1
-1
270 1
-1
-1
58 1
-1
-1
4440 1
1 2
-1
174 1
-1
556 1
25 1
-1
53 50
159 2
-1
-1
-1
5665 7
8084 7
51 1
-1
-1
-1
-1
-1
-1
344 1
90 1
-1
351 4
37 1
-1
-1
191 1
98 1
-1
-1
853 2
141 4
4098 1
-1
71 1
731 1
103 1
1287 1
-1
294 1
-1
48 1
-1
-1
-1
-1
-1
-1
101 1
-1
864 1
-1
66 1
-1
-1
45 1
-1
-1
739 2
-1
-1
1873 19
-1
-1
-1
1331 1
758 11
1290 1
-1
72 1
-1
-1
1579 1
-1
-1
317 1
-1
282 1
1201 9
-1
-1
38 1
1334 1
122 1
57 2
-1
-1
-1
-1
-1
-1
-1
12 1
-1
-1
11501 6
5656 5
980 3
-1
-1
-1
241 1
-1
-1
1253 2
-1
-1
-1
-1
-1
-1
-1
-1
252 1
2767 2
37 1
-1
449 1
388 3
113 97
-1
-1
559 3
-1
187 1
-1
1197 1
2743 15
-1
-1
-1
-1
1234 1
-1
-1
-1
6509 22
-1
43 36
1480 1
-1
278 1
405 2
-1
-1
-1
-1
-1
343 1
685 3
1367 6
58 1
204 5
-1
771 2
-1
71 1
-1
-1
-1
67 1
-1
193 9
157 2
-1
2558 1
-1
413 1
-1
-1
-1
-1
-1
309 1
421 3
272 1
-1
-1
166 1
2974 1
-1
-1
-1
1231 7
-1
-1
-1
-1
10 1
-1
2623 2
823 11
-1
-1
-1
-1
1546 1
-1
-1
-1
-1
65 1
-1
-1
-1
7685 8
1821 1
-1
-1
60 1
-1
884 1
-1
288 1
-1
-1
-1
106 3
965 1
-1
-1
217 1
-1
36 1
-1
29 1
82 3
-1
-1
-1
-1
186 1
-1
3016 5
51 1
-1
-1
-1
727 1
38 25
-1
-1
-1
588 1
82 83
78 1
-1
-1
-1
43 1
-1
313 3
-1
140 1
-1
63 1
-1
1089 4
-1
-1
40 3
106 1
-1
-1
967 7
35 2
152 1
-1
-1
4987 2
-1
-1
-1
-1
-1
696 1
2578 1
-1
-1
3403 1
-1
13121 4
-1
-1
208 1
-1
-1
30 1
-1
-1
-1
2115 2
-1
1535 3
1264 1
299 1
62 1
-1
1857 1
-1
6015 1
197 3
-1
-1
-1
8 1
413 8
-1
2841 1
173 2
-1
3708 1
-1
73 1
-1
-1
-1
-1
-1
-1
4108 1
-1
-1
-1
-1
-1
-1
-1
174 1
381 2
-1
-1
-1
481 1
140 3
-1
194 1
-1
113 1
2397 1
-1
-1
1495 1
5841 5
-1
-1
230 1
-1
-1
-1
-1
-1
1093 5
-1
-1
939 1
185 2
319 1
-1
-1
-1
-1
1351 9
-1
-1
-1
28 1
167 1
1334 5
-1
37 1
-1
-1
61 4
-1
-1
-1
-1
-1
-1
-1
-1
568 1
-1
168 1
-1
1793 1
-1
397 1
-1
-1
-1
982 1
-1
-1
86 1
-1
-1
-1
168 1
-1
5031 11
-1
169 1
-1
10381 12
791 1
17 21
-1
77 2
-1
277 1
151 1
-1
-1
451 1
-1
628 1
-1
509 1
-1
12927 2
-1
-1
-1
84 1
-1
601 2
-1
2363 5
107 3
-1
504 5
-1
-1
-1
68 1
3618 1
-1
-1
-1
1541 6
1557 2
-1
1015 4
-1
-1
-1
49 1
6905 1
343 1
-1
-1
1914 1
1005 1
-1
129 1
821 1
-1
6820 3
-1
673 2
-1
-1
-1
2825 3
-1
-1
6187 3
-1
-1
885 1
15819 1
-1
3167 3
56 5
665 1
127 8
125 4
-1
899 1
-1
-1
-1
-1
9116 51
-1
144 1
396 1
4613 1
62 5
-1
237 1
46 1
-1
671 21
-1
-1
-1
5 6
-1
-1
-1
-1
-1
504 1
-1
-1
-1
26 1
277 5
848 1
-1
-1
-1
-1
-1
-1
-1
-1
172 1
-1
5 1
-1
-1
-1
16 5
81 2
675 2
20 1
795 1
-1
-1
1183 1
-1
-1
313 1
413 1
13 1
398 1
-1
-1
-1
-1
2538 5
-1
-1
485 1
-1
86 1
-1
142 1
3024 1
-1
1805 9
-1
-1
-1
-1
15032 3
-1
-1
-1
4671 16
1157 4
-1
25 1
-1
1 2
-1
-1
23 1
-1
390 1
408 1
-1
-1
1455 2
603 2
-1
3289 4
-1
-1
452 1
-1
-1
74 1
-1
-1
148 1
-1
14 19
-1
3512 43
34 1
-1
-1
-1
-1
-1
710 1
1554 1
-1
-1
-1
-1
617 10
-1
-1
236 1
8399 1
-1
170 1
-1
-1
-1
4341 2
139 2
361 4
230 1
-1
29 2
133 1
-1
-1
-1
635 1
430 1
-1
-1
1710 1
-1
-1
1949 2
3508 1
10 17
-1
-1
283 5
-1
49 2
19 1
67 1
-1
175 1
1936 3
-1
-1
-1
-1
966 1
-1
437 2
-1
5125 9
539 2
-1
-1
-1
-1
1699 2
3571 2
-1
-1
477 1
293 2
151 1
-1
171 2
169 1
-1
-1
-1
-1
-1
359 1
-1
-1
3741 4
-1
-1
792 1
-1
-1
138 1
773 2
-1
-1
-1
-1
-1
666 1
-1
-1
-1
-1
73 1
-1
35 2
141 1
847 1
3 8
-1
-1
-1
-1
-1
-1
911 2
-1
-1
521 2
1675 1
24 1
-1
-1
-1
2311 3
287 3
7 10
-1
-1
-1
-1
98 1
-1
-1
-1
-1
280 1
-1
295 2
124 1
220 1
-1
-1
-1
-1
-1
-1
15 14
-1
-1
-1
6213 1
71 1
336 1
-1
-1
-1
-1
37 67
3 1
-1
402 1
-1
-1
-1
-1
39 1
-1
78 1
-1
-1
534 5
-1
-1
3760 1
-1
-1
46 3
-1
-1
157 2
2047 15
-1
-1
-1
-1
87 1
-1
-1
-1
-1
71 1
-1
-1
96 1
-1
-1
102 1
79 2
-1
1887 1
11 1
411 1
-1
-1
-1
-1
2147 3
-1
-1
-1
-1
208 1
1267 1
2359 3
-1
88 161
1218 1
1036 1
215 4
105 1
-1
-1
-1
-1
20 11
-1
-1
-1
-1
-1
-1
-1
-1
-1
-1
-1
-1
-1
-1
-1
-1
11069 23
-1
267 4
7395 1
443 3
-1
-1
-1
365 3
2997 7
2951 9
1 2
-1
-1
1 2
1475 3
-1
-1
-1
-1
2176 1
-1
13 12
-1
-1
92 3
-1
-1
549 11
-1
-1
3788 23
4088 1
9 1
-1
77 1
396 1
-1
3967 1
-1
-1
548 7
244 1
-1
-1
8262 1
1071 2
-1
-1
429 5
-1
925 11
-1
1073 12
-1
-1
-1
9 2
-1
-1
-1
233 4
83 1
302 1
-1
1979 1
506 1
668 1
4 3
-1
-1
-1
-1
-1
-1
3295 1
-1
-1
1273 7
-1
-1
-1
123 2
-1
-1
135 2
-1
-1
-1
-1
-1
-1
-1
200 1
-1
-1
-1
-1
19 1
-1
4584 1
-1
-1
100 7
6 1
-1
-1
-1
-1
-1
-1
3 1
142 1
-1
-1
-1
247 1
-1
5190 13
-1
211 3
-1
-1
1085 2
-1
27 1
-1
-1
295 3
-1
-1
241 2
-1
-1
397 7
-1
-1
-1
1807 2
-1
-1
1408 1
-1
14 9
-1
-1
-1
83 1
5 1
-1
-1
-1
-1
-1
61 2
587 1
2246 3
1 3
1765 1
3 1
-1
-1
-1
241 3
3028 1
193 6
391 1
-1
475 8
214 1
-1
-1
2636 11
61 2
-1
1205 2
-1
-1
-1
-1
-1
143 1
13 32
-1
-1
-1
-1
-1
-1
-1
-1
219 2
358 1
-1
311 9
2201 1
1640 3
-1
-1
12 1
452 1
-1
81 2
91 2
16 1
-1
-1
6 1
1431 1
-1
-1
608 1
-1
-1
-1
-1
2787 2
62 1
3435 7
-1
-1
7377 7
-1
-1
-1
1735 2
15 1
-1
-1
787 13
-1
319 1
-1
-1
425 1
-1
-1
-1
-1
148 11
4 3
1745 8
4351 29
-1
-1
-1
221 2
11 1
-1
9442 5
-1
-1
-1
8 1
147 67
202 1
-1
-1
216 1
-1
-1
212 5
889 1
-1
-1
-1
351 1
-1
-1
1665 2
40 1
104 3
-1
-1
349 27
63 2
-1
1426 3
-1
545 3
-1
-1
-1
-1
733 3
-1
1881 5
5 1
541 1
-1
28 1
154 1
-1
-1
231 1
270 1
-1
-1
62 1
-1
401 4
545 1
-1
-1
688 1
16 1
248 1
-1
-1
543 1
-1
-1
-1
118 1
191 1
-1
-1
185 2
-1
6569 4
-1
189 1
4677 8
-1
1422 7
-1
-1
49 1
1915 4
-1
2397 2
-1
1917 14
-1
5033 6
1817 2
1890 1
94 1
-1
-1
17 2
300 1
436 3
-1
-1
-1
-1
-1
-1
-1
2742 1
-1
14 1
3847 6
133 2
-1
6103 1
-1
1779 1
-1
131 1
2824 1
-1
9980 19
-1
485 1
-1
-1
-1
-1
-1
316 1
-1
26 1
-1
-1
-1
35 3
-1
-1
25 4
-1
73 1
-1
-1
-1
79 1
-1
-1
-1
289 3
-1
-1
-1
791 1
-1
-1
-1
175 1
305 1
180 1
598 37
-1
819 2
23 26
-1
1089 1
2444 11
-1
437 3
-1
-1
-1
886 1
-1
197 1
-1
67 1
-1
78 1
-1
-1
-1
591 1
-1
-1
-1
-1
78 1
417 5
1745 39
-1
-1
-1
32 1
-1
2291 3
-1
51 1
-1
-1
5 8
15 1
-1
1 19
-1
-1
-1
-1
-1
2752 1
-1
11 9
64 1
-1
1278 1
-1
-1
-1
406 1
-1
33 1
90 1
-1
-1
-1
-1
-1
13 1
-1
-1
-1
7 6
391 1
-1
-1
-1
-1
-1
-1
-1
-1
-1
1330 1
119 2
-1
154 1
-1
190 1
1439 4
155 2
-1
-1
2057 6
-1
-1
-1
91 1
69 1
-1
160 1
2187 2
777 2
865 1
-1
-1
840 1
-1
3011 3
1503 4
-1
-1
-1
-1
-1
217 1
-1
-1
44 1
54 1
-1
135 1
76 1
-1
-1
-1
-1
128 1
-1
-1
1699 4
399 4
-1
2429 2
45 1
72 1
2279 1
-1
-1
-1
-1
-1
-1
1252 1
-1
1173 2
1993 1
7231 2
989 1
87 1
4039 8
2 1
-1
3965 84
-1
-1
-1
-1
1297 5
438 1
-1
-1
-1
764 1
-1
-1
-1
-1
-1
553 1
37 1
-1
-1
-1
-1
116 1
138 1
-1
255 1
369 1
-1
-1
-1
35 1
630 1
-1
-1
15 2
1449 1
-1
28 1
-1
-1
-1
178 1
8 9
-1
-1
-1
-1
345 1
75 1
-1
98 3
-1
-1
131 3
51 1
-1
55 1
481 1
176 1
462 5
36 1
819 1
-1
-1
-1
2533 4
-1
82 1
-1
74 3
228 1
403 1
-1
65 1
6496 1
-1
-1
-1
-1
851 2
-1
-1
-1
11 1
-1
-1
2511 1
559 6
-1
745 4
-1
3777 2
-1
-1
-1
-1
-1
-1
51 1
-1
686 3
-1
-1
-1
219 1
82 3
8 1
76 5
-1
854 1
-1
-1
664 7
485 14
-1
2513 3
-1
583 1
-1
-1
911 1
-1
-1
2235 2
-1
23 2
-1
-1
-1
188 17
7 2
350 1
304 1
-1
1576 1
-1
-1
6210 1
1284 1
-1
13 2
97 1
-1
-1
357 1
7 4
1324 5
-1
1095 2
-1
-1
-1
-1
-1
976 1
1963 1
-1
1333 1
-1
7816 17
65 2
-1
-1
-1
-1
1 3
-1
-1
-1
4883 5
-1
-1
-1
-1
-1
521 1
-1
5 8
-1
310 3
-1
-1
197 1
13 2
-1
905 1
1339 2
-1
-1
3162 7
-1
-1
56 1
576 1
31 1
-1
789 1
1332 1
-1
56 1
-1
-1
878 5
-1
-1
-1
1599 2
1012 5
-1
-1
17 1
-1
-1
-1
-1
-1
-1
-1
843 7
13346 13
38 1
-1
100 1
-1
4346 5
2146 13
-1
-1
-1
99 1
-1
-1
-1
826 1
2415 2
-1
-1
-1
-1
-1
-1
46 93
-1
-1
-1
-1
-1
-1
-1
74 3
67 1
-1
128 1
-1
1448 5
3657 2
-1
-1
-1
-1
93 2
-1
76 1
-1
654 1
8228 1
2889 4
-1
-1
-1
-1
2682 5
-1
-1
-1
-1
-1
-1
107 27
323 1
-1
-1
-1
-1
-1
-1
22 1
-1
1104 1
-1
43 2
-1
-1
1337 1
3515 4
201 1
3785 7
-1
9617 1
-1
-1
877 8
-1
-1
-1
-1
-1
1233 1
-1
276 1
335 1
-1
1072 1
-1
-1
-1
-1
-1
-1
22 3
-1
37 1
-1
-1
4485 2
-1
-1
-1
-1
3443 3
177 1
-1
-1
159 1
1299 1
-1
999 23
-1
-1
13 1
-1
-1
437 1
-1
175 1
-1
-1
-1
5333 2
-1
-1
104 7
-1
-1
1613 2
-1
-1
-1
-1
-1
451 4
-1
34 1
801 1
-1
235 3
-1
27 1
1017 1
-1
-1
-1
-1
-1
-1
-1
212 1
471 10
84 5
-1
-1
-1
1310 1
-1
453 2
-1
132 1
51 1
151 2
-1
-1
333 1
-1
2653 1
-1
-1
-1
-1
51 1
-1
1773 2
407 2
16 1
224 1
-1
2461 4
-1
-1
-1
-1
-1
-1
-1
236 1
-1
-1
37 1
-1
-1
-1
-1
-1
5 1
-1
-1
446 3
-1
-1
-1
-1
-1
538 1
-1
-1
-1
130 3
-1
167 1
-1
251 1
-1
23 1
919 6
-1
-1
-1
-1
-1
901 8
-1
1519 2
1372 3
-1
-1
7 26
-1
37 1
-1
-1
28 1
-1
-1
-1
-1
282 1
-1
1760 1
-1
15 1
-1
391 2
-1
1779 2
10995 2
-1
3 4
-1
101 5
-1
-1
-1
464 1
3091 2
-1
-1
-1
4 1
133 2
65 2
104 1
2902 7
125 2
-1
-1
-1
-1
-1
-1
-1
-1
3347 1
1457 1
-1
903 2
-1
-1
-1
-1
8 9
109 1
-1
-1
-1
-1
-1
-1
4563 7
11 4
3 1
-1
-1
-1
-1
-1
-1
1751 10
661 1
-1
23 1
255 4
1407 4
-1
-1
-1
59 1
-1
177 1
-1
-1
374 1
4780 9
-1
-1
7 1
-1
-1
-1
535 1
-1
-1
-1
-1
-1
1268 23
1860 1
629 1
-1
-1
36 1
-1
82 1
-1
-1
48 1
609 1
-1
-1
-1
-1
160 3
256 3
-1
1047 1
-1
-1
18 1
-1
-1
-1
-1
98 1
-1
-1
-1
-1
-1
-1
-1
-1
-1
103 1
5579 1
63 1
-1
343 2
734 1
-1
-1
-1
-1
-1
-1
302 1
-1
147 1
-1
122 1
-1
-1
4154 1
1061 5
-1
-1
1174 1
1727 3
-1
-1
-1
-1
-1
649 6
341 1
-1
-1
-1
-1
19 3
12 1
-1
79 1
268 3
7 9
1156 3
-1
4009 8
1741 1
-1
659 1
63 1
14 1
29 2
-1
-1
-1
-1
-1
349 2
-1
-1
-1
113 1
-1
-1
5949 4
-1
-1
1082 1
-1
-1
-1
-1
89 3
22 1
47 2
635 3
-1
38 1
9 17
-1
-1
-1
-1
-1
-1
-1
-1
583 5
-1
-1
1215 2
-1
7112 3
939 1
-1
-1
-1
-1
-1
-1
4557 2
-1
-1
1676 1
518 1
201 1
2679 1
4930 3
302 1
-1
-1
-1
-1
444 17
-1
-1
-1
2202 1
-1
-1
1889 2
-1
80 1
1280 1
2046 1
-1
-1
-1
773 1
765 1
-1
-1
131 1
804 1
110 1
-1
15 31
255 1
939 2
-1
-1
-1
7403 5
27 4
-1
-1
-1
-1
-1
7 6
-1
181 1
-1
553 1
1409 1
-1
-1
-1
-1
-1
227 1
-1
-1
-1
-1
4836 1
539 1
-1
-1
-1
-1
587 6
286 1
-1
111 1
-1
52 1
-1
-1
23 2
567 1
2154 11
-1
-1
44 1
-1
-1
-1
116 3
-1
321 2
-1
481 1
-1
394 1
-1
-1
-1
-1
-1
845 6
155 1
229 1
47 1
2223 1
-1
-1
-1
1599 1
9039 1
439 4
-1
553 5
-1
96 1
-1
-1
3449 2
765 1
3680 1
-1
-1
-1
3 1
-1
-1
265 4
-1
488 1
-1
912 1
576 5
-1
5474 27
-1
-1
-1
-1
564 1
-1
-1
171 2
-1
-1
4005 14
-1
1515 1
113 5
-1
69 2
-1
821 2
-1
55 1
-1
-1
1890 1
66 1
-1
1519 1
-1
191 3
320 1
-1
212 1
-1
-1
-1
-1
-1
-1
-1
182 3
-1
-1
2235 1
-1
-1
-1
44 3
-1
135 4
-1
-1
-1
-1
1 2
3050 67
77 1
8 1
-1
455 2
94 1
-1
-1
-1
555 4
-1
-1
-1
4712 1
1267 3
-1
568 1
-1
-1
37 6
-1
-1
-1
47 2
-1
-1
2958 1
1140 1
-1
162 1
-1
713 1
-1
2482 1
-1
2522 1
2607 1
827 3
-1
411 1
-1
-1
521 1
41 1
-1
-1
3368 1
-1
44 3
2647 1
2768 1
-1
-1
66 1
294 1
-1
809 1
-1
585 1
727 1
5891 1
-1
-1
8 1
1579 2
16 27
-1
-1
-1
-1
-1
-1
23 1
716 1
-1
213 1
3400 1
-1
-1
45 2
1460 3
-1
1064 3
-1
-1
-1
-1
35 1
4151 12
-1
393 1
-1
-1
307 1
554 1
72 1
-1
-1
-1
1351 1
-1
47 2
-1
-1
-1
621 1
-1
-1
153 61
11 1
-1
73 1
-1
-1
-1
-1
161 22
7719 2
-1
-1
-1
379 2
-1
118 1
-1
697 2
-1
-1
1268 1
-1
-1
119 1
-1
-1
2212 1
-1
1277 18
-1
-1
-1
-1
-1
-1
3236 5
-1
1940 7
637 1
-1
-1
-1
-1
-1
-1
43 10
-1
-1
-1
-1
-1
61 3
87 2
-1
-1
-1
-1
-1
-1
-1
433 4
-1
-1
645 4
-1
-1
-1
-1
1365 1
-1
-1
47 1
-1
-1
-1
-1
-1
-1
58 1
-1
-1
-1
71 3
565 1
92 1
3499 2
2530 3
-1
-1
-1
65 1
1969 2
6103 7
-1
3744 11
3481 1
6635 3
-1
-1
32 1
66 1
521 1
-1
-1
95 1
-1
-1
725 1
94 1
27 2
815 1
-1
969 1
-1
-1
-1
-1
-1
-1
-1
-1
383 1
-1
197 7
-1
-1
2003 1
-1
-1
471 2
-1
-1
826 1
-1
7976 1
-1
-1
-1
-1
377 1
-1
-1
2808 5
-1
-1
51 20
-1
-1
-1
39 1
-1
-1
-1
-1
-1
-1
647 3
2828 1
-1
-1
-1
4330 1
521 5
-1
-1
-1
-1
-1
-1
1891 1
-1
-1
-1
-1
695 13
-1
3105 4
-1
-1
-1
-1
-1
-1
-1
83 2
60 1
-1
-1
-1
-1
9002 1
43 1
-1
-1
49 2
-1
-1
2204 1
-1
-1
-1
-1
107 28
-1
-1
374 5
-1
208 1
11 2
70 1
-1
-1
-1
67 1
-1
3567 1
101 1
-1
161 2
-1
173 1
727 1
889 2
-1
-1
219 1
-1
11 1
386 3
-1
-1
99 1
-1
-1
-1
459 1
237 1
-1
29 13
1105 1
35 1
5340 1
-1
5 2
7 11
-1
93 1
1070 1
-1
-1
-1
-1
-1
-1
-1
-1
-1
-1
121 1
-1
1517 1
-1
1 11
-1
675 1
-1
441 2
-1
-1
481 3
-1
169 1
-1
-1
104 1
-1
937 2
-1
435 4
-1
-1
-1
-1
3949 1
55 16
-1
107 1
57 1
13 1
-1
1691 2
-1
-1
-1
-1
-1
-1
48 1
2 1
-1
37 19
-1
7 4
2323 25
-1
-1
-1
69 1
1392 1
434 1
4028 1
1372 3
-1
521 3
11 6
378 1
-1
1949 2
-1
277 5
386 1
-1
-1
-1
-1
-1
-1
-1
1306 1
613 3
-1
-1
-1
-1
-1
-1
-1
7331 5
-1
-1
-1
-1
-1
-1
-1
164 3
4783 1
595 1
50 1
-1
-1
-1
-1
166 3
538 3
-1
1152 1
2413 3
-1
-1
166 1
-1
36 1
-1
4 5
-1
-1
1166 1
-1
-1
-1
-1
1559 1
2470 9
-1
-1
-1
-1
-1
-1
-1
-1
-1
-1
-1
3105 4
-1
4007 1
1315 2
1089 1
134 1
4061 6
-1
-1
-1
-1
-1
-1
668 1
449 1
-1
-1
-1
-1
1629 1
-1
-1
-1
10 1
-1
3013 3
382 1
-1
-1
2288 1
-1
-1
-1
-1
-1
-1
-1
-1
-1
-1
-1
-1
-1
271 3
5230 17
-1
-1
274 1
-1
-1
-1
-1
-1
-1
-1
436 9
711 4
83 1
-1
-1
149 1
-1
-1
-1
-1
12 1
81 1
-1
-1
573 2
-1
89 1
123 2
-1
-1
-1
-1
-1
2122 1
5 4
-1
17 1
-1
77 1
1164 5
-1
-1
-1
347 1
-1
-1
-1
-1
20 43
-1
-1
2609 8
-1
-1
1094 7
215 1
48 1
-1
-1
-1
-1
1077 16
-1
1076 1
-1
140 1
106 25
53 1
-1
-1
92 1
134 1
-1
-1
-1
3124 3
96 1
-1
5 4
-1
-1
-1
-1
-1
-1
-1
-1
-1
24 1
1518 1
-1
-1
-1
1052 3
147 1
3767 3
-1
-1
-1
-1
-1
-1
-1
417 2
-1
-1
2136 5
-1
-1
-1
-1
-1
1302 1
-1
-1
3513 1
-1
-1
229 1
49 1
674 1
3383 1
5288 1
87 8
384 1
-1
-1
-1
1188 17
-1
-1
897 1
-1
-1
4913 2
-1
199 1
-1
-1
-1
-1
-1
941 2
343 6
-1
-1
-1
-1
-1
-1
-1
-1
796 1
27 1
4491 1
-1
2262 1
334 1
-1
60 1
-1
-1
282 7
3308 3
-1
368 1
-1
-1
-1
-1
-1
893 2
-1
-1
-1
-1
-1
-1
65 1
60 1
775 3
-1
-1
21 2
-1
-1
15 1
441 11
-1
-1
94 3
-1
230 1
-1
610 7
1964 1
-1
1666 1
-1
-1
-1
-1
-1
-1
-1
184 1
942 1
-1
494 11
2883 1
37 1
3741 20
165 4
-1
-1
123 2
-1
-1
-1
-1
-1
2079 8
53 1
-1
-1
2124 7
-1
-1
-1
-1
-1
-1
820 1
-1
2317 1
-1
3 5
-1
124 1
665 1
-1
-1
-1
2416 1
-1
49 29
-1
-1
-1
63 2
820 1
38 1
-1
62 29
-1
-1
334 1
1782 1
1132 1
-1
-1
-1
-1
-1
1015 1
-1
355 3
-1
339 1
-1
2483 3
-1
198 1
62 1
522 1
-1
-1
-1
2223 1
-1
-1
-1
-1
-1
-1
-1
2192 1
-1
72 1
1563 2
-1
1368 5
-1
-1
8 3
-1
1151 5
-1
1051 1
-1
-1
11 42
29 2
1056 1
-1
-1
-1
3714 1
-1
-1
-1
-1
-1
-1
-1
440 1
-1
-1
-1
1771 1
-1
-1
-1
-1
-1
-1
-1
691 13
-1
92 1
88 1
261 5
408 1
-1
-1
-1
675 4
-1
620 1
45 2
-1
929 1
-1
-1
-1
-1
1265 2
-1
408 1
-1
-1
-1
-1
-1
-1
-1
-1
-1
252 1
-1
-1
-1
19 10
-1
-1
-1
-1
5457 4
222 1
352 1
-1
-1
-1
8301 1
392 1
503 1
-1
712 1
-1
-1
535 1
424 9
173 1
-1
-1
-1
762 1
-1
-1
317 1
-1
-1
773 5
772 1
-1
940 1
-1
-1
813 2
-1
3349 3
-1
-1
-1
-1
-1
497 1
31 1
76 1
-1
-1
-1
-1
-1
-1
619 3
-1
-1
-1
179 1
-1
53 1
538 1
193 12
-1
-1
-1
1478 1
4989 1
-1
-1
-1
-1
241 1
-1
-1
873 1
-1
75 1
-1
-1
118 1
4786 1
1615 1
-1
-1
1037 2
-1
-1
274 1
-1
-1
-1
-1
-1
-1
2837 6
-1
3349 12
-1
297 1
-1
-1
-1
-1
1 2
49 1
-1
144 1
1219 4
-1
1041 4
-1
-1
-1
9 1
-1
3687 2
6 1
-1
-1
-1
-1
2549 2
-1
-1
265 1
-1
338 1
6481 12
-1
-1
-1
1285 1
-1
11059 2
15 2
-1
104 1
2627 2
1767 1
-1
-1
-1
-1
-1
-1
-1
56 1
103 8
-1
-1
-1
3011 6
45 1
5698 3
1539 1
-1
-1
29 50
-1
-1
-1
18 1
-1
159 2
-1
43 4
7 1
184 1
639 1
-1
-1
-1
-1
-1
-1
-1
-1
18 1
895 2
2518 3
26 1
-1
-1
17 21
871 2
39 49
-1
41 7
362 3
-1
-1
-1
-1
267 2
13 1
1416 1
-1
-1
-1
319 1
1152 1
-1
798 1
-1
-1
2813 2
-1
-1
-1
-1
-1
-1
4347 2
1793 1
-1
3935 8
73 1
1709 6
3 1
3791 2
-1
-1
-1
-1
557 1
-1
290 1
-1
717 1
-1
-1
-1
-1
-1
679 12
-1
1063 2
95 1
362 1
-1
-1
-1
896 1
245 17
-1
-1
113 2
455 3
-1
442 1
-1
-1
-1
-1
-1
-1
-1
-1
-1
-1
-1
-1
-1
-1
970 1
-1
1306 9
-1
-1
-1
114 1
1822 1
-1
-1
-1
46 1
2 1
969 2
-1
-1
3 1
8337 19
-1
-1
-1
-1
-1
-1
-1
131 1
-1
-1
522 1
1303 1
8 1
717 4
12 1
-1
-1
-1
-1
2774 1
-1
1552 1
786 23
-1
264 1
-1
1070 21
31 1
3 5
3 1
618 11
-1
22 1
-1
-1
954 1
-1
15 1
-1
-1
-1
207 2
-1
-1
-1
-1
-1
-1
-1
-1
-1
-1
-1
-1
1481 2
55 1
1 2
-1
-1
1641 1
1735 1
-1
-1
-1
-1
172 1
-1
-1
2207 3
-1
799 2
-1
-1
-1
-1
-1
59 1
-1
-1
181 6
21 1
1226 1
-1
3567 1
-1
161 1
-1
961 1
-1
-1
115 2
113 2
9 1
-1
2 1
-1
59 2
151 3
-1
3223 1
-1
-1
-1
-1
-1
366 1
-1
3551 2
-1
1559 2
71 1
-1
-1
-1
-1
403 1
179 1
-1
-1
2901 7
-1
-1
-1
-1
-1
6043 1
-1
-1
-1
-1
-1
4 1
-1
-1
-1
-1
-1
581 11
4883 2
-1
-1
-1
-1
-1
27 1
-1
4 1
-1
540 1
254 1
614 13
-1
386 1
51 2
-1
-1
-1
-1
-1
-1
-1
-1
29 20
2410 1
-1
-1
1777 1
15 1
-1
-1
-1
-1
-1
-1
-1
-1
-1
301 1
7 12
-1
4609 1
1579 3
-1
4659 2
24 1
-1
9851 1
-1
22 1
1844 1
92 1
4331 2
-1
-1
664 1
67 1
147 1
16 21
-1
124 1
-1
-1
-1
5 2
-1
-1
37 1
-1
-1
1577 1
-1
-1
60 1
-1
-1
-1
-1
78 1
-1
282 1
991 1
-1
-1
-1
798 1
-1
-1
-1
-1
-1
357 1
3298 1
-1
-1
162 1
9 2
-1
244 7
55 21
-1
-1
-1
1610 1
-1
201 1
-1
455 1
-1
-1
-1
-1
-1
-1
-1
-1
-1
11 2
-1
1566 1
4273 2
23 1
-1
-1
679 1
-1
-1
1779 2
5451 20
-1
489 1
-1
525 1
-1
-1
1673 3
345 1
429 1
-1
-1
130 1
-1
-1
-1
-1
243 1
-1
-1
-1
-1
-1
1843 12
23 1
-1
-1
-1
-1
563 1
-1
359 2
-1
-1
-1
-1
-1
-1
-1
-1
-1
171 1
10 1
-1
93 1
-1
-1
-1
-1
396 13
-1
3397 1
-1
29 2
57 1
-1
-1
-1
-1
-1
-1
-1
-1
-1
-1
-1
4 29
-1
-1
2456 1
-1
-1
-1
-1
-1
-1
-1
2055 2
1627 2
-1
-1
-1
-1
577 3
-1
235 2
-1
-1
222 7
-1
323 1
-1
94 1
-1
-1
-1
907 3
-1
-1
-1
-1
-1
-1
5 4
-1
-1
147 2
-1
80 1
-1
-1
30 1
2573 6
325 7
581 25
-1
1157 2
1018 1
-1
-1
-1
-1
106 1
-1
-1
-1
-1
-1
-1
229 1
-1
-1
-1
-1
-1
-1
6 1
568 1
-1
3693 7
3 2
68 23
251 4
-1
281 7
101 2
-1
10 1
2071 1
-1
2521 9
-1
-1
-1
-1
-1
-1
57 1
67 1
-1
397 1
28 1
-1
-1
922 1
-1
313 3
-1
3494 5
5 4
-1
-1
-1
23 1
4219 3
-1
-1
-1
-1
221 1
95 37
513 1
1898 3
-1
-1
833 1
598 27
-1
-1
-1
14 1
733 2
-1
-1
1848 1
157 1
-1
10 7
6264 1
-1
-1
-1
100 1
3998 1
-1
544 1
7529 16
-1
389 1
-1
15 1
-1
-1
-1
-1
-1
-1
2371 17
-1
-1
16 1
315 1
-1
-1
-1
-1
-1
6404 7
467 1
821 1
-1
83 3
3679 8
-1
-1
-1
25 1
-1
-1
-1
-1
-1
-1
-1
-1
-1
-1
-1
506 1
546 1
598 1
-1
-1
-1
-1
-1
71 2
-1
