-1
113 4
-1
1201 3
-1
1093 2
-1
-1
-1
1130 9
-1
-1
-1
-1
-1
-1
-1
-1
225 1
-1
959 2
-1
-1
-1
-1
5 2
-1
-1
-1
-1
-1
-1
1151 2
-1
-1
-1
52 1
-1
-1
-1
-1
-1
15 29
-1
585 4
-1
35 1
-1
-1
-1
-1
265 1
-1
-1
-1
476 1
-1
7 1
965 3
-1
12086 7
-1
5 2
-1
-1
-1
-1
8 1
-1
673 3
-1
360 1
7916 1
-1
-1
2428 3
-1
-1
2303 2
3005 2
5398 1
-1
1130 1
-1
99 1
5 1
-1
140 1
433 1
-1
1964 9
427 1
-1
-1
-1
-1
-1
881 1
-1
-1
-1
149 2
1669 1
-1
-1
-1
195 2
490 1
-1
-1
-1
681 2
-1
113 1
-1
113 1
-1
194 1
-1
-1
26 1
-1
-1
-1
81 2
-1
41 36
-1
-1
-1
3205 17
-1
42 1
929 2
248 3
-1
-1
-1
923 3
-1
-1
-1
62 1
61 29
-1
-1
-1
-1
-1
-1
-1
-1
-1
-1
3373 1
-1
933 1
-1
-1
881 1
69 1
-1
1142 3
-1
639 4
-1
-1
-1
-1
6175 3
-1
-1
-1
-1
229 1
195 1
-1
732 1
4181 12
-1
199 2
12 1
-1
73 1
-1
407 1
-1
-1
-1
-1
2655 4
-1
-1
388 1
-1
-1
349 2
-1
94 1
1 19
5519 6
-1
344 5
-1
5415 8
-1
-1
1702 1
-1
1573 9
-1
4007 2
-1
-1
-1
71 1
1115 3
428 1
-1
-1
-1
-1
-1
130 1
16 1
-1
59 4
-1
216 1
159 1
-1
-1
-1
-1
267 1
-1
-1
-1
191 4
-1
-1
52 1
418 1
-1
141 2
-1
-1
-1
-1
-1
-1
-1
2218 5
-1
8 5
390 1
-1
385 1
-1
1580 1
-1
215 1
-1
155 2
-1
-1
-1
807 4
21 2
-1
-1
-1
-1
-1
-1
31 2
-1
-1
-1
2340 1
881 1
139 1
3623 2
-1
-1
-1
-1
194 3
-1
-1
-1
-1
-1
-1
-1
352 1
-1
-1
713 1
293 2
841 2
-1
-1
-1
660 1
130 1
-1
-1
-1
-1
1754 1
238 1
-1
201 7
376 1
11 9
-1
-1
-1
-1
-1
-1
-1
-1
73 5
-1
-1
-1
635 3
-1
-1
-1
-1
-1
-1
-1
417 1
-1
-1
-1
-1
-1
-1
122 9
65 1
43 1
93 1
18 1
-1
7317 4
68 1
658 1
-1
505 1
-1
-1
-1
-1
-1
247 1
-1
-1
19 1
-1
-1
-1
-1
-1
-1
-1
-1
-1
-1
-1
697 4
527 2
-1
994 1
-1
1269 2
-1
-1
-1
23 2
-1
-1
-1
-1
3672 5
8689 4
415 1
81 2
71 1
-1
353 1
-1
-1
626 1
-1
1 2
-1
221 2
-1
217 2
-1
-1
-1
485 1
-1
-1
4747 2
-1
454 1
893 4
-1
940 1
44 1
1 2
-1
83 1
1585 3
780 1
73 1
9 4
165 56
143 1
-1
165 1
-1
-1
-1
-1
1792 1
-1
29 2
777 5
25 33
-1
-1
201 1
-1
37 1
1642 5
-1
-1
-1
-1
-1
4 1
-1
53 5
54 1
-1
3 49
-1
-1
-1
-1
87 1
-1
-1
1969 2
-1
-1
-1
-1
2608 1
212 1
-1
266 1
-1
-1
-1
3278 23
-1
135 4
1907 2
31 101
-1
-1
-1
-1
-1
863 2
239 1
-1
7 3
109 3
172 3
-1
-1
-1
-1
-1
-1
79 1
-1
-1
-1
748 1
-1
-1
-1
-1
6599 1
-1
-1
-1
214 17
-1
2107 2
-1
-1
-1
1345 1
249 1
-1
-1
-1
-1
-1
265 1
-1
-1
-1
1954 1
-1
-1
770 3
-1
-1
32 1
-1
9622 1
-1
243 1
1456 1
184 1
3787 2
-1
3767 4
576 1
-1
-1
289 2
91 3
93 10
-1
677 2
-1
11 2
-1
69 4
-1
161 6
-1
-1
-1
-1
-1
-1
-1
-1
-1
-1
504 1
6533 8
195 2
-1
-1
-1
-1
-1
2232 1
82 1
-1
409 2
180 1
-1
1132 3
-1
595 2
-1
-1
185 1
178 1
-1
-1
-1
-1
-1
1055 1
386 3
-1
-1
-1
-1
-1
-1
284 1
1161 1
3916 7
45 1
-1
-1
171 2
-1
-1
-1
11 1
466 1
-1
456 1
-1
-1
-1
122 1
-1
321 1
-1
6 1
1387 13
-1
-1
107 2
461 4
-1
-1
-1
-1
724 1
-1
-1
12283 2
-1
4886 3
788 1
-1
-1
-1
-1
-1
-1
-1
92 1
-1
2419 1
580 7
646 9
3442 1
2 3
4793 1
-1
9661 2
-1
2 1
-1
-1
2683 3
-1
51 1
-1
375 1
-1
-1
1534 3
117 1
-1
-1
7052 3
-1
308 1
657 2
-1
-1
427 1
-1
-1
-1
-1
877 1
-1
-1
8 1
-1
1289 1
-1
177 2
-1
-1
16 1
100 3
-1
691 1
-1
-1
-1
39 47
-1
-1
252 1
730 1
308 1
33 1
410 1
-1
-1
-1
-1
-1
333 1
-1
-1
1062 1
1213 2
249 1
-1
-1
1633 2
-1
-1
67 1
-1
-1
-1
916 3
3565 1
-1
-1
-1
1581 1
-1
213 4
3078 1
-1
-1
-1
920 1
1191 10
-1
-1
-1
-1
134 3
-1
-1
-1
13 1
-1
3 2
617 2
209 1
3753 2
853 1
-1
-1
393 2
1917 1
9 1
211 5
-1
486 1
-1
-1
-1
877 1
-1
-1
-1
-1
-1
-1
-1
86 1
52 1
781 1
34 1
176 1
-1
-1
-1
-1
-1
-1
3817 25
-1
2859 2
183 1
1495 6
173 3
-1
-1
155 49
-1
-1
-1
-1
220 1
-1
-1
-1
-1
-1
-1
211 1
-1
-1
-1
-1
-1
173 2
1643 7
-1
1809 2
222 1
895 1
-1
-1
-1
-1
255 1
-1
1687 1
-1
-1
-1
-1
464 1
2747 1
-1
-1
-1
-1
497 1
-1
-1
-1
-1
-1
-1
-1
-1
-1
-1
1477 1
-1
-1
-1
209 2
419 2
-1
1710 1
-1
12356 7
20 1
-1
-1
-1
-1
1633 2
-1
-1
-1
-1
13 6
-1
273 1
-1
-1
-1
-1
-1
-1
-1
-1
345 2
22 1
136 3
-1
403 1
-1
-1
-1
-1
55 1
-1
-1
-1
-1
-1
-1
-1
1163 12
2129 1
1026 1
-1
3136 3
-1
-1
-1
-1
-1
4839 4
333 1
-1
3823 25
242 1
-1
-1
1179 10
-1
78 1
-1
-1
-1
6 11
-1
137 2
-1
-1
-1
-1
-1
-1
238 1
-1
-1
10 23
-1
1950 1
-1
132 1
-1
-1
-1
853 7
-1
931 2
-1
-1
-1
-1
-1
-1
-1
1624 1
-1
1425 1
-1
-1
-1
-1
-1
-1
-1
835 3
-1
845 1
-1
937 2
-1
-1
-1
480 1
768 5
48 1
18 17
-1
293 1
-1
-1
-1
2851 13
6043 3
-1
-1
7 1
-1
-1
-1
270 1
1337 4
-1
-1
-1
-1
-1
1157 7
-1
-1
-1
-1
2726 5
-1
-1
-1
-1
300 1
-1
-1
