7963 3
-1
-1
-1
-1
2743 4
2827 1
-1
310 3
-1
-1
-1
889 1
-1
-1
1216 1
-1
76 1
228 1
-1
-1
11 1
500 1
-1
61 2
-1
71 1
46 1
591 2
-1
-1
1219 1
-1
-1
-1
-1
-1
25 1
-1
-1
-1
-1
124 7
-1
-1
-1
-1
-1
156 1
-1
1090 1
-1
-1
616 3
314 1
-1
519 1
-1
19 1
-1
305 2
12686 55
124 103
6 19
959 1
-1
-1
-1
499 1
-1
-1
-1
-1
-1
-1
-1
1381 1
-1
-1
-1
281 1
-1
-1
191 4
-1
578 1
143 2
-1
-1
-1
-1
499 1
-1
-1
-1
5506 1
-1
-1
-1
69 2
13 1
393 4
1073 6
-1
151 1
4645 1
-1
2633 5
-1
-1
22 5
-1
-1
-1
-1
236 1
-1
1345 1
-1
1197 1
296 15
-1
96 1
8 11
-1
-1
40 9
162 1
-1
-1
140 1
97 3
66 1
-1
-1
4 3
-1
-1
-1
-1
-1
23 1
-1
-1
-1
588 1
-1
2062 1
19 1
-1
831 8
-1
-1
221 1
-1
-1
2174 3
-1
-1
661 1
-1
8 5
-1
-1
-1
5677 1
962 1
-1
65 1
-1
-1
1038 1
-1
-1
-1
-1
-1
361 2
4173 5
1579 2
347 2
2622 7
255 2
130 1
-1
36 31
1496 1
-1
-1
-1
-1
184 1
305 3
-1
3 1
299 1
2381 2
-1
992 5
-1
-1
6783 4
-1
21 1
-1
56 33
31 10
-1
-1
41 4
-1
1841 3
-1
41 3
-1
777 2
-1
-1
-1
1564 3
3484 1
4577 10
-1
16 1
-1
5 2
31 2
160 7
-1
-1
-1
-1
-1
-1
9 26
1010 1
-1
-1
1155 2
-1
10630 1
-1
250 1
3516 1
-1
187 3
119 5
-1
3981 1
3997 3
66 1
-1
-1
510 1
141 2
-1
-1
2129 1
247 2
-1
107 2
-1
6841 4
341 3
-1
523 1
2225 1
-1
157 3
37 1
-1
-1
-1
-1
-1
-1
-1
88 1
-1
361 1
-1
-1
-1
-1
267 1
-1
1342 1
-1
110 1
169 1
1581 1
370 1
-1
8560 1
-1
8345 16
-1
12 17
4423 7
-1
-1
1637 1
-1
6168 1
1306 3
403 2
2404 1
-1
-1
-1
66 1
-1
-1
252 1
-1
-1
-1
425 2
-1
-1
-1
-1
-1
-1
4820 1
-1
-1
-1
-1
-1
1563 1
-1
-1
-1
-1
-1
-1
46 1
87 1
-1
-1
-1
-1
-1
-1
-1
718 1
729 4
38 3
-1
-1
-1
1339 1
-1
-1
-1
-1
-1
-1
265 1
-1
-1
-1
-1
-1
-1
-1
-1
-1
-1
-1
-1
33 2
321 1
-1
-1
-1
-1
-1
-1
-1
-1
-1
-1
-1
-1
-1
219 1
1424 3
1762 1
-1
371 1
-1
567 1
-1
-1
121 1
-1
-1
-1
9 2
-1
303 2
1185 2
-1
-1
-1
-1
-1
-1
1448 1
-1
742 3
1655 1
-1
-1
176 1
-1
-1
-1
-1
-1
-1
1431 2
-1
-1
-1
-1
-1
-1
7 12
862 1
-1
-1
-1
-1
3139 1
-1
213 2
145 3
152 7
-1
-1
-1
2180 1
184 1
-1
-1
855 1
813 4
-1
-1
-1
90 1
-1
-1
-1
-1
218 3
-1
-1
-1
-1
-1
-1
-1
-1
-1
-1
1327 1
-1
-1
3294 13
-1
-1
226 1
-1
-1
-1
-1
1095 1
123 2
47 15
815 3
-1
-1
32 3
11 2
-1
262 1
-1
-1
1758 1
-1
-1
-1
-1
-1
56 3
1332 1
-1
-1
-1
-1
210 1
73 2
100 1
1861 2
102 1
3718 1
-1
-1
2906 17
309 7
-1
-1
-1
712 1
1617 2
-1
551 16
1241 2
1152 1
-1
1185 1
357 2
-1
34 1
-1
-1
-1
569 1
-1
-1
715 1
-1
-1
203 1
-1
-1
-1
-1
301 1
-1
-1
2698 1
-1
1359 2
-1
1 2
22 1
49 2
12470 7
422 3
-1
-1
5353 2
-1
-1
-1
1537 2
547 2
-1
-1
-1
3049 12
-1
1157 7
18 1
1 2
-1
516 1
-1
1315 4
409 3
1529 1
1644 7
-1
-1
-1
21 16
1775 3
1100 1
4409 5
-1
-1
308 1
8 11
-1
-1
-1
340 1
-1
910 1
-1
-1
-1
89 3
-1
-1
-1
1157 2
14 1
1720 1
14 1
-1
169 1
-1
-1
-1
6235 2
-1
-1
706 1
-1
-1
-1
-1
-1
-1
-1
317 1
-1
-1
-1
-1
-1
-1
-1
1273 7
3197 6
-1
66 1
94 1
2377 1
-1
-1
-1
-1
-1
196 1
336 1
808 1
39 5
-1
239 1
-1
-1
-1
11 1
-1
239 1
3599 2
-1
-1
2897 9
104 1
-1
254 1
-1
337 1
407 2
-1
1853 3
-1
-1
-1
-1
57 4
47 1
-1
-1
1569 2
-1
84 5
-1
-1
-1
-1
191 1
-1
-1
1342 1
2259 1
-1
1450 3
23 2
-1
361 2
5 2
-1
2954 23
77 2
232 1
65 4
-1
-1
-1
-1
-1
-1
-1
4896 1
-1
-1
-1
-1
-1
79 1
-1
-1
-1
-1
427 1
551 2
-1
61 2
-1
100 1
-1
-1
140 1
-1
756 1
1807 14
-1
-1
-1
2753 1
213 1
-1
-1
-1
-1
-1
-1
47 1
1905 2
-1
12 1
-1
780 1
-1
220 1
732 11
137 1
-1
-1
19 51
-1
37 2
6728 7
-1
-1
331 1
1945 2
-1
-1
-1
-1
537 2
69 7
-1
-1
10 3
-1
-1
-1
1729 3
-1
-1
-1
-1
-1
-1
-1
2413 5
-1
3007 14
119 1
-1
-1
983 1
5 2
747 2
10 1
-1
3 1
-1
-1
39 1
-1
-1
46 7
-1
528 1
-1
3 1
-1
-1
-1
3287 2
99 1
414 5
-1
-1
50 1
-1
-1
-1
22 1
449 2
-1
438 1
923 1
7 5
-1
-1
44 1
-1
-1
91 1
-1
159 4
-1
89 1
571 1
-1
147 1
-1
-1
-1
-1
-1
127 1
-1
-1
-1
-1
-1
81 49
-1
75 1
-1
63 4
182 1
4057 2
-1
-1
-1
-1
5 2
-1
-1
5565 8
-1
301 2
1 2
-1
-1
-1
-1
10211 2
223 1
511 2
614 1
1884 1
-1
-1
-1
1089 1
117 2
4585 6
-1
7293 2
2674 3
167 1
-1
-1
-1
197 1
-1
37 2
-1
-1
308 13
-1
59 2
12 1
16 1
28 1
-1
-1
531 1
-1
-1
8308 1
136 1
43 18
-1
-1
-1
-1
-1
151 2
395 1
-1
-1
77 3
-1
-1
1561 1
361 2
175 1
937 2
2836 7
3 1
-1
-1
-1
19 1
-1
-1
-1
-1
1701 1
9 1
-1
-1
-1
4409 6
12 1
110 1
-1
-1
148 1
184 1
4 5
4774 1
-1
24 1
-1
-1
-1
32 1
4 1
-1
-1
-1
-1
61 1
-1
1608 1
681 1
-1
-1
-1
95 3
-1
834 1
-1
159 4
470 7
-1
-1
-1
-1
331 1
171 1
135 1
-1
-1
-1
1714 3
-1
8 1
659 1
-1
-1
-1
724 7
-1
-1
-1
-1
-1
-1
121 1
-1
1958 3
273 1
651 2
-1
3625 1
301 1
2460 1
1606 3
-1
-1
-1
