-1
-1
1123 2
1418 1
1582 5
-1
-1
-1
-1
-1
207 1
221 4
-1
-1
-1
-1
975 1
-1
5090 3
-1
-1
6 5
31 1
-1
-1
-1
-1
-1
1262 7
-1
-1
-1
-1
710 1
-1
1 4
-1
-1
-1
-1
-1
1667 1
-1
-1
-1
-1
-1
-1
-1
-1
91 2
-1
-1
167 9
-1
16 1
-1
-1
1366 1
-1
126 1
215 1
-1
-1
-1
1668 1
-1
103 1
-1
-1
2183 1
201 4
-1
1483 2
49 2
-1
-1
-1
-1
-1
-1
1641 2
1329 1
-1
-1
2651 1
3471 4
-1
223 2
-1
152 1
-1
-1
6199 45
-1
-1
624 1
764 1
-1
23 1
-1
-1
417 1
-1
-1
-1
-1
73 1
-1
462 1
-1
-1
-1
-1
-1
3449 2
1653 2
-1
-1
-1
-1
-1
-1
-1
-1
5 7
37 4
1052 1
-1
-1
7484 11
-1
370 1
708 1
-1
-1
-1
-1
-1
92 9
159 4
2293 3
-1
3381 4
-1
314 11
161 2
-1
-1
-1
-1
-1
411 1
15 1
-1
-1
2 25
-1
-1
11039 1
-1
250 3
-1
2190 1
223 2
-1
88 1
-1
-1
-1
-1
1 2
2596 1
157 1
905 1
-1
487 1
908 3
1130 11
-1
-1
-1
-1
-1
-1
13781 12
253 1
2 23
815 3
207 1
-1
-1
35 34
22 1
-1
1582 5
-1
-1
-1
-1
-1
-1
-1
905 1
1551 1
88 7
64 1
-1
59 2
-1
134 1
4051 2
866 1
-1
-1
-1
358 9
61 6
-1
5658 1
436 1
191 1
-1
-1
-1
-1
-1
109 2
45 1
9 1
791 2
462 1
293 2
-1
-1
-1
-1
-1
505 2
-1
-1
-1
-1
-1
6289 8
-1
-1
76 3
-1
-1
-1
-1
596 1
566 21
1999 1
-1
-1
2432 5
-1
-1
-1
465 1
1049 2
-1
-1
332 3
-1
150 1
7472 5
-1
-1
-1
70 1
112 1
885 2
86 1
3887 5
-1
1282 9
-1
316 1
1284 1
-1
-1
-1
-1
-1
-1
-1
-1
76 1
-1
370 1
-1
1737 2
-1
-1
1008 1
-1
-1
-1
-1
92 7
-1
-1
-1
-1
-1
-1
144 1
-1
-1
-1
-1
-1
-1
-1
-1
-1
-1
-1
2625 2
-1
-1
9 1
41 1
314 1
-1
365 1
91 5
-1
-1
50 1
-1
910 1
-1
825 1
-1
-1
-1
1301 3
1110 1
-1
195 1
-1
1407 1
33 1
-1
-1
-1
560 1
-1
1025 1
-1
333 1
-1
7143 2
7637 24
-1
-1
-1
-1
-1
121 4
-1
-1
-1
620 1
-1
4667 2
-1
565 2
-1
-1
9794 1
10 1
11 1
18 1
-1
-1
772 5
-1
-1
-1
43 2
-1
-1
89 2
-1
6341 2
-1
-1
-1
6 1
10425 2
-1
-1
-1
20 1
-1
-1
1603 1
-1
-1
-1
50 1
115 58
2295 4
1066 1
-1
-1
-1
-1
23 3
-1
-1
872 1
175 1
-1
-1
160 1
3409 3
693 1
397 2
-1
-1
-1
357 5
-1
-1
775 4
-1
-1
-1
293 8
-1
726 5
665 1
-1
11 6
-1
-1
-1
-1
-1
-1
446 1
-1
492 1
-1
399 5
-1
314 1
-1
-1
-1
-1
1 2
-1
2295 4
50 1
-1
109 2
27 47
1175 2
-1
251 5
-1
-1
505 2
-1
-1
-1
353 1
608 1
-1
-1
5313 2
393 1
-1
-1
3 2
855 4
185 8
243 2
-1
-1
-1
-1
-1
4375 22
3566 3
-1
31 2
-1
5 3
429 1
-1
-1
-1
-1
-1
52 1
27 1
561 1
142 1
-1
-1
-1
-1
-1
-1
-1
405 1
5 4
3875 12
-1
-1
73 1
-1
-1
-1
-1
-1
-1
622 1
527 14
-1
-1
140 1
-1
956 1
-1
305 1
-1
-1
160 1
-1
-1
2293 2
-1
-1
767 2
-1
1473 2
-1
-1
-1
-1
-1
-1
-1
-1
151 15
-1
-1
-1
13 9
-1
-1
935 2
7 1
987 4
-1
1108 5
-1
-1
7477 1
31 8
45 1
4261 7
574 3
-1
-1
511 3
12 1
-1
1213 1
312 1
-1
-1
-1
1651 2
-1
-1
-1
-1
-1
-1
-1
-1
42 1
4 1
357 1
-1
-1
11 1
-1
39 2
-1
-1
-1
1186 3
-1
7 1
-1
-1
1150 1
5 1
34 1
86 1
-1
418 3
-1
2094 1
-1
-1
-1
-1
-1
-1
-1
-1
-1
-1
-1
251 2
-1
360 1
-1
1623 1
-1
1219 3
-1
-1
226 1
32 1
314 1
236 1
-1
-1
-1
-1
304 1
762 1
-1
-1
198 1
-1
-1
-1
9 2
1871 2
-1
-1
397 1
116 3
-1
-1
145 4
-1
-1
1857 5
177 1
-1
425 1
-1
4247 2
-1
-1
822 1
1289 2
-1
-1
52 1
-1
-1
6095 1
1899 16
55 2
-1
-1
-1
340 1
-1
245 2
-1
-1
-1
650 3
4467 2
-1
-1
-1
218 1
-1
66 1
-1
449 2
-1
-1
2408 13
-1
10 1
-1
31 12
-1
-1
-1
512 1
8 1
-1
73 3
3628 1
-1
9 2
15 1
153 1
-1
-1
-1
928 1
-1
-1
-1
29 5
-1
-1
4811 26
1264 3
59 1
-1
267 7
40 1
-1
-1
-1
-1
-1
563 1
767 1
3973 2
1065 1
-1
400 1
1269 5
-1
-1
-1
236 1
-1
1908 1
742 1
-1
3118 1
-1
-1
-1
1162 1
229 2
1533 8
-1
-1
-1
428 1
-1
-1
32 1
-1
-1
727 3
-1
-1
-1
-1
2614 1
-1
-1
-1
-1
-1
-1
-1
-1
-1
-1
265 1
32 1
289 2
-1
-1
-1
-1
-1
1399 2
-1
-1
-1
-1
13 2
-1
15 1
1871 1
-1
-1
-1
-1
-1
357 2
305 1
-1
-1
-1
760 3
-1
-1
-1
-1
8499 8
-1
53 1
-1
-1
-1
-1
-1
-1
8 1
-1
-1
22 41
921 1
657 4
26 1
1997 2
-1
3929 1
193 1
-1
-1
406 1
544 3
713 1
-1
-1
149 3
-1
-1
-1
-1
-1
-1
-1
1811 1
-1
-1
-1
-1
5688 1
-1
1261 1
179 3
-1
-1
-1
-1
25 1
-1
103 1
-1
-1
1567 1
87 1
110 1
950 7
-1
-1
-1
-1
-1
307 7
75 1
-1
2066 1
-1
-1
339 1
-1
-1
-1
-1
-1
-1
-1
-1
-1
-1
269 1
-1
-1
-1
-1
-1
-1
-1
218 1
-1
-1
-1
-1
-1
-1
-1
62 1
13653 5
2188 1
-1
-1
35 2
-1
5911 1
1103 1
-1
-1
-1
1 4
-1
281 3
-1
597 1
-1
-1
-1
-1
-1
5103 8
312 1
2264 1
-1
-1
18 1
-1
-1
2319 2
-1
-1
-1
2 1
-1
-1
-1
-1
4866 7
3537 11
-1
-1
-1
11 16
-1
-1
156 1
-1
-1
45 2
-1
65 3
-1
371 1
-1
1299 11
-1
1042 1
-1
927 1
-1
610 3
-1
8123 2
-1
-1
188 1
-1
-1
1472 1
180 1
-1
-1
4 1
528 1
-1
142 1
3907 2
1103 3
-1
293 1
-1
33 2
-1
-1
2 3
-1
-1
2 1
339 4
419 2
-1
-1
-1
774 1
11521 1
-1
650 1
-1
922 3
1774 1
2 1
-1
-1
509 1
374 1
782 1
1478 1
-1
-1
-1
-1
-1
-1
-1
-1
121 2
-1
2 1
255 1
597 1
393 2
-1
-1
84 1
-1
-1
-1
-1
5047 10
-1
-1
1537 2
-1
-1
-1
-1
714 1
1617 1
-1
538 3
-1
-1
-1
-1
-1
852 1
-1
-1
-1
73 1
-1
-1
-1
-1
-1
65 1
414 1
-1
-1
-1
1275 2
-1
668 7
27 2
473 5
-1
-1
-1
-1
4222 1
2871 1
-1
-1
521 1
129 1
64 1
-1
1731 1
-1
-1
-1
4635 14
209 2
-1
971 3
177 2
2363 1
-1
-1
500 7
1069 2
-1
59 1
2660 1
-1
67 3
86 1
-1
1790 1
-1
1235 6
-1
-1
-1
6631 2
-1
90 1
-1
1322 1
-1
728 1
-1
-1
3511 3
1034 5
-1
-1
-1
-1
53 17
-1
270 1
63 1
-1
690 1
1141 3
27 1
999 2
-1
-1
-1
-1
-1
-1
958 1
271 4
-1
-1
-1
229 1
-1
2561 2
-1
-1
1011 1
-1
-1
-1
1365 1
-1
-1
21 2
952 1
-1
-1
-1
-1
-1
4 1
1277 1
467 3
-1
-1
-1
-1
37 1
3 2
249 2
1549 40
8 1
663 2
688 3
-1
-1
130 1
-1
-1
-1
-1
522 1
-1
125 3
294 1
395 2
5 1
41 46
-1
-1
127 3
-1
91 1
-1
845 1
358 7
-1
-1
-1
-1
-1
74 1
-1
46 3
-1
-1
-1
-1
257 1
4355 1
-1
-1
-1
-1
569 5
11 19
-1
10889 4
-1
56 1
-1
55 1
145 1
57 73
2647 1
-1
467 1
657 2
832 1
-1
-1
-1
26 1
5029 4
-1
-1
46 1
20 1
66 1
-1
-1
-1
-1
7 2
205 1
-1
675 1
416 3
-1
-1
-1
232 1
-1
-1
1790 3
1328 1
-1
-1
2470 3
-1
19 1
-1
-1
-1
-1
-1
-1
316 1
-1
-1
282 1
-1
-1
781 2
-1
908 1
-1
2977 2
1919 1
-1
-1
1700 1
-1
-1
-1
33 1
-1
38 1
-1
-1
164 1
6891 16
-1
875 4
-1
-1
-1
1105 3
195 2
-1
-1
-1
-1
-1
283 1
-1
-1
1178 1
12 1
-1
-1
47 1
-1
16 31
-1
-1
-1
970 1
-1
71 7
89 5
4953 2
-1
127 1
581 1
139 1
-1
-1
5369 2
-1
-1
136 3
11 3
352 5
6131 3
311 1
1393 1
-1
-1
-1
557 7
-1
-1
-1
740 1
-1
124 1
3 5
2 1
-1
-1
-1
178 3
-1
-1
-1
-1
-1
-1
-1
775 3
116 1
190 1
-1
-1
750 1
-1
59 5
-1
8 1
687 2
-1
-1
-1
94 1
653 1
-1
-1
-1
-1
-1
-1
34 1
848 1
-1
2004 1
21 34
3973 4
-1
49 1
-1
-1
114 13
-1
52 3
-1
-1
17 1
147 1
1150 1
-1
-1
-1
257 1
-1
1010 1
-1
-1
-1
-1
-1
-1
-1
73 3
-1
-1
400 17
202 5
2628 1
-1
519 2
-1
1505 1
29 16
-1
-1
-1
694 1
486 1
583 14
1064 1
2346 1
-1
271 2
-1
1599 2
-1
-1
-1
-1
3601 1
-1
-1
163 1
2138 1
-1
-1
-1
-1
3792 5
-1
-1
-1
-1
-1
224 1
-1
11 8
-1
-1
15 1
-1
-1
1033 25
860 3
621 1
-1
238 1
-1
2203 2
-1
-1
1955 1
-1
-1
-1
-1
-1
-1
-1
-1
56 3
-1
4366 15
-1
283 8
23 2
-1
-1
-1
4907 27
-1
298 1
4295 7
571 7
44 1
-1
-1
536 3
3096 5
-1
1057 1
63 1
-1
98 1
-1
1100 3
-1
-1
373 2
-1
31 3
1059 2
-1
-1
-1
-1
-1
-1
-1
126 1
-1
80 1
-1
-1
3029 1
-1
-1
181 1
23 1
-1
-1
-1
-1
25 38
-1
-1
-1
427 2
-1
24 5
270 1
173 2
-1
33 1
2016 5
727 19
-1
-1
-1
249 5
-1
-1
1901 1
-1
44 1
8173 30
-1
9899 32
-1
967 1
1527 2
-1
-1
-1
7 11
5 1
-1
-1
-1
-1
-1
491 2
332 1
-1
-1
33 16
-1
74 5
-1
207 1
-1
-1
-1
-1
-1
-1
-1
-1
2963 5
-1
-1
1685 2
-1
-1
-1
-1
75 1
-1
-1
-1
1201 1
-1
-1
685 3
-1
1535 6
-1
10056 1
301 9
-1
-1
-1
-1
-1
-1
-1
-1
-1
-1
33 1
-1
224 5
-1
-1
100 17
73 2
13 2
-1
147 2
-1
-1
-1
-1
-1
-1
297 1
-1
-1
-1
41 2
294 1
1688 1
805 4
-1
-1
-1
-1
-1
698 5
23 3
107 1
-1
-1
-1
360 1
-1
-1
-1
-1
-1
2079 1
2491 1
-1
-1
9 1
-1
53 1
453 1
214 1
204 1
-1
3 2
-1
12 61
2026 1
-1
-1
-1
10515 7
-1
21 1
-1
-1
-1
432 1
-1
79 1
-1
-1
3 10
-1
-1
-1
-1
1237 1
2434 1
2057 1
2555 3
975 8
-1
88 1
-1
-1
-1
-1
-1
100 1
14 3
13 3
-1
-1
356 3
-1
-1
111 5
-1
-1
-1
809 17
-1
1525 1
-1
1763 1
311 1
-1
7 2
-1
-1
1293 61
-1
-1
-1
7012 17
-1
-1
-1
-1
212 3
-1
1719 2
-1
576 5
-1
-1
-1
94 11
-1
-1
-1
11 16
-1
-1
-1
-1
-1
-1
-1
-1
4030 7
490 1
-1
6552 5
-1
-1
-1
-1
9 1
-1
26 1
-1
1346 5
206 1
-1
-1
-1
-1
125 2
-1
1539 11
13 2
-1
-1
-1
-1
57 1
-1
-1
3006 1
-1
3992 1
-1
-1
225 1
-1
-1
178 1
-1
536 1
82 1
-1
862 1
-1
-1
97 4
13 54
-1
-1
6134 7
749 2
-1
-1
627 2
-1
-1
825 4
-1
238 1
42 1
-1
675 1
-1
-1
-1
-1
-1
-1
11 10
-1
1106 1
-1
-1
88 3
-1
202 3
-1
127 1
4133 1
-1
-1
169 1
-1
-1
-1
141 4
-1
632 3
-1
-1
-1
-1
-1
-1
211 1
-1
-1
35 1
-1
-1
-1
-1
3557 1
857 5
-1
203 2
423 1
141 2
-1
-1
13 2
211 1
231 2
-1
8 1
-1
909 26
-1
45 1
-1
-1
-1
-1
-1
5463 2
-1
-1
3241 1
-1
-1
-1
1153 1
7 1
469 1
-1
-1
-1
-1
80 1
-1
67 1
887 1
961 23
-1
-1
358 1
47 1
-1
5 3
5400 1
4848 1
-1
-1
-1
-1
253 1
-1
-1
1788 1
-1
-1
4783 4
-1
-1
-1
-1
834 7
197 1
83 3
-1
-1
5 2
-1
-1
-1
-1
-1
-1
-1
-1
25 2
-1
1321 1
1573 1
-1
-1
-1
-1
-1
487 4
-1
-1
-1
-1
-1
568 1
177 1
874 3
-1
-1
671 1
371 1
-1
323 1
-1
1159 4
110 1
-1
-1
297 7
763 9
991 1
-1
-1
403 1
-1
-1
-1
-1
-1
-1
-1
1193 1
-1
-1
43 1
43 3
-1
-1
-1
-1
-1
2611 1
-1
-1
403 3
-1
-1
3263 1
9105 2
-1
-1
71 1
930 1
-1
248 3
7577 12
-1
4453 4
983 2
-1
-1
-1
-1
-1
-1
1047 2
1289 11
-1
770 1
-1
-1
24 1
-1
567 2
467 2
-1
-1
-1
-1
-1
1412 1
-1
-1
-1
-1
584 1
-1
320 1
-1
-1
-1
-1
2428 1
-1
-1
233 2
-1
202 1
-1
739 7
-1
-1
-1
-1
342 1
-1
-1
-1
345 2
-1
61 4
200 1
198 1
-1
-1
-1
-1
2541 1
75 2
109 1
210 1
-1
-1
108 1
1855 2
3493 1
-1
-1
-1
-1
-1
-1
-1
-1
-1
-1
236 1
-1
-1
-1
243 7
3 1
-1
-1
4350 7
-1
-1
-1
1643 1
3789 1
444 1
-1
-1
4935 4
2040 1
-1
-1
-1
-1
159 7
-1
558 1
2050 3
-1
-1
7629 2
-1
399 1
-1
-1
-1
-1
3865 2
-1
-1
-1
4137 1
8633 1
-1
30 1
-1
-1
-1
279 5
-1
-1
1030 1
-1
-1
-1
-1
-1
-1
1861 2
25 1
82 7
-1
-1
-1
-1
-1
-1
-1
6607 17
-1
89 1
4058 1
-1
-1
-1
2101 1
-1
-1
43 1
364 3
43 21
283 3
-1
2138 1
-1
-1
-1
-1
-1
3831 4
105 2
-1
22 13
106 3
-1
-1
-1
822 7
11497 2
241 2
185 1
47 1
311 1
-1
-1
243 1
-1
-1
424 1
144 1
-1
-1
32 1
-1
-1
42 1
8 1
-1
1253 1
-1
2 3
102 1
-1
-1
76 3
-1
1113 5
231 1
-1
-1
76 1
3011 5
-1
-1
-1
-1
62 1
-1
-1
-1
3 1
-1
419 4
-1
-1
158 1
-1
-1
1647 2
977 9
-1
-1
-1
343 1
-1
603 2
79 8
-1
-1
54 1
27 2
1759 2
-1
-1
75 2
-1
-1
-1
-1
-1
-1
-1
-1
-1
-1
5045 3
-1
95 1
32 1
29 1
148 5
-1
-1
-1
-1
57 1
-1
17 18
-1
-1
-1
-1
-1
-1
-1
1692 1
-1
540 1
-1
-1
-1
-1
-1
-1
-1
-1
-1
-1
-1
-1
253 4
544 1
-1
2625 2
-1
760 1
-1
-1
-1
1342 3
-1
8859 17
-1
-1
91 1
48 1
2103 13
-1
7621 1
1267 3
-1
-1
27 1
123 1
1486 1
-1
7306 5
29 2
496 1
-1
47 1
-1
-1
137 3
-1
235 1
-1
-1
-1
525 2
421 1
-1
1893 2
-1
-1
2412 1
-1
5972 1
-1
339 1
489 2
545 3
-1
1355 1
-1
-1
799 1
-1
-1
-1
-1
-1
417 1
-1
-1
-1
-1
-1
-1
2373 2
-1
-1
-1
492 1
-1
-1
-1
121 3
-1
33 1
-1
-1
-1
-1
-1
-1
2137 4
-1
1 3
-1
101 1
-1
-1
-1
553 13
1061 2
-1
-1
262 9
-1
1277 2
4336 61
-1
-1
104 1
-1
-1
-1
1175 1
411 1
7015 1
-1
-1
490 1
454 5
-1
50 3
-1
-1
215 1
-1
808 17
-1
187 2
-1
14 1
16 1
-1
-1
-1
-1
63 1
-1
-1
-1
-1
-1
-1
1862 1
-1
6006 1
-1
-1
-1
-1
-1
19 1
-1
164 3
-1
-1
-1
-1
370 1
4731 1
5 1
228 1
-1
218 35
-1
-1
-1
49 1
-1
14 1
-1
577 1
670 1
-1
-1
1058 1
-1
2993 1
-1
1135 4
-1
11 1
-1
-1
-1
-1
89 1
-1
3164 5
-1
2515 9
-1
183 1
-1
-1
37 1
-1
691 8
-1
-1
-1
-1
-1
-1
-1
-1
581 1
-1
100 1
-1
2819 14
-1
3 2
2376 1
-1
-1
453 1
-1
-1
-1
2115 1
-1
1433 7
-1
459 2
280 1
-1
-1
314 1
-1
52 5
171 1
4312 1
-1
-1
5551 18
1010 1
-1
-1
-1
-1
420 11
80 1
-1
-1
31 2
-1
-1
35 4
-1
1169 1
-1
-1
-1
-1
-1
-1
-1
951 1
189 25
47 1
-1
-1
185 3
-1
-1
-1
-1
117 1
582 5
-1
88 57
-1
-1
-1
561 5
15 2
-1
-1
-1
1899 4
-1
3590 13
-1
-1
1808 1
-1
-1
-1
361 5
-1
888 1
3095 3
-1
-1
-1
-1
1045 6
4 1
-1
-1
-1
-1
-1
-1
1491 1
563 1
-1
-1
-1
-1
5 3
1355 1
-1
114 1
-1
280 3
-1
-1
-1
65 1
-1
-1
-1
-1
-1
4193 2
-1
246 1
-1
205 2
-1
1078 1
1497 2
-1
-1
508 1
-1
-1
-1
875 3
156 1
140 1
-1
-1
5105 1
94 1
-1
-1
623 1
-1
-1
242 3
257 1
492 1
740 1
-1
465 1
-1
-1
-1
-1
-1
-1
5753 5
6643 5
57 1
-1
-1
19 3
-1
2702 1
1001 2
-1
-1
-1
-1
-1
-1
-1
590 7
1265 1
-1
-1
-1
1721 4
-1
-1
-1
21 1
74 1
13 2
417 1
1252 1
-1
159 2
-1
-1
2463 1
83 1
1631 2
-1
5477 3
711 1
302 7
5408 1
-1
-1
-1
33 1
151 1
-1
-1
-1
-1
-1
1398 1
-1
-1
-1
4993 2
-1
-1
6913 2
-1
-1
-1
-1
-1
-1
-1
-1
1192 1
959 2
-1
-1
-1
-1
-1
-1
1231 6
2029 2
67 30
2839 1
3105 1
5899 22
-1
-1
3494 29
99 4
791 4
-1
797 2
1023 2
-1
-1
-1
1636 1
-1
155 1
-1
1592 5
-1
908 1
43 1
412 1
-1
-1
253 3
-1
-1
1139 1
-1
5 1
19 1
-1
19 1
-1
-1
85 2
-1
-1
-1
-1
155 6
-1
23 1
-1
-1
-1
409 3
1521 11
-1
270 1
-1
-1
-1
-1
583 1
-1
-1
119 8
-1
-1
193 1
9 1
1139 7
2336 1
8747 18
-1
135 1
-1
-1
-1
670 1
-1
-1
1741 3
-1
-1
2407 1
-1
-1
-1
-1
-1
5011 1
-1
844 1
-1
-1
-1
108 1
-1
2739 1
-1
56 1
-1
329 1
476 1
-1
-1
-1
14 1
1496 3
19 6
-1
-1
347 10
-1
-1
369 1
106 5
2225 1
-1
-1
-1
-1
-1
-1
-1
3985 2
31 1
-1
-1
-1
127 55
7163 7
14 1
752 1
-1
-1
1457 1
340 9
1 2
-1
-1
-1
-1
-1
1531 1
-1
-1
373 1
-1
-1
-1
-1
902 1
-1
-1
752 1
-1
-1
-1
-1
9 2
61 3
3542 3
-1
-1
579 2
-1
41 1
3271 1
3427 2
-1
-1
3559 3
-1
-1
-1
-1
1341 1
64 1
1315 3
-1
1303 1
-1
893 1
-1
606 1
1510 9
-1
-1
129 1
328 1
-1
1513 2
25 1
-1
9527 1
-1
1563 1
-1
234 1
2645 3
-1
-1
4067 4
-1
-1
-1
287 3
-1
1572 1
521 2
-1
827 2
-1
205 1
-1
-1
-1
-1
506 3
131 4
105 1
299 5
-1
329 1
81 2
-1
251 3
-1
-1
-1
348 1
-1
-1
-1
2035 1
-1
-1
421 2
101 5
-1
-1
-1
-1
460 1
-1
5087 2
161 2
3184 1
-1
-1
1005 1
-1
-1
-1
53 1
484 1
109 1
2201 9
918 1
1809 2
2607 7
-1
-1
-1
-1
165 1
-1
431 1
-1
1319 1
-1
3437 2
-1
-1
-1
351 1
3407 1
-1
-1
-1
-1
367 4
94 1
109 1
352 5
-1
7 1
-1
-1
-1
1981 4
22 9
-1
919 1
-1
-1
-1
-1
-1
-1
708 11
131 13
2747 11
-1
-1
-1
-1
-1
267 1
-1
709 1
17 2
-1
-1
-1
-1
-1
-1
56 1
37 96
-1
-1
-1
849 1
524 1
75 2
-1
-1
-1
-1
111 1
-1
330 1
-1
324 1
247 1
580 1
117 1
-1
-1
149 3
-1
-1
124 1
70 1
-1
-1
4066 15
110 1
1272 1
-1
1443 2
154 1
-1
-1
-1
-1
-1
1200 1
50 1
178 7
27 19
-1
-1
-1
-1
598 1
-1
-1
571 1
31 12
76 1
-1
3105 1
181 2
638 1
-1
2187 2
-1
-1
2922 7
-1
-1
-1
-1
92 1
22 1
218 1
-1
805 1
982 1
-1
-1
-1
-1
-1
175 2
-1
-1
1492 1
-1
-1
-1
2073 1
-1
-1
350 9
-1
-1
7 1
-1
-1
25 1
927 1
-1
503 1
134 1
-1
-1
-1
-1
-1
-1
6324 23
-1
-1
-1
162 11
-1
-1
-1
257 1
-1
-1
1861 2
-1
73 3
-1
-1
-1
-1
99 2
840 1
-1
-1
-1
97 51
-1
-1
-1
5454 5
13 1
-1
-1
-1
-1
143 1
-1
-1
-1
1849 12
137 1
4 3
-1
-1
-1
5597 3
-1
-1
-1
-1
-1
79 4
-1
-1
730 1
14097 4
631 1
47 2
-1
2108 1
-1
-1
-1
60 1
-1
717 4
-1
-1
277 1
1439 2
105 1
3023 2
-1
-1
5096 29
-1
2313 1
-1
-1
-1
-1
-1
-1
-1
-1
-1
-1
37 1
2356 1
-1
-1
-1
13 1
-1
-1
1083 5
-1
-1
2280 1
-1
1010 1
40 1
-1
80 1
195 2
1333 1
46 1
367 6
-1
55 2
-1
-1
-1
-1
1161 2
-1
-1
631 4
-1
-1
1463 10
-1
-1
-1
27 2
384 5
-1
138 1
-1
215 1
-1
-1
-1
290 1
-1
147 1
-1
-1
-1
-1
139 1
-1
4653 1
-1
-1
1395 2
-1
-1
-1
-1
3 1
-1
-1
-1
359 5
-1
-1
421 1
69 13
242 1
43 1
3206 1
-1
189 1
1862 1
-1
1952 5
-1
-1
-1
310 3
240 1
-1
16 1
-1
-1
572 1
-1
81 1
-1
-1
50 1
1999 2
-1
-1
159 2
4523 22
-1
64 1
-1
109 1
-1
2979 2
127 1
-1
-1
9 2
-1
-1
-1
-1
1092 1
-1
-1
-1
2543 23
-1
1214 7
241 4
549 7
-1
-1
-1
7 1
-1
271 2
-1
-1
-1
-1
2009 2
-1
1675 4
-1
5 1
332 1
-1
214 1
-1
2722 3
-1
-1
893 2
2935 2
7869 5
-1
-1
-1
6709 1
2742 5
-1
19 6
8 1
-1
-1
-1
2191 2
-1
-1
2864 57
1194 5
56 1
-1
-1
106 1
-1
-1
-1
5609 1
-1
-1
-1
139 1
507 1
-1
-1
880 7
-1
-1
-1
-1
515 2
-1
1571 2
-1
380 1
-1
-1
-1
-1
-1
-1
1275 1
-1
761 2
21 1
-1
-1
-1
-1
763 3
-1
-1
1789 1
-1
-1
-1
-1
-1
1798 1
-1
920 3
-1
135 1
1280 1
63 2
193 1
-1
262 1
-1
-1
-1
512 29
520 1
-1
-1
-1
-1
-1
587 2
1579 1
1081 2
-1
-1
272 1
-1
-1
73 2
-1
1012 1
79 2
-1
-1
1929 1
-1
1675 22
-1
105 2
-1
-1
-1
153 1
-1
-1
-1
-1
-1
-1
-1
-1
-1
-1
147 1
-1
-1
-1
-1
-1
31 2
-1
124 1
-1
-1
1385 2
-1
-1
-1
-1
-1
-1
-1
-1
37 1
-1
-1
-1
-1
2894 1
-1
111 5
681 1
-1
-1
101 5
264 1
-1
6075 1
-1
-1
-1
137 91
-1
-1
236 3
-1
-1
-1
1374 1
-1
-1
-1
-1
-1
336 1
-1
-1
141 1
-1
-1
12883 2
203 1
-1
-1
-1
-1
77 1
443 3
-1
-1
129 2
-1
-1
-1
175 2
5547 5
-1
53 1
-1
-1
38 1
-1
677 1
-1
14 1
-1
-1
3004 1
-1
119 1
-1
-1
-1
-1
828 1
30 1
505 3
-1
790 27
-1
-1
82 1
-1
-1
131 1
-1
-1
-1
-1
1617 1
1486 1
1051 1
1225 2
17 2
534 1
-1
-1
2348 11
-1
-1
706 1
-1
6625 18
5547 13
-1
-1
36 1
-1
1685 1
211 2
-1
368 1
-1
-1
-1
-1
-1
-1
7 8
49 2
216 1
-1
-1
-1
-1
-1
-1
-1
95 17
-1
-1
-1
-1
-1
-1
-1
-1
-1
-1
3074 17
147 1
-1
133 4
-1
161 1
325 1
355 1
3 2
6 5
-1
-1
401 5
-1
-1
435 1
-1
-1
-1
-1
107 2
-1
-1
-1
147 1
61 3
4319 2
376 1
-1
-1
-1
-1
9763 4
-1
-1
-1
80 1
266 1
9 1
65 4
7 2
33 1
-1
-1
-1
31 2
47 35
-1
766 1
1520 1
-1
-1
-1
43 1
202 1
284 1
6 1
1746 1
-1
96 1
35 1
-1
-1
-1
41 1
-1
224 1
14 31
-1
1 15
-1
1339 8
19 2
17 1
57 1
-1
-1
-1
-1
-1
407 5
-1
2651 7
102 1
-1
-1
-1
23 1
6684 7
340 3
-1
-1
-1
17231 7
-1
326 1
-1
-1
-1
318 1
539 1
-1
6598 1
355 13
-1
1745 2
1 2
1220 1
-1
-1
1688 23
-1
3051 5
835 3
-1
19 7
-1
-1
-1
-1
-1
-1
-1
1180 1
607 2
-1
-1
-1
-1
15 1
45 2
-1
-1
212 1
-1
17 2
4222 3
-1
280 1
256 5
65 1
583 5
417 1
-1
281 1
-1
-1
15 2
811 14
-1
134 3
-1
-1
-1
-1
-1
269 15
-1
-1
-1
-1
476 5
7 1
1 2
112 3
85 1
1089 1
688 17
-1
-1
-1
-1
-1
-1
-1
-1
17 6
75 1
-1
-1
43 1
-1
-1
513 4
-1
1279 2
542 1
1457 6
-1
913 1
-1
-1
-1
903 2
-1
4 1
-1
-1
-1
-1
7 1
-1
-1
-1
-1
-1
-1
29 2
-1
279 1
2670 11
-1
270 1
-1
-1
38 1
-1
-1
721 6
237 2
-1
-1
-1
-1
-1
-1
414 1
-1
3471 2
-1
-1
657 13
-1
-1
167 3
95 1
28 1
2866 1
-1
933 1
-1
-1
-1
-1
665 1
3118 1
-1
-1
-1
361 1
-1
1393 1
64 1
2553 8
-1
-1
2438 7
53 75
-1
52 1
-1
-1
174 1
-1
-1
-1
-1
1368 1
-1
3927 8
-1
37 1
-1
67 1
-1
-1
-1
-1
-1
-1
-1
-1
-1
22 1
451 1
5299 31
-1
967 28
-1
-1
-1
-1
-1
-1
-1
-1
-1
-1
-1
-1
-1
441 1
114 1
-1
-1
4829 15
-1
-1
54 1
5 1
-1
-1
-1
-1
768 5
-1
-1
643 2
-1
-1
-1
-1
-1
1675 1
-1
37 1
-1
88 1
159 1
-1
-1
111 2
498 1
17 57
3399 1
367 8
-1
-1
-1
-1
-1
821 3
126 1
965 1
3334 1
1123 1
-1
-1
-1
2305 3
-1
133 2
-1
531 1
-1
-1
-1
-1
40 3
-1
-1
-1
-1
-1
282 1
-1
476 1
587 2
-1
-1
-1
1343 2
-1
40 1
-1
7629 1
-1
56 1
-1
-1
-1
334 1
-1
224 1
-1
-1
-1
-1
890 1
304 1
576 1
189 1
-1
-1
3638 3
822 1
7301 2
-1
-1
-1
-1
603 5
-1
-1
-1
-1
349 4
-1
-1
-1
-1
-1
-1
-1
-1
-1
3419 4
1202 1
-1
34 1
-1
-1
1970 3
-1
3305 4
-1
-1
341 1
-1
-1
-1
367 1
-1
-1
-1
-1
-1
-1
33 1
-1
-1
-1
-1
-1
-1
-1
-1
-1
-1
-1
-1
242 1
782 9
139 3
-1
-1
-1
279 4
753 1
6727 1
-1
121 1
12 7
-1
-1
191 1
1204 1
-1
31 1
-1
549 1
31 2
-1
12 1
-1
-1
3631 2
-1
-1
1157 6
-1
-1
-1
327 1
-1
-1
710 1
-1
431 1
-1
883 3
-1
-1
-1
-1
106 3
118 1
38 1
595 1
-1
4364 3
140 1
3158 3
29 1
70 1
-1
-1
90 1
605 8
-1
517 1
-1
-1
-1
-1
-1
-1
-1
-1
-1
-1
-1
-1
779 6
-1
-1
-1
116 1
429 1
-1
-1
-1
-1
-1
-1
-1
4344 5
-1
-1
-1
59 2
-1
-1
-1
-1
-1
1598 1
843 11
-1
-1
-1
-1
6953 62
270 1
813 2
5781 2
-1
-1
-1
1853 2
-1
-1
-1
-1
-1
46 1
-1
3991 46
3536 1
-1
1241 2
228 1
1046 1
-1
744 1
483 2
9 1
-1
-1
-1
117 1
-1
-1
113 3
-1
-1
841 3
-1
-1
-1
897 1
2475 2
70 123
-1
-1
1417 3
-1
10 1
-1
-1
-1
-1
365 7
-1
419 1
3 17
-1
3835 1
410 1
4 17
7 2
-1
-1
1771 2
-1
42 1
-1
20 3
-1
-1
4053 2
-1
-1
7 19
645 1
-1
-1
-1
-1
-1
1482 1
241 3
312 5
-1
2235 2
-1
-1
-1
-1
-1
950 1
750 1
3957 1
-1
3959 4
1205 3
-1
-1
-1
-1
-1
-1
15458 25
156 1
93 26
-1
-1
-1
-1
-1
-1
-1
-1
107 1
2986 1
-1
-1
1081 1
-1
-1
77 1
401 4
1895 4
-1
-1
-1
149 3
-1
-1
-1
2299 3
-1
-1
-1
-1
-1
25 1
-1
1911 1
-1
1962 1
-1
-1
-1
346 1
-1
119 1
-1
53 4
-1
1693 4
173 2
-1
3218 1
1241 6
1427 2
-1
-1
-1
-1
-1
-1
-1
-1
-1
-1
1792 1
219 1
1270 1
2 3
1350 1
1312 1
-1
368 5
-1
4677 1
-1
1928 35
1844 1
-1
-1
-1
142 1
-1
-1
-1
5689 1
1825 4
1133 1
-1
-1
-1
293 1
-1
-1
-1
-1
-1
33 1
-1
-1
-1
289 1
-1
-1
59 3
-1
-1
-1
484 3
-1
-1
5933 1
-1
453 1
-1
-1
2350 19
-1
-1
5147 2
-1
-1
-1
96 1
-1
419 1
17 38
2106 7
31 1
3977 3
-1
-1
-1
-1
728 1
-1
-1
-1
3461 3
1797 4
2354 1
-1
-1
-1
94 1
3 2
-1
382 1
-1
460 1
263 2
-1
709 2
-1
-1
65 32
48 1
-1
-1
-1
76 1
-1
-1
2146 11
2815 7
1131 1
118 1
-1
-1
-1
570 1
1202 1
-1
-1
-1
-1
-1
-1
141 5
-1
2498 17
571 5
552 1
-1
-1
835 2
-1
1311 32
-1
-1
-1
40 1
-1
-1
49 72
-1
2837 1
-1
335 1
29 1
615 1
-1
-1
51 2
89 2
-1
-1
-1
-1
827 1
-1
-1
-1
-1
-1
-1
-1
628 1
1201 2
75 1
5063 1
-1
7841 2
-1
-1
149 1
-1
127 1
-1
1634 5
18 1
-1
698 1
-1
-1
-1
-1
-1
1343 2
-1
258 1
-1
870 1
-1
66 1
31 1
-1
-1
139 2
-1
-1
-1
-1
1642 3
-1
-1
-1
345 2
-1
-1
-1
887 2
86 1
-1
-1
-1
-1
13410 7
-1
6053 10
-1
-1
-1
-1
-1
-1
2287 2
-1
2197 29
182 3
699 2
1393 4
1915 8
-1
-1
8 1
1057 1
-1
65 1
569 1
3033 23
222 1
1478 1
23 1
-1
-1
-1
375 2
-1
1802 1
75 2
744 1
-1
-1
-1
-1
-1
-1
17 3
929 1
4638 5
-1
-1
2739 2
-1
-1
-1
-1
125 6
3167 1
-1
-1
-1
-1
463 1
-1
-1
-1
123 4
-1
1271 13
-1
-1
24 1
-1
66 1
-1
117 1
-1
1337 9
-1
-1
-1
34 1
-1
-1
-1
-1
42 1
-1
-1
179 1
8739 68
-1
-1
-1
-1
-1
-1
118 5
35 16
-1
-1
8348 1
-1
2921 51
1076 11
6 1
-1
45 2
1 2
-1
1725 1
-1
4044 1
-1
-1
35 1
-1
1 16
945 1
-1
1220 1
-1
140 1
487 1
-1
-1
-1
-1
301 4
479 3
-1
-1
-1
-1
85 2
-1
-1
455 2
-1
751 1
-1
-1
605 1
-1
-1
1297 2
37 3
-1
-1
799 1
389 1
145 1
-1
-1
-1
884 5
4299 1
341 8
-1
-1
-1
-1
-1
-1
71 1
-1
-1
-1
-1
-1
-1
-1
67 17
3801 2
-1
13 1
-1
5 3
-1
-1
-1
-1
603 2
-1
-1
-1
251 2
-1
283 2
-1
-1
529 4
-1
-1
4537 16
-1
-1
-1
168 1
784 5
2885 17
-1
166 1
-1
-1
-1
3626 1
-1
-1
-1
38 1
6409 14
-1
577 3
-1
-1
-1
1219 1
308 1
-1
-1
-1
263 9
-1
-1
-1
103 1
1635 2
7357 4
-1
-1
-1
-1
-1
-1
-1
-1
-1
-1
698 1
-1
2841 8
-1
-1
20 1
-1
1105 6
8046 1
1243 1
-1
-1
-1
-1
-1
-1
-1
-1
3490 7
-1
-1
4 1
118 1
913 1
-1
-1
25 46
19 1
-1
-1
-1
-1
-1
-1
-1
-1
1430 1
-1
103 1
1146 7
-1
4 1
201 1
-1
-1
-1
51 8
-1
-1
-1
-1
-1
755 3
2773 6
-1
1874 13
64 1
-1
-1
-1
-1
-1
-1
-1
-1
-1
-1
574 1
-1
703 1
-1
259 2
-1
816 1
-1
919 1
-1
-1
185 1
353 1
822 1
198 5
-1
-1
-1
-1
-1
-1
623 2
-1
-1
-1
-1
-1
128 3
-1
-1
-1
1436 3
-1
-1
539 5
-1
3267 1
-1
-1
331 4
3033 2
-1
-1
-1
2313 4
1133 2
3 1
6343 3
-1
82 3
-1
893 2
-1
-1
620 7
-1
81 2
431 4
498 1
-1
464 3
23 5
-1
-1
97 1
-1
-1
-1
962 1
1047 1
42 83
197 1
1325 1
-1
-1
207 1
-1
-1
-1
-1
-1
-1
-1
-1
23 2
-1
-1
-1
54 1
-1
119 2
-1
-1
-1
166 1
-1
-1
-1
1492 11
-1
61 1
-1
5 9
-1
-1
421 4
71 1
-1
387 4
-1
141 1
155 3
-1
1239 1
507 2
456 1
-1
30 73
3 10
-1
977 8
-1
31 24
175 2
291 1
3 1
-1
920 1
387 19
2836 3
3309 2
-1
349 2
-1
-1
-1
91 1
187 2
-1
210 1
41 20
385 1
-1
-1
374 1
46 1
-1
1114 1
47 1
1863 2
-1
47 2
-1
2973 1
11 2
416 1
2185 9
-1
158 5
-1
-1
65 23
-1
-1
-1
-1
-1
517 3
-1
-1
-1
-1
-1
1798 3
-1
-1
27 1
-1
-1
563 1
-1
-1
-1
1645 2
-1
-1
-1
-1
-1
-1
-1
177 2
-1
-1
4 1
-1
-1
2611 2
5 3
-1
753 1
-1
-1
-1
-1
-1
2130 1
5449 2
-1
-1
-1
-1
-1
2606 11
323 1
-1
-1
-1
778 1
1511 1
-1
-1
213 4
576 1
22 1
-1
1166 1
-1
-1
-1
-1
-1
371 1
-1
-1
9955 1
-1
-1
23 1
2091 1
-1
-1
331 2
-1
-1
767 19
-1
-1
106 1
-1
-1
453 7
-1
-1
-1
-1
364 1
-1
10 9
-1
-1
-1
141 1
-1
-1
-1
-1
1148 15
-1
-1
296 1
153 2
-1
1554 1
-1
-1
166 1
-1
276 1
446 3
-1
441 2
-1
1185 2
-1
-1
-1
-1
10 1
-1
-1
7085 2
-1
-1
2214 1
-1
647 1
4352 5
1590 1
-1
-1
291 1
-1
-1
-1
-1
-1
-1
154 1
-1
-1
-1
-1
-1
-1
-1
-1
-1
8715 17
1125 1
136 1
317 1
37 3
-1
-1
-1
-1
-1
2 1
243 2
-1
-1
-1
2771 1
237 4
1023 2
173 1
-1
-1
3261 2
-1
415 1
-1
43 2
-1
-1
186 1
-1
-1
185 2
133 3
-1
-1
3 2
-1
155 2
1267 3
-1
329 2
-1
170 1
-1
-1
59 1
-1
-1
-1
-1
-1
-1
-1
252 1
2054 3
-1
885 1
-1
-1
67 2
-1
-1
-1
-1
15 31
31 1
-1
-1
3961 23
1519 3
-1
1573 6
-1
-1
27 2
-1
-1
-1
-1
-1
2385 2
-1
159 1
-1
5137 18
153 1
424 1
3893 6
15 1
-1
-1
-1
1507 3
667 1
317 1
-1
-1
-1
-1
-1
1688 5
-1
-1
409 2
-1
336 1
-1
-1
431 1
233 1
-1
311 3
-1
435 1
-1
4286 5
-1
-1
707 1
-1
-1
-1
-1
-1
346 3
185 1
-1
293 3
1256 1
-1
2543 3
806 5
-1
-1
-1
-1
-1
-1
-1
-1
-1
-1
-1
145 1
-1
-1
-1
-1
485 1
-1
-1
1112 5
63 2
-1
44 1
721 1
-1
-1
368 1
-1
398 1
-1
1624 1
2168 1
-1
-1
-1
-1
-1
-1
285 8
1429 14
-1
-1
-1
-1
-1
1389 2
-1
-1
-1
-1
147 2
-1
-1
616 1
-1
-1
-1
5 2
677 3
51 41
-1
38 1
-1
-1
575 1
-1
-1
135 1
158 3
673 2
-1
7 1
38 1
648 1
-1
-1
488 1
-1
750 1
569 9
921 1
-1
-1
449 9
-1
304 1
-1
-1
-1
694 1
-1
-1
-1
-1
163 4
260 1
-1
-1
-1
-1
96 7
-1
-1
-1
-1
1711 3
-1
-1
-1
131 1
1805 2
4085 3
41 1
-1
3071 1
-1
217 2
-1
-1
-1
313 1
-1
2407 1
-1
-1
-1
-1
-1
-1
125 1
-1
-1
-1
587 3
-1
3 1
2093 1
-1
-1
46 19
29 5
-1
1119 4
-1
-1
981 1
500 1
223 1
-1
-1
-1
8 1
-1
1390 1
-1
427 1
2983 8
-1
426 1
416 1
-1
1513 2
-1
-1
153 2
-1
637 1
1984 1
-1
6 1
-1
-1
-1
40 1
-1
3740 1
38 1
310 7
-1
-1
879 5
-1
92 1
-1
-1
-1
-1
-1
28 13
-1
-1
-1
17 4
-1
-1
-1
597 1
3303 11
600 1
4 1
-1
-1
1502 1
-1
-1
-1
-1
74 1
-1
-1
-1
-1
917 1
-1
-1
3599 20
-1
672 1
-1
766 1
-1
-1
-1
-1
-1
-1
453 2
-1
-1
308 1
21 1
81 1
-1
-1
-1
-1
-1
19 14
-1
734 1
32 1
-1
37 25
896 1
70 3
-1
7 2
7 2
-1
-1
-1
718 1
-1
-1
-1
-1
-1
-1
-1
323 2
65 1
38 1
490 1
316 1
-1
-1
-1
-1
-1
658 1
-1
-1
-1
-1
-1
-1
101 1
64 1
490 1
17 1
-1
-1
-1
-1
6339 34
2071 1
747 1
-1
-1
413 4
-1
-1
2595 19
-1
3194 1
-1
-1
-1
239 2
160 3
514 3
2347 1
441 2
-1
-1
-1
-1
-1
-1
-1
-1
2493 2
871 1
-1
-1
-1
58 1
7 4
23 2
-1
-1
1993 7
-1
-1
-1
-1
88 1
-1
-1
-1
237 1
-1
-1
8 21
-1
427 1
-1
-1
560 1
11 1
291 2
115 8
-1
-1
-1
-1
117 1
167 2
745 2
-1
-1
2377 4
-1
-1
284 13
-1
4297 6
2356 1
-1
963 1
43 3
-1
-1
-1
2924 1
312 1
-1
-1
160 1
-1
-1
1657 20
79 2
-1
227 1
-1
-1
-1
-1
4836 1
-1
1514 1
-1
-1
-1
123 1
-1
-1
-1
-1
296 1
475 1
565 1
2 1
-1
553 2
-1
-1
855 2
-1
-1
290 1
-1
-1
-1
-1
-1
-1
16 31
27 59
47 1
-1
-1
-1
457 21
-1
-1
-1
2690 3
-1
-1
2648 1
-1
-1
-1
-1
-1
-1
981 29
-1
-1
-1
271 1
14 1
1131 1
-1
-1
-1
238 1
-1
-1
-1
-1
271 5
-1
-1
-1
-1
758 1
-1
-1
-1
102 55
-1
-1
-1
-1
123 2
-1
-1
645 2
-1
-1
-1
-1
127 1
1 4
-1
4778 1
389 3
97 1
-1
-1
-1
-1
19 9
262 1
-1
10 1
395 4
1687 1
-1
-1
-1
-1
-1
1832 1
20 1
141 2
-1
-1
-1
1 2
116 1
4832 7
1 2
-1
-1
-1
-1
107 1
378 1
888 1
296 1
-1
430 1
-1
-1
-1
-1
-1
-1
-1
5413 31
676 3
2479 2
-1
-1
4341 1
-1
11 1
-1
18 1
-1
97 2
488 3
589 1
327 4
-1
-1
-1
-1
101 2
-1
-1
1737 4
97 2
-1
-1
-1
185 2
-1
-1
-1
2011 2
-1
-1
-1
87 1
-1
3315 7
895 1
91 1
-1
-1
4907 6
-1
506 1
-1
-1
883 1
-1
-1
619 6
-1
-1
-1
-1
-1
-1
3215 1
-1
7945 2
-1
1303 2
-1
5 1
-1
-1
13 1
-1
-1
-1
245 1
-1
24 23
-1
570 1
542 1
-1
-1
373 8
1 2
-1
-1
-1
206 1
101 1
-1
71 6
-1
22 1
-1
-1
-1
-1
4438 1
-1
36 1
133 1
-1
-1
229 2
-1
-1
1553 3
-1
123 7
-1
591 1
-1
-1
31 13
-1
294 1
864 1
-1
295 3
1823 1
22 1
568 1
-1
3741 14
401 1
385 1
-1
-1
-1
-1
2473 2
479 1
1264 1
-1
-1
141 1
-1
1098 1
-1
-1
7204 21
-1
1036 1
-1
1154 1
1 2
36 1
380 1
549 1
-1
-1
-1
99 1
-1
5515 4
-1
-1
-1
-1
47 2
-1
10 1
-1
184 1
-1
3469 1
-1
-1
-1
3292 3
139 73
1556 1
-1
-1
-1
-1
-1
-1
40 1
-1
-1
-1
-1
72 1
-1
-1
-1
-1
25 2
840 1
-1
182 1
35 2
90 1
79 1
25 3
-1
313 5
-1
208 1
-1
-1
62 3
-1
-1
126 1
-1
-1
28 47
-1
-1
-1
4953 4
-1
208 1
-1
375 1
130 1
-1
1887 1
1962 1
7537 2
-1
-1
-1
-1
9 5
-1
73 1
1 11
2178 1
-1
-1
-1
83 64
315 1
-1
-1
-1
1184 1
518 17
31 1
-1
-1
-1
-1
523 1
-1
-1
710 1
2381 5
-1
-1
-1
-1
79 2
-1
169 1
536 1
-1
-1
-1
420 1
-1
61 3
191 1
-1
-1
-1
-1
-1
-1
4019 1
-1
-1
-1
-1
-1
-1
-1
248 11
1509 1
945 1
341 1
1072 1
-1
-1
-1
1234 1
-1
28 1
-1
-1
-1
-1
-1
941 1
189 1
780 1
242 1
-1
-1
598 5
2222 1
-1
2249 1
-1
2233 2
-1
-1
10602 1
-1
-1
2815 2
195 1
1074 1
-1
-1
-1
-1
-1
353 3
-1
-1
-1
-1
-1
-1
-1
69 1
51 2
-1
484 9
-1
182 1
922 3
-1
2115 2
104 1
55 1
462 1
-1
-1
1117 1
1388 1
-1
-1
10 9
600 1
-1
-1
129 2
-1
-1
430 1
-1
-1
-1
-1
-1
-1
135 1
912 1
-1
-1
15 2
558 1
-1
-1
1189 2
-1
-1
509 1
-1
-1
47 1
-1
-1
-1
4853 7
51 4
-1
-1
-1
194 1
200 3
-1
-1
-1
144 1
-1
-1
2121 2
-1
682 3
52 1
-1
-1
-1
-1
-1
-1
895 1
-1
-1
-1
160 1
1069 1
-1
43 3
1037 4
-1
-1
-1
71 1
232 3
-1
-1
2326 1
47 2
-1
-1
-1
-1
-1
-1
-1
-1
-1
-1
-1
9 1
-1
971 1
-1
1192 1
627 2
1189 1
-1
610 1
-1
-1
25 1
-1
1781 8
-1
-1
328 1
651 2
-1
-1
37 1
279 1
4987 6
-1
297 2
-1
-1
-1
-1
568 3
590 1
2011 10
1579 1
259 1
507 11
115 1
17 3
1651 2
-1
-1
-1
-1
-1
-1
1809 19
-1
-1
-1
-1
34 1
18 1
-1
-1
286 1
-1
1940 1
-1
-1
-1
406 1
27 1
6 1
3392 3
-1
136 1
-1
1558 1
-1
367 1
-1
191 1
3 5
-1
-1
20 3
-1
-1
-1
-1
-1
23 1
-1
-1
-1
-1
388 1
4218 1
1 2
-1
-1
1665 4
-1
628 1
4799 10
2197 7
-1
-1
47 2
1093 1
5509 4
-1
-1
-1
-1
15 2
-1
-1
-1
8 1
-1
1530 1
-1
-1
-1
6 1
-1
-1
463 17
-1
-1
-1
1558 1
-1
55 2
-1
-1
-1
-1
-1
-1
1098 1
-1
-1
-1
443 1
271 5
-1
-1
794 1
-1
10294 55
167 2
-1
-1
9 5
-1
1556 9
-1
24 1
-1
9 1
-1
1023 4
69 2
45 2
-1
1308 1
329 2
319 2
-1
28 3
-1
-1
-1
-1
-1
213 1
4838 1
-1
42 1
2602 3
-1
141 1
653 2
2399 9
597 1
-1
-1
-1
936 5
-1
209 2
-1
-1
-1
227 1
44 1
-1
16111 37
-1
3 1
-1
989 2
637 1
609 1
5794 13
-1
191 15
74 1
1093 2
-1
-1
-1
1635 1
165 1
-1
-1
753 1
697 1
172 5
1069 1
-1
3 1
-1
-1
224 1
-1
-1
-1
-1
-1
-1
5 12
-1
178 1
41 1
-1
-1
2848 1
-1
-1
115 1
-1
-1
-1
-1
229 1
-1
-1
-1
468 1
84 1
-1
7 2
-1
4067 1
-1
-1
-1
-1
-1
-1
609 2
100 1
-1
-1
-1
-1
-1
-1
-1
-1
-1
-1
336 1
2684 1
-1
-1
127 2
-1
253 2
-1
842 1
81 1
758 3
1104 1
-1
-1
-1
1277 11
-1
-1
-1
-1
31 35
-1
-1
-1
-1
7 2
75 1
-1
1923 1
89 1
-1
-1
425 2
-1
-1
566 1
-1
33 2
101 1
4764 1
-1
210 1
299 2
2280 1
-1
1653 1
-1
-1
-1
-1
-1
-1
-1
2007 2
-1
-1
-1
-1
175 1
400 13
-1
-1
-1
10 1
-1
-1
5 4
109 3
93 1
-1
125 4
-1
864 1
2623 1
399 1
-1
-1
-1
4190 1
625 2
-1
74 1
-1
65 3
-1
1415 1
-1
657 1
-1
-1
102 1
-1
473 1
6 61
2183 2
673 1
-1
-1
-1
-1
-1
-1
582 1
-1
494 9
-1
59 1
229 4
-1
-1
-1
-1
-1
-1
-1
-1
-1
-1
-1
1687 1
-1
-1
53 1
4529 1
2049 2
-1
-1
-1
-1
-1
157 1
-1
-1
1205 2
2057 1
727 3
18 1
-1
-1
-1
-1
398 1
-1
247 4
-1
17 1
395 2
5 1
381 1
-1
-1
-1
-1
-1
5 44
-1
-1
-1
-1
35 54
-1
-1
-1
-1
-1
60 1
-1
77 2
-1
-1
-1
-1
3072 1
-1
-1
-1
-1
-1
-1
903 2
498 1
-1
-1
-1
-1
-1
-1
-1
-1
-1
150 1
-1
131 4
1043 1
40 1
3671 1
-1
-1
-1
-1
1148 1
819 10
792 1
808 1
-1
318 1
-1
51 1
58 1
-1
-1
3226 3
6 11
-1
107 4
-1
9 2
-1
-1
765 4
-1
-1
-1
-1
-1
1206 1
1545 1
-1
-1
723 1
-1
-1
-1
-1
3 2
5 1
-1
-1
-1
-1
-1
4575 1
-1
5461 1
35 26
-1
5667 1
-1
540 1
-1
899 15
2883 2
-1
-1
-1
684 5
-1
-1
-1
-1
-1
-1
86 1
176 1
75 1
1508 3
-1
-1
-1
-1
-1
39 5
-1
161 2
-1
1466 5
-1
172 47
-1
-1
-1
-1
-1
1 4
-1
21 1
-1
3 20
498 1
7 6
1273 1
2979 1
-1
4068 5
-1
723 1
-1
-1
-1
-1
11 1
787 2
-1
-1
-1
-1
-1
-1
1396 3
-1
-1
-1
-1
-1
1539 14
-1
-1
40 1
544 1
-1
669 1
-1
-1
-1
-1
249 1
-1
-1
1131 2
628 3
-1
-1
1 3
203 1
-1
318 1
-1
49 59
-1
-1
7855 9
-1
-1
-1
-1
-1
-1
-1
-1
-1
-1
-1
-1
1371 1
8 1
-1
2 3
-1
123 4
2063 1
-1
-1
1083 1
-1
-1
1018 1
277 8
-1
-1
13 2
-1
-1
-1
101 1
-1
-1
-1
-1
-1
-1
-1
5152 11
73 1
76 5
-1
-1
-1
652 1
115 1
-1
553 9
-1
28 59
-1
-1
-1
5 1
-1
2793 1
195 4
-1
-1
5 3
26 3
63 2
-1
-1
-1
-1
4761 2
-1
-1
-1
-1
-1
-1
-1
-1
398 1
647 5
33 1
2740 1
-1
17 1
8817 4
-1
-1
-1
-1
153 1
-1
565 1
-1
17 2
-1
16 1
-1
-1
-1
532 1
579 1
-1
3512 1
265 1
-1
-1
-1
1770 1
1552 1
-1
-1
-1
-1
1964 1
-1
-1
-1
-1
-1
-1
1266 1
-1
-1
-1
206 1
-1
6 1
4063 1
-1
1597 4
-1
-1
-1
-1
2192 1
-1
-1
-1
1381 10
3009 2
303 1
-1
749 1
-1
787 2
-1
-1
887 1
-1
-1
778 1
-1
-1
154 69
-1
364 1
-1
120 1
-1
1175 2
-1
-1
-1
1291 1
6363 2
-1
-1
-1
-1
37 21
-1
85 4
977 7
-1
-1
671 1
-1
539 3
203 1
-1
-1
-1
1201 9
-1
537 4
-1
-1
-1
-1
557 3
1437 1
-1
345 2
-1
-1
-1
-1
-1
-1
-1
3397 6
-1
-1
-1
-1
255 1
-1
-1
2495 1
1128 5
584 1
491 3
-1
147 1
125 12
-1
-1
-1
-1
60 1
10549 9
-1
-1
6301 11
-1
-1
-1
-1
-1
331 1
-1
2911 2
-1
-1
20 1
141 1
2909 1
398 5
14 1
-1
-1
111 2
-1
-1
407 2
9 17
556 1
643 6
-1
-1
-1
-1
-1
584 1
-1
63 1
215 1
-1
1613 2
1637 1
-1
189 1
-1
101 1
-1
-1
703 1
385 1
193 1
1645 2
-1
131 1
39 1
-1
619 2
253 3
-1
-1
-1
1128 1
-1
-1
-1
4511 16
834 1
-1
-1
-1
1675 1
1689 13
-1
-1
-1
867 8
40 13
-1
-1
-1
-1
-1
-1
-1
357 5
-1
-1
-1
-1
-1
8114 3
-1
-1
253 2
-1
-1
426 1
-1
-1
-1
123 2
-1
107 1
-1
2 3
-1
-1
-1
218 1
-1
1436 1
-1
-1
-1
207 1
-1
-1
-1
-1
2429 5
-1
-1
601 2
751 18
-1
276 5
-1
-1
1249 7
-1
-1
110 1
-1
436 3
-1
-1
-1
243 2
-1
-1
496 1
2557 2
-1
-1
-1
-1
954 7
193 4
-1
-1
1785 2
13 2
-1
-1
49 61
223 2
1248 1
1 3
-1
2577 7
-1
-1
-1
14 1
-1
2875 2
-1
16 5
-1
11 1
1695 4
-1
137 1
-1
3982 3
-1
-1
569 2
-1
-1
95 1
-1
532 1
-1
114 7
12301 5
-1
1814 35
-1
74 3
6 1
-1
-1
-1
-1
-1
-1
1779 1
-1
-1
-1
943 6
-1
-1
-1
43 1
-1
265 6
48 1
9 7
26 1
721 1
-1
-1
7510 3
483 1
-1
658 1
1131 1
-1
116 1
-1
1223 1
511 4
-1
-1
-1
-1
161 4
388 1
-1
951 1
61 5
-1
-1
137 1
851 7
-1
6222 1
343 1
-1
1116 29
1334 3
78 1
-1
290 1
6410 3
-1
273 1
-1
-1
531 5
216 1
38 1
373 1
-1
-1
-1
17 1
-1
332 1
-1
-1
160 1
66 1
-1
-1
5 33
-1
-1
-1
-1
-1
389 3
-1
442 1
-1
3685 1
-1
4305 2
1093 1
334 1
-1
-1
-1
-1
-1
-1
-1
209 2
32 3
-1
7899 2
1937 42
18 1
4079 1
-1
-1
-1
-1
-1
-1
-1
-1
1004 1
682 1
-1
182 1
-1
-1
218 1
-1
-1
-1
1168 1
-1
-1
3633 8
-1
-1
-1
102 1
169 1
5737 2
73 1
-1
417 8
-1
-1
-1
199 1
2 1
221 5
158 3
37 2
1440 7
135 1
165 1
2278 1
-1
-1
-1
-1
-1
1104 13
6 1
-1
-1
-1
-1
-1
-1
113 1
554 1
-1
16 49
2229 2
-1
3 4
11 1
-1
-1
-1
-1
-1
210 1
-1
-1
-1
-1
-1
-1
1291 1
-1
522 1
-1
-1
21 1
-1
83 1
-1
-1
1 4
2440 7
-1
185 1
-1
79 1
-1
-1
-1
-1
-1
-1
1819 2
-1
870 1
-1
2043 5
3159 8
-1
-1
329 2
-1
-1
-1
897 1
1455 2
-1
-1
54 1
-1
-1
-1
-1
820 1
220 1
-1
-1
-1
-1
-1
104 1
-1
-1
-1
-1
616 1
269 1
-1
11 1
-1
33 2
5239 1
-1
-1
89 2
-1
-1
279 1
107 2
-1
-1
7 1
2101 1
-1
715 1
-1
-1
603 2
-1
-1
-1
-1
-1
-1
-1
-1
-1
-1
587 3
6753 16
-1
391 1
175 1
298 5
-1
-1
-1
-1
-1
1396 1
-1
-1
-1
185 2
-1
-1
1696 1
163 2
-1
1717 1
299 1
-1
-1
763 1
2203 2
46 1
3667 5
23 1
-1
1 9
-1
-1
-1
-1
59 3
-1
-1
1068 1
483 1
-1
-1
145 1
-1
-1
3454 3
2 3
14 13
-1
-1
-1
135 1
-1
-1
104 1
1052 3
25 23
-1
214 1
29 1
7 4
1133 1
-1
-1
-1
-1
-1
-1
205 1
-1
-1
1093 15
2810 3
-1
86 1
-1
-1
-1
3483 29
-1
-1
13 17
-1
-1
1876 1
371 2
275 3
-1
4937 14
-1
152 1
-1
-1
851 1
-1
6 1
-1
-1
1393 1
285 2
-1
-1
3303 1
-1
465 2
-1
824 7
-1
1289 2
-1
-1
-1
-1
6 1
-1
-1
-1
-1
-1
-1
-1
494 1
-1
-1
479 1
60 1
-1
-1
99 47
-1
-1
-1
4544 3
-1
-1
-1
-1
-1
-1
1466 1
-1
376 1
-1
-1
2578 1
488 1
-1
633 1
-1
116 1
372 7
-1
-1
-1
-1
-1
3863 1
-1
59 1
-1
-1
-1
-1
-1
-1
1388 1
492 1
-1
602 3
2929 8
289 2
-1
-1
-1
786 1
5665 6
453 2
-1
3255 16
71 4
-1
-1
2503 3
-1
-1
2 1
-1
-1
-1
-1
-1
-1
-1
-1
-1
355 1
-1
-1
-1
1652 1
-1
689 2
-1
78 1
98 1
-1
-1
497 1
578 1
-1
44 1
336 1
-1
2388 1
641 1
14 1
2562 1
-1
-1
-1
687 1
-1
-1
253 4
-1
3627 1
-1
94 1
1614 1
145 1
1427 4
-1
-1
17 2
250 1
-1
-1
-1
-1
-1
94 1
-1
-1
21 1
1252 1
309 19
6658 1
4811 2
-1
249 1
-1
-1
-1
-1
-1
-1
-1
-1
-1
-1
1114 5
194 1
27 38
776 1
-1
-1
-1
3268 3
4 1
-1
-1
-1
15 17
100 1
-1
3578 3
1842 1
-1
9 5
-1
99 4
-1
-1
-1
-1
-1
275 2
-1
798 5
-1
-1
-1
-1
-1
428 5
391 1
14 1
-1
-1
-1
5 8
397 1
-1
-1
419 1
249 1
471 2
878 1
2061 1
-1
-1
-1
139 1
3231 2
65 8
565 2
-1
-1
43 11
-1
876 1
1 2
-1
-1
6007 6
-1
413 1
-1
110 1
132 1
-1
-1
-1
430 3
-1
-1
245 2
479 3
-1
4080 1
-1
1121 3
-1
359 5
-1
2444 11
68 1
-1
-1
412 1
621 2
-1
110 3
17 1
7 2
263 3
89 1
-1
-1
32 1
-1
1395 8
4924 1
-1
905 4
-1
1465 1
81 1
-1
-1
38 1
-1
-1
529 1
-1
-1
-1
31 18
-1
6 1
108 1
-1
77 3
5019 11
51 1
1948 3
71 1
1029 1
2306 9
-1
267 1
-1
-1
37 1
-1
73 2
-1
-1
-1
-1
303 1
-1
-1
-1
3113 57
-1
757 1
1639 1
112 1
-1
2006 1
-1
1 2
-1
-1
681 13
-1
31 1
-1
56 1
-1
-1
1 8
-1
1084 3
-1
-1
149 3
-1
-1
1116 1
-1
-1
6184 19
-1
7 1
35 2
-1
-1
-1
-1
1 5
1501 2
-1
-1
-1
-1
236 29
146 1
152 1
-1
944 1
71 1
-1
-1
658 3
65 1
833 3
-1
-1
211 3
-1
3171 8
195 1
277 1
-1
518 1
11 1
1835 2
492 1
-1
-1
1368 1
202 1
-1
319 1
209 2
-1
2367 2
-1
-1
-1
-1
4583 4
-1
-1
57 1
-1
5165 2
-1
-1
-1
760 1
825 1
-1
-1
48 1
-1
404 1
-1
-1
-1
-1
48 1
-1
57 1
508 1
-1
586 1
-1
74 1
-1
446 5
26 1
-1
449 1
-1
-1
414 1
625 2
-1
228 1
-1
-1
-1
-1
-1
-1
2919 2
995 1
-1
485 2
115 1
-1
16 7
-1
-1
-1
425 2
-1
-1
662 1
-1
-1
-1
-1
-1
-1
-1
248 1
-1
4471 1
21 1
90 43
104 1
-1
3 4
-1
201 1
-1
494 7
799 10
-1
-1
-1
3617 7
-1
726 1
70 1
3589 1
-1
-1
2237 1
3585 1
-1
-1
-1
-1
60 1
-1
2491 3
-1
113 1
-1
-1
-1
-1
873 16
283 1
915 8
-1
5 7
-1
-1
-1
157 9
2268 1
13223 2
8 3
-1
88 1
-1
-1
1406 3
622 3
2136 1
-1
-1
4281 2
-1
686 1
1051 1
-1
-1
9 1
97 11
-1
7 2
913 4
-1
-1
-1
144 1
-1
-1
53 4
-1
-1
194 1
213 1
2377 3
5 1
19 1
-1
1765 2
65 1
-1
-1
-1
-1
-1
1249 1
-1
-1
-1
-1
-1
-1
-1
1703 2
19 11
-1
145 3
-1
-1
-1
572 1
-1
-1
-1
-1
35 3
-1
389 3
2 1
-1
-1
976 1
67 2
-1
-1
4132 1
47 1
1288 3
540 1
-1
533 4
-1
2116 1
-1
-1
-1
138 1
-1
1257 5
276 1
523 2
-1
-1
364 1
-1
-1
363 1
-1
1772 1
-1
-1
-1
142 1
3149 7
-1
-1
-1
-1
-1
-1
63 2
5 3
-1
-1
367 2
1 2
-1
28 1
-1
-1
2622 1
-1
8019 2
813 2
-1
-1
-1
-1
1506 29
-1
-1
-1
3753 8
442 1
8 1
386 1
7666 1
265 1
-1
15 1
-1
-1
-1
-1
-1
1495 1
-1
-1
1835 9
-1
22 1
-1
371 1
2459 3
-1
53 2
-1
-1
-1
865 1
-1
-1
-1
-1
13 2
-1
111 8
-1
1197 2
588 1
-1
-1
-1
584 1
2786 1
-1
-1
-1
-1
-1
-1
-1
-1
-1
-1
1616 11
-1
556 3
75 1
-1
-1
-1
610 1
-1
-1
-1
-1
-1
-1
-1
-1
112 1
-1
3 44
-1
4 3
-1
8991 2
381 2
16 1
-1
92 5
-1
-1
-1
201 1
696 19
-1
-1
-1
-1
-1
-1
3531 4
-1
-1
-1
-1
-1
-1
223 4
-1
253 2
-1
-1
-1
-1
4035 2
-1
-1
-1
640 1
-1
-1
181 7
-1
-1
-1
10 1
80 1
-1
4981 18
-1
-1
-1
13 1
-1
-1
-1
-1
3689 4
-1
8 1
640 1
1076 1
61 2
3656 1
-1
339 1
627 1
-1
-1
949 1
77 2
641 14
5421 1
313 1
-1
-1
-1
-1
-1
6721 2
395 2
-1
318 1
83 3
-1
-1
331 6
-1
1198 1
-1
-1
1 2
2316 1
669 5
1949 1
-1
-1
51 4
-1
-1
-1
-1
-1
-1
625 8
9 1
449 1
2359 3
3191 2
-1
1257 1
97 2
25 1
313 2
157 1
-1
-1
311 3
560 1
-1
-1
139 1
-1
-1
-1
-1
808 1
-1
102 1
-1
-1
-1
1050 1
43 1
545 1
118 1
-1
281 1
-1
-1
-1
-1
-1
-1
-1
-1
-1
-1
151 2
682 1
-1
-1
-1
136 1
-1
239 1
1681 2
-1
1333 2
-1
-1
-1
460 1
-1
12 5
547 2
602 1
1532 1
583 4
8 1
-1
-1
929 1
-1
2551 2
-1
-1
-1
-1
395 1
223 3
-1
500 3
-1
-1
-1
-1
61 1
-1
-1
14 1
-1
5626 3
9 1
-1
-1
-1
42 95
-1
-1
-1
76 1
-1
-1
-1
-1
-1
-1
1179 8
-1
-1
-1
-1
194 1
-1
-1
1902 1
-1
-1
205 2
-1
12257 5
-1
-1
65 1
-1
119 1
-1
-1
2950 7
-1
-1
-1
38 1
-1
-1
986 1
-1
-1
-1
3624 1
-1
-1
212 15
-1
51 2
-1
-1
55 1
139 1
-1
-1
-1
-1
-1
268 1
-1
-1
303 1
171 1
-1
-1
72 1
1334 1
11 1
335 1
169 1
275 4
-1
747 1
-1
-1
-1
-1
-1
1339 1
788 3
-1
753 31
-1
-1
-1
-1
-1
-1
-1
4729 22
-1
-1
-1
-1
-1
-1
706 5
-1
-1
897 1
8539 5
70 1
3235 3
408 1
-1
7417 1
-1
205 2
-1
-1
151 3
-1
-1
-1
2248 3
-1
-1
-1
-1
-1
91 1
4343 7
-1
1523 1
1990 1
-1
29 32
503 1
-1
-1
-1
-1
1800 7
-1
-1
39 2
70 1
-1
-1
-1
-1
179 3
405 1
2517 5
-1
692 1
-1
-1
-1
203 2
-1
137 1
2007 2
-1
-1
-1
-1
-1
-1
-1
-1
-1
-1
-1
-1
-1
204 7
-1
-1
-1
906 1
-1
128 1
256 3
55 1
391 1
-1
99 1
-1
-1
-1
-1
12 1
-1
72 1
-1
-1
-1
331 7
-1
-1
-1
133 9
-1
1057 4
-1
-1
-1
-1
-1
-1
539 1
-1
-1
-1
-1
-1
-1
-1
-1
-1
-1
1497 1
-1
361 2
-1
-1
-1
1119 1
-1
153 1
-1
-1
-1
-1
-1
-1
-1
-1
-1
927 1
2835 2
-1
7182 5
995 2
1199 1
1325 17
132 1
283 1
186 1
-1
-1
271 1
415 2
2702 1
-1
3524 11
-1
-1
5 3
-1
-1
41 2
-1
-1
-1
569 7
-1
-1
-1
-1
-1
664 1
269 3
-1
-1
-1
-1
-1
-1
-1
17 1
-1
959 1
-1
70 1
-1
-1
-1
-1
-1
-1
2647 2
3260 7
-1
126 1
10 1
-1
473 8
301 2
81 1
81 2
-1
-1
-1
-1
-1
490 3
467 3
-1
-1
-1
-1
-1
544 23
433 3
-1
-1
-1
128 1
-1
233 2
-1
-1
-1
-1
-1
-1
3533 1
3359 5
-1
25 1
39 2
-1
-1
-1
609 4
15 4
-1
41 4
-1
-1
1544 1
151 8
-1
-1
-1
1126 3
-1
-1
8 1
-1
-1
-1
-1
-1
1135 2
5 1
1287 2
-1
-1
156 1
-1
-1
11 1
-1
-1
-1
-1
-1
-1
56 3
1211 1
289 8
-1
-1
-1
-1
-1
-1
2579 2
625 2
-1
1285 1
34 1
-1
-1
-1
343 2
1741 2
-1
-1
254 1
149 2
-1
-1
-1
-1
-1
-1
23 8
-1
-1
291 1
-1
-1
-1
697 5
253 3
140 79
114 1
-1
-1
-1
-1
-1
-1
-1
-1
-1
-1
142 81
-1
-1
-1
321 1
-1
-1
-1
43 1
-1
-1
32 1
-1
-1
-1
-1
1375 1
2227 5
-1
-1
-1
248 1
1183 4
-1
-1
-1
-1
-1
-1
-1
48 29
166 1
-1
413 1
583 2
-1
57 1
-1
-1
231 1
5547 1
-1
1627 1
-1
-1
6061 1
529 2
197 1
-1
1850 9
790 1
-1
-1
399 2
-1
77 5
-1
39 2
-1
-1
-1
54 1
155 2
1919 1
-1
116 1
-1
-1
269 3
-1
-1
-1
-1
1667 18
1052 1
65 3
-1
17 1
33 35
540 1
3509 1
-1
89 3
305 2
116 1
-1
5 1
-1
51 1
17 2
-1
-1
-1
-1
145 7
545 12
-1
-1
-1
-1
-1
-1
1269 4
11 4
19 1
-1
321 1
-1
-1
647 2
722 5
61 1
13783 2
615 2
-1
-1
-1
61 1
-1
1693 2
-1
-1
-1
320 1
-1
61 1
907 2
-1
1359 1
1104 1
-1
-1
12653 4
7 6
-1
-1
-1
-1
-1
-1
-1
-1
-1
-1
-1
-1
-1
-1
-1
-1
1322 1
-1
-1
587 1
-1
-1
4 1
-1
1444 1
-1
-1
61 1
-1
-1
-1
-1
3951 10
453 2
-1
-1
190 1
-1
-1
-1
2342 15
-1
299 2
-1
-1
-1
-1
267 2
-1
-1
4279 2
1061 2
-1
2501 1
351 2
-1
-1
-1
-1
524 5
-1
-1
-1
-1
-1
754 1
9 25
1626 1
1111 6
-1
-1
-1
404 3
-1
1637 2
-1
-1
1021 1
116 1
1892 1
-1
116 1
16 23
345 1
297 2
1141 6
297 2
-1
150 1
-1
-1
-1
3647 2
-1
2632 1
667 4
-1
-1
1442 1
3 1
-1
-1
-1
-1
2593 3
-1
-1
-1
8840 19
1435 1
-1
-1
1939 4
77 1
161 3
188 1
-1
-1
-1
-1
6 47
99 2
-1
-1
-1
7 11
-1
-1
19 1
-1
-1
59 2
-1
766 1
-1
1941 1
-1
-1
-1
772 7
-1
-1
735 1
-1
-1
-1
-1
2983 1
291 1
3021 2
319 1
110 1
-1
151 1
-1
-1
13 2
-1
-1
-1
-1
-1
643 1
-1
43 3
-1
37 1
-1
2278 3
-1
872 1
-1
-1
-1
2002 1
-1
-1
1339 1
-1
-1
658 1
-1
324 23
8709 1
-1
-1
-1
-1
-1
-1
-1
-1
-1
-1
-1
57 2
116 1
-1
-1
3920 11
3238 1
34 1
-1
-1
15 1
1842 1
1025 8
-1
-1
5 2
-1
-1
2199 1
-1
783 2
-1
-1
-1
61 2
739 1
178 7
-1
635 1
-1
-1
1446 1
314 1
-1
-1
-1
5 3
-1
-1
42 1
-1
7 1
-1
83 1
-1
-1
-1
-1
-1
795 2
-1
-1
463 2
432 1
85 2
-1
-1
-1
514 3
329 3
4799 2
-1
-1
-1
53 1
66 1
427 1
316 3
-1
-1
-1
-1
1071 4
-1
-1
-1
-1
-1
-1
-1
-1
818 1
-1
-1
-1
3814 5
-1
-1
723 1
-1
-1
1 2
-1
-1
-1
38 3
1 3
114 5
1001 1
-1
128 1
-1
-1
-1
-1
-1
1802 1
161 3
-1
1260 1
-1
-1
344 1
180 1
-1
-1
164 1
-1
6301 2
981 1
-1
-1
-1
36 1
-1
-1
-1
-1
-1
2444 1
940 1
-1
-1
-1
-1
-1
401 1
-1
-1
-1
1232 1
913 1
-1
277 4
-1
-1
-1
-1
-1
296 5
-1
22 1
60 1
-1
1751 1
-1
1611 10
45 1
-1
2800 3
-1
118 1
681 4
-1
-1
-1
12 1
-1
2 1
-1
-1
498 1
-1
-1
-1
88 1
-1
35 1
-1
890 1
89 1
-1
-1
-1
-1
-1
195 2
457 3
82 1
560 1
630 1
393 1
-1
38 23
1602 1
30 7
270 1
-1
-1
175 9
-1
151 1
-1
559 3
-1
-1
217 1
-1
-1
31 1
-1
1434 1
-1
-1
-1
-1
4 1
927 8
-1
-1
38 1
573 11
-1
-1
-1
693 1
-1
-1
868 11
388 1
-1
1623 1
-1
-1
631 1
-1
51 2
-1
-1
6657 2
-1
12 1
-1
-1
1507 3
-1
22 1
-1
-1
5 2
-1
4 1
-1
-1
1981 1
-1
-1
-1
6676 1
-1
435 1
3221 11
-1
197 1
-1
968 1
-1
-1
4 15
1222 1
-1
-1
-1
-1
2934 1
-1
1414 9
-1
1359 8
305 1
106 3
-1
-1
630 1
-1
-1
-1
1627 1
254 1
-1
-1
-1
25 1
-1
-1
-1
-1
430 1
235 2
587 3
-1
93 2
19 2
-1
9 13
-1
2557 1
544 1
239 2
-1
-1
1141 3
2517 1
-1
30 61
-1
-1
-1
-1
-1
-1
-1
279 2
-1
-1
-1
15 2
-1
43 2
-1
-1
96 1
-1
215 1
-1
22 1
3387 4
-1
212 3
-1
-1
-1
893 5
124 1
-1
384 1
-1
-1
1427 2
1505 1
-1
-1
-1
-1
271 1
-1
-1
-1
-1
4917 2
-1
-1
56 23
227 1
171 10
-1
-1
-1
136 1
-1
-1
-1
-1
-1
569 7
329 2
-1
-1
-1
275 6
-1
921 1
-1
841 1
3941 1
-1
927 2
-1
5515 3
-1
561 1
-1
-1
-1
-1
283 2
-1
1158 1
-1
327 1
-1
-1
-1
2723 1
2691 1
-1
997 1
146 1
-1
-1
690 1
1333 1
1270 1
-1
-1
-1
-1
-1
-1
-1
2275 4
-1
-1
-1
-1
-1
-1
-1
-1
-1
197 1
-1
876 1
-1
17 21
126 1
15 2
-1
-1
-1
109 1
-1
-1
523 7
540 1
-1
403 1
-1
1583 5
-1
-1
286 1
-1
-1
-1
-1
-1
1979 3
230 1
-1
-1
15 11
3810 1
5 1
-1
-1
902 1
-1
-1
1581 5
-1
125 2
-1
86 3
21 1
17 2
1088 1
-1
-1
-1
-1
-1
1633 1
266 1
-1
-1
-1
363 4
-1
-1
-1
90 1
-1
1269 1
1373 1
-1
17 1
-1
11 2
-1
-1
-1
-1
-1
165 1
-1
-1
18 1
-1
-1
-1
-1
759 2
555 1
-1
-1
113 4
-1
534 1
-1
50 1
-1
-1
-1
585 2
-1
1140 1
-1
401 18
340 3
2342 1
-1
-1
-1
3418 3
15 4
296 15
496 1
-1
-1
297 1
-1
-1
-1
96 1
-1
170 1
-1
223 2
-1
-1
-1
-1
1064 5
51 2
1076 3
-1
-1
-1
-1
-1
-1
-1
47 1
213 1
-1
2 3
3719 2
140 1
-1
-1
184 1
49 15
-1
-1
1642 1
-1
-1
-1
5481 1
104 1
-1
-1
-1
-1
-1
-1
-1
555 1
-1
373 3
215 8
-1
403 1
31 3
6 1
-1
145 1
-1
56 19
-1
-1
2611 6
66 1
-1
-1
-1
-1
287 1
-1
-1
-1
-1
-1
50 1
-1
3205 2
1 2
74 1
-1
-1
-1
-1
253 2
3667 47
-1
-1
2261 1
397 1
1492 1
-1
75 4
-1
-1
-1
396 1
193 1
-1
13802 5
41 2
-1
-1
-1
7697 2
-1
39 1
-1
-1
-1
-1
277 4
-1
898 1
-1
-1
5 12
474 1
-1
815 1
-1
-1
353 5
253 1
602 3
-1
-1
828 1
13 8
-1
-1
-1
-1
18 1
110 1
-1
-1
604 1
1341 5
405 1
-1
-1
4958 1
1159 6
-1
331 2
-1
-1
-1
-1
47 2
33 2
78 1
-1
-1
-1
576 1
-1
-1
2809 2
1841 2
-1
89 46
-1
-1
