337 1
-1
2540 3
-1
-1
431 8
-1
245 1
410 1
-1
1127 4
-1
1507 3
45 7
9 1
-1
-1
-1
34 3
-1
-1
-1
3515 2
3953 1
-1
831 1
-1
6807 2
9367 5
65 1
-1
576 5
-1
-1
-1
-1
329 1
7 1
-1
33 1
-1
-1
2518 3
-1
-1
2701 8
-1
-1
-1
-1
-1
-1
129 1
-1
239 1
5 9
4929 5
-1
32 1
137 1
-1
-1
1073 1
-1
-1
-1
742 1
-1
1628 1
-1
467 7
1171 1
-1
82 1
-1
11 2
137 26
-1
10 1
-1
1855 1
488 1
-1
2 1
-1
-1
311 2
4385 2
-1
-1
201 2
1761 1
35 6
-1
-1
-1
421 10
9 26
-1
-1
7259 1
-1
911 2
519 1
-1
503 1
17 1
-1
49 1
942 1
-1
1237 2
-1
-1
3308 1
257 6
1695 7
411 7
-1
9981 8
250 1
-1
-1
-1
-1
-1
1833 1
-1
45 1
5 1
-1
-1
6363 2
-1
820 1
360 1
4269 1
1371 1
15935 8
7367 3
643 1
-1
-1
-1
335 3
-1
-1
1219 3
2851 1
-1
-1
281 3
-1
-1
-1
-1
-1
55 2
698 1
-1
777 2
-1
2894 1
13151 5
-1
-1
541 1
-1
1223 1
11983 12
-1
-1
-1
5908 3
-1
-1
-1
137 4
1184 11
-1
211 8
-1
-1
-1
-1
507 2
-1
843 2
309 1
491 1
-1
-1
86 1
-1
-1
-1
3231 2
1055 2
-1
-1
-1
-1
-1
-1
-1
-1
-1
-1
-1
107 2
-1
1006 3
-1
44 1
-1
-1
8 1
-1
105 1
-1
-1
-1
-1
167 1
646 1
-1
-1
-1
1498 1
-1
-1
9 1
-1
5691 17
23 1
9 2
-1
-1
404 1
383 1
-1
-1
3143 2
43 2
686 1
-1
2294 3
-1
2564 3
-1
-1
-1
-1
71 2
-1
-1
1542 1
291 7
-1
1453 3
-1
-1
-1
-1
-1
61 1
665 1
-1
-1
-1
173 1
-1
-1
-1
1032 1
1678 3
2269 4
148 1
-1
4843 4
-1
-1
443 3
-1
-1
758 1
205 1
1321 1
2843 6
-1
-1
-1
1567 2
507 2
-1
-1
-1
25 2
59 4
-1
-1
-1
-1
90 41
-1
-1
-1
-1
23 3
-1
-1
-1
331 1
-1
1361 8
2500 1
-1
-1
-1
-1
-1
2032 1
-1
-1
546 23
-1
-1
1417 6
-1
1727 2
-1
-1
2293 1
8 1
65 2
97 1
-1
-1
1011 1
-1
-1
-1
3383 2
4059 5
-1
-1
-1
-1
-1
-1
626 3
-1
191 1
4529 1
-1
-1
-1
279 1
-1
-1
-1
79 1
-1
-1
180 1
224 1
-1
-1
13 1
338 1
482 3
-1
-1
-1
6 5
-1
-1
-1
-1
-1
-1
-1
-1
-1
393 1
205 2
-1
251 1
11 1
295 1
36 1
1454 23
-1
-1
-1
-1
765 1
-1
133 4
-1
-1
-1
524 31
-1
-1
-1
876 1
222 7
94 1
6665 2
26 1
3 2
-1
898 11
-1
269 2
-1
-1
-1
1138 1
2661 1
-1
-1
547 7
73 1
-1
5252 7
-1
1829 5
12 1
-1
281 2
11 1
-1
-1
5905 4
-1
-1
709 1
325 1
-1
-1
-1
17 1
-1
-1
-1
32 1
-1
94 5
-1
-1
932 1
123 1
-1
-1
-1
3584 5
-1
-1
-1
-1
-1
-1
-1
-1
990 1
-1
29 3
-1
12 25
-1
-1
-1
23 15
3110 1
-1
32 1
-1
-1
-1
18 1
-1
-1
-1
-1
14 9
661 1
112 1
249 4
109 1
-1
-1
-1
-1
1158 1
194 1
-1
37 2
-1
97 1
229 1
-1
-1
-1
52 1
-1
55 1
257 1
-1
5118 1
-1
577 1
-1
4957 1
1253 4
-1
-1
-1
-1
1336 1
-1
1231 1
-1
-1
-1
1780 1
-1
-1
-1
-1
-1
-1
-1
-1
-1
-1
1103 1
-1
-1
-1
-1
-1
-1
-1
4644 7
1571 1
387 2
-1
-1
104 5
-1
1149 2
-1
19 3
-1
-1
-1
-1
-1
-1
-1
-1
1841 2
123 4
695 2
-1
-1
-1
-1
1534 1
-1
-1
-1
-1
-1
56 1
-1
250 1
740 1
-1
65 3
-1
-1
-1
-1
2397 1
529 7
314 1
-1
-1
1808 3
-1
-1
43 1
-1
-1
-1
-1
7459 3
-1
37 1
-1
431 2
873 16
75 1
-1
1588 1
99 2
274 1
-1
12 7
387 1
172 1
-1
-1
103 1
44 1
-1
527 1
-1
-1
-1
609 1
-1
-1
-1
-1
-1
467 2
-1
-1
147 1
-1
-1
257 1
-1
-1
-1
254 1
-1
-1
-1
-1
-1
-1
-1
-1
1541 1
98 45
-1
-1
-1
-1
-1
643 1
3060 1
3041 4
73 3
-1
359 5
-1
-1
159 2
73 1
14 3
-1
-1
-1
-1
-1
223 5
-1
-1
-1
246 1
-1
-1
372 1
-1
315 1
-1
22 1
-1
-1
-1
-1
-1
1381 2
111 1
-1
-1
398 1
14 1
-1
-1
-1
58 1
-1
-1
-1
-1
-1
-1
-1
-1
-1
326 9
-1
-1
-1
-1
278 1
61 71
237 2
-1
759 1
-1
-1
-1
-1
353 5
5 9
-1
1499 1
-1
-1
-1
-1
4386 23
-1
-1
5 7
-1
587 9
895 1
47 1
90 1
471 1
2571 16
-1
-1
2311 2
26 1
25 1
-1
-1
66 1
-1
-1
14 1
113 68
-1
-1
-1
-1
-1
-1
176 1
58 3
1009 8
204 1
31 1
-1
-1
-1
9 1
-1
-1
-1
-1
-1
1247 1
-1
-1
283 1
-1
305 1
-1
89 1
-1
-1
-1
-1
583 4
-1
1779 5
-1
-1
-1
40 1
361 1
-1
-1
261 7
-1
104 1
-1
-1
-1
-1
-1
-1
-1
-1
92 1
-1
1409 2
601 1
74 3
167 1
-1
957 1
377 1
-1
-1
-1
-1
493 2
31 50
-1
43 1
60 1
224 1
-1
-1
-1
-1
-1
1101 1
-1
1959 1
-1
-1
-1
-1
16 3
-1
-1
-1
-1
-1
-1
-1
180 1
1638 1
-1
-1
-1
785 1
1563 1
-1
-1
-1
608 5
-1
-1
-1
-1
-1
149 2
54 1
-1
-1
1387 2
-1
-1
-1
-1
-1
-1
452 1
-1
-1
-1
208 1
1752 7
929 1
-1
35 1
-1
-1
-1
1578 1
-1
-1
-1
393 4
5825 9
6 1
-1
-1
-1
-1
163 4
-1
3803 2
-1
526 1
-1
-1
-1
1269 5
536 1
-1
-1
-1
-1
-1
311 1
5 1
2123 4
-1
3165 1
-1
100 3
233 1
-1
1009 2
1619 2
71 1
501 1
2 53
-1
15 1
-1
-1
-1
6740 27
-1
-1
-1
281 1
641 2
-1
81 1
440 1
-1
-1
391 1
-1
-1
-1
71 2
-1
26 1
175 4
644 1
-1
2666 1
-1
-1
-1
-1
-1
-1
-1
-1
2507 1
82 1
-1
9972 1
319 1
339 2
-1
-1
245 3
-1
854 1
583 2
176 1
-1
-1
319 1
-1
-1
-1
-1
-1
-1
27 1
87 1
-1
111 2
211 1
-1
-1
-1
-1
-1
4 1
-1
-1
-1
-1
-1
-1
-1
-1
-1
