-1
1543 1
244 1
-1
200 1
2316 1
322 1
20 7
-1
-1
-1
950 1
118 1
-1
-1
1292 5
-1
-1
450 1
50 1
-1
1097 1
115 2
178 1
-1
-1
34 1
111 1
-1
9 2
-1
-1
-1
-1
-1
75 1
309 1
-1
51 1
330 1
-1
-1
-1
5 2
-1
-1
11 31
1020 1
-1
-1
-1
-1
718 1
131 3
571 2
-1
-1
-1
3244 3
-1
9 1
-1
10 1
17 41
2321 20
2 3
219 2
-1
-1
17 14
4161 1
-1
-1
5829 2
-1
-1
-1
-1
37 5
-1
11 2
-1
-1
4371 10
4 5
-1
114 1
3089 7
-1
141 14
-1
-1
233 1
283 2
620 1
-1
721 5
-1
20 1
-1
314 1
-1
973 2
-1
-1
-1
-1
-1
-1
97 1
87 4
780 1
-1
-1
1017 8
605 2
-1
-1
-1
-1
-1
-1
-1
1214 1
-1
44 1
-1
22 1
-1
3975 2
-1
-1
-1
-1
-1
-1
40 3
2679 1
-1
-1
-1
-1
20 1
-1
230 1
5027 1
-1
-1
866 1
3531 13
-1
8 1
-1
-1
2645 1
-1
755 1
76 1
1034 7
-1
-1
-1
298 1
-1
20 1
-1
3091 3
294 1
-1
-1
-1
-1
1465 2
-1
-1
339 1
-1
-1
-1
-1
-1
-1
-1
61 1
11 2
299 3
11 13
685 2
-1
-1
-1
11 1
-1
-1
-1
-1
-1
-1
-1
54 1
-1
168 1
-1
-1
48 1
1503 4
47 18
1373 1
48 1
102 1
1 4
-1
151 8
997 4
-1
71 6
-1
-1
5066 15
-1
157 1
-1
3263 1
453 5
3688 3
-1
-1
323 1
2551 1
-1
1038 1
-1
234 5
-1
13682 37
589 3
-1
829 3
-1
146 5
-1
-1
-1
12 5
-1
-1
169 4
-1
515 1
211 3
52 5
-1
377 2
-1
292 3
-1
4 5
-1
-1
-1
207 2
1757 1
-1
-1
-1
-1
-1
220 3
-1
224 1
1079 2
-1
-1
448 1
-1
-1
-1
37 1
-1
-1
201 11
-1
282 1
53 1
1320 1
-1
69 1
2143 2
232 1
3338 3
-1
-1
-1
-1
32 3
-1
32 1
-1
-1
-1
1917 1
-1
2392 1
59 1
-1
798 5
-1
-1
-1
-1
293 5
-1
1788 5
-1
-1
-1
398 5
959 2
-1
3246 19
2322 1
-1
-1
-1
-1
-1
3749 10
-1
-1
-1
-1
-1
-1
-1
-1
-1
-1
6745 3
3453 4
-1
1097 1
-1
130 1
141 2
-1
-1
-1
-1
4343 1
-1
664 27
-1
233 1
1004 3
-1
946 1
3702 1
2 7
-1
3 1
37 5
-1
96 1
-1
-1
-1
-1
-1
-1
-1
20 3
-1
-1
-1
-1
-1
1292 1
-1
3424 3
-1
-1
-1
4 1
6 1
-1
-1
728 3
66 1
757 1
-1
5 2
-1
-1
983 2
-1
485 1
-1
-1
163 5
-1
858 1
-1
338 1
24 1
-1
-1
2183 2
-1
-1
-1
-1
-1
-1
-1
10685 4
-1
2168 1
-1
461 1
-1
-1
-1
59 1
1535 1
-1
576 5
-1
-1
176 1
3961 1
20 3
559 1
589 3
57 1
-1
769 1
-1
-1
5 1
-1
-1
-1
-1
-1
-1
-1
-1
10 3
-1
496 1
55 2
-1
-1
-1
-1
31 1
-1
1 17
-1
-1
2005 1
145 1
-1
-1
-1
-1
-1
-1
215 2
-1
-1
-1
29 1
-1
2713 1
-1
-1
2477 1
-1
-1
56 1
6071 5
4500 1
-1
-1
22 1
-1
-1
-1
-1
-1
-1
3204 1
-1
-1
17 1
-1
-1
481 1
-1
111 5
-1
-1
-1
1866 1
77 6
-1
1438 1
-1
-1
-1
3498 1
-1
-1
27 1
-1
-1
-1
-1
3928 3
5863 43
-1
-1
-1
-1
1107 1
17 4
-1
-1
-1
625 3
547 1
-1
513 5
1551 10
-1
596 5
-1
1202 1
-1
-1
-1
853 2
-1
-1
-1
-1
22 1
173 1
157 2
-1
23 1
9 1
1408 3
8 1
-1
32 1
-1
3486 1
6971 1
-1
-1
-1
-1
364 1
-1
-1
975 2
603 8
303 1
21 47
-1
-1
-1
-1
-1
6671 3
574 1
-1
-1
-1
-1
4890 1
-1
705 1
-1
16 3
3116 3
4793 1
-1
-1
-1
1588 1
-1
-1
-1
-1
-1
-1
-1
26 1
-1
-1
44 1
-1
-1
35 1
-1
-1
-1
43 1
2 7
160 3
16 1
-1
-1
334 1
-1
-1
2753 6
188 3
-1
-1
2592 19
-1
-1
-1
-1
-1
4159 3
-1
359 1
-1
-1
-1
221 2
109 1
-1
-1
-1
712 1
-1
133 2
3289 3
-1
7675 1
849 4
-1
7499 8
-1
38 1
4456 1
-1
-1
1019 5
-1
-1
34 3
222 17
795 1
119 5
-1
69 2
75 2
2231 17
523 1
1339 1
-1
-1
-1
103 1
2014 1
-1
16 1
4050 1
1291 2
-1
-1
-1
-1
10 3
313 1
-1
-1
2062 1
-1
95 2
-1
-1
83 1
31 8
335 3
1043 3
104 1
-1
-1
350 3
-1
-1
-1
492 1
3490 1
1437 5
233 3
-1
-1
-1
23 3
-1
-1
-1
313 2
33 2
3306 1
-1
1776 1
2582 17
10 1
267 1
-1
-1
-1
-1
-1
-1
-1
-1
-1
-1
-1
188 1
-1
-1
-1
463 1
-1
-1
183 2
-1
-1
1901 1
-1
-1
647 1
-1
-1
16 23
-1
-1
-1
337 1
-1
11 1
29 1
-1
-1
-1
-1
703 1
-1
254 1
1192 1
4906 3
-1
-1
239 1
-1
-1
225 2
8379 4
-1
3336 1
-1
64 1
7641 5
-1
-1
49 4
-1
-1
31 1
-1
-1
-1
5474 27
-1
-1
31 3
-1
-1
-1
-1
-1
369 1
-1
1639 1
-1
27 1
-1
-1
48 1
-1
1803 5
-1
226 1
-1
3890 1
-1
-1
-1
-1
-1
-1
-1
-1
-1
-1
1431 1
-1
-1
-1
-1
-1
-1
-1
48 1
-1
414 1
-1
-1
55 49
-1
716 1
4108 1
-1
-1
1122 1
-1
-1
10032 1
-1
-1
-1
-1
-1
-1
3097 2
-1
-1
-1
-1
-1
2377 4
77 1
-1
-1
117 1
-1
-1
819 1
-1
-1
3196 1
-1
-1
-1
-1
-1
-1
1773 2
-1
-1
-1
-1
6 13
1703 6
-1
-1
681 7
-1
388 5
-1
-1
62 1
939 1
-1
-1
-1
61 1
159 1
13 54
-1
159 1
-1
-1
363 1
394 1
-1
129 1
33 1
-1
-1
-1
285 1
921 5
-1
219 1
-1
-1
-1
111 1
-1
-1
12433 3
54 1
-1
9351 2
-1
3057 1
2949 1
-1
-1
-1
-1
3168 1
-1
-1
-1
-1
1845 19
-1
93 2
-1
-1
-1
-1
-1
-1
-1
-1
-1
573 2
-1
393 5
-1
-1
-1
-1
277 2
2879 2
351 1
-1
-1
-1
-1
409 3
-1
-1
1040 1
-1
-1
-1
81 4
-1
-1
-1
-1
4478 13
50 1
-1
-1
334 1
-1
-1
-1
2019 1
-1
-1
-1
-1
8 3
-1
-1
8189 9
2963 11
1183 2
658 1
-1
-1
4567 2
1179 1
-1
-1
1003 5
-1
751 1
-1
-1
527 4
-1
-1
-1
630 1
-1
-1
2 1
-1
-1
-1
2182 1
-1
-1
190 1
-1
-1
-1
186 25
65 1
-1
1249 2
-1
1361 1
-1
-1
-1
42 1
-1
-1
-1
1455 4
-1
-1
134 1
-1
628 1
-1
-1
-1
1901 3
-1
43 1
-1
-1
181 1
503 1
-1
-1
-1
5424 1
6 19
-1
-1
-1
3677 8
31 1
76 1
-1
-1
-1
11 1
-1
-1
-1
-1
3847 2
-1
-1
117 1
553 1
-1
-1
400 1
-1
56 1
-1
-1
-1
-1
-1
258 1
-1
3 11
599 1
-1
289 2
-1
-1
-1
-1
-1
-1
659 1
-1
148 1
2915 3
141 2
-1
2 13
56 1
-1
-1
-1
-1
-1
588 1
595 8
772 3
-1
87 1
-1
-1
459 4
8581 2
-1
165 1
-1
-1
-1
-1
-1
-1
-1
468 1
-1
4 1
-1
788 1
1037 6
6267 5
-1
-1
839 4
62 1
-1
-1
-1
16 1
45 2
-1
3643 4
-1
754 1
25 3
72 1
-1
-1
-1
-1
618 1
2 1
2160 1
-1
2494 1
217 1
2426 1
712 1
1413 1
2 5
-1
1722 29
-1
3620 1
-1
229 3
-1
-1
59 3
603 1
-1
114 1
-1
286 1
-1
-1
2907 2
-1
19 2
222 1
-1
-1
-1
-1
-1
375 1
-1
-1
-1
115 1
-1
207 1
-1
-1
-1
-1
6985 2
-1
-1
28 1
-1
2581 7
472 1
151 1
-1
1396 3
3412 1
13 2
172 13
-1
-1
657 1
-1
-1
-1
-1
813 2
1114 1
119 1
-1
3057 5
941 2
10009 8
-1
-1
79 30
-1
299 2
64 1
-1
-1
43 1
-1
-1
1649 1
-1
-1
-1
-1
-1
-1
-1
-1
-1
-1
81 37
-1
-1
-1
2 1
-1
-1
88 1
-1
-1
9 1
112 1
-1
-1
-1
55 2
-1
-1
-1
-1
-1
-1
-1
38 1
-1
-1
341 2
15 1
-1
419 1
-1
-1
635 3
-1
3741 1
-1
-1
-1
476 1
-1
28 1
-1
-1
-1
-1
-1
121 2
249 2
-1
382 1
2169 5
-1
-1
-1
264 1
-1
-1
-1
-1
119 1
189 1
-1
-1
83 1
-1
-1
-1
-1
17 2
118 1
-1
-1
-1
-1
3 11
-1
-1
1361 8
2068 1
75 1
-1
-1
-1
-1
4206 1
-1
-1
-1
1065 2
2501 4
-1
-1
39 2
903 2
-1
-1
-1
124 3
-1
2071 9
-1
-1
-1
679 1
-1
191 2
-1
-1
-1
2210 11
4 1
383 1
-1
3581 1
233 2
-1
-1
-1
-1
-1
-1
-1
-1
1871 1
649 3
62 1
-1
128 3
-1
253 3
475 1
-1
2856 1
-1
1016 5
37 1
-1
164 1
67 2
-1
78 1
1215 2
-1
118 1
-1
3917 2
-1
-1
-1
-1
-1
25 1
-1
1900 1
-1
98 3
3 5
-1
-1
-1
295 1
609 1
-1
-1
2260 11
1742 3
-1
251 1
4388 1
114 1
240 1
-1
-1
1978 1
56 1
490 1
-1
-1
-1
113 1
-1
-1
-1
-1
207 1
-1
-1
-1
-1
-1
35 3
3 1
3494 1
3 1
149 1
-1
772 9
951 1
-1
-1
-1
229 5
-1
-1
-1
3929 4
1080 1
1571 5
-1
-1
-1
-1
6607 5
4915 3
-1
-1
-1
-1
-1
-1
26 5
-1
-1
-1
2527 9
11 3
-1
2671 3
-1
-1
-1
-1
663 4
4747 17
-1
-1
-1
150 1
-1
1490 1
-1
-1
-1
-1
815 2
-1
-1
-1
-1
-1
1193 1
-1
-1
451 7
-1
1337 1
-1
-1
161 1
1276 1
-1
-1
160 1
33 1
-1
-1
-1
34 1
-1
-1
-1
-1
-1
4643 2
-1
1953 1
-1
-1
1155 1
-1
-1
122 3
-1
5751 20
-1
-1
-1
8 1
121 1
120 1
1681 8
-1
-1
-1
403 1
-1
-1
-1
-1
-1
5966 13
2135 2
-1
-1
2063 2
181 4
482 1
2270 23
-1
199 1
-1
1552 1
-1
3913 3
-1
-1
140 1
-1
-1
343 1
-1
-1
-1
-1
351 1
107 2
-1
-1
-1
-1
-1
19 3
1141 2
-1
-1
-1
-1
-1
1 5
-1
-1
-1
45 1
-1
332 1
-1
23 3
-1
7 6
-1
85 2
-1
-1
-1
-1
252 1
3260 1
-1
983 4
28 5
521 5
-1
2 11
-1
-1
-1
-1
-1
853 2
-1
-1
-1
-1
-1
-1
-1
-1
-1
777 1
-1
1090 1
53 19
2050 1
-1
-1
-1
143 1
-1
35 19
37 2
-1
14483 20
-1
-1
-1
-1
-1
-1
315 1
302 1
-1
-1
-1
268 1
82 1
-1
-1
-1
-1
-1
-1
232 1
-1
-1
709 1
1280 1
219 2
-1
-1
334 1
-1
-1
-1
-1
1311 1
-1
-1
-1
-1
-1
176 1
-1
-1
-1
-1
-1
34 1
46 1
-1
-1
-1
259 1
779 9
-1
2040 1
-1
-1
-1
565 1
-1
5 3
-1
-1
2627 2
-1
3212 1
-1
303 1
-1
-1
155 1
3117 1
-1
1435 1
-1
-1
240 1
-1
10 1
5953 2
-1
-1
72 1
-1
-1
-1
-1
276 1
-1
-1
1186 1
-1
-1
-1
-1
-1
-1
-1
-1
167 7
113 1
-1
565 2
-1
9 1
-1
156 1
359 1
-1
117 2
-1
-1
611 8
108 1
-1
-1
-1
1488 13
173 7
1281 11
91 1
-1
-1
-1
-1
-1
-1
75 1
-1
-1
667 3
-1
-1
203 3
1975 2
-1
-1
-1
-1
-1
-1
1265 1
2076 5
-1
-1
179 2
-1
-1
-1
-1
3473 2
170 1
1526 1
210 1
1038 7
592 1
-1
-1
211 1
4352 1
-1
185 2
-1
-1
-1
92 3
18 25
-1
704 3
999 1
-1
-1
72 1
35 23
-1
20 1
-1
2 3
-1
1115 1
-1
143 1
-1
-1
654 1
1871 1
-1
-1
-1
-1
-1
-1
-1
677 1
-1
-1
-1
229 2
-1
-1
1206 1
-1
158 1
-1
1065 4
588 1
-1
4 1
-1
-1
1684 1
-1
-1
-1
1163 3
-1
-1
1211 2
55 2
520 1
-1
-1
14 1
760 41
-1
298 1
-1
-1
279 1
-1
2797 2
2932 1
25 2
-1
-1
-1
643 3
478 1
468 1
1215 1
1483 5
-1
87 2
-1
-1
-1
855 1
-1
-1
-1
-1
-1
-1
-1
-1
-1
372 1
-1
-1
-1
-1
-1
-1
619 7
-1
445 3
952 1
895 3
-1
-1
-1
235 2
219 2
573 1
-1
3 8
249 1
-1
-1
601 1
-1
233 8
802 1
-1
-1
-1
683 1
29 2
-1
-1
4 1
1024 1
1351 5
65 3
868 1
-1
-1
-1
-1
-1
137 4
1341 1
11 2
-1
-1
-1
-1
191 2
3381 11
-1
225 1
-1
5349 2
-1
-1
-1
1193 1
-1
-1
-1
-1
-1
-1
871 1
-1
773 1
5284 1
158 1
-1
-1
2552 17
1532 1
259 1
-1
253 1
-1
-1
862 19
-1
-1
-1
-1
-1
-1
-1
1058 1
-1
2243 2
-1
-1
-1
-1
-1
-1
-1
344 3
-1
117 1
165 2
868 3
-1
551 2
425 4
-1
597 4
-1
1785 1
-1
1123 3
-1
8 1
50 1
-1
-1
-1
12 1
-1
-1
-1
-1
-1
1404 1
-1
-1
-1
-1
-1
-1
-1
-1
684 5
42 1
-1
17 3
-1
-1
-1
-1
12 13
107 1
-1
-1
-1
95 1
-1
278 1
-1
59 2
12 1
-1
-1
-1
-1
-1
-1
-1
-1
-1
43 1
-1
304 1
-1
800 1
385 1
-1
-1
-1
-1
123 2
13 3
-1
5 4
-1
9722 13
-1
276 1
279 1
-1
-1
-1
-1
-1
104 1
267 2
455 1
-1
3147 2
-1
-1
39 1
1704 1
3303 7
-1
51 22
11 10
-1
-1
-1
3154 1
857 2
29 2
-1
-1
-1
129 2
-1
-1
3857 16
-1
-1
5929 3
609 1
-1
5671 2
-1
-1
-1
-1
330 1
-1
-1
-1
752 1
193 1
5653 2
-1
101 1
495 2
529 2
-1
-1
-1
-1
393 2
-1
-1
-1
-1
68 1
-1
-1
-1
-1
-1
-1
-1
-1
-1
-1
798 1
-1
-1
164 1
-1
-1
-1
433 2
-1
83 1
-1
297 2
397 2
1239 1
128 1
-1
-1
-1
-1
-1
-1
-1
1445 2
-1
-1
-1
998 1
-1
-1
-1
-1
-1
-1
31 25
-1
-1
-1
-1
-1
46 1
-1
-1
1744 1
-1
-1
-1
352 1
-1
-1
10 1
870 1
-1
471 4
128 1
-1
4526 1
272 1
-1
276 1
-1
2295 1
-1
-1
-1
179 1
-1
1373 1
-1
-1
-1
-1
1755 2
-1
-1
-1
-1
-1
44 1
2846 1
-1
-1
1992 1
-1
-1
-1
-1
-1
-1
558 1
-1
-1
-1
-1
-1
-1
-1
-1
285 1
-1
103 1
-1
2060 3
590 7
-1
-1
-1
121 3
131 1
3082 9
-1
234 5
-1
-1
1409 3
-1
142 1
-1
586 3
-1
49 4
207 1
1229 3
129 2
15 1
181 2
108 1
1365 4
2432 1
4570 1
82 1
510 1
-1
-1
-1
-1
-1
-1
-1
-1
-1
-1
-1
-1
805 3
-1
374 3
-1
-1
19 1
-1
166 1
-1
-1
90 1
-1
-1
109 2
41 2
-1
23 1
-1
-1
-1
585 2
-1
21 1
-1
-1
5491 5
-1
2929 14
1999 3
459 1
3507 4
-1
-1
-1
-1
-1
-1
-1
1127 6
-1
-1
-1
-1
-1
-1
1207 1
5060 1
-1
9 11
-1
-1
-1
-1
-1
-1
34 83
-1
3847 1
340 1
5039 2
-1
-1
-1
-1
1064 1
-1
-1
1186 1
-1
1482 1
-1
266 1
-1
-1
-1
-1
59 1
4902 7
-1
-1
145 1
-1
-1
1634 25
107 1
-1
3867 1
-1
-1
-1
96 1
-1
-1
792 1
59 1
53 1
-1
4 5
-1
-1
-1
-1
110 1
-1
97 1
-1
95 2
-1
530 1
-1
260 3
-1
-1
981 5
-1
-1
-1
555 1
84 1
-1
-1
444 1
1 2
-1
-1
-1
-1
-1
935 9
-1
-1
103 4
275 1
-1
-1
-1
-1
-1
-1
-1
-1
-1
-1
111 4
93 10
1111 10
-1
-1
-1
29 1
-1
-1
-1
407 2
-1
-1
-1
142 1
-1
5143 17
-1
-1
-1
-1
-1
-1
-1
-1
25 1
337 2
-1
9391 3
-1
-1
8119 2
-1
-1
-1
-1
-1
11728 3
38 1
928 1
29 2
-1
1082 3
-1
-1
-1
-1
-1
2119 1
-1
6774 19
-1
-1
-1
17 1
274 1
-1
-1
-1
139 1
-1
-1
-1
255 1
-1
-1
-1
543 2
-1
636 1
40 1
205 1
-1
-1
-1
-1
-1
1011 4
184 1
-1
58 1
-1
-1
-1
174 5
803 1
-1
-1
-1
-1
-1
122 1
215 4
819 2
275 3
964 1
116 71
-1
-1
5 1
92 1
-1
1035 1
-1
-1
-1
-1
49 1
-1
4619 2
-1
-1
-1
-1
320 3
72 1
-1
-1
261 1
119 3
-1
699 1
-1
-1
244 7
-1
-1
-1
242 1
-1
697 2
1669 1
-1
-1
-1
-1
1369 2
304 3
-1
-1
833 1
-1
2731 2
152 3
-1
-1
-1
-1
-1
-1
-1
-1
-1
-1
-1
1714 7
-1
-1
-1
-1
176 1
1117 1
1381 1
-1
-1
5716 1
1340 1
-1
-1
-1
-1
-1
-1
65 1
-1
4656 1
-1
-1
-1
669 5
-1
56 1
43 1
-1
-1
-1
2731 2
-1
42 1
-1
-1
261 1
7 2
5 8
-1
-1
-1
-1
-1
436 11
1503 4
1083 1
-1
-1
4731 1
-1
-1
1273 1
659 1
-1
-1
1197 1
252 1
-1
-1
-1
830 3
2741 7
1 3
23 1
-1
14 3
-1
1078 1
96 1
-1
314 5
161 4
8 1
-1
700 1
-1
-1
17 1
-1
-1
491 1
806 1
18 1
8 5
761 2
-1
-1
1227 2
-1
-1
476 11
5 1
160 1
-1
23 1
-1
-1
-1
-1
423 1
-1
-1
532 1
-1
603 1
-1
-1
-1
-1
-1
137 1
1650 1
-1
-1
-1
-1
623 2
-1
7099 7
6 1
-1
2810 3
1915 7
106 1
239 8
43 21
662 5
-1
422 5
1496 1
-1
-1
-1
-1
199 8
-1
281 1
-1
-1
300 1
-1
-1
-1
-1
368 1
95 9
-1
30 1
-1
-1
-1
331 6
2317 2
-1
-1
-1
-1
462 1
163 7
213 1
731 2
341 4
-1
-1
613 5
147 4
-1
-1
-1
-1
-1
-1
163 3
-1
1184 11
-1
-1
-1
191 5
-1
-1
-1
-1
-1
-1
-1
4 1
-1
-1
411 1
-1
2110 1
1013 2
-1
-1
15 1
919 2
-1
398 7
-1
-1
114 1
-1
-1
-1
10 7
119 1
-1
49 47
454 1
11 1
-1
32 1
-1
829 1
18 1
798 1
-1
-1
-1
317 4
-1
357 4
-1
-1
883 6
137 2
-1
253 1
-1
736 1
-1
-1
-1
-1
1 2
-1
-1
321 1
-1
-1
-1
-1
850 1
539 5
-1
-1
72 7
90 1
155 1
2285 3
-1
189 1
144 1
-1
1763 5
1152 1
45 1
-1
-1
111 1
-1
35 1
88 1
2682 5
-1
-1
-1
164 1
-1
-1
15 1
3263 1
337 2
556 1
-1
419 4
-1
-1
683 5
706 1
7 1
1277 1
158 7
5273 2
-1
9 4
127 2
-1
2519 5
-1
-1
-1
-1
-1
-1
1597 5
-1
159 1
7079 24
-1
787 3
-1
644 1
-1
367 1
4 1
-1
-1
-1
449 1
211 1
-1
-1
27 1
997 1
2033 3
-1
72 1
-1
450 1
260 1
1121 14
-1
326 1
-1
-1
-1
2 1
-1
-1
187 1
1204 1
546 1
-1
3425 21
-1
-1
-1
1821 1
-1
983 15
348 1
-1
-1
-1
-1
163 1
-1
-1
-1
69 1
-1
-1
541 8
2210 1
1007 3
-1
403 2
-1
-1
-1
802 1
-1
2562 1
75 1
-1
-1
-1
-1
-1
1961 1
319 1
121 32
53 2
-1
-1
284 1
-1
-1
-1
-1
-1
-1
3941 3
1098 1
72 1
664 1
1936 1
699 2
-1
-1
-1
1055 2
-1
1 2
942 7
-1
1333 1
19 2
-1
747 5
62 1
-1
81 1
27 10
268 1
950 1
-1
-1
-1
-1
-1
-1
20 1
914 1
-1
-1
1117 1
681 2
-1
136 1
27 2
-1
2013 1
927 2
-1
224 1
-1
-1
138 1
-1
825 2
2262 1
-1
821 1
92 5
28 1
1523 1
-1
-1
65 1
389 12
254 7
-1
782 5
-1
14 1
-1
1000 1
-1
141 1
1906 1
-1
60 1
20 1
-1
-1
-1
3298 1
-1
-1
1537 3
-1
1047 14
-1
-1
1538 5
9 1
483 2
1547 1
66 1
813 1
2228 1
39 1
92 3
1021 3
-1
-1
6 1
-1
415 1
216 1
-1
-1
-1
2672 5
-1
7177 13
303 1
36 1
623 2
-1
-1
671 7
-1
-1
-1
509 1
-1
-1
27 2
873 2
2417 1
-1
-1
134 1
81 1
1192 1
-1
-1
910 1
1403 1
-1
1159 1
31 49
2195 2
535 1
-1
1642 3
187 2
-1
71 1
-1
-1
6733 18
1697 14
66 1
12 1
-1
-1
-1
11231 4
-1
-1
9771 10
141 2
-1
2 7
-1
416 1
-1
405 1
-1
3230 1
162 1
-1
-1
358 1
-1
1091 1
2376 1
-1
5649 2
-1
447 4
91 2
-1
7761 2
-1
469 2
15 1
-1
-1
448 1
5 1
-1
178 11
-1
-1
-1
-1
49 1
432 1
1 2
-1
-1
175 78
-1
360 1
-1
1616 5
-1
2471 2
-1
-1
-1
-1
-1
3420 1
3230 1
-1
140 1
-1
-1
349 1
-1
-1
-1
-1
-1
-1
737 45
185 4
-1
1336 1
-1
-1
-1
95 1
-1
-1
-1
-1
544 1
688 1
1783 1
-1
-1
-1
-1
1505 4
-1
-1
-1
142 1
-1
2229 2
-1
-1
-1
1307 1
-1
-1
-1
-1
-1
-1
497 2
689 1
-1
-1
-1
943 1
183 5
-1
45 4
-1
-1
-1
-1
7 2
-1
-1
-1
-1
4721 1
227 3
2103 1
-1
77 3
907 1
-1
-1
7 1
1671 1
107 1
-1
-1
-1
-1
503 8
-1
4044 1
54 1
751 2
598 1
-1
92 9
-1
-1
-1
-1
-1
2877 4
-1
-1
1 4
-1
-1
-1
-1
-1
-1
-1
129 1
-1
-1
-1
1 3
-1
-1
10 7
1320 1
-1
613 1
-1
-1
1 2
-1
89 1
61 8
2906 5
-1
163 10
1719 11
-1
-1
-1
250 1
393 1
-1
-1
-1
-1
-1
73 29
43 61
2680 7
432 1
-1
1979 1
-1
-1
-1
-1
-1
-1
1125 1
-1
-1
13 49
-1
8 9
-1
45 1
-1
-1
33 1
1079 1
183 5
49 1
-1
589 2
835 1
-1
323 1
-1
-1
2116 1
-1
1344 1
2501 3
494 7
4 9
-1
-1
-1
1149 1
-1
-1
-1
-1
-1
109 1
116 9
49 1
-1
-1
30 41
32 1
-1
-1
-1
87 1
-1
1295 2
-1
59 1
-1
403 1
-1
2492 1
-1
646 1
-1
-1
-1
26 1
-1
5355 2
-1
-1
3545 1
-1
3475 4
-1
-1
20 1
183 8
-1
-1
-1
-1
-1
-1
-1
-1
-1
-1
1107 1
-1
-1
991 4
-1
-1
-1
4263 2
-1
-1
-1
-1
-1
4599 1
1741 6
1893 25
-1
-1
1363 4
178 1
-1
-1
637 1
-1
-1
-1
-1
1012 3
-1
-1
-1
-1
143 2
-1
-1
36 1
77 2
-1
19 1
-1
-1
-1
490 1
-1
-1
-1
3327 1
-1
-1
-1
20 1
-1
-1
-1
2435 1
-1
-1
139 2
13955 3
-1
-1
-1
2589 4
-1
1257 5
-1
-1
-1
61 76
576 1
-1
140 1
-1
-1
-1
1168 1
58 1
-1
-1
-1
-1
-1
13 2
-1
-1
-1
209 1
-1
-1
1054 1
11 17
-1
-1
81 1
-1
-1
-1
-1
-1
51 1
-1
-1
1883 5
-1
3889 6
153 1
-1
-1
-1
-1
523 2
177 2
-1
-1
413 1
2174 1
15 19
129 4
-1
-1
168 1
5433 1
-1
514 1
-1
1516 3
7445 57
456 1
-1
93 1
-1
-1
-1
-1
-1
507 1
1055 19
913 3
379 5
171 2
111 1
-1
275 1
-1
-1
943 3
-1
-1
5386 1
6 5
10 3
-1
10 1
-1
-1
-1
-1
109 6
85 1
-1
-1
-1
-1
-1
-1
43 12
-1
6379 15
-1
-1
-1
361 2
-1
287 3
772 13
30 17
-1
-1
-1
-1
-1
153 4
-1
-1
599 1
-1
2693 2
271 1
-1
-1
-1
1546 1
1755 2
2019 5
74 1
-1
1699 9
-1
-1
-1
-1
-1
-1
-1
-1
-1
2051 1
197 2
-1
-1
-1
129 106
-1
-1
4801 2
2617 1
-1
6175 1
-1
-1
564 1
-1
-1
596 1
-1
-1
-1
-1
438 1
52 1
251 3
2272 5
85 1
58 1
57 1
-1
-1
-1
-1
849 4
52 1
-1
-1
460 1
-1
-1
-1
-1
1289 1
3606 1
4023 2
-1
3531 2
-1
1467 2
-1
-1
-1
619 2
-1
-1
-1
-1
945 1
-1
58 1
473 1
15 2
-1
-1
1439 3
-1
-1
-1
2131 3
-1
-1
7 3
73 2
2237 6
-1
435 1
322 3
-1
179 6
293 2
-1
-1
-1
82 1
-1
-1
-1
-1
138 1
-1
114 1
-1
-1
-1
572 1
-1
111 1
-1
-1
47 2
-1
3588 1
-1
239 2
-1
111 1
-1
460 1
-1
531 1
329 1
-1
165 1
1584 1
-1
29 1
5651 4
-1
-1
-1
285 2
325 4
-1
552 1
1 2
-1
475 4
2052 5
-1
-1
8489 19
5231 2
80 3
255 2
1109 12
200 1
-1
547 2
-1
5 2
-1
-1
-1
-1
-1
42 1
-1
-1
-1
-1
-1
-1
-1
9187 3
389 11
-1
-1
6393 4
-1
-1
2847 1
82 1
559 6
137 1
-1
-1
-1
-1
-1
50 1
-1
119 4
-1
98 3
466 1
-1
90 1
1441 3
-1
69 1
-1
-1
-1
-1
290 1
-1
-1
1003 1
644 1
268 1
275 1
414 1
-1
-1
-1
449 2
87 2
-1
-1
572 1
-1
-1
-1
-1
7 4
271 6
-1
-1
3 29
2514 1
-1
83 3
10 1
340 1
-1
-1
831 2
-1
625 3
862 1
1 2
431 1
-1
262 1
-1
-1
-1
1008 1
-1
-1
-1
-1
-1
10 1
282 1
-1
-1
2401 3
40 1
17 2
115 3
1486 1
670 1
-1
20 7
-1
-1
-1
97 1
263 1
1423 1
101 3
217 2
506 13
-1
20 1
569 4
-1
-1
801 2
-1
-1
465 2
-1
1151 1
-1
-1
611 3
-1
1498 5
-1
1416 1
-1
8 7
10 1
-1
-1
-1
598 1
454 1
-1
67 11
654 1
-1
-1
-1
129 2
-1
-1
87 8
-1
111 1
-1
-1
-1
-1
4660 1
-1
935 1
99 1
402 1
-1
349 1
151 2
-1
-1
115 3
32 1
2619 4
-1
-1
144 1
33 1
-1
97 30
5 29
2387 3
-1
-1
17 2
-1
-1
-1
211 7
-1
-1
-1
-1
-1
-1
19 1
-1
-1
-1
-1
-1
371 3
-1
-1
-1
193 2
-1
-1
-1
-1
1 2
51 1
849 1
-1
291 2
-1
1506 1
205 1
761 1
794 3
1541 4
12 1
-1
-1
301 6
-1
12092 5
1289 1
-1
3035 1
-1
-1
-1
-1
-1
-1
-1
71 2
224 1
399 1
-1
1214 1
-1
-1
-1
775 3
-1
-1
136 1
-1
-1
1191 2
165 1
-1
459 4
-1
-1
-1
1436 1
-1
-1
3782 3
-1
1111 1
1421 4
-1
-1
53 2
-1
-1
1927 7
-1
-1
-1
-1
-1
145 1
-1
-1
-1
-1
-1
223 1
-1
-1
-1
-1
-1
38 31
267 4
-1
2804 1
-1
2633 1
299 1
81 1
2 1
12 1
-1
-1
-1
-1
-1
5700 7
40 1
-1
-1
-1
899 6
-1
-1
-1
-1
-1
-1
-1
-1
111 7
-1
-1
-1
455 2
-1
-1
2045 2
-1
-1
410 1
1222 1
-1
-1
4393 1
-1
6040 11
95 2
-1
-1
-1
-1
-1
-1
-1
-1
-1
745 2
-1
788 7
-1
-1
-1
-1
-1
-1
-1
607 2
61 2
-1
-1
-1
-1
514 1
-1
-1
-1
-1
361 1
-1
-1
-1
-1
56 3
613 1
-1
70 1
115 1
145 1
-1
-1
19 1
94 1
-1
-1
-1
782 15
394 1
-1
-1
-1
-1
673 1
-1
-1
-1
-1
73 1
-1
155 4
214 1
-1
168 5
3366 1
-1
-1
125 3
-1
-1
4201 4
11 16
-1
2247 2
1104 1
251 3
-1
109 1
725 3
-1
-1
316 3
276 1
-1
-1
-1
1134 1
713 2
-1
163 2
-1
-1
-1
4916 1
-1
537 7
-1
11 2
-1
-1
-1
17 1
-1
-1
21 1
-1
334 7
-1
2186 1
-1
152 1
2893 4
-1
75 1
19 2
-1
-1
115 1
-1
55 3
-1
3060 1
753 1
82 1
-1
93 2
-1
29 2
-1
728 1
-1
-1
-1
-1
-1
3083 2
-1
-1
-1
1707 1
77 2
78 1
221 1
-1
-1
149 4
-1
-1
-1
-1
928 5
147 1
-1
-1
-1
-1
-1
-1
-1
17 1
1438 3
1083 2
2053 1
-1
18 1
2410 1
2509 8
-1
-1
2149 1
-1
35 2
397 1
-1
-1
-1
-1
-1
847 3
-1
6524 1
-1
-1
-1
179 2
-1
1270 1
388 1
35 1
-1
3970 1
25 2
174 5
-1
158 1
394 5
-1
-1
-1
209 4
-1
-1
-1
559 3
-1
330 1
-1
-1
-1
-1
-1
517 2
285 1
-1
12151 3
-1
-1
769 3
-1
-1
-1
-1
-1
-1
-1
-1
-1
-1
38 1
-1
-1
-1
-1
1297 3
-1
1428 1
181 1
-1
-1
1093 2
6010 1
-1
352 5
-1
3159 1
1365 1
-1
-1
-1
-1
-1
3209 3
897 4
-1
-1
2247 1
-1
-1
5465 6
3924 1
-1
-1
-1
1235 3
906 1
-1
-1
-1
-1
1770 1
-1
2046 1
683 9
-1
-1
1131 4
-1
-1
55 3
689 1
1212 1
-1
-1
-1
15 1
-1
-1
-1
-1
-1
451 1
-1
-1
-1
-1
1826 3
447 1
98 3
-1
89 3
-1
650 3
-1
257 1
-1
15 1
-1
-1
-1
-1
5115 2
-1
-1
-1
-1
-1
-1
155 1
11 2
-1
-1
-1
-1
-1
-1
1220 1
1391 2
3670 1
-1
-1
-1
-1
-1
-1
-1
-1
-1
-1
-1
-1
-1
2417 11
-1
-1
-1
-1
-1
-1
2866 1
-1
-1
29 4
384 1
141 4
-1
-1
670 3
-1
-1
2594 3
158 1
183 1
-1
-1
2381 8
21 59
-1
621 1
201 1
1177 7
-1
-1
17 1
-1
-1
-1
173 5
-1
-1
-1
139 1
-1
-1
10 1
2406 1
914 1
55 2
331 2
-1
158 1
15 1
-1
3030 1
-1
17 1
1855 8
-1
-1
-1
-1
6 1
132 1
1873 16
339 1
-1
-1
-1
-1
531 7
1310 1
-1
-1
-1
-1
859 1
84 1
-1
-1
-1
-1
5593 22
1369 2
8229 1
-1
-1
-1
2048 1
-1
584 1
-1
15 1
-1
123 16
1480 9
-1
175 4
-1
-1
-1
1 2
-1
-1
-1
-1
97 13
-1
-1
8902 3
-1
1472 1
2969 2
694 17
455 1
-1
-1
2004 1
-1
-1
441 2
-1
-1
-1
-1
578 1
398 1
-1
325 1
190 3
7261 21
-1
-1
-1
3 2
-1
-1
-1
213 4
39 1
-1
205 3
-1
-1
-1
-1
47 1
156 1
460 3
-1
87 1
59 4
333 1
425 2
829 1
-1
254 3
-1
590 1
-1
-1
-1
382 1
197 1
-1
-1
2 1
-1
-1
-1
6180 1
78 1
263 1
-1
-1
-1
-1
1243 1
-1
-1
-1
-1
-1
962 3
-1
-1
-1
-1
-1
-1
-1
973 5
-1
166 1
100 1
-1
-1
-1
109 3
-1
1127 1
-1
-1
-1
1085 2
-1
-1
-1
-1
672 1
9 38
-1
-1
1424 1
-1
24 1
6593 2
76 1
916 3
14 1
458 1
-1
677 1
-1
-1
1425 1
-1
543 1
2029 1
6466 5
-1
-1
-1
-1
720 1
7676 1
-1
33 1
1987 1
-1
-1
-1
-1
-1
1740 1
625 2
20 3
-1
-1
-1
-1
1710 1
-1
146 3
-1
-1
1851 2
-1
-1
-1
-1
-1
-1
-1
565 1
-1
-1
-1
508 1
313 1
1509 2
-1
-1
43 1
-1
-1
-1
405 1
650 1
1642 1
319 1
935 3
-1
-1
-1
-1
1579 4
5839 2
1256 7
-1
41 1
-1
6332 1
329 1
42 1
-1
-1
-1
93 2
-1
-1
-1
-1
-1
-1
-1
-1
-1
-1
93 1
-1
-1
76 7
-1
3887 3
79 2
-1
-1
-1
395 2
167 1
-1
-1
-1
-1
-1
-1
48 1
-1
-1
-1
786 1
-1
-1
-1
-1
101 58
-1
9 1
-1
-1
-1
-1
-1
334 1
-1
30 1
-1
-1
-1
-1
-1
5021 75
-1
141 1
-1
191 1
3019 2
-1
-1
-1
-1
-1
6 1
5465 1
48 1
220 1
97 1
61 6
-1
-1
206 3
-1
23 2
73 4
454 1
-1
1435 9
3445 7
-1
1773 1
-1
-1
294 1
84 1
-1
93 1
85 2
-1
-1
-1
-1
-1
37 16
-1
149 3
100 1
-1
622 13
367 9
178 1
961 1
57 1
194 1
-1
6 17
-1
-1
61 1
-1
-1
-1
5714 1
161 1
2116 11
627 4
-1
-1
-1
-1
323 1
-1
6363 5
6727 1
-1
-1
-1
-1
14 1
570 1
-1
3952 3
4465 1
2270 1
-1
-1
2555 1
-1
32 1
-1
10 1
-1
-1
-1
352 7
854 1
8 21
-1
738 1
898 5
1609 1
-1
-1
-1
-1
-1
-1
-1
-1
8 1
561 1
-1
-1
-1
1731 2
-1
-1
-1
-1
3476 1
111 65
-1
-1
2008 3
-1
-1
-1
335 7
7386 23
1539 1
-1
-1
15 4
-1
31 2
-1
-1
2311 3
-1
-1
-1
237 5
4226 1
711 1
184 1
-1
135 1
-1
-1
535 2
1 3
-1
-1
-1
-1
-1
-1
3638 1
9 2
-1
158 1
-1
337 1
-1
-1
-1
2561 3
-1
-1
-1
-1
-1
-1
-1
-1
-1
418 1
-1
-1
113 1
140 1
-1
7 1
3387 7
123 1
435 1
149 2
-1
-1
-1
-1
-1
-1
64 1
-1
-1
6 1
206 1
-1
-1
1 9
3322 1
125 1
3352 1
126 1
37 19
-1
-1
-1
-1
4429 2
-1
-1
-1
-1
9704 13
-1
-1
-1
-1
415 1
2659 2
189 1
436 1
-1
351 1
3865 4
-1
1535 3
-1
7 1
262 1
-1
4757 4
855 1
-1
-1
223 6
647 4
-1
-1
-1
-1
-1
202 3
1582 1
65 1
-1
-1
319 1
453 2
-1
205 2
-1
118 3
-1
266 1
1132 1
11 8
-1
4622 1
6306 1
-1
-1
147 20
-1
-1
-1
-1
629 1
-1
-1
5747 2
25 3
1071 1
-1
745 3
-1
-1
-1
533 1
-1
-1
1273 2
-1
-1
1096 1
-1
-1
-1
-1
-1
65 3
-1
-1
-1
1129 1
561 2
790 1
-1
-1
2791 3
1416 1
292 1
-1
1832 3
-1
-1
3453 1
-1
31 1
-1
-1
17 4
77 2
-1
63 5
41 1
2 3
96 1
56 1
-1
-1
-1
728 1
-1
-1
-1
-1
-1
-1
-1
1448 1
330 1
-1
-1
254 1
-1
-1
-1
-1
122 1
-1
10826 11
-1
-1
3580 1
-1
-1
-1
17 1
437 1
-1
-1
-1
-1
-1
-1
-1
-1
-1
240 1
7640 3
1449 1
-1
481 5
-1
-1
-1
102 1
5 2
504 1
32 1
-1
28 1
-1
-1
-1
-1
-1
-1
-1
71 1
89 1
-1
-1
-1
-1
640 1
9 7
316 9
-1
43 1
5241 2
-1
7009 5
-1
642 1
423 2
-1
-1
27 1
-1
-1
-1
-1
-1
-1
-1
-1
-1
194 1
833 1
-1
57 2
858 7
-1
-1
312 1
34 3
-1
-1
-1
1499 3
910 1
-1
-1
-1
-1
-1
2669 1
755 1
-1
-1
-1
58 1
1883 2
1153 7
-1
-1
-1
1654 7
398 1
-1
683 1
2029 2
-1
-1
-1
637 1
-1
-1
8059 13
1933 1
1551 2
175 1
-1
-1
-1
-1
-1
-1
359 1
1926 7
-1
-1
-1
-1
106 1
550 3
1282 7
-1
-1
-1
-1
373 1
-1
-1
-1
-1
-1
393 5
101 9
1824 1
67 1
-1
2233 1
187 1
-1
-1
-1
79 5
-1
311 1
-1
-1
351 1
-1
361 1
-1
-1
330 1
3454 3
-1
-1
6 7
-1
86 1
-1
-1
-1
-1
-1
221 2
-1
548 1
719 4
4 25
38 1
2757 2
222 1
15 1
-1
44 1
-1
277 2
20 1
51 2
365 3
-1
3399 2
15 1
18 19
-1
-1
-1
573 2
-1
-1
-1
-1
-1
79 1
-1
71 1
-1
16 3
20 1
107 2
1084 13
1390 1
-1
-1
313 2
-1
-1
2 1
94 77
-1
491 2
118 1
-1
-1
-1
-1
-1
897 1
-1
-1
-1
-1
-1
533 1
-1
-1
-1
-1
-1
58 1
-1
-1
8368 3
-1
103 1
10481 2
211 1
-1
1229 1
-1
-1
320 3
-1
-1
2655 1
-1
-1
-1
-1
-1
-1
311 2
1064 1
3650 3
-1
-1
-1
-1
75 1
-1
-1
365 1
-1
-1
-1
-1
-1
80 3
2213 1
142 1
68 1
662 5
-1
-1
-1
485 2
-1
-1
8319 2
1250 1
-1
235 2
-1
63 4
-1
2025 1
-1
-1
-1
9913 18
-1
-1
6 1
-1
369 1
26 29
-1
30 1
-1
61 1
-1
-1
96 1
12609 4
206 1
-1
-1
-1
137 2
1279 1
-1
-1
-1
1992 1
-1
-1
-1
-1
-1
192 1
8 1
-1
789 1
-1
-1
-1
-1
-1
-1
48 1
858 1
945 1
29 2
1255 3
988 1
1979 3
-1
9 2
-1
-1
-1
-1
-1
-1
3625 2
-1
-1
-1
-1
395 1
993 4
-1
-1
-1
-1
-1
574 1
-1
1087 1
1090 7
-1
541 4
146 7
2375 3
-1
-1
-1
-1
-1
-1
-1
1358 3
-1
166 1
-1
-1
-1
-1
-1
-1
1633 2
-1
-1
-1
-1
-1
161 1
343 2
191 5
-1
-1
-1
-1
-1
1492 1
1383 7
-1
-1
-1
-1
-1
304 3
-1
121 3
50 1
879 5
-1
-1
369 1
2198 3
5613 2
-1
-1
-1
22 1
-1
-1
106 1
875 2
2727 5
6720 1
686 3
-1
-1
-1
-1
-1
-1
405 1
634 1
224 1
10 1
67 1
-1
-1
-1
521 1
1462 21
62 1
-1
1921 1
-1
115 34
-1
-1
-1
9068 17
-1
66 1
7 12
3180 7
-1
-1
-1
259 1
125 7
-1
-1
-1
-1
2421 1
-1
5 13
-1
-1
49 4
-1
3811 1
-1
-1
-1
-1
374 1
-1
-1
2061 2
-1
-1
2161 2
-1
-1
-1
27 1
1017 5
583 6
113 3
-1
-1
-1
181 1
3197 16
-1
230 1
77 36
607 1
-1
56 3
165 2
13 2
-1
-1
3568 9
237 7
-1
-1
-1
6 1
-1
-1
-1
-1
166 1
-1
976 1
-1
-1
-1
205 1
-1
2401 2
-1
-1
101 1
-1
-1
-1
-1
-1
-1
2 1
-1
-1
92 1
388 1
-1
-1
-1
614 5
-1
336 1
-1
-1
-1
-1
191 2
79 1
370 1
-1
-1
-1
-1
-1
1538 17
-1
-1
-1
-1
2731 1
-1
134 3
-1
627 1
1625 1
-1
-1
-1
-1
-1
-1
-1
-1
2 21
-1
342 1
-1
2020 1
-1
-1
2328 5
-1
940 1
-1
-1
34 1
175 1
-1
-1
-1
-1
-1
-1
-1
3927 19
771 4
-1
-1
128 1
-1
28 33
-1
-1
-1
-1
170 1
-1
21 1
103 4
2203 2
-1
-1
-1
389 3
-1
407 1
-1
-1
732 1
-1
-1
2149 2
739 2
-1
-1
902 1
-1
298 1
115 2
-1
-1
-1
6 1
-1
-1
-1
-1
781 1
-1
-1
-1
-1
-1
-1
885 4
107 99
1 3
28 1
1641 1
-1
-1
-1
-1
-1
-1
14 1
-1
4868 1
22 1
-1
-1
16 1
-1
-1
-1
41 3
-1
-1
1660 3
-1
127 2
1873 2
-1
1353 2
97 8
-1
-1
-1
-1
2103 1
-1
-1
-1
-1
-1
-1
-1
-1
-1
-1
521 1
1608 1
-1
-1
-1
-1
-1
231 2
-1
108 1
44 3
801 1
405 2
-1
-1
4088 3
-1
-1
-1
-1
348 1
-1
-1
201 1
-1
-1
1243 2
-1
-1
-1
-1
464 1
-1
-1
-1
374 1
171 1
573 2
128 1
-1
-1
-1
710 1
428 3
335 4
-1
293 1
3258 11
76 3
-1
-1
112 1
24 1
963 1
-1
2517 4
1052 1
59 1
-1
-1
1484 1
-1
-1
50 33
-1
-1
-1
-1
105 1
-1
1438 13
-1
-1
-1
-1
-1
-1
125 1
-1
333 10
-1
-1
133 1
-1
-1
-1
-1
649 1
-1
-1
-1
-1
-1
11 16
222 1
-1
-1
-1
-1
1538 3
-1
383 1
1251 7
-1
2797 1
-1
-1
201 1
463 1
-1
-1
-1
-1
416 1
187 1
944 1
-1
1369 16
91 2
-1
225 1
1376 3
-1
-1
10 3
-1
-1
-1
9460 17
-1
7636 9
-1
-1
-1
1229 2
-1
-1
44 1
-1
-1
-1
-1
55 2
1052 3
-1
-1
-1
-1
3067 22
-1
-1
669 1
3481 1
8882 1
754 1
193 1
-1
-1
-1
90 1
2263 9
-1
-1
-1
2159 1
-1
-1
-1
-1
-1
-1
-1
1232 1
-1
17 38
-1
-1
-1
1239 22
148 1
6871 1
2645 1
-1
-1
-1
1299 1
-1
-1
-1
-1
1279 1
-1
418 1
-1
-1
-1
-1
13 2
5 7
615 1
-1
5491 1
28 9
-1
-1
-1
-1
77 3
51 1
4945 1
-1
-1
3814 5
-1
1291 1
-1
-1
94 1
-1
1503 31
-1
-1
-1
-1
1921 7
-1
-1
-1
-1
1561 1
1558 1
-1
-1
-1
-1
-1
259 1
-1
-1
41 1
1 2
506 1
-1
-1
-1
-1
-1
-1
-1
-1
1589 1
-1
-1
-1
-1
-1
1614 1
1129 2
-1
-1
-1
-1
-1
487 1
78 1
957 1
-1
-1
-1
29 1
-1
-1
-1
-1
-1
-1
169 1
-1
31 11
619 1
-1
-1
13 21
-1
-1
-1
-1
-1
276 1
15 1
1856 1
955 4
-1
-1
810 1
-1
-1
280 3
-1
-1
816 1
-1
2962 1
-1
-1
54 1
-1
-1
-1
431 1
-1
1065 4
-1
1689 7
-1
169 4
-1
-1
238 1
183 1
112 1
1395 2
-1
-1
202 1
1834 5
25 41
-1
2223 5
-1
-1
201 1
848 1
-1
-1
-1
5989 1
943 5
733 1
-1
-1
-1
180 1
-1
-1
-1
-1
173 2
92 1
-1
-1
-1
27 2
323 2
-1
277 2
-1
-1
-1
575 1
-1
-1
-1
-1
1865 1
3668 1
-1
253 1
-1
-1
37 2
-1
4472 1
-1
-1
2305 3
1077 5
79 2
-1
268 1
-1
-1
-1
-1
-1
81 2
-1
-1
1324 1
-1
-1
-1
1375 7
-1
577 8
-1
-1
-1
-1
14 1
17 1
85 1
871 7
-1
-1
-1
1766 7
-1
245 2
-1
-1
-1
159 1
-1
79 4
-1
-1
-1
44 5
-1
316 1
2816 1
-1
23 1
702 1
-1
-1
-1
-1
-1
-1
-1
90 1
-1
2914 1
-1
1396 5
-1
1690 1
-1
-1
392 1
17 10
-1
69 1
690 1
16 1
-1
-1
-1
55 2
-1
-1
-1
1041 2
478 3
-1
-1
-1
-1
-1
2277 4
-1
-1
-1
-1
981 4
143 1
-1
-1
-1
-1
69 1
503 4
-1
-1
-1
261 1
191 1
-1
-1
5481 2
368 1
-1
-1
-1
159 1
1183 1
4390 1
79 3
-1
38 27
-1
20 1
534 1
842 1
898 1
-1
-1
93 2
-1
-1
1504 1
-1
-1
3062 3
377 1
-1
2 35
-1
-1
-1
-1
-1
-1
-1
-1
-1
83 4
-1
652 7
-1
-1
1008 13
-1
-1
124 1
1901 4
71 1
-1
141 2
108 1
11 56
-1
-1
-1
-1
-1
304 1
-1
-1
257 3
-1
-1
-1
-1
1949 1
-1
-1
-1
-1
-1
-1
-1
-1
-1
-1
404 1
-1
295 3
-1
325 2
105 1
-1
-1
72 1
-1
533 10
844 1
68 15
-1
-1
-1
983 1
317 2
-1
-1
4137 1
1255 1
-1
-1
-1
-1
2609 1
-1
-1
-1
379 1
98 1
-1
1532 1
-1
32 1
-1
-1
-1
42 1
-1
4077 2
-1
-1
54 1
-1
-1
-1
44 1
2 1
-1
4596 7
-1
-1
-1
11 12
-1
265 1
1254 1
-1
-1
-1
-1
586 1
65 1
-1
-1
-1
-1
-1
-1
-1
94 3
-1
-1
7 12
-1
-1
689 6
-1
-1
1394 1
-1
-1
-1
-1
-1
-1
-1
-1
-1
-1
-1
-1
19 2
-1
-1
-1
1805 1
95 2
-1
579 1
-1
11 9
-1
-1
-1
-1
-1
1791 20
-1
-1
-1
1221 2
1495 1
-1
19 1
-1
-1
1210 13
150 1
-1
6 1
-1
-1
59 1
152 1
370 1
105 1
224 1
-1
1610 3
-1
-1
-1
-1
95 1
-1
-1
-1
59 2
265 1
-1
-1
-1
-1
-1
453 1
13 1
-1
-1
5935 1
-1
-1
-1
-1
-1
-1
-1
320 1
-1
-1
-1
-1
3677 1
26 1
-1
-1
1198 3
-1
-1
1810 1
-1
-1
-1
-1
-1
305 2
-1
-1
-1
-1
2519 1
-1
417 2
243 1
724 1
287 3
341 1
-1
130 1
-1
-1
-1
161 2
-1
61 1
456 1
-1
-1
649 1
-1
220 1
1792 9
170 3
-1
425 1
-1
-1
-1
-1
-1
396 1
-1
-1
-1
-1
3 1
3908 1
-1
-1
-1
-1
50 1
-1
862 1
-1
4223 12
1583 1
-1
292 1
37 1
-1
11 9
-1
-1
-1
801 2
723 10
-1
-1
-1
-1
-1
925 6
1007 1
-1
-1
171 2
43 5
-1
-1
-1
-1
20 1
-1
-1
-1
21 5
6316 1
56 1
2303 1
385 2
-1
-1
2550 7
1110 49
-1
-1
-1
320 1
-1
475 1
-1
511 1
251 6
-1
630 1
218 1
118 1
387 14
5 1
1270 1
-1
59 1
-1
-1
-1
-1
-1
-1
3716 1
181 1
-1
-1
-1
3 7
617 1
-1
-1
-1
-1
-1
-1
-1
111 2
-1
-1
-1
-1
-1
-1
-1
-1
-1
-1
-1
-1
-1
98 1
59 2
-1
-1
-1
2531 16
-1
8175 1
-1
-1
-1
263 1
-1
-1
-1
3117 2
-1
12 1
581 1
-1
-1
-1
287 1
1388 1
173 1
185 3
-1
99 1
-1
172 1
-1
-1
34 3
-1
48 5
1654 1
-1
-1
-1
-1
751 1
-1
-1
-1
-1
-1
-1
4 1
431 6
-1
-1
85 2
-1
-1
442 1
-1
-1
-1
938 1
-1
-1
-1
569 3
-1
-1
-1
-1
379 1
865 3
-1
-1
-1
-1
2764 1
-1
2683 1
-1
-1
718 1
-1
610 11
575 7
-1
-1
553 2
-1
-1
-1
11 1
-1
-1
18 1
-1
605 2
1575 2
-1
168 1
434 1
-1
11 1
-1
-1
-1
-1
-1
2949 1
-1
197 1
-1
-1
511 2
-1
1565 23
-1
-1
5 3
8 1
-1
-1
-1
507 1
-1
-1
686 1
-1
868 1
-1
-1
-1
-1
19 26
222 1
230 3
-1
471 1
-1
-1
277 5
-1
-1
164 3
2841 1
-1
182 71
-1
-1
-1
-1
-1
-1
-1
13 1
-1
1031 2
28 1
-1
2338 1
1096 5
2019 5
-1
-1
52 3
-1
-1
-1
-1
238 3
-1
-1
-1
-1
-1
-1
17 1
332 5
1645 6
309 1
2567 2
4097 7
28 59
111 2
-1
-1
1014 1
30 1
-1
2857 4
121 2
-1
-1
-1
-1
2019 1
1608 1
383 3
-1
-1
2695 3
1159 3
-1
-1
750 1
-1
262 1
-1
-1
-1
1283 24
-1
-1
-1
-1
39 16
626 1
-1
41 11
15 2
-1
-1
-1
-1
254 7
-1
-1
-1
8 1
-1
-1
371 1
-1
9 1
-1
-1
-1
-1
-1
154 1
1295 6
88 1
2 1
1265 1
-1
-1
-1
-1
19 1
10 21
-1
159 1
-1
365 1
2 1
-1
10463 2
-1
2 3
410 1
-1
2407 3
-1
-1
101 1
-1
-1
-1
-1
1391 1
-1
-1
-1
-1
-1
17 1
224 1
13 2
-1
-1
-1
53 13
1193 1
-1
-1
-1
845 1
-1
-1
185 1
16 1
1239 1
11936 5
4994 3
-1
-1
215 1
-1
-1
1044 1
35 1
-1
127 1
59 1
-1
863 1
-1
75 1
20 3
-1
346 1
-1
-1
-1
-1
457 4
2089 9
-1
-1
-1
-1
-1
-1
-1
-1
918 1
427 1
-1
-1
-1
-1
-1
-1
-1
-1
-1
3564 1
-1
31 1
179 6
-1
-1
522 31
-1
-1
94 1
-1
5 2
-1
-1
902 3
152 1
353 1
-1
-1
-1
72 1
-1
-1
8913 2
467 1
-1
5 12
118 3
-1
437 1
-1
1526 1
633 7
-1
-1
-1
5 1
-1
-1
1383 4
-1
-1
-1
38 69
68 1
-1
-1
-1
-1
-1
-1
4523 3
-1
712 7
173 2
-1
604 7
557 1
-1
83 2
188 3
2944 7
-1
-1
17 1
-1
-1
-1
-1
2373 1
-1
6056 3
-1
212 1
-1
-1
400 3
-1
31 1
2870 1
425 2
1547 6
-1
-1
-1
386 5
-1
-1
-1
199 3
-1
-1
179 4
-1
77 1
649 2
-1
18 1
-1
-1
2092 11
277 4
-1
399 2
187 1
-1
-1
-1
-1
-1
-1
2 1
-1
-1
709 4
-1
6315 2
-1
-1
-1
249 1
1735 1
-1
-1
-1
37 30
-1
4083 1
7827 2
-1
-1
783 1
232 3
-1
1015 2
516 1
-1
141 4
-1
-1
-1
-1
3 1
-1
-1
-1
1928 3
-1
-1
-1
-1
651 1
-1
-1
1512 1
-1
1493 1
-1
-1
2331 1
-1
2657 15
-1
-1
-1
-1
-1
27 1
-1
1891 13
-1
3385 9
102 1
143 1
-1
-1
-1
-1
-1
2467 14
1053 4
220 1
755 1
-1
-1
-1
-1
-1
-1
-1
349 12
1809 1
-1
-1
7023 11
-1
347 2
2148 5
-1
-1
61 3
-1
-1
-1
-1
842 1
-1
-1
1625 3
-1
-1
-1
-1
-1
68 1
-1
-1
-1
-1
-1
47 4
-1
-1
845 1
354 1
-1
-1
-1
-1
5217 32
1346 1
943 3
-1
-1
-1
-1
401 3
-1
7 4
111 1
-1
-1
1411 5
-1
-1
-1
-1
345 4
-1
167 1
-1
514 1
-1
-1
1440 1
2436 1
546 1
14 19
-1
3 1
15 1
-1
-1
284 1
891 4
-1
38 1
1412 1
570 1
-1
-1
-1
-1
-1
-1
-1
-1
1534 1
657 1
-1
-1
-1
-1
213 1
-1
-1
-1
-1
-1
2626 5
155 6
1027 1
-1
68 33
-1
-1
-1
-1
-1
3751 1
-1
632 1
-1
-1
207 1
-1
-1
41 1
249 10
-1
-1
-1
-1
-1
-1
37 1
-1
-1
-1
-1
142 1
-1
-1
-1
383 2
1922 1
2119 2
895 2
-1
4411 4
11 1
-1
-1
2157 1
539 4
-1
-1
-1
1867 2
-1
261 1
-1
204 1
4219 4
19 3
46 13
1651 17
-1
-1
-1
-1
-1
-1
41 1
1063 8
-1
71 2
29 1
-1
-1
11302 7
-1
-1
-1
-1
522 1
-1
21 1
-1
691 1
-1
551 1
-1
-1
-1
-1
-1
-1
2002 1
15 1
2715 4
-1
349 3
-1
-1
-1
-1
103 3
40 1
16515 2
-1
-1
-1
-1
3943 12
-1
-1
72 1
1684 1
1238 5
77 1
88 3
-1
-1
-1
519 16
4205 1
331 1
544 1
-1
-1
374 1
-1
-1
-1
1962 1
3756 1
-1
113 10
717 7
1248 1
3335 1
-1
-1
-1
41 1
1355 1
-1
-1
171 2
-1
1735 1
-1
-1
-1
135 1
-1
-1
-1
-1
-1
999 2
-1
1292 1
-1
-1
3 2
-1
3 2
143 2
5156 1
-1
33 4
312 1
-1
-1
-1
3541 2
-1
-1
-1
1940 7
4063 3
320 1
-1
97 1
529 2
89 5
517 1
-1
-1
-1
-1
-1
-1
4 11
-1
-1
-1
-1
363 1
128 1
2760 1
-1
1141 4
-1
-1
-1
-1
-1
-1
-1
1359 5
-1
1017 1
-1
-1
-1
-1
-1
1296 25
7774 1
3935 3
-1
766 3
-1
-1
986 1
-1
-1
14 5
102 1
-1
812 1
106 17
-1
613 1
-1
-1
-1
-1
706 1
-1
-1
57 1
1627 1
-1
253 1
-1
-1
12788 3
-1
-1
2072 1
603 1
-1
-1
-1
500 1
19 1
152 1
3 1
-1
-1
81 7
-1
9 7
19 1
-1
-1
-1
-1
28 1
-1
-1
6563 2
-1
-1
-1
-1
-1
159 1
-1
-1
2381 10
381 2
-1
-1
461 1
675 2
-1
-1
-1
-1
-1
11 18
-1
194 1
7831 5
7063 5
-1
176 1
1555 2
-1
-1
14 13
2863 2
466 1
568 1
2869 8
-1
-1
37 3
-1
42 1
50 1
30 1
-1
-1
-1
-1
-1
-1
-1
6025 11
-1
215 8
-1
-1
-1
-1
342 5
-1
-1
1 6
-1
55 3
-1
-1
-1
1993 8
-1
-1
-1
-1
509 1
-1
-1
-1
48 1
-1
-1
199 2
-1
-1
-1
-1
-1
-1
668 1
601 1
-1
-1
581 1
14 1
-1
-1
458 1
-1
4180 3
314 3
747 4
-1
-1
-1
2523 4
1627 1
-1
1336 1
-1
1005 1
-1
79 2
-1
251 1
-1
2660 3
-1
-1
78 1
-1
-1
733 5
-1
73 2
-1
-1
3525 2
-1
-1
15649 6
6 1
202 1
-1
35 2
3158 1
-1
-1
-1
309 2
-1
-1
2994 1
212 1
-1
-1
-1
-1
-1
-1
16 15
-1
-1
-1
-1
-1
1075 1
5042 39
-1
-1
-1
-1
-1
-1
7915 7
-1
-1
-1
-1
403 1
-1
1172 1
9845 3
671 2
-1
-1
74 1
-1
353 1
-1
-1
-1
-1
249 1
785 6
293 2
-1
160 3
-1
118 1
-1
142 1
211 1
168 1
228 1
-1
-1
-1
-1
-1
-1
1935 2
1336 3
-1
539 2
-1
-1
947 1
-1
622 1
629 2
47 1
13 1
-1
-1
-1
1410 1
931 1
-1
1978 1
2547 5
-1
403 1
929 1
-1
809 3
-1
-1
35 4
-1
207 1
-1
11 2
68 1
5851 1
-1
-1
-1
-1
-1
1989 1
-1
66 1
-1
-1
5 2
2054 3
-1
-1
-1
-1
-1
-1
1514 1
1460 1
-1
-1
6 1
469 5
181 4
-1
627 1
268 1
-1
703 7
343 1
262 1
46 13
-1
351 1
296 1
-1
-1
-1
-1
1053 1
931 1
-1
1129 1
-1
1363 2
398 3
1888 1
1276 1
811 2
-1
7062 1
-1
-1
-1
843 1
-1
-1
-1
273 1
37 2
-1
-1
-1
431 1
-1
-1
-1
-1
1287 1
-1
-1
593 11
-1
-1
-1
-1
-1
1005 1
-1
-1
-1
686 3
1693 6
-1
643 1
-1
2323 13
2491 6
-1
-1
5 1
8 27
-1
-1
-1
-1
-1
-1
-1
-1
-1
-1
-1
5 1
-1
731 1
215 3
-1
-1
-1
-1
76 1
113 2
-1
4 1
-1
2536 1
-1
1579 1
61 3
-1
-1
-1
-1
-1
-1
23 30
283 7
-1
-1
351 2
-1
-1
72 1
-1
124 65
-1
-1
293 1
94 1
-1
2697 2
64 1
-1
1809 16
37 1
516 1
-1
-1
-1
-1
-1
-1
-1
47 3
94 1
-1
9435 1
4051 2
-1
107 1
-1
-1
-1
319 2
-1
-1
-1
-1
-1
1388 5
2302 1
-1
-1
-1
-1
-1
-1
57 1
-1
-1
-1
-1
-1
391 1
-1
372 7
428 1
-1
-1
-1
-1
-1
-1
310 3
-1
-1
1061 2
-1
-1
-1
917 1
-1
1948 17
-1
44 1
-1
-1
9289 9
-1
-1
-1
177 1
82 1
220 1
-1
-1
-1
-1
-1
1584 1
267 13
2673 2
-1
11233 3
-1
-1
15 2
429 1
-1
599 1
-1
-1
-1
-1
593 4
-1
-1
315 4
-1
-1
-1
506 1
4643 6
-1
1729 24
-1
-1
-1
-1
-1
-1
462 1
-1
-1
-1
-1
22 1
269 1
73 2
248 1
253 1
-1
-1
11 1
-1
-1
-1
115 1
328 1
1000 1
-1
-1
-1
-1
-1
4 1
-1
109 1
202 1
-1
295 1
463 1
-1
2567 11
4134 1
247 1
-1
-1
818 1
-1
-1
-1
-1
-1
64 1
665 1
-1
11 6
-1
39 1
-1
-1
-1
-1
1064 3
1935 2
-1
1361 7
299 1
51 2
35 2
-1
-1
-1
1089 2
-1
-1
-1
596 1
-1
4357 2
-1
5757 1
203 2
-1
675 1
-1
-1
353 1
1813 2
1315 3
69 1
-1
422 1
-1
-1
510 1
-1
-1
-1
-1
1 3
-1
70 1
47 1
417 1
-1
-1
672 1
391 4
-1
-1
-1
-1
-1
-1
1376 1
994 3
26 1
-1
25 1
170 1
-1
-1
519 1
-1
1107 1
377 1
-1
263 9
2088 1
308 3
667 2
538 1
26 19
-1
-1
-1
1461 2
3088 1
-1
-1
-1
168 1
-1
-1
-1
-1
-1
-1
812 1
-1
-1
-1
577 3
-1
682 1
922 1
-1
321 5
-1
21 1
-1
-1
330 7
-1
-1
-1
1216 3
697 1
-1
-1
-1
-1
-1
-1
73 2
965 1
292 1
3642 1
-1
-1
-1
-1
-1
-1
149 1
-1
-1
-1
-1
-1
-1
-1
-1
883 1
-1
-1
-1
6 1
-1
-1
1733 3
-1
-1
547 1
-1
43 1
275 1
-1
-1
309 1
-1
-1
1746 1
-1
-1
-1
-1
-1
111 1
-1
242 3
1874 5
35 2
-1
-1
-1
-1
-1
-1
-1
-1
302 1
250 3
78 7
10 1
79 4
54 5
-1
-1
85 32
315 1
-1
164 1
28 33
659 2
7 3
-1
-1
-1
-1
-1
388 7
-1
-1
3479 5
-1
-1
697 5
-1
-1
-1
294 1
594 1
-1
46 55
-1
1643 14
-1
-1
-1
-1
-1
467 2
146 1
720 7
-1
-1
1139 1
-1
-1
-1
-1
8794 3
2 3
2235 4
-1
596 1
97 4
-1
3853 2
971 1
82 1
-1
290 1
-1
1855 2
241 1
-1
174 1
1623 2
58 1
-1
-1
425 3
1297 8
204 1
61 1
-1
-1
152 5
-1
433 4
-1
481 1
-1
1694 3
-1
608 3
-1
-1
-1
-1
-1
-1
-1
21 1
-1
-1
-1
-1
-1
-1
-1
346 1
-1
8 3
-1
578 13
557 2
1126 1
131 5
3042 1
-1
-1
-1
772 3
215 3
416 1
-1
-1
-1
-1
886 1
-1
-1
-1
-1
-1
-1
-1
-1
-1
-1
293 1
6616 5
691 11
15 1
-1
-1
822 1
240 1
-1
811 1
-1
-1
-1
-1
78 1
-1
-1
-1
158 3
-1
-1
82 1
172 3
1856 1
1392 5
-1
-1
2809 1
-1
13 1
-1
-1
-1
-1
204 1
1231 1
-1
-1
-1
2381 1
-1
-1
188 1
21 1
-1
26 7
-1
457 1
-1
-1
1343 13
-1
213 1
393 1
-1
-1
-1
-1
834 1
-1
1702 7
-1
-1
138 5
48 1
85 2
-1
-1
-1
-1
-1
-1
30 1
432 13
-1
-1
4133 11
-1
542 1
-1
300 1
30 1
-1
-1
927 1
242 1
-1
-1
-1
594 1
62 3
755 1
656 1
-1
-1
499 2
177 8
-1
61 1
-1
-1
1771 2
-1
-1
-1
-1
112 1
747 2
-1
286 5
48 1
-1
-1
-1
-1
446 1
66 1
-1
-1
16 3
-1
-1
-1
54 1
127 1
-1
7807 3
-1
-1
-1
325 1
-1
2369 13
-1
-1
17 7
-1
1427 1
58 1
147 2
5 4
1226 3
-1
339 1
1335 1
6 1
-1
-1
1474 1
-1
235 6
158 3
1042 1
1422 5
121 2
56 1
90 1
-1
-1
85 1
-1
-1
2935 3
154 3
839 4
-1
-1
-1
-1
-1
-1
1931 13
5 1
-1
-1
635 14
20 69
-1
315 1
-1
1746 5
289 1
803 3
-1
-1
169 1
-1
-1
94 5
496 1
-1
-1
74 1
-1
429 2
-1
-1
-1
14 9
145 1
-1
-1
-1
-1
-1
-1
221 1
-1
192 1
-1
279 1
-1
-1
-1
50 1
-1
-1
207 1
-1
489 2
-1
370 1
-1
114 1
141 4
-1
-1
-1
2059 5
4 1
1909 3
-1
-1
9117 4
-1
3198 1
346 13
-1
3191 14
-1
-1
655 1
-1
258 1
-1
-1
3053 4
56 1
-1
-1
561 1
-1
-1
-1
95 2
2370 1
-1
-1
-1
3359 2
1 2
-1
-1
-1
4195 1
-1
3833 4
-1
491 1
73 2
-1
-1
428 1
-1
50 1
80 1
82 1
-1
-1
-1
-1
-1
-1
919 4
-1
-1
3693 1
-1
1673 1
-1
1395 2
-1
1432 3
-1
-1
-1
-1
-1
-1
-1
-1
914 3
4711 1
-1
-1
-1
-1
477 1
104 3
195 4
327 5
-1
-1
153 1
-1
-1
-1
-1
-1
47 2
3 2
-1
-1
-1
-1
-1
-1
824 1
-1
-1
-1
647 1
-1
-1
188 3
-1
8 1
-1
-1
-1
72 5
-1
398 3
-1
8985 2
3995 3
481 1
-1
29 1
301 3
1386 1
-1
-1
-1
15 1
77 2
-1
1018 3
45 1
-1
5534 3
-1
337 30
727 2
-1
-1
10 1
-1
-1
-1
-1
-1
-1
-1
-1
-1
33 97
-1
1131 2
-1
-1
-1
-1
-1
1519 1
1114 1
-1
131 2
802 5
367 1
203 3
592 1
10 19
-1
2997 16
-1
-1
607 4
-1
926 1
-1
163 1
1300 1
-1
-1
22 1
3823 1
405 2
-1
-1
182 1
6183 7
-1
-1
182 1
-1
-1
-1
261 7
1279 1
2953 13
-1
-1
-1
-1
3994 1
-1
-1
-1
-1
-1
-1
1 5
-1
-1
2024 1
-1
748 1
65 1
1133 1
2118 1
-1
-1
-1
-1
173 52
-1
-1
-1
-1
-1
-1
703 2
-1
-1
58 3
-1
-1
162 1
-1
39 2
2578 1
550 1
-1
-1
121 58
234 1
-1
169 1
-1
-1
159 1
-1
328 1
-1
152 1
692 5
33 47
-1
-1
-1
592 9
-1
-1
968 1
-1
332 1
715 3
2165 3
-1
-1
-1
-1
-1
-1
1949 4
-1
-1
-1
9 20
-1
-1
-1
-1
-1
-1
869 1
-1
986 1
52 1
277 1
-1
-1
-1
1481 1
-1
-1
847 3
-1
773 3
2045 1
38 1
435 1
-1
-1
69 1
11 2
-1
-1
-1
-1
-1
-1
-1
288 5
-1
-1
-1
-1
-1
-1
178 1
39 2
-1
79 13
1508 1
-1
-1
268 11
-1
1382 1
-1
-1
-1
-1
-1
464 1
-1
4 1
386 1
-1
1755 1
-1
-1
12 1
3985 1
-1
275 1
-1
-1
-1
35 1
-1
-1
3741 11
-1
-1
10 1
29 24
-1
86 1
-1
-1
-1
-1
-1
-1
395 1
38 1
11 2
-1
-1
-1
-1
23 2
84 1
1319 2
-1
-1
119 3
79 8
1488 1
-1
-1
-1
-1
-1
111 7
-1
1 2
34 1
86 1
-1
-1
69 2
-1
923 1
-1
-1
136 1
9 1
-1
-1
-1
447 4
-1
-1
-1
377 2
-1
-1
-1
-1
-1
-1
180 1
-1
-1
-1
-1
-1
-1
-1
-1
-1
-1
337 2
-1
-1
16 1
188 7
-1
-1
-1
391 2
13 1
-1
-1
11 1
-1
-1
74 1
158 1
-1
-1
-1
-1
620 1
-1
-1
-1
-1
-1
-1
251 19
-1
-1
-1
17 15
-1
-1
1093 6
-1
-1
31 3
3617 15
924 1
140 1
513 2
-1
29 2
-1
542 1
-1
-1
-1
2955 2
-1
-1
15 17
-1
3432 1
111 1
1273 2
-1
-1
433 1
316 9
-1
-1
-1
2661 5
-1
-1
1615 1
464 1
927 2
-1
5995 4
-1
13 1
3104 1
-1
-1
-1
17 3
-1
-1
103 1
-1
-1
27 1
-1
40 1
43 1
1673 1
-1
-1
-1
-1
-1
531 1
1931 7
429 1
-1
-1
17 1
-1
-1
-1
-1
1 2
117 1
-1
-1
2803 2
875 1
-1
1418 1
-1
217 2
-1
39 1
1363 2
-1
282 1
-1
-1
-1
-1
-1
-1
29 7
-1
-1
-1
43 2
21 2
9 2
-1
-1
391 2
-1
-1
-1
-1
-1
739 1
-1
-1
223 1
1087 14
-1
-1
-1
928 1
-1
281 2
-1
365 9
357 1
-1
182 5
-1
-1
3067 1
-1
-1
398 1
-1
-1
134 1
-1
18 1
824 1
16 1
-1
-1
-1
-1
-1
16451 21
-1
-1
-1
-1
-1
591 7
-1
-1
-1
213 1
86 3
1552 1
-1
9 1
-1
-1
1989 2
-1
-1
571 16
-1
-1
44 1
507 2
1060 3
-1
-1
17 10
-1
5843 14
137 5
-1
149 1
-1
333 1
-1
31 2
-1
2 3
-1
2088 1
-1
-1
50 21
-1
680 1
-1
-1
-1
-1
-1
-1
-1
-1
-1
3113 1
-1
-1
-1
-1
-1
-1
53 1
-1
1044 1
37 4
1337 2
-1
-1
-1
1654 3
99 2
227 1
-1
-1
-1
974 1
2081 3
322 3
-1
-1
344 3
218 1
37 1
99 7
2719 3
248 1
323 1
-1
845 1
461 1
-1
-1
-1
-1
-1
80 3
-1
-1
-1
7 1
-1
-1
-1
3883 6
29 1
-1
-1
-1
-1
8 1
2 1
-1
1766 1
-1
254 1
716 1
-1
4 5
-1
-1
132 5
-1
-1
-1
-1
-1
-1
39 2
70 1
-1
58 1
1631 2
-1
-1
-1
-1
-1
-1
4 1
-1
789 14
-1
2139 7
64 1
317 1
497 1
-1
70 1
19 1
-1
-1
-1
-1
103 2
-1
-1
958 1
-1
312 1
-1
86 1
-1
-1
2084 1
-1
-1
-1
-1
4571 5
675 2
-1
627 1
-1
119 6
-1
-1
801 4
-1
-1
-1
-1
-1
54 1
2229 28
-1
-1
136 1
-1
-1
-1
743 1
1241 6
-1
-1
-1
99 1
6216 1
-1
-1
-1
-1
320 3
175 1
28 1
-1
345 1
-1
2323 1
-1
373 1
-1
-1
-1
660 1
2847 1
411 1
-1
-1
-1
1499 1
489 2
-1
-1
-1
-1
353 1
-1
-1
-1
-1
1148 1
-1
3916 1
-1
-1
4 1
14 1
-1
-1
-1
-1
1520 1
146 3
6 1
-1
13 24
3579 4
317 1
449 1
-1
-1
653 1
212 1
-1
-1
-1
2835 1
197 1
41 1
-1
-1
-1
-1
689 1
4367 4
295 1
2694 1
-1
-1
-1
-1
2015 3
-1
-1
644 1
263 1
-1
-1
-1
-1
51 1
-1
79 1
-1
978 1
9 2
-1
-1
1607 2
1230 1
-1
-1
-1
-1
-1
-1
-1
-1
935 18
347 1
7931 2
232 1
57 2
-1
-1
-1
320 1
-1
9245 72
3048 1
-1
-1
1683 1
2833 1
-1
101 4
-1
45 1
34 39
-1
110 1
-1
24 1
-1
71 3
-1
-1
-1
-1
-1
174 1
-1
-1
-1
-1
-1
-1
-1
-1
909 4
-1
-1
6 1
-1
-1
13 1
-1
-1
-1
-1
-1
1014 5
-1
-1
110 1
593 2
9296 29
433 1
-1
-1
-1
361 1
42 1
-1
-1
-1
-1
-1
-1
-1
305 2
37 1
-1
248 1
-1
-1
-1
-1
-1
-1
-1
4977 2
3884 1
22 3
-1
-1
233 2
-1
-1
-1
-1
1019 13
-1
-1
-1
2559 8
5552 1
-1
1473 2
-1
-1
-1
-1
68 1
30 1
-1
192 1
-1
-1
-1
-1
-1
393 1
-1
107 1
-1
450 1
1679 3
-1
71 2
-1
-1
-1
-1
-1
-1
-1
2 1
-1
-1
-1
-1
-1
318 1
-1
1678 1
-1
1845 1
1195 1
-1
42 1
-1
-1
-1
263 1
245 3
129 1
2425 1
4267 3
-1
1361 4
-1
101 9
-1
296 3
277 5
2380 1
268 1
-1
-1
-1
-1
362 1
-1
115 1
5490 1
-1
1023 1
54 1
-1
99 58
-1
-1
326 9
-1
-1
-1
-1
-1
-1
-1
-1
130 1
774 1
1233 2
-1
-1
-1
-1
-1
-1
398 1
156 1
-1
1403 1
-1
-1
-1
-1
1274 5
261 2
-1
-1
212 1
42 1
-1
-1
1135 1
497 3
-1
-1
87 1
-1
17 42
329 2
697 1
2911 5
-1
7 2
-1
-1
1212 1
-1
-1
50 1
-1
1577 4
-1
-1
-1
-1
-1
99 2
301 4
79 2
-1
-1
-1
160 1
741 1
-1
-1
-1
-1
855 2
-1
-1
67 15
-1
-1
133 4
-1
202 1
-1
38 1
-1
32 1
-1
2991 2
105 1
-1
420 1
191 1
-1
623 1
-1
-1
1936 3
179 1
253 2
198 1
-1
1910 1
-1
709 2
-1
1023 2
659 1
313 1
1136 1
-1
78 1
1326 1
-1
-1
27 1
131 2
4693 1
-1
-1
-1
-1
-1
286 1
-1
-1
71 1
-1
-1
71 1
-1
-1
1 2
35 1
-1
63 1
-1
-1
-1
-1
-1
795 4
-1
471 1
-1
-1
-1
-1
-1
-1
-1
-1
-1
454 3
-1
-1
744 5
20 1
-1
722 1
-1
49 17
731 1
715 3
-1
-1
-1
625 16
26 1
177 1
5469 7
-1
-1
-1
-1
-1
-1
3492 1
67 1
-1
873 1
187 1
-1
1020 1
815 3
45 73
-1
3105 13
-1
-1
4088 1
62 1
-1
-1
-1
8471 1
-1
-1
44 19
-1
-1
729 5
-1
-1
460 3
51 2
28 1
-1
88 1
875 4
-1
-1
-1
635 1
-1
-1
259 1
-1
-1
-1
-1
7 6
-1
109 2
-1
-1
133 1
122 1
-1
-1
-1
-1
-1
-1
-1
-1
1026 1
493 1
335 1
6982 11
-1
-1
-1
771 13
550 1
1525 1
-1
-1
469 1
-1
17 7
-1
55 2
-1
1196 9
-1
1 2
166 3
-1
-1
162 5
1401 2
1003 1
-1
4049 1
-1
-1
-1
-1
-1
-1
2947 2
680 1
-1
86 33
69 1
-1
991 6
-1
-1
1147 1
167 1
-1
39 1
1417 15
-1
-1
1702 1
-1
-1
709 3
2824 1
-1
-1
-1
-1
280 1
-1
1221 1
-1
