-1
-1
41 1
100 9
-1
176 1
-1
-1
-1
2302 1
-1
633 2
-1
2775 1
191 1
-1
31 3
-1
-1
-1
97 1
-1
4042 1
-1
181 2
1176 1
-1
-1
-1
-1
-1
283 2
4577 1
9 22
5 12
-1
1211 3
-1
-1
-1
-1
257 1
-1
-1
545 2
-1
-1
-1
-1
-1
1423 1
35 2
-1
-1
-1
1279 4
45 4
5354 11
-1
-1
587 1
588 1
-1
-1
-1
2201 1
958 3
206 5
-1
-1
-1
194 1
691 11
-1
46 3
-1
-1
2452 1
27 2
29 2
1149 4
-1
38 1
-1
142 1
1 10
-1
575 1
1385 4
-1
-1
88 1
-1
1 14
-1
508 3
-1
-1
-1
45 2
-1
-1
61 1
1455 1
-1
-1
272 1
6 11
1215 7
-1
-1
49 1
-1
-1
-1
1615 1
-1
108 5
-1
-1
99 1
-1
1363 39
-1
-1
223 3
86 1
-1
-1
-1
-1
-1
49 5
5 1
648 7
374 3
894 1
2670 1
1453 1
47 1
-1
-1
-1
-1
-1
-1
-1
-1
-1
1 12
-1
-1
137 1
118 1
-1
17 1
3001 2
1325 2
-1
2207 1
56 5
-1
-1
-1
780 1
-1
-1
-1
-1
-1
164 1
293 1
-1
3491 1
-1
1322 1
-1
2007 2
-1
488 1
-1
3815 1
-1
849 8
465 1
-1
-1
265 1
139 2
-1
105 1
-1
-1
5211 1
2283 1
595 1
29 1
511 1
75 1
-1
-1
-1
-1
-1
5885 3
-1
-1
-1
-1
2131 1
-1
-1
209 1
43 6
-1
2537 2
51 1
173 4
332 1
-1
-1
4672 13
-1
2158 1
-1
-1
319 2
-1
-1
-1
1627 1
-1
139 2
39 16
-1
-1
316 1
-1
-1
1492 1
-1
-1
-1
-1
170 1
-1
-1
38 3
145 1
-1
-1
524 1
-1
128 1
-1
-1
-1
135 1
416 1
-1
7811 2
-1
3625 1
-1
-1
-1
-1
1852 1
307 1
846 1
-1
341 1
-1
-1
-1
-1
-1
1 2
-1
-1
1388 3
1153 1
-1
-1
-1
277 4
-1
-1
213 1
1883 5
-1
-1
7 1
-1
559 6
-1
65 1
-1
-1
6 1
266 3
-1
712 1
-1
-1
-1
-1
-1
-1
-1
140 9
807 1
-1
-1
-1
-1
10268 1
17 7
977 3
756 1
-1
129 1
7 1
-1
-1
-1
-1
-1
22 1
-1
1933 2
-1
-1
-1
-1
304 1
-1
408 1
-1
710 1
-1
-1
-1
77 1
-1
-1
35 1
233 1
1589 1
95 1
-1
-1
-1
-1
-1
-1
-1
-1
88 1
-1
380 1
193 7
-1
-1
3885 4
1985 2
-1
-1
-1
413 5
1197 4
1787 9
544 5
19 1
-1
121 1
537 1
-1
160 1
-1
-1
-1
-1
5444 1
-1
-1
-1
-1
-1
-1
-1
1674 1
-1
212 1
-1
120 1
-1
-1
-1
-1
-1
2036 1
10 19
-1
74 7
9 1
116 1
777 1
-1
-1
-1
19 12
-1
283 1
963 1
-1
1287 16
946 1
-1
-1
149 1
-1
3 4
2588 1
-1
-1
-1
396 1
1738 1
-1
74 3
-1
973 1
220 1
-1
-1
296 3
199 1
-1
-1
-1
-1
4 77
5063 1
1282 1
92 1
4977 1
4373 2
-1
-1
-1
356 1
435 2
-1
207 2
222 1
16 3
733 6
8519 1
-1
-1
-1
-1
6 1
382 1
-1
107 2
-1
454 1
-1
88 1
-1
-1
-1
-1
2841 1
-1
-1
-1
-1
1330 1
-1
526 1
1065 1
114 1
-1
-1
-1
-1
207 2
2917 1
-1
-1
896 1
-1
-1
-1
371 1
-1
-1
998 15
-1
-1
98 1
-1
-1
68 1
115 1
-1
-1
131 4
99 1
-1
-1
20 7
-1
68 3
403 3
-1
1806 1
-1
-1
-1
-1
-1
-1
-1
-1
-1
-1
-1
-1
-1
40 1
-1
125 1
261 2
2719 5
-1
3956 1
-1
586 5
391 2
567 1
-1
-1
-1
31 1
1437 2
-1
4468 3
-1
-1
-1
-1
1125 1
2509 1
-1
-1
-1
-1
-1
386 1
-1
-1
98 1
-1
-1
-1
-1
-1
-1
-1
-1
-1
1337 33
389 1
-1
-1
698 3
-1
-1
-1
-1
-1
2598 1
-1
-1
-1
-1
1037 1
3254 1
-1
-1
661 1
-1
-1
-1
-1
-1
1933 1
-1
-1
821 2
-1
599 1
-1
-1
-1
-1
-1
547 1
-1
-1
1585 1
-1
217 2
233 2
-1
-1
-1
79 1
-1
870 1
19 3
485 4
-1
5 2
-1
-1
-1
-1
29 6
-1
-1
-1
3 10
554 1
-1
169 1
-1
-1
-1
-1
14 1
556 1
-1
-1
-1
-1
-1
2488 1
-1
-1
93 8
2393 1
-1
-1
-1
303 7
791 6
126 1
773 3
29 1
545 13
-1
-1
2518 3
31 23
-1
-1
224 1
89 1
-1
-1
5196 11
-1
-1
671 2
-1
-1
-1
-1
-1
-1
-1
-1
31 20
-1
8285 1
1357 1
3787 1
-1
791 9
1659 2
1961 2
-1
67 2
476 1
-1
49 1
-1
1832 1
-1
308 3
-1
4557 2
-1
750 1
1489 13
-1
2105 24
-1
-1
254 5
905 1
-1
-1
-1
2563 1
-1
-1
-1
183 1
-1
-1
-1
1851 2
21 1
3335 2
60 1
854 3
955 4
-1
-1
580 1
3964 1
889 1
130 1
33 1
-1
-1
3 1
-1
299 2
-1
-1
-1
507 2
-1
-1
-1
-1
80 1
-1
-1
97 1
-1
306 1
100 1
-1
717 2
-1
-1
-1
27 1
-1
1753 2
-1
-1
-1
9 1
2709 5
-1
-1
-1
276 1
-1
5 1
550 1
-1
675 11
-1
569 4
-1
-1
1666 5
642 1
83 1
-1
-1
9247 2
-1
-1
794 1
-1
-1
2 1
90 1
278 5
-1
1527 7
-1
-1
-1
12024 1
-1
-1
-1
-1
697 3
-1
801 11
-1
-1
93 1
-1
-1
-1
315 1
1302 1
-1
-1
-1
-1
-1
4788 13
-1
1121 10
526 1
-1
142 1
266 1
-1
4744 1
3068 1
-1
-1
-1
299 3
-1
934 1
-1
-1
-1
309 1
-1
-1
-1
2727 2
-1
-1
-1
-1
-1
-1
-1
-1
-1
242 1
60 1
1401 1
-1
339 5
252 11
731 13
61 2
3948 5
251 5
10271 2
-1
-1
273 1
-1
878 3
-1
-1
-1
-1
31 35
-1
4 1
-1
-1
182 3
1513 2
-1
1372 11
16 9
16 1
-1
-1
2217 8
10 3
-1
-1
-1
-1
-1
69 1
-1
-1
2611 1
-1
-1
-1
-1
-1
-1
-1
-1
622 1
3244 1
-1
-1
-1
439 2
2859 1
-1
-1
-1
30 1
919 1
150 1
-1
226 1
-1
2336 1
307 6
110 1
-1
-1
90 1
-1
39 1
-1
-1
-1
58 1
-1
-1
-1
1401 1
-1
-1
-1
-1
211 1
-1
-1
3805 3
-1
-1
-1
-1
-1
117 40
471 5
185 3
1295 2
1450 23
-1
-1
-1
-1
-1
97 2
-1
-1
-1
-1
-1
1306 1
230 7
-1
14 1
-1
201 2
-1
-1
65 3
-1
-1
-1
-1
99 2
108 1
-1
21 2
3343 2
-1
398 3
32 1
46 1
-1
-1
15 4
-1
-1
-1
-1
274 1
-1
9 2
-1
-1
1127 1
-1
-1
-1
-1
-1
372 1
-1
643 11
-1
17 6
-1
-1
-1
-1
31 1
-1
-1
2074 3
-1
7 1
2 1
-1
16 3
-1
-1
-1
315 1
106 1
-1
-1
-1
-1
-1
-1
203 1
2181 4
-1
-1
-1
-1
-1
-1
-1
4539 5
-1
-1
62 1
755 7
634 1
-1
-1
-1
126 1
181 1
-1
-1
-1
-1
34 1
-1
2443 11
-1
-1
-1
783 4
-1
1625 4
-1
-1
365 1
-1
27 1
784 1
-1
1310 1
-1
12 1
-1
1063 8
593 1
-1
34 1
-1
-1
13 4
-1
-1
1495 1
-1
-1
-1
949 2
-1
-1
120 1
151 1
-1
8044 3
-1
80 1
-1
-1
-1
-1
-1
3323 6
2440 1
-1
1289 47
1365 11
-1
-1
-1
-1
-1
837 1
1798 3
89 1
-1
1730 1
-1
-1
-1
3759 2
-1
1171 3
-1
2 1
-1
-1
-1
1 3
-1
-1
359 1
-1
-1
215 6
-1
-1
-1
5 1
1954 1
-1
-1
-1
287 3
1725 1
-1
-1
-1
-1
520 1
-1
-1
-1
5 1
-1
-1
-1
1088 1
-1
-1
3619 2
-1
147 1
235 6
-1
-1
-1
31 6
303 1
-1
5455 1
21 1
29 1
-1
1671 5
1129 1
-1
-1
-1
-1
384 1
81 2
-1
-1
731 2
-1
660 1
-1
-1
-1
-1
94 1
-1
-1
-1
30 7
-1
-1
992 1
-1
501 2
-1
497 16
91 1
-1
26 1
-1
16 1
62 1
-1
-1
-1
-1
-1
-1
345 1
96 7
187 6
-1
-1
-1
129 1
-1
871 17
20 1
-1
71 4
-1
2499 4
-1
661 4
-1
-1
-1
-1
-1
-1
-1
-1
223 1
1673 3
1439 1
2232 13
109 1
702 1
14 1
499 9
-1
-1
2281 23
618 1
104 1
957 2
-1
-1
-1
-1
-1
-1
-1
-1
-1
-1
-1
-1
12 1
115 1
35 1
-1
59 3
-1
13 21
136 5
-1
-1
119 47
-1
1097 4
-1
-1
231 1
-1
345 1
2614 1
-1
-1
2077 5
-1
-1
3 1
-1
-1
-1
-1
757 1
-1
-1
5765 1
-1
-1
-1
282 1
-1
112 1
-1
-1
34 1
-1
144 1
346 1
-1
-1
-1
-1
2148 1
-1
-1
95 3
-1
133 18
17 2
562 1
-1
333 1
326 1
-1
-1
-1
-1
413 6
6291 2
-1
41 1
-1
-1
-1
-1
-1
-1
-1
-1
-1
209 1
883 1
-1
715 1
220 3
-1
-1
-1
-1
-1
-1
1008 1
396 1
-1
-1
937 1
57 4
-1
256 1
2331 1
472 3
-1
-1
-1
-1
123 1
-1
76 1
-1
-1
1211 3
1447 2
-1
-1
-1
1089 32
-1
-1
-1
-1
779 1
1159 1
217 1
-1
-1
161 2
-1
451 1
-1
-1
-1
-1
29 8
-1
-1
3656 1
1204 1
-1
-1
496 5
2456 1
-1
-1
146 3
-1
-1
-1
303 1
-1
-1
191 1
-1
-1
-1
23 1
-1
5 1
-1
-1
-1
-1
-1
-1
42 1
-1
-1
-1
73 1
36 29
2817 2
348 1
1943 1
354 1
-1
-1
8496 1
68 1
1645 3
-1
3698 5
95 1
1137 2
8 1
-1
53 2
1629 2
59 3
4551 1
53 1
-1
1117 5
-1
578 11
-1
369 7
-1
531 23
-1
-1
-1
-1
-1
6803 6
295 1
-1
-1
-1
-1
-1
123 52
-1
-1
-1
-1
2573 1
-1
1156 1
-1
547 4
-1
-1
-1
630 1
2031 1
-1
-1
298 3
114 1
938 3
-1
-1
63 2
-1
1909 1
-1
155 1
-1
-1
-1
1213 6
-1
292 1
-1
-1
2 1
-1
-1
235 1
131 1
-1
-1
919 1
310 1
-1
-1
-1
-1
398 1
-1
-1
140 1
1421 3
2708 5
-1
-1
2 1
11 1
7577 2
32 33
-1
-1
-1
-1
-1
-1
85 6
1444 1
-1
292 7
-1
10 3
-1
-1
1102 1
-1
125 2
1456 1
1779 2
-1
-1
-1
47 1
-1
-1
-1
-1
-1
-1
-1
-1
753 11
-1
120 1
-1
-1
-1
2578 1
32 1
1531 3
634 1
-1
-1
-1
-1
-1
1651 1
-1
-1
-1
73 3
-1
-1
390 1
-1
-1
2097 1
1721 2
-1
-1
-1
1549 3
-1
-1
-1
-1
-1
-1
-1
868 3
145 1
5867 4
-1
-1
843 2
-1
2693 1
1241 2
-1
-1
-1
1583 2
46 1
1881 2
-1
-1
2128 1
1437 2
-1
-1
-1
-1
-1
54 1
-1
4136 7
350 1
-1
5956 1
154 1
-1
-1
328 1
-1
-1
-1
-1
32 3
-1
-1
-1
874 1
-1
-1
-1
-1
-1
83 3
-1
409 2
-1
1031 3
-1
-1
-1
663 4
-1
65 4
-1
-1
27 1
2338 1
-1
-1
-1
-1
142 3
-1
-1
-1
2676 1
53 1
-1
-1
-1
-1
-1
290 1
1525 2
-1
-1
251 2
8786 9
-1
-1
-1
-1
-1
-1
-1
-1
3809 9
-1
-1
455 2
2365 1
245 2
-1
-1
1 4
-1
-1
1530 1
137 5
-1
-1
-1
-1
1506 1
3474 5
154 3
-1
-1
-1
-1
-1
29 1
-1
-1
-1
2346 11
-1
308 1
-1
-1
328 1
-1
-1
-1
-1
55 6
-1
-1
1501 2
-1
-1
-1
-1
-1
2984 5
-1
257 7
159 2
4466 5
7526 45
1243 1
-1
-1
279 1
-1
-1
1007 2
-1
809 1
-1
-1
230 1
-1
-1
1095 1
-1
1623 1
187 1
-1
35 1
-1
-1
-1
-1
23 3
48 1
-1
-1
-1
-1
4839 8
149 1
317 2
218 1
601 6
-1
85 33
895 1
-1
-1
-1
-1
-1
-1
163 1
-1
330 1
-1
-1
1398 11
-1
-1
-1
501 1
565 12
-1
-1
1093 1
487 2
-1
1289 8
995 2
-1
1707 11
-1
-1
-1
-1
-1
1079 2
-1
111 1
-1
-1
-1
-1
-1
-1
-1
662 1
5 1
-1
-1
3559 2
-1
465 7
-1
38 1
2275 2
88 3
-1
-1
-1
-1
177 1
10419 13
385 1
-1
-1
-1
2232 5
-1
56 1
-1
-1
-1
52 1
277 1
27 2
-1
-1
-1
-1
-1
543 1
-1
305 3
211 2
-1
23 22
511 2
-1
-1
-1
5 2
2616 1
-1
-1
3483 2
-1
-1
50 1
997 2
1781 1
1213 13
-1
-1
656 3
787 7
2449 2
2763 8
-1
-1
-1
-1
1495 1
17 1
139 1
-1
-1
-1
-1
-1
-1
-1
-1
-1
7498 3
-1
1029 2
-1
-1
57 2
-1
395 2
-1
-1
-1
3018 1
1117 1
-1
109 1
-1
101 1
-1
-1
-1
216 1
-1
-1
-1
951 4
-1
25 1
-1
-1
-1
-1
-1
-1
-1
611 1
100 3
-1
-1
-1
-1
-1
-1
-1
75 4
92 1
-1
-1
-1
-1
432 1
539 2
219 4
3999 1
383 2
-1
10 1
-1
-1
173 1
-1
-1
-1
-1
-1
14 3
-1
-1
1597 10
-1
-1
842 17
894 1
-1
373 2
4060 3
2359 1
-1
-1
-1
506 1
-1
62 1
3638 1
31 3
-1
2309 2
1427 1
1521 7
-1
128 1
-1
-1
4366 15
-1
2734 7
-1
-1
167 2
-1
-1
56 1
13901 2
-1
-1
-1
-1
-1
177 1
-1
47 1
-1
-1
-1
1623 1
1016 1
-1
42 1
122 1
-1
-1
27 2
2925 2
2065 1
39 2
-1
-1
-1
211 1
18 1
-1
-1
-1
-1
42 1
1319 3
5681 2
247 1
197 1
-1
-1
-1
-1
-1
-1
1189 4
-1
-1
-1
123 1
-1
79 1
-1
-1
1033 1
130 1
-1
5 1
-1
87 2
1973 1
-1
155 4
-1
14043 2
631 11
-1
154 1
-1
-1
-1
392 1
-1
-1
5 1
3331 19
-1
2427 1
1587 5
196 1
3 10
-1
4299 1
127 2
-1
1370 19
-1
-1
255 1
-1
111 2
-1
2605 1
46 1
34 1
483 4
-1
-1
-1
14 1
-1
7056 1
18 5
-1
-1
120 1
-1
1949 1
-1
-1
-1
370 3
-1
-1
935 2
-1
159 1
195 2
-1
-1
-1
-1
-1
1331 1
-1
-1
-1
-1
71 1
892 1
-1
1161 2
-1
9817 21
1418 1
1137 4
-1
-1
-1
-1
-1
-1
-1
-1
-1
-1
-1
-1
-1
1205 1
-1
866 3
-1
-1
-1
-1
359 5
-1
19 2
-1
-1
-1
185 1
703 1
-1
-1
548 19
4992 1
703 27
346 1
2790 11
-1
-1
-1
-1
-1
87 1
-1
-1
4233 2
12 1
-1
2752 3
450 1
2141 2
-1
2840 1
-1
-1
-1
-1
194 1
-1
-1
-1
-1
68 3
-1
561 1
-1
266 5
-1
-1
-1
-1
-1
-1
-1
344 1
1729 4
-1
-1
-1
5 2
-1
-1
195 1
-1
565 2
-1
-1
53 5
2657 1
-1
4742 3
-1
-1
276 5
4 29
80 1
9202 31
-1
669 1
-1
313 1
-1
-1
-1
166 1
-1
-1
-1
761 1
-1
-1
-1
-1
67 1
462 1
9679 2
-1
-1
5845 2
2 1
-1
-1
337 1
-1
4781 1
238 1
-1
3244 5
3473 5
-1
79 7
-1
-1
-1
-1
-1
965 4
-1
-1
447 5
-1
-1
-1
239 2
547 1
-1
-1
-1
-1
-1
6 1
-1
22 3
1346 1
-1
1376 1
-1
-1
-1
-1
-1
-1
796 1
-1
45 1
12 5
-1
-1
5 1
-1
48 1
160 1
287 4
67 2
354 1
4803 7
-1
-1
19 1
-1
-1
5678 1
-1
2607 1
2775 1
71 3
-1
4726 3
1823 1
-1
1280 3
1393 4
-1
-1
384 1
1400 1
-1
-1
-1
4 1
-1
713 2
-1
29 1
730 9
1575 1
-1
-1
-1
-1
32 1
-1
39 1
-1
-1
6537 1
-1
-1
-1
-1
1076 1
-1
-1
-1
-1
-1
-1
-1
-1
1081 1
-1
171 2
-1
-1
-1
-1
-1
442 1
-1
-1
-1
264 7
-1
14 1
11 1
-1
-1
-1
413 3
-1
-1
-1
-1
-1
-1
122 1
749 1
-1
440 3
-1
-1
341 3
2139 5
1437 10
-1
937 1
-1
-1
-1
-1
-1
-1
-1
-1
-1
-1
-1
-1
-1
-1
-1
-1
1431 4
2 3
-1
-1
949 3
605 1
-1
-1
-1
-1
189 5
320 11
183 1
-1
-1
-1
110 1
3653 1
504 1
-1
-1
-1
-1
-1
-1
6493 8
-1
2393 1
530 1
-1
-1
8522 1
-1
-1
-1
1117 4
-1
15 1
-1
-1
-1
3726 11
-1
-1
-1
-1
-1
272 3
-1
491 2
95 2
1399 1
-1
-1
119 6
269 5
366 7
-1
-1
2446 1
40 1
-1
-1
720 1
-1
-1
10159 28
-1
-1
-1
40 61
233 2
-1
43 1
197 8
1242 1
40 1
-1
-1
2513 1
571 2
1029 2
-1
-1
-1
3663 1
-1
674 15
-1
-1
-1
-1
-1
1549 13
-1
151 4
687 1
1282 3
3821 2
-1
-1
508 3
-1
14 29
153 2
27 49
-1
-1
1030 1
2125 3
-1
-1
35 1
-1
47 2
-1
147 1
-1
-1
-1
-1
-1
6292 1
-1
118 1
-1
-1
446 1
-1
4409 3
-1
-1
81 1
-1
-1
-1
116 1
91 3
-1
2197 1
-1
-1
4 1
1 3
114 1
95 7
-1
-1
-1
-1
3373 1
328 1
-1
-1
-1
-1
-1
-1
-1
139 1
-1
469 2
-1
189 1
-1
-1
-1
-1
-1
-1
1310 3
109 1
5 3
-1
-1
48 1
902 1
149 1
-1
669 1
-1
-1
484 1
-1
16 5
1621 17
-1
1663 2
-1
-1
-1
-1
-1
163 1
-1
-1
2203 5
271 1
-1
77 2
-1
-1
-1
-1
-1
1383 7
-1
31 1
-1
95 1
2173 2
-1
182 1
-1
-1
177 2
-1
611 7
31 11
-1
-1
7 10
-1
-1
29 1
-1
5 3
-1
-1
17426 5
-1
-1
-1
-1
3901 5
-1
1941 1
1554 5
-1
1601 1
503 1
-1
8479 1
33 1
-1
-1
-1
-1
-1
448 3
-1
33 2
-1
1666 1
-1
2955 4
-1
-1
-1
544 5
54 1
-1
-1
-1
-1
4578 11
-1
197 1
699 1
193 11
216 1
24 7
-1
-1
6660 1
-1
-1
199 1
-1
21 1
-1
-1
-1
512 1
-1
121 2
44 1
-1
2357 1
-1
1339 36
-1
-1
232 3
-1
-1
-1
24 59
-1
5041 2
-1
1451 1
-1
229 4
94 7
-1
118 1
-1
-1
421 5
-1
-1
-1
-1
-1
-1
-1
251 1
-1
188 1
-1
4789 1
293 2
-1
-1
19 1
-1
672 1
-1
-1
206 1
230 9
-1
-1
-1
175 3
-1
-1
50 1
-1
107 2
245 3
-1
184 7
-1
-1
-1
-1
-1
-1
454 1
514 1
-1
-1
125 1
-1
-1
377 1
-1
-1
3643 1
-1
-1
-1
-1
272 1
-1
-1
-1
-1
-1
71 3
31 2
-1
-1
-1
-1
-1
225 1
44 3
106 1
-1
-1
-1
-1
-1
-1
-1
-1
-1
-1
-1
62 5
-1
-1
189 1
44 1
84 1
1849 8
7267 2
-1
-1
-1
-1
-1
-1
-1
1875 1
732 5
326 3
1851 10
-1
283 7
3929 2
-1
-1
-1
-1
1039 11
441 4
-1
612 1
-1
-1
195 1
989 1
-1
686 1
689 5
604 11
-1
-1
160 1
-1
14 1
3511 13
757 1
1395 1
294 1
-1
-1
287 1
67 6
539 1
30 1
-1
4371 2
-1
30 1
-1
-1
504 1
130 3
133 10
-1
-1
-1
312 1
-1
131 3
765 1
-1
-1
-1
-1
-1
393 1
-1
30 1
-1
2669 1
-1
-1
-1
208 1
2402 1
701 1
-1
24 1
3314 1
-1
-1
-1
-1
185 3
-1
25 1
-1
-1
-1
-1
-1
12 1
2702 3
6821 2
34 1
-1
-1
-1
6 5
2346 1
-1
-1
31 33
-1
-1
5495 3
-1
-1
-1
-1
223 9
163 13
-1
-1
1010 1
-1
-1
301 1
753 1
-1
-1
-1
74 1
1335 4
-1
669 4
96 1
94 1
-1
-1
827 2
-1
155 2
-1
-1
931 51
-1
326 1
-1
3835 2
-1
-1
-1
310 1
2542 9
-1
-1
4 1
-1
-1
1037 1
-1
-1
56 1
109 5
-1
294 1
1965 1
-1
3749 3
116 3
-1
-1
-1
-1
-1
869 2
-1
-1
-1
-1
-1
-1
-1
-1
-1
-1
-1
1330 3
436 1
1625 1
271 1
364 1
-1
120 1
-1
-1
-1
465 1
-1
-1
-1
-1
15 1
-1
-1
-1
-1
5 3
571 1
-1
1274 1
-1
1045 1
125 2
-1
-1
-1
151 9
-1
-1
-1
319 2
-1
542 15
45 1
-1
7 1
-1
-1
23 1
368 1
2987 3
-1
-1
187 25
85 1
-1
289 3
-1
419 1
-1
-1
-1
-1
-1
-1
1465 1
-1
-1
-1
-1
1455 1
93 1
3831 1
1111 1
-1
-1
-1
-1
-1
420 1
-1
-1
206 5
193 3
-1
-1
-1
-1
-1
389 2
-1
1015 4
140 3
30 1
-1
152 1
-1
-1
-1
4166 9
-1
-1
-1
-1
205 1
419 2
-1
-1
-1
-1
-1
177 2
13 1
-1
5217 2
15 1
-1
-1
-1
105 4
-1
-1
-1
2883 2
-1
1486 1
-1
-1
-1
-1
-1
-1
8 1
-1
-1
-1
-1
-1
11 2
4531 12
-1
-1
25 2
100 1
1172 1
-1
-1
-1
110 1
266 1
7 10
-1
-1
27 1
-1
-1
6712 5
-1
-1
480 7
-1
-1
1197 1
93 1
-1
785 3
-1
-1
340 1
-1
-1
-1
683 7
-1
-1
11 1
35 61
-1
-1
-1
-1
-1
-1
-1
2850 1
1373 8
-1
-1
31 25
-1
692 1
-1
-1
-1
-1
451 3
-1
1642 7
-1
1142 1
-1
-1
-1
991 1
4249 1
2683 3
-1
-1
-1
13 1
309 1
26 1
-1
-1
243 1
947 1
-1
3431 5
6063 1
-1
-1
8615 4
-1
-1
-1
2457 2
15 1
94 3
-1
2689 8
66 1
33 1
45 28
385 1
-1
-1
-1
76 1
-1
3562 3
2922 1
-1
-1
-1
-1
56 1
151 2
-1
559 4
-1
-1
-1
10323 2
-1
-1
7549 1
-1
163 1
1521 10
-1
2895 1
-1
286 1
-1
13 1
-1
-1
-1
915 1
44 3
-1
3609 2
1905 19
-1
230 1
115 4
95 2
-1
1230 1
-1
-1
-1
-1
-1
1415 1
23 1
433 1
4982 1
9 16
-1
-1
72 41
29 6
-1
-1
-1
79 1
-1
546 1
4293 2
-1
765 1
1947 1
-1
159 17
786 5
-1
-1
29 2
59 1
14 1
-1
-1
-1
-1
123 2
-1
411 1
3 1
-1
85 1
-1
-1
-1
-1
-1
1091 1
-1
-1
113 1
3819 2
-1
-1
5964 1
481 12
-1
23 17
-1
263 4
-1
115 2
-1
-1
-1
571 1
-1
-1
-1
379 1
-1
22 1
1414 1
115 1
142 3
-1
-1
278 3
19 1
-1
879 2
1049 30
-1
-1
-1
-1
-1
-1
1201 5
283 2
-1
1127 2
393 2
28 1
-1
1073 12
577 1
-1
150 1
-1
22 1
51 1
1131 2
61 1
-1
2871 2
-1
2406 1
920 1
70 1
-1
-1
-1
981 1
-1
84 1
647 9
-1
-1
8 7
-1
173 1
-1
-1
-1
-1
-1
845 1
195 2
-1
242 1
82 1
-1
273 10
-1
-1
-1
-1
-1
-1
162 1
-1
248 1
-1
391 8
925 6
-1
-1
-1
821 1
-1
3 10
399 2
302 3
-1
-1
-1
433 2
-1
-1
-1
843 8
-1
-1
-1
-1
-1
-1
757 1
199 8
4 1
-1
-1
182 1
-1
-1
-1
-1
-1
-1
1580 1
-1
-1
-1
-1
-1
-1
-1
-1
-1
-1
-1
461 4
154 1
11063 9
-1
-1
93 1
-1
364 5
72 1
885 2
277 1
3064 1
774 1
476 3
57 1
8083 2
-1
938 1
836 1
-1
-1
16 1
789 1
478 13
-1
350 1
-1
-1
109 1
-1
54 1
71 1
110 1
-1
-1
827 4
-1
-1
31 2
291 2
-1
1202 5
-1
1418 1
-1
126 1
85 4
-1
-1
-1
-1
60 1
-1
388 1
30 1
3400 7
-1
-1
-1
274 5
-1
247 1
-1
-1
31 8
158 1
159 2
-1
-1
120 1
-1
1403 3
14125 8
-1
-1
-1
-1
-1
-1
-1
-1
5 1
1673 13
68 1
1089 4
283 1
-1
22 1
-1
-1
457 1
57 1
-1
619 26
-1
725 1
-1
21 2
166 1
-1
-1
-1
-1
-1
10429 3
-1
-1
-1
1199 1
-1
27 2
-1
-1
-1
-1
-1
131 2
-1
-1
17 1
-1
-1
-1
-1
-1
-1
-1
753 4
-1
1301 1
-1
-1
-1
-1
379 2
2000 23
988 1
812 1
-1
-1
6575 2
-1
-1
-1
-1
-1
-1
-1
-1
32 3
702 1
4166 3
-1
-1
-1
-1
-1
-1
-1
-1
-1
-1
27 1
-1
-1
-1
-1
-1
419 1
-1
-1
-1
-1
-1
-1
750 1
-1
-1
5216 3
-1
-1
714 1
92 1
-1
6005 2
-1
-1
1226 1
-1
-1
-1
-1
-1
179 1
-1
169 2
-1
-1
41 1
-1
1215 4
-1
-1
2405 8
-1
-1
730 3
-1
3157 6
-1
-1
-1
-1
-1
-1
-1
-1
1327 2
-1
-1
-1
-1
-1
-1
-1
-1
-1
1804 1
-1
2814 5
-1
632 1
-1
-1
187 2
124 1
-1
512 3
-1
-1
-1
274 1
-1
5863 14
149 3
34 1
-1
9 1
15 1
-1
-1
-1
-1
-1
2684 1
62 1
20 1
-1
413 1
1609 2
-1
-1
848 1
439 1
-1
737 3
435 4
131 1
194 1
384 1
29 5
4058 5
-1
-1
1480 1
184 1
-1
5161 4
-1
83 1
-1
-1
-1
-1
31 1
865 1
-1
19 1
-1
-1
-1
-1
-1
-1
-1
-1
3 2
1 2
173 1
-1
1324 1
1289 2
-1
-1
-1
-1
-1
-1
109 2
-1
-1
-1
257 1
-1
475 2
-1
-1
-1
1884 1
1993 1
323 25
37 2
18 1
-1
53 1
-1
-1
-1
-1
64 3
3218 1
-1
224 1
2116 3
-1
5087 4
-1
-1
285 1
1799 5
3269 3
1725 4
1817 3
1609 7
-1
-1
337 4
-1
128 1
-1
-1
-1
-1
25 2
445 2
-1
-1
-1
-1
378 1
-1
-1
-1
-1
-1
-1
-1
-1
832 1
6709 9
-1
-1
-1
-1
447 2
537 1
-1
-1
-1
147 1
-1
-1
791 1
2583 1
-1
-1
-1
-1
-1
5 6
-1
-1
-1
-1
292 1
-1
-1
310 1
-1
-1
-1
-1
-1
-1
-1
-1
40 1
-1
5297 2
742 5
-1
65 1
-1
-1
-1
910 3
114 1
-1
11 1
357 1
31 2
-1
819 2
-1
4486 1
-1
-1
-1
-1
-1
-1
-1
-1
125 1
2728 1
-1
239 1
4139 6
-1
4307 2
-1
-1
567 1
528 1
-1
-1
765 1
-1
-1
-1
1008 1
-1
-1
-1
-1
-1
14 5
-1
-1
-1
7 2
185 1
1790 3
-1
-1
-1
-1
2243 63
687 1
-1
585 2
-1
-1
2549 1
-1
-1
-1
412 1
1479 1
822 1
-1
715 1
-1
-1
-1
-1
-1
94 1
-1
-1
-1
398 1
29 3
-1
-1
274 1
1773 2
34 39
-1
359 4
126 1
1128 1
-1
-1
-1
56 3
-1
-1
1856 5
-1
-1
342 1
-1
-1
5939 6
-1
7460 1
-1
1627 4
-1
2094 1
23 1
305 2
-1
-1
74 1
-1
9 46
-1
-1
818 7
-1
-1
-1
-1
-1
-1
-1
-1
-1
-1
-1
1970 7
-1
-1
-1
511 2
5237 17
-1
32 3
-1
-1
-1
-1
2713 1
-1
204 1
-1
-1
-1
-1
-1
320 1
388 5
793 3
3346 5
-1
3017 1
-1
-1
1937 1
-1
144 1
-1
2480 1
424 1
-1
-1
63 1
652 1
-1
-1
-1
-1
-1
-1
-1
-1
372 1
-1
-1
640 7
-1
-1
1395 1
89 1
-1
-1
379 1
-1
-1
1238 1
-1
-1
-1
-1
1755 1
-1
1931 3
242 1
-1
1375 2
-1
-1
-1
10 1
145 1
-1
-1
2398 3
4534 1
-1
-1
-1
-1
19 1
-1
-1
10743 2
359 1
-1
1210 1
-1
-1
153 1
-1
762 1
-1
768 1
-1
-1
36 1
-1
-1
919 7
235 1
-1
-1
-1
-1
2251 3
-1
539 1
-1
1079 2
-1
651 10
-1
463 1
-1
-1
-1
-1
132 1
-1
1534 1
36 1
39 1
-1
-1
5324 1
-1
57 1
461 1
165 2
2326 1
-1
-1
241 1
-1
6639 4
-1
-1
379 1
-1
-1
-1
-1
-1
20 31
2999 3
-1
3374 1
639 1
703 10
-1
33 1
-1
-1
-1
-1
634 1
35 41
-1
-1
1703 8
-1
16 1
1706 1
-1
3 4
1248 1
-1
-1
-1
67 1
-1
-1
-1
1577 1
383 2
3 1
-1
600 1
638 1
2844 1
-1
2573 1
-1
-1
521 1
-1
1126 1
-1
128 1
-1
347 1
-1
36 1
51 23
-1
-1
7074 1
-1
16 3
474 1
-1
-1
241 1
-1
-1
1041 31
1663 3
-1
-1
-1
-1
-1
-1
-1
-1
-1
78 1
-1
-1
283 2
2953 2
-1
-1
413 3
-1
-1
-1
491 3
-1
-1
750 1
-1
-1
-1
85 1
-1
-1
-1
2651 2
-1
-1
-1
-1
886 3
-1
-1
-1
723 5
-1
-1
139 4
351 1
-1
592 1
-1
-1
-1
-1
-1
536 1
1887 2
1579 2
876 1
-1
93 1
1830 1
-1
-1
-1
2 1
-1
-1
161 3
-1
875 1
109 1
229 1
-1
1882 1
-1
379 1
-1
-1
721 3
934 1
-1
-1
-1
-1
107 1
-1
-1
-1
47 2
-1
37 2
-1
-1
-1
134 1
-1
-1
5512 3
-1
-1
2675 2
571 1
-1
51 44
3583 1
441 1
23 2
149 1
527 1
395 1
-1
95 1
-1
-1
-1
-1
-1
-1
-1
-1
-1
512 5
-1
260 1
116 3
-1
-1
-1
-1
157 2
-1
50 1
88 1
-1
-1
-1
-1
5082 1
-1
-1
-1
248 1
-1
-1
-1
-1
-1
242 1
-1
687 4
46 1
336 1
1955 1
2530 1
-1
8 1
365 1
10 1
5600 3
1570 1
114 1
-1
1300 7
-1
1 2
156 1
-1
-1
-1
-1
1619 3
-1
683 5
269 1
1128 5
-1
-1
-1
-1
64 1
-1
-1
223 1
-1
1558 1
602 3
826 1
-1
-1
-1
-1
3463 4
1615 2
-1
-1
-1
741 1
7088 15
-1
-1
-1
1201 24
-1
-1
-1
-1
-1
345 8
468 1
-1
538 1
-1
102 1
564 1
-1
-1
-1
1469 1
8 1
5 1
-1
2711 1
-1
-1
-1
-1
-1
975 4
622 1
199 1
1483 4
-1
-1
-1
-1
188 1
160 1
-1
-1
-1
79 9
-1
-1
-1
-1
3596 7
467 2
22 1
-1
-1
-1
1549 3
-1
844 3
119 3
-1
-1
1262 5
-1
-1
-1
64 1
-1
15 2
-1
614 1
2859 2
-1
23 1
39 1
25 1
-1
-1
43 9
-1
-1
-1
-1
892 7
-1
-1
3 8
-1
488 3
-1
100 1
-1
-1
1126 3
645 2
187 1
-1
3427 5
-1
1157 3
-1
-1
-1
-1
-1
339 1
-1
7 1
-1
-1
-1
-1
-1
-1
27 2
-1
59 1
311 4
249 2
196 1
-1
-1
-1
-1
809 1
-1
-1
112 1
-1
-1
119 1
-1
-1
-1
817 2
-1
-1
-1
-1
-1
31 2
3742 19
36 1
-1
-1
-1
-1
67 5
1743 1
653 8
-1
50 1
-1
-1
-1
1019 10
-1
-1
-1
19 2
-1
-1
-1
-1
-1
425 2
-1
-1
-1
29 59
-1
3729 2
523 1
-1
-1
1045 8
-1
-1
-1
3030 11
1869 8
-1
2388 11
-1
1001 2
-1
419 1
3693 2
-1
187 1
-1
132 1
-1
-1
15 1
-1
119 2
639 2
257 1
-1
230 1
-1
1644 11
26 1
1002 1
-1
-1
3045 4
-1
-1
-1
253 4
115 3
93 1
1423 6
775 2
21 1
1958 1
682 1
12 7
818 1
-1
-1
-1
-1
1192 1
-1
1061 1
-1
-1
-1
-1
-1
-1
-1
391 2
1768 1
-1
26 1
-1
-1
-1
308 5
23 2
-1
-1
363 1
-1
1205 1
-1
-1
335 1
-1
-1
366 1
-1
-1
-1
-1
-1
-1
5 1
-1
-1
-1
125 1
-1
-1
852 1
-1
-1
145 1
227 1
274 1
1629 4
41 2
-1
1 2
-1
81 4
1275 1
-1
-1
-1
189 1
-1
392 1
-1
-1
-1
245 4
-1
977 2
588 1
-1
-1
-1
-1
-1
-1
-1
2083 1
43 3
775 1
-1
-1
-1
-1
-1
-1
-1
-1
1208 3
-1
-1
-1
-1
-1
-1
-1
-1
-1
-1
-1
-1
1412 3
94 1
817 3
-1
493 3
-1
769 13
3395 4
-1
105 1
5857 50
-1
160 1
-1
-1
-1
-1
386 1
-1
251 6
428 1
11852 1
-1
-1
207 1
190 1
-1
-1
-1
-1
23 8
-1
-1
-1
-1
78 1
-1
-1
1375 7
-1
190 1
5 12
-1
-1
13 19
98 1
-1
903 1
54 1
4 1
1778 1
-1
-1
191 6
2 3
-1
194 1
39 1
-1
-1
-1
-1
76 3
-1
905 1
-1
262 1
-1
-1
-1
125 3
-1
470 1
107 7
-1
-1
40 1
182 1
-1
-1
-1
-1
1435 2
-1
420 1
-1
-1
145 1
-1
-1
4769 4
662 1
-1
-1
13 3
-1
10508 39
906 1
37 1
-1
-1
-1
-1
661 12
-1
-1
2973 1
454 3
12 1
-1
4455 2
170 1
1891 3
242 1
-1
-1
-1
-1
-1
19 2
69 4
-1
4461 1
-1
-1
-1
97 2
-1
87 5
-1
-1
132 1
-1
31 2
-1
1508 23
4256 1
-1
56 1
746 1
-1
-1
-1
-1
9 10
25 4
-1
2129 1
-1
-1
10035 4
859 5
-1
1372 1
-1
-1
-1
-1
-1
-1
8 1
-1
2959 2
-1
939 13
-1
-1
74 7
405 1
-1
-1
-1
3335 2
-1
12 1
-1
-1
-1
49 1
-1
2756 1
-1
-1
-1
-1
2183 25
-1
283 3
538 3
327 1
1169 1
878 1
26 1
-1
1139 11
-1
-1
-1
4777 2
511 1
-1
-1
-1
-1
-1
93 1
51 1
-1
785 2
-1
-1
407 4
-1
1756 3
-1
-1
-1
15 1
21 4
-1
37 1
-1
-1
-1
-1
-1
2853 1
-1
48 1
-1
54 23
-1
-1
236 1
648 1
701 8
196 3
-1
-1
509 2
1617 2
-1
-1
-1
1277 9
-1
49 3
-1
-1
-1
17 1
5134 1
-1
783 1
86 1
5534 5
758 1
1408 3
-1
-1
-1
45 2
2180 1
-1
-1
-1
-1
1183 4
-1
-1
-1
335 2
-1
-1
12 1
710 1
4535 1
-1
-1
-1
50 3
-1
-1
-1
-1
-1
-1
-1
5 1
-1
560 1
67 1
7096 3
-1
4846 5
-1
37 4
-1
181 1
-1
-1
383 8
-1
-1
-1
-1
-1
-1
-1
1783 2
197 1
-1
-1
-1
2080 1
-1
-1
-1
1869 2
332 1
-1
1301 1
564 1
-1
1124 3
725 1
948 1
-1
-1
9 2
703 2
-1
1 2
97 2
-1
89 1
-1
-1
-1
-1
-1
581 16
20 1
-1
-1
964 3
-1
931 1
-1
74 1
-1
-1
3742 7
-1
-1
-1
68 1
873 11
-1
515 1
179 1
-1
-1
-1
511 1
-1
-1
1471 20
-1
1049 1
-1
421 4
606 25
-1
-1
-1
-1
204 7
-1
-1
-1
5225 4
-1
69 1
985 1
-1
360 1
-1
1349 2
-1
-1
603 1
400 1
11 2
-1
-1
1632 1
-1
-1
-1
-1
23 1
47 84
-1
2935 1
-1
-1
-1
279 1
-1
28 1
-1
-1
112 3
913 1
-1
-1
-1
-1
-1
355 1
-1
-1
-1
1533 5
-1
-1
20 1
710 1
792 1
-1
1691 36
527 2
-1
433 3
-1
3 2
-1
386 1
19 3
-1
462 1
4668 1
-1
-1
-1
1113 1
92 1
153 1
-1
-1
1811 2
-1
-1
-1
-1
-1
-1
25 1
82 1
-1
-1
-1
-1
-1
-1
-1
167 4
-1
-1
61 1
39 5
-1
-1
-1
-1
-1
456 1
-1
1532 1
-1
-1
-1
-1
17 1
-1
-1
177 4
-1
-1
6 1
-1
-1
-1
-1
-1
15 1
-1
-1
-1
-1
-1
-1
-1
994 1
74 1
-1
41 2
17 6
832 7
-1
1376 5
32 1
-1
88 1
-1
-1
4697 8
-1
-1
-1
-1
87 1
-1
-1
-1
-1
-1
-1
-1
121 1
-1
-1
-1
2668 9
-1
-1
-1
8703 10
-1
988 1
-1
81 2
577 2
-1
-1
2309 3
-1
-1
-1
10 19
-1
-1
-1
-1
-1
-1
1051 12
-1
6121 1
-1
805 1
-1
-1
-1
387 1
345 1
-1
1456 1
276 1
-1
-1
-1
-1
2152 1
640 11
-1
-1
1217 5
-1
24 1
-1
-1
7937 12
-1
-1
320 1
-1
-1
213 1
66 5
-1
-1
-1
-1
-1
51 1
-1
-1
-1
-1
-1
1839 1
-1
-1
-1
-1
34 1
765 2
23 1
-1
97 1
-1
-1
109 1
-1
4 1
1 3
-1
-1
438 19
-1
-1
-1
-1
-1
-1
-1
-1
-1
-1
-1
911 5
1415 1
-1
-1
-1
-1
-1
-1
-1
-1
-1
-1
-1
77 1
-1
651 1
-1
575 1
4245 4
-1
-1
-1
1507 1
-1
-1
-1
-1
-1
-1
-1
4617 5
440 3
-1
-1
-1
-1
-1
-1
-1
-1
-1
-1
21 4
111 1
-1
-1
-1
-1
-1
-1
1745 3
1931 3
-1
128 1
-1
793 2
-1
166 1
-1
-1
27 1
1175 2
-1
41 2
-1
-1
-1
-1
43 2
3 2
281 2
4 1
-1
34 1
5249 12
-1
-1
1090 3
233 5
1021 2
-1
-1
68 41
-1
969 2
-1
2971 1
-1
-1
1195 2
-1
-1
125 1
892 1
-1
706 1
-1
-1
-1
-1
1 2
-1
-1
765 1
4 1
-1
-1
920 1
571 1
-1
2912 9
1013 8
1979 1
-1
-1
27 1
-1
91 2
-1
-1
7 19
34 101
-1
-1
-1
-1
2082 1
268 1
-1
2 5
-1
1053 1
-1
-1
-1
-1
-1
-1
-1
-1
3234 1
1610 1
-1
-1
-1
99 1
-1
-1
5048 11
-1
11 2
139 19
2 1
81 1
92 1
-1
-1
-1
-1
-1
857 2
20 1
163 1
-1
-1
162 1
962 3
325 3
-1
-1
-1
-1
-1
-1
133 2
1749 14
-1
9550 3
331 6
-1
2637 5
110 97
-1
-1
-1
-1
-1
-1
-1
6983 1
455 2
-1
502 3
1331 8
35 2
323 1
448 1
-1
255 1
839 3
-1
338 1
3033 5
4 1
-1
1977 7
-1
-1
-1
-1
1208 1
-1
-1
2039 10
746 7
-1
-1
-1
217 3
-1
3893 1
779 10
284 3
-1
-1
-1
-1
-1
-1
-1
461 3
1399 1
-1
-1
-1
-1
767 1
-1
-1
-1
20 1
1483 2
-1
-1
123 2
727 2
-1
1102 1
290 1
-1
-1
661 1
639 17
-1
-1
-1
-1
749 4
-1
-1
-1
-1
260 1
8048 7
-1
-1
2403 16
-1
-1
-1
-1
-1
1 3
-1
-1
28 3
-1
-1
-1
3259 8
571 1
5139 4
764 1
-1
31 50
-1
1330 1
-1
-1
-1
-1
344 1
-1
-1
30 1
-1
10 9
-1
-1
25 1
-1
-1
-1
1149 1
171 2
3841 22
610 1
-1
6657 1
-1
230 1
-1
-1
-1
4562 1
-1
898 3
-1
-1
175 1
-1
-1
633 1
-1
-1
-1
4606 5
-1
-1
760 3
4 1
-1
744 1
267 4
-1
-1
161 2
-1
651 1
-1
-1
-1
-1
667 1
-1
-1
-1
605 1
7133 3
-1
-1
-1
24 1
7 12
-1
-1
1658 7
-1
-1
579 4
231 20
463 2
121 1
-1
4545 2
-1
1542 1
119 1
129 1
2479 2
-1
889 1
-1
-1
-1
62 1
-1
-1
-1
-1
-1
201 2
-1
396 1
145 2
-1
-1
-1
-1
-1
-1
-1
-1
9 1
-1
244 1
876 1
491 2
23 2
147 2
-1
650 1
-1
-1
-1
47 1
1847 3
402 1
2 1
31 15
3245 2
-1
-1
-1
-1
131 1
-1
-1
-1
1636 3
-1
-1
-1
-1
-1
409 1
75 1
1007 1
-1
409 1
821 5
-1
-1
-1
-1
5 1
1504 5
29 27
-1
-1
-1
-1
415 4
54 1
-1
1 3
-1
-1
-1
6011 4
2591 1
1367 1
-1
696 1
-1
-1
-1
-1
247 2
119 9
-1
-1
944 1
3002 1
69 1
-1
-1
-1
-1
93 1
-1
-1
629 2
-1
345 1
-1
3302 1
-1
-1
-1
1025 1
-1
535 4
1107 1
-1
500 3
-1
-1
-1
-1
-1
-1
-1
1215 1
37 2
746 1
68 1
1 3
-1
-1
-1
-1
-1
1416 1
2067 5
-1
-1
-1
-1
159 1
6743 17
6103 13
-1
3179 1
1022 5
612 1
-1
-1
-1
-1
-1
278 1
-1
1 5
678 1
-1
-1
1764 1
-1
184 3
111 1
-1
-1
1053 2
247 1
-1
-1
-1
7151 15
-1
-1
337 5
-1
1008 1
5401 2
208 1
1325 7
603 5
10730 1
-1
5287 13
-1
-1
-1
-1
1249 1
-1
-1
98 1
169 1
-1
960 1
-1
104 1
-1
1308 1
-1
-1
-1
-1
-1
-1
-1
-1
-1
227 1
-1
1138 3
-1
989 2
17 1
-1
-1
123 2
6265 4
-1
-1
1713 5
-1
-1
-1
667 1
-1
-1
-1
-1
-1
-1
-1
254 1
-1
-1
26 19
520 1
-1
8 1
-1
-1
1033 1
-1
384 1
373 6
2596 1
-1
1275 4
2918 13
-1
416 21
-1
-1
-1
67 2
-1
-1
21 1
103 2
-1
-1
2289 2
-1
-1
-1
185 8
-1
6092 7
-1
8315 4
-1
1474 1
1525 1
-1
-1
-1
-1
-1
-1
-1
-1
259 3
3603 7
-1
-1
96 1
-1
412 1
-1
697 6
328 1
-1
79 3
489 1
316 1
-1
-1
-1
-1
-1
132 1
-1
1146 1
-1
-1
-1
-1
5968 1
57 7
239 2
223 1
-1
-1
-1
197 2
-1
5175 1
1717 2
439 1
-1
101 6
2823 10
-1
-1
-1
333 1
-1
-1
-1
-1
11371 3
-1
1796 7
-1
-1
-1
-1
-1
-1
-1
182 5
460 1
-1
107 6
-1
13 1
-1
289 1
172 1
-1
-1
-1
-1
1581 1
235 2
-1
-1
-1
-1
-1
196 1
-1
-1
-1
-1
377 6
-1
-1
1418 7
3134 1
-1
-1
2655 2
-1
895 1
1465 1
4483 1
-1
14781 34
994 3
11 2
-1
1649 7
291 5
-1
35 2
-1
71 1
-1
-1
-1
-1
250 1
97 27
210 1
-1
-1
1 2
-1
-1
-1
92 1
-1
3 1
256 1
-1
236 1
-1
-1
-1
-1
444 1
3378 1
361 1
1893 4
3597 2
411 1
-1
-1
-1
-1
-1
-1
40 1
-1
-1
-1
-1
196 1
-1
-1
-1
-1
-1
515 2
-1
-1
-1
10 1
2353 6
-1
1855 4
-1
-1
14 1
-1
2059 7
-1
-1
-1
1511 1
983 5
91 1
-1
725 4
-1
9003 2
-1
125 3
-1
5109 1
713 1
-1
-1
6743 2
-1
-1
1926 1
-1
-1
171 1
151 1
-1
-1
-1
-1
-1
1739 5
261 1
-1
-1
-1
-1
797 2
1645 6
-1
-1
-1
-1
-1
550 1
-1
-1
3 5
-1
132 1
-1
-1
51 1
-1
-1
338 1
709 5
-1
-1
-1
-1
-1
3547 5
-1
-1
-1
488 1
7319 1
84 1
-1
-1
-1
-1
-1
-1
-1
6 31
240 1
-1
316 1
63 1
107 1
163 1
209 3
2113 1
-1
1277 2
-1
31 4
667 1
-1
-1
1903 3
-1
817 3
2470 1
-1
4 1
-1
-1
1335 2
-1
-1
-1
-1
-1
-1
-1
-1
-1
-1
53 2
-1
-1
239 9
-1
-1
-1
-1
-1
1348 3
-1
1816 3
-1
-1
-1
3923 2
-1
-1
-1
952 3
728 1
8310 1
204 11
-1
855 1
1672 3
-1
-1
-1
27 23
21 1
-1
1078 1
88 1
-1
291 1
2963 3
-1
97 1
-1
1250 1
-1
-1
583 2
-1
-1
-1
-1
1198 1
2758 3
1468 3
-1
1037 1
-1
-1
1927 11
-1
1091 5
-1
-1
-1
795 1
310 1
-1
-1
36 1
185 6
-1
501 2
-1
-1
1528 1
-1
-1
-1
-1
403 6
-1
-1
-1
2525 7
693 1
-1
-1
-1
752 1
-1
288 7
-1
-1
-1
61 1
2811 1
-1
-1
-1
2 11
-1
-1
-1
124 7
-1
-1
1400 1
-1
151 1
-1
-1
143 1
583 2
2662 3
-1
-1
-1
-1
1135 1
138 1
-1
1372 1
1344 1
55 2
-1
-1
-1
-1
-1
-1
-1
-1
509 1
-1
3 2
-1
3392 1
545 6
529 1
-1
-1
-1
-1
-1
613 1
-1
2689 4
4313 1
9 1
389 2
230 1
-1
-1
-1
-1
-1
907 1
-1
-1
281 1
122 1
103 1
-1
-1
-1
2133 2
-1
-1
-1
-1
-1
3418 1
252 1
-1
-1
-1
1889 2
-1
-1
-1
5125 1
-1
-1
824 3
316 13
114 1
35 3
-1
141 2
-1
-1
-1
2981 1
-1
37 2
-1
-1
-1
1059 7
713 3
1000 1
-1
-1
-1
497 6
-1
307 1
-1
397 1
2857 1
-1
-1
-1
-1
-1
371 3
3 1
142 1
-1
1161 2
-1
-1
-1
483 1
625 6
-1
-1
-1
-1
-1
845 1
18 1
6993 2
-1
-1
-1
-1
-1
1244 1
1825 2
-1
-1
-1
322 1
-1
705 2
-1
939 1
-1
41 1
-1
1427 1
-1
-1
-1
217 1
1447 3
60 1
-1
-1
591 1
115 1
-1
-1
-1
1312 3
-1
213 1
-1
-1
-1
25 4
-1
299 1
-1
-1
8248 5
32 1
1357 1
-1
-1
753 1
-1
6580 1
-1
-1
-1
-1
-1
202 5
724 5
520 9
-1
695 1
542 1
-1
-1
33 37
-1
38 5
164 1
-1
-1
401 1
1865 6
-1
3325 2
28 1
-1
-1
-1
592 13
388 1
70 1
34 1
-1
-1
-1
18 1
-1
3894 31
-1
-1
285 1
-1
115 1
-1
-1
113 3
-1
-1
678 13
46 1
-1
541 2
2753 26
-1
812 3
414 1
-1
-1
-1
-1
-1
-1
-1
1988 1
161 1
-1
-1
-1
-1
-1
-1
33 32
-1
-1
-1
-1
441 1
-1
-1
55 13
100 1
-1
304 1
-1
1067 1
172 1
-1
-1
-1
3 5
-1
217 9
-1
61 1
430 1
141 1
10 1
-1
831 13
-1
-1
47 2
181 2
1384 1
-1
1546 1
-1
-1
253 4
-1
-1
-1
179 6
747 1
-1
613 1
-1
-1
201 1
-1
-1
613 2
115 2
7195 9
-1
45 2
-1
-1
-1
1670 1
667 6
60 1
41 1
-1
6 1
218 3
1537 7
695 2
-1
237 4
203 8
-1
-1
-1
4017 2
-1
539 3
-1
-1
-1
-1
-1
12 1
-1
-1
1639 2
869 6
184 1
-1
-1
1889 1
1819 1
23 2
2061 2
-1
-1
2149 2
-1
355 1
450 1
-1
-1
701 5
-1
2261 2
-1
-1
679 1
-1
161 6
2170 1
12 1
-1
-1
-1
582 1
-1
-1
-1
3 2
-1
-1
3608 15
-1
-1
-1
17 29
-1
-1
-1
-1
-1
-1
338 1
-1
10 1
-1
229 6
-1
76 1
3587 1
50 1
-1
-1
-1
7139 6
-1
-1
338 1
-1
11 3
37 1
2023 8
-1
-1
-1
1765 6
179 3
8 1
-1
81 2
-1
-1
-1
-1
83 1
368 1
-1
-1
-1
-1
-1
-1
-1
-1
3726 7
-1
6791 5
-1
-1
2358 19
3 1
-1
-1
80 1
-1
-1
-1
185 1
-1
-1
-1
309 1
213 1
-1
-1
836 1
147 1
-1
-1
11683 5
-1
4706 1
-1
-1
4 1
3707 3
447 11
-1
309 1
27 2
-1
16 1
-1
-1
383 2
470 1
-1
-1
1346 1
114 1
481 1
-1
-1
156 1
-1
-1
109 2
48 1
-1
-1
-1
-1
-1
-1
-1
3409 1
1266 11
-1
4990 9
849 1
6232 1
-1
38 7
7590 1
-1
294 1
-1
5635 2
-1
1647 4
2403 2
-1
-1
-1
-1
-1
37 6
-1
-1
-1
-1
2 1
916 1
-1
-1
-1
-1
-1
179 1
-1
22 3
193 1
-1
-1
-1
727 3
-1
-1
-1
-1
-1
842 5
275 8
-1
-1
-1
-1
-1
-1
-1
-1
-1
-1
27 1
-1
-1
27 10
-1
-1
-1
-1
-1
-1
1272 1
-1
574 1
8 1
-1
-1
-1
-1
-1
1173 1
-1
2713 1
-1
-1
-1
-1
45 1
-1
171 4
185 1
-1
-1
193 1
-1
-1
-1
-1
-1
-1
41 1
-1
118 1
-1
171 1
-1
-1
-1
-1
9 7
40 1
32 9
6973 2
-1
-1
-1
-1
41 3
70 1
582 1
-1
7 1
-1
-1
-1
-1
135 1
100 13
291 2
3598 3
56 1
161 1
-1
482 9
11 1
601 8
-1
120 1
600 1
216 1
248 3
-1
64 1
-1
1428 1
-1
-1
2047 4
-1
-1
113 8
-1
-1
-1
-1
596 1
227 1
-1
7434 1
-1
-1
-1
-1
-1
130 11
-1
19 1
-1
-1
490 1
-1
-1
-1
-1
-1
-1
-1
191 2
-1
-1
-1
63 2
1560 1
-1
-1
81 1
-1
-1
3058 7
71 2
1687 1
268 1
-1
546 1
-1
-1
68 1
-1
-1
1209 1
-1
651 1
103 1
-1
-1
-1
224 1
119 2
-1
688 13
-1
-1
388 9
-1
-1
-1
-1
-1
139 1
-1
374 1
2761 8
557 1
-1
-1
-1
89 3
472 1
300 1
1037 1
-1
-1
-1
1801 1
-1
-1
-1
-1
-1
2731 5
2043 1
-1
3026 1
-1
300 1
318 5
307 4
-1
-1
-1
65 4
-1
-1
-1
-1
4976 3
-1
134 1
-1
-1
146 1
-1
223 2
947 3
123 1
1049 7
-1
481 1
-1
1300 1
-1
14 11
-1
1200 1
-1
-1
-1
-1
-1
233 2
-1
-1
317 4
1602 1
35 1
-1
-1
-1
-1
2085 2
-1
-1
-1
-1
2137 1
-1
-1
-1
95 2
332 1
578 1
3557 22
-1
98 1
37 2
-1
109 1
-1
-1
1659 4
-1
-1
-1
-1
-1
15 1
-1
-1
1753 4
1144 5
4295 2
89 32
-1
-1
-1
37 2
1789 1
177 1
1524 1
-1
1312 1
-1
-1
-1
-1
-1
1580 1
-1
1383 1
-1
1187 3
255 1
-1
19 1
-1
-1
-1
-1
405 1
-1
-1
-1
-1
-1
-1
-1
-1
-1
-1
-1
-1
1908 1
-1
-1
-1
62 1
-1
-1
1637 18
-1
-1
-1
-1
1835 1
-1
760 3
-1
2751 2
-1
328 5
-1
3731 1
-1
-1
-1
-1
99 1
-1
-1
-1
-1
232 1
937 1
400 1
-1
12 1
-1
-1
-1
204 1
5 1
-1
100 1
-1
-1
-1
-1
244 1
415 1
-1
9174 7
-1
-1
-1
974 1
-1
-1
628 5
2799 1
-1
149 2
-1
-1
736 3
-1
-1
31 3
3 1
-1
9 28
-1
-1
-1
391 3
1479 4
17 2
-1
-1
3491 1
1238 1
217 1
-1
-1
443 2
67 2
-1
-1
32 1
-1
228 1
-1
-1
2724 1
13 1
-1
-1
-1
-1
-1
-1
-1
-1
-1
1079 5
1333 1
-1
-1
95 1
-1
53 8
-1
149 1
-1
-1
-1
-1
131 5
-1
-1
4985 4
-1
498 1
481 12
-1
-1
-1
-1
644 3
-1
46 1
943 1
-1
1957 15
-1
-1
-1
1736 9
323 5
54 1
-1
-1
-1
3271 2
-1
-1
-1
1042 1
-1
-1
-1
75 1
-1
-1
-1
532 1
127 1
218 1
-1
100 1
476 1
152 1
-1
-1
96 1
-1
-1
20 23
-1
11 1
-1
-1
-1
-1
-1
-1
475 2
-1
-1
-1
-1
-1
-1
-1
-1
-1
-1
3548 1
-1
125 2
3273 2
-1
875 16
461 1
155 2
488 1
-1
-1
1768 1
-1
-1
-1
-1
-1
20 1
-1
7 2
377 5
-1
887 1
-1
-1
-1
-1
3 5
-1
-1
1818 1
1180 3
-1
-1
979 6
62 1
-1
2767 1
-1
-1
-1
-1
-1
1799 1
-1
13 1
-1
2725 1
-1
-1
3809 1
-1
-1
-1
142 1
-1
-1
-1
-1
249 1
2554 11
-1
118 1
-1
254 11
-1
-1
62 1
-1
-1
-1
-1
-1
-1
-1
884 1
5287 4
-1
-1
112 1
-1
7334 5
-1
5551 1
13 3
-1
-1
-1
-1
1285 2
69 1
1147 1
-1
-1
-1
-1
-1
61 1
463 2
1469 18
2675 2
-1
17 2
-1
-1
-1
361 3
11295 4
1272 7
-1
-1
-1
-1
4641 1
-1
626 1
-1
-1
-1
-1
29 1
-1
-1
-1
-1
-1
349 2
-1
-1
2753 2
801 1
-1
-1
-1
-1
7004 1
334 1
107 1
-1
-1
43 1
-1
-1
426 1
-1
-1
-1
67 1
2114 5
-1
-1
-1
766 1
-1
-1
3319 2
65 1
404 1
488 1
-1
145 7
-1
105 1
-1
-1
136 1
19 18
407 3
-1
-1
717 2
-1
70 1
-1
3826 3
3849 1
-1
872 1
364 1
-1
2263 6
6614 3
1045 1
668 3
-1
5065 11
-1
-1
-1
2227 4
-1
-1
390 1
-1
-1
243 2
-1
3267 1
-1
679 2
363 1
-1
2095 3
501 1
30 1
-1
-1
399 1
115 2
-1
187 4
-1
52 1
-1
-1
1081 26
448 3
-1
903 2
1 2
-1
-1
-1
-1
3382 1
129 1
-1
-1
-1
-1
-1
-1
810 1
-1
-1
-1
489 1
-1
-1
-1
-1
-1
-1
1921 2
-1
789 5
377 2
856 1
1986 1
-1
-1
423 4
-1
-1
-1
-1
-1
2020 1
-1
-1
-1
-1
79 1
572 1
202 1
-1
-1
-1
-1
165 1
15 1
-1
871 4
66 1
1347 8
-1
7 1
-1
-1
849 1
-1
-1
-1
-1
133 4
-1
-1
1450 1
6 1
-1
440 1
-1
-1
-1
-1
-1
-1
543 1
-1
-1
177 2
412 5
-1
-1
386 1
-1
15067 4
235 2
-1
-1
359 1
-1
131 2
2629 2
-1
-1
-1
69 1
-1
372 1
-1
9369 16
-1
-1
-1
765 1
728 3
969 10
-1
11102 3
-1
-1
-1
-1
167 2
-1
-1
-1
-1
1811 1
-1
154 1
-1
-1
183 1
-1
3533 2
-1
-1
-1
-1
27 2
-1
187 1
-1
-1
-1
3 20
11022 7
-1
-1
475 1
741 1
-1
-1
-1
797 1
-1
-1
-1
-1
-1
199 2
1214 1
-1
-1
-1
-1
-1
-1
649 1
-1
489 1
-1
-1
-1
-1
-1
151 1
316 1
30 1
-1
-1
157 2
-1
-1
228 1
-1
6589 5
-1
-1
-1
-1
-1
953 1
821 1
-1
-1
272 1
-1
-1
-1
-1
-1
1208 5
-1
-1
354 1
155 4
960 1
-1
-1
270 1
-1
-1
772 1
336 1
-1
-1
-1
-1
151 2
-1
-1
-1
-1
-1
-1
-1
-1
-1
-1
107 2
-1
115 4
-1
-1
33 8
825 2
-1
-1
-1
185 1
-1
-1
-1
78 1
236 1
16 1
-1
236 1
4799 1
-1
145 2
-1
65 1
-1
-1
2161 2
1153 1
30 1
242 3
-1
-1
-1
-1
-1
-1
-1
-1
2156 1
-1
-1
63 2
675 1
-1
-1
410 1
-1
95 3
23 1
-1
739 1
-1
-1
-1
-1
-1
1619 11
-1
-1
-1
-1
194 9
130 1
-1
-1
-1
215 1
3345 2
14 3
48 1
-1
1519 8
-1
5 1
-1
5 6
-1
-1
-1
-1
9 2
-1
-1
-1
-1
-1
-1
-1
186 1
-1
1829 1
-1
-1
-1
-1
-1
3371 3
-1
-1
-1
-1
307 1
-1
315 2
863 6
603 1
-1
-1
1405 16
-1
982 1
1358 1
3129 4
-1
-1
8 1
-1
-1
-1
281 7
40 1
-1
955 2
243 2
-1
1883 2
-1
-1
-1
-1
217 4
-1
-1
308 3
1073 2
1396 1
-1
-1
154 1
-1
-1
-1
-1
127 1
-1
-1
261 1
31 1
-1
80 17
-1
-1
-1
-1
1006 13
12 31
177 1
-1
-1
88 1
591 2
-1
1107 1
-1
973 11
-1
-1
3350 1
491 1
-1
-1
7 12
-1
21 1
604 3
-1
-1
-1
-1
-1
539 1
-1
-1
29 1
-1
68 1
477 2
1640 1
278 1
29 3
-1
-1
247 3
-1
7 1
-1
-1
62 1
-1
-1
234 1
-1
527 2
66 1
813 1
-1
-1
-1
-1
18 1
-1
13598 3
-1
-1
-1
26 67
-1
745 2
3041 10
-1
74 25
230 1
1325 8
-1
1159 7
-1
1225 3
-1
38 1
-1
-1
-1
2757 2
-1
25 1
199 1
859 8
-1
-1
454 1
-1
688 23
244 1
181 5
947 1
-1
-1
-1
137 6
902 1
1883 1
-1
-1
-1
1015 8
-1
-1
-1
357 1
-1
-1
3267 2
1 2
-1
7539 2
574 1
90 1
-1
-1
7 1
100 9
2 1
88 1
44 3
5 1
1334 3
15 2
-1
-1
1416 1
3510 1
413 1
-1
-1
46 3
-1
329 1
-1
-1
281 3
-1
-1
-1
-1
-1
-1
2090 1
-1
-1
586 3
-1
-1
-1
-1
209 1
3909 1
-1
-1
-1
-1
-1
-1
-1
2 1
-1
6 1
-1
37 31
406 1
250 1
-1
-1
-1
1776 1
1868 1
65 1
167 3
26 1
-1
659 1
-1
-1
-1
537 4
-1
892 3
543 25
-1
-1
-1
-1
-1
-1
4119 4
-1
1430 9
-1
582 1
272 1
42 1
-1
-1
-1
-1
-1
3730 1
-1
-1
-1
1796 1
-1
-1
1465 1
-1
1347 4
-1
-1
7 1
-1
135 2
2953 1
-1
761 4
-1
-1
311 1
-1
-1
-1
9 2
139 5
-1
658 1
-1
-1
-1
-1
-1
-1
346 3
-1
-1
239 1
-1
-1
776 3
-1
-1
-1
-1
5 1
794 5
7247 17
1502 1
1757 1
-1
4499 7
-1
63 4
-1
473 1
1192 1
937 7
5002 3
2020 13
476 1
145 1
172 1
99 2
-1
-1
-1
-1
228 1
365 1
-1
-1
-1
8602 1
1951 2
-1
-1
-1
-1
-1
-1
-1
809 1
-1
-1
164 1
4647 1
-1
3917 5
-1
1236 7
-1
-1
-1
298 1
72 1
-1
1 2
-1
-1
-1
-1
-1
-1
154 1
281 2
170 1
12038 11
725 7
-1
-1
-1
-1
-1
340 1
3 1
446 25
755 1
-1
3513 4
-1
-1
761 9
-1
95 1
-1
1106 3
-1
-1
-1
-1
1405 2
1 2
2 1
-1
-1
-1
9895 6
740 1
-1
-1
-1
22 27
-1
473 1
7 1
8 15
3974 7
-1
614 1
-1
-1
-1
2823 4
2730 1
106 1
-1
5717 1
-1
92 1
-1
107 5
202 1
80 1
-1
4398 1
-1
-1
-1
-1
-1
440 3
-1
-1
1053 1
-1
-1
-1
41 17
884 1
127 2
-1
-1
-1
1575 2
-1
-1
-1
-1
-1
-1
-1
1842 1
505 2
39 28
2936 1
-1
393 1
481 2
-1
-1
-1
13 2
-1
250 1
-1
-1
-1
278 1
-1
135 1
-1
-1
-1
-1
-1
171 2
-1
-1
-1
-1
271 1
-1
-1
252 1
589 6
2307 1
-1
-1
1438 1
-1
-1
-1
78 1
93 1
1510 1
-1
6087 8
-1
-1
1678 1
3490 1
8 1
-1
-1
-1
-1
3117 1
-1
55 2
-1
21 10
37 1
6499 11
-1
-1
-1
-1
-1
-1
-1
4067 5
-1
-1
829 7
1310 11
255 1
-1
-1
-1
21 2
1900 1
-1
1360 1
-1
-1
139 3
-1
2848 1
-1
2509 4
1545 2
-1
-1
-1
707 4
-1
-1
-1
-1
2145 1
-1
-1
-1
-1
1546 1
747 1
-1
301 2
-1
150 1
408 1
-1
-1
-1
-1
54 1
29 1
25 4
-1
4 1
62 1
779 1
157 1
1001 2
471 1
151 3
-1
-1
-1
-1
-1
-1
-1
50 1
-1
-1
-1
-1
113 1
1657 1
-1
-1
-1
-1
-1
329 3
19 48
746 5
107 7
524 1
-1
-1
171 1
1601 1
6045 1
-1
-1
-1
-1
-1
824 3
-1
859 1
966 1
1460 1
-1
-1
-1
772 3
2307 4
-1
-1
-1
2727 4
629 1
4035 4
-1
-1
25 1
193 2
-1
-1
20 3
-1
-1
-1
-1
7553 3
-1
1312 1
676 1
-1
2749 2
-1
-1
-1
-1
-1
-1
332 1
-1
-1
-1
595 1
-1
-1
-1
2 1
1337 6
-1
-1
-1
311 1
9 1
-1
170 3
1237 4
-1
-1
-1
-1
13 1
-1
-1
870 1
-1
-1
-1
175 2
-1
-1
211 1
-1
-1
-1
-1
11 23
-1
-1
-1
-1
-1
-1
800 1
-1
1105 1
4469 18
1303 11
-1
1071 2
-1
-1
3562 9
782 19
-1
-1
-1
-1
17 2
101 6
-1
-1
-1
232 7
30 1
-1
5137 3
477 2
-1
129 4
534 1
-1
1557 1
-1
-1
443 1
-1
532 1
-1
2460 1
-1
-1
391 3
299 1
-1
-1
-1
-1
835 9
1835 1
168 13
-1
254 1
-1
-1
-1
334 1
1548 1
-1
-1
6558 1
3 1
61 1
1722 1
1287 1
-1
-1
308 1
-1
97 1
-1
-1
-1
-1
-1
-1
382 1
5315 1
-1
483 1
-1
-1
-1
-1
-1
70 3
1741 2
-1
195 1
-1
-1
-1
-1
4549 2
-1
-1
671 1
-1
-1
-1
1510 3
741 1
3743 28
-1
1781 1
131 1
5 3
-1
38 1
2033 2
-1
103 1
-1
5737 2
8 1
126 1
-1
71 162
-1
-1
-1
-1
1001 6
-1
-1
2966 1
461 2
-1
-1
-1
-1
-1
-1
-1
-1
-1
262 1
-1
1026 5
304 1
-1
27 2
-1
-1
5641 8
-1
76 1
1192 1
479 2
-1
-1
-1
-1
-1
-1
-1
2371 4
353 1
-1
-1
-1
22 1
1576 7
-1
1698 1
-1
-1
-1
83 4
-1
-1
16 1
532 1
22 1
-1
-1
112 3
-1
-1
-1
-1
1253 1
311 2
-1
5735 1
66 1
-1
-1
1289 4
-1
-1
-1
-1
-1
-1
-1
-1
24 1
1709 1
-1
67 2
-1
285 2
1358 3
2496 7
2528 3
-1
-1
995 1
3071 1
-1
-1
2 3
-1
12 1
-1
-1
792 5
-1
-1
1269 2
-1
441 1
-1
615 1
-1
271 1
-1
431 4
-1
-1
-1
483 2
413 1
127 3
-1
407 1
473 4
-1
56 1
686 3
1115 3
646 7
149 1
1139 8
2207 1
5487 7
1161 1
-1
44 1
-1
-1
-1
66 1
-1
-1
139 1
-1
47 42
1204 1
3853 4
2455 3
1177 2
-1
449 1
-1
566 1
-1
252 1
-1
1346 1
61 1
-1
-1
-1
-1
2034 1
227 2
-1
-1
25 26
1418 3
-1
689 2
629 2
2 1
89 1
-1
95 3
-1
-1
37 2
-1
15 8
-1
85 1
23 3
-1
1 2
-1
-1
-1
-1
-1
487 5
75 1
1 2
1551 1
130 3
-1
-1
-1
3794 1
-1
127 2
101 1
-1
-1
122 3
-1
99 1
205 1
-1
-1
-1
-1
3248 1
758 1
1603 3
-1
-1
-1
-1
11 3
-1
208 1
-1
-1
-1
-1
-1
-1
1538 5
-1
-1
-1
62 3
173 1
-1
-1
-1
34 1
383 2
-1
5 1
-1
-1
-1
177 1
-1
245 1
-1
9 22
-1
-1
4756 1
-1
-1
-1
-1
1822 1
1637 4
230 3
305 9
-1
1811 19
-1
-1
1765 2
-1
-1
-1
-1
-1
-1
-1
-1
123 1
-1
-1
-1
7507 1
-1
-1
41 1
840 1
170 11
116 5
298 5
-1
-1
-1
-1
502 1
113 1
-1
-1
-1
-1
1061 1
-1
2703 14
879 1
1294 1
1464 1
-1
-1
-1
-1
-1
-1
343 6
-1
-1
4133 1
-1
-1
-1
-1
-1
-1
-1
-1
803 2
-1
9 1
-1
-1
105 2
7 2
-1
19 3
-1
-1
360 1
2906 7
-1
-1
-1
-1
-1
2137 3
-1
-1
1121 4
1128 1
-1
232 1
-1
-1
-1
-1
102 1
-1
1277 1
-1
-1
1 6
2027 3
-1
-1
-1
-1
521 2
197 11
421 2
150 1
151 5
-1
87 1
15 1
274 1
148 1
309 1
264 1
574 9
-1
27 1
-1
-1
1738 1
-1
3775 2
-1
159 1
-1
67 1
-1
-1
-1
6189 4
-1
-1
-1
-1
-1
-1
190 1
-1
3145 6
-1
-1
-1
31 1
-1
593 1
-1
-1
-1
35 1
-1
-1
73 1
-1
732 1
1237 6
-1
776 1
17 3
52 1
1338 1
-1
-1
-1
252 1
-1
125 1
-1
124 13
1601 2
-1
-1
-1
349 3
217 1
361 1
-1
-1
-1
662 9
-1
932 1
52 1
-1
485 2
-1
-1
-1
680 1
77 1
-1
-1
63 1
-1
1001 1
147 1
645 1
434 1
1231 6
-1
-1
-1
504 1
46 1
2467 2
-1
1192 1
-1
17 20
-1
-1
836 17
1935 1
1013 11
-1
-1
39 1
41 1
1213 1
-1
-1
-1
-1
3503 4
868 1
-1
-1
-1
-1
-1
1 6
-1
359 1
-1
206 1
586 1
-1
153 11
-1
-1
-1
-1
54 1
-1
-1
2645 2
-1
-1
1031 16
52 1
505 2
-1
-1
-1
-1
-1
183 1
4445 3
9 2
-1
-1
-1
-1
-1
-1
449 1
-1
2791 4
-1
-1
-1
195 1
52 1
-1
-1
-1
-1
85 1
1144 1
774 1
53 44
525 11
11 1
-1
-1
-1
-1
-1
-1
-1
-1
-1
-1
-1
61 2
-1
299 1
1363 2
1045 1
-1
-1
-1
-1
7 1
179 3
-1
1429 3
56 3
-1
-1
238 1
328 1
-1
-1
160 1
-1
135 1
-1
-1
232 1
283 5
58 3
-1
-1
77 1
-1
820 3
-1
647 1
4119 1
-1
-1
-1
5559 11
-1
58 1
-1
-1
-1
-1
187 4
-1
118 1
160 1
-1
-1
327 2
-1
10193 1
-1
422 7
-1
-1
-1
41 1
538 5
-1
51 1
-1
-1
-1
1196 1
101 4
-1
86 1
-1
-1
1213 1
-1
-1
281 3
-1
-1
-1
-1
-1
-1
-1
242 1
-1
-1
-1
-1
285 1
-1
-1
-1
-1
39 1
-1
-1
46 1
-1
-1
45 2
29 2
-1
-1
-1
-1
-1
-1
2008 5
-1
8068 1
-1
-1
23 4
159 2
-1
-1
-1
19 5
-1
-1
-1
23 1
995 2
-1
-1
-1
-1
-1
77 1
1373 1
1021 8
456 1
393 1
199 2
295 1
-1
324 1
2379 1
-1
2427 1
659 1
-1
-1
-1
1271 2
-1
-1
-1
-1
-1
-1
41 1
13 6
412 1
479 1
-1
-1
369 1
1615 28
-1
-1
25 47
1066 1
-1
-1
2510 3
3 2
1657 1
-1
962 1
-1
-1
988 1
-1
-1
-1
-1
-1
211 3
-1
-1
-1
-1
800 1
68 1
-1
-1
-1
-1
1285 9
-1
-1
27 2
-1
20 1
1366 19
32 1
1 3
-1
-1
193 1
-1
1161 13
-1
9353 60
22 1
-1
-1
745 1
-1
1537 5
12 1
70 1
-1
1171 10
-1
-1
1271 2
-1
-1
-1
-1
-1
-1
-1
-1
-1
1975 1
-1
562 1
-1
-1
4364 1
-1
2448 1
598 1
9 1
277 1
-1
-1
78 1
-1
-1
-1
4827 2
82 1
-1
1750 9
184 1
1343 1
-1
-1
492 1
-1
-1
-1
770 1
1494 11
-1
492 1
3073 10
-1
2033 5
-1
1344 1
-1
-1
-1
-1
-1
-1
-1
451 3
-1
-1
80 1
-1
-1
-1
-1
278 1
1577 2
-1
1201 1
-1
-1
-1
41 1
17 12
-1
2463 2
-1
740 1
-1
175 2
4 19
1699 3
563 1
118 1
-1
-1
-1
-1
-1
-1
129 1
-1
115 2
-1
-1
749 1
-1
-1
-1
-1
-1
-1
271 1
1001 2
-1
-1
2006 1
-1
-1
-1
-1
65 1
-1
1249 1
6815 16
2468 27
-1
817 5
-1
1353 1
-1
39 1
25 2
-1
20 3
-1
-1
17 1
-1
-1
-1
-1
-1
-1
41 1
199 3
-1
-1
99 1
-1
-1
-1
494 3
-1
-1
411 1
-1
176 1
573 2
-1
-1
-1
72 1
-1
167 1
80 1
-1
8325 8
4043 2
-1
-1
-1
-1
-1
-1
3221 9
-1
10366 3
-1
-1
-1
157 4
42 1
-1
-1
295 6
243 4
-1
-1
-1
-1
-1
-1
-1
-1
-1
-1
-1
-1
4331 1
-1
-1
-1
-1
1175 1
-1
179 1
2641 3
-1
-1
133 2
-1
-1
5067 2
-1
-1
-1
118 1
-1
21 1
-1
-1
-1
2917 3
-1
-1
-1
-1
-1
287 1
108 1
-1
-1
371 3
-1
-1
-1
-1
-1
-1
388 1
29 1
-1
-1
2777 4
-1
3920 1
787 1
-1
-1
-1
658 1
-1
-1
-1
-1
567 1
171 1
-1
65 63
979 6
-1
-1
-1
-1
-1
957 2
-1
431 1
2131 2
-1
-1
-1
-1
-1
-1
-1
-1
-1
-1
-1
-1
-1
1905 1
-1
77 1
-1
263 1
4603 1
523 5
2889 4
-1
6335 1
1246 1
55 2
3661 5
159 10
89 1
122 1
-1
-1
2046 1
-1
-1
-1
4 15
-1
917 1
569 34
-1
-1
-1
859 1
-1
-1
131 2
-1
-1
-1
877 2
3145 1
-1
1171 1
1211 4
-1
-1
796 7
-1
-1
-1
-1
-1
594 1
-1
-1
387 1
737 2
580 1
7 1
-1
-1
997 2
-1
-1
-1
356 9
-1
-1
-1
-1
269 1
-1
-1
-1
-1
303 8
-1
-1
-1
707 2
-1
4191 1
-1
934 1
1195 2
-1
-1
-1
-1
-1
-1
-1
962 1
41 2
-1
337 1
193 1
-1
-1
-1
3597 2
-1
361 2
-1
84 79
-1
-1
1635 2
4713 23
-1
-1
-1
-1
-1
1012 1
5084 17
473 4
165 2
1581 1
-1
245 8
5316 1
68 1
1 2
-1
-1
1 2
3244 7
-1
-1
1789 2
-1
241 1
-1
25 18
2616 1
37 2
-1
-1
-1
46 3
-1
-1
333 1
-1
-1
-1
-1
-1
-1
-1
-1
-1
482 1
7 3
-1
-1
-1
123 1
-1
179 1
-1
580 1
-1
-1
22 1
-1
-1
1709 2
229 2
-1
449 1
-1
21 2
178 1
1208 1
75 4
-1
-1
459 1
-1
-1
7039 2
-1
237 1
-1
51 1
1074 13
619 1
-1
1277 3
-1
3688 1
-1
